#------------------------------------------------------------------------------
# irace: An implementation in R of (Elitist) Iterated Racing
# Version: 3.4.1.9fcaeaf
# Copyright (C) 2010-2020
# Manuel Lopez-Ibanez     <manuel.lopez-ibanez@manchester.ac.uk>
# Jeremie Dubois-Lacoste  
# Leslie Perez Caceres    <leslie.perez.caceres@ulb.ac.be>
#
# This is free software, and you are welcome to redistribute it under certain
# conditions.  See the GNU General Public License for details. There is NO
# WARRANTY; not even for MERCHANTABILITY or FITNESS FOR A PARTICULAR PURPOSE.
#
# irace builds upon previous code from the race package:
#     race: Racing methods for the selection of the best
#     Copyright (C) 2003 Mauro Birattari
#------------------------------------------------------------------------------
# installed at: /home/rmboks/.R/irace
# called with: --parameter-file /home/rmboks/auto-DE/irace/parameters.txt --train-instances-file /home/rmboks/auto-DE/irace/instances-list.txt --forbidden-file /home/rmboks/auto-DE/irace/forbidden.txt --target-runner /home/rmboks/auto-DE/irace/runners/CO.runner --seed 42 --max-experiments 100000 --parallel 32 --digits 2 -l results/CO.Rdata -s /home/rmboks/auto-DE/irace/scenario.txt --elitist-new-instances 5 --exec-dir /home/rmboks/auto-DE/irace
# 2 expression(s) specifying forbidden configurations read from '/home/rmboks/auto-DE/irace/forbidden.txt'
# 2021-03-08 14:12:47 CET: Initialization
# Elitist race
# Elitist new instances: 5
# Elitist limit: 2
# nbIterations: 4
# minNbSurvival: 4
# nbParameters: 5
# seed: 42
# confidence level: 0.95
# budget: 1e+05
# mu: 5
# deterministic: FALSE

# 2021-03-08 14:12:47 CET: Iteration 1 of 4
# experimentsUsedSoFar: 0
# remainingBudget: 1e+05
# currentBudget: 25000
# nbConfigurations: 1024
# Markers:
     x No test is performed.
     c Configurations are discarded only due to capping.
     - The test is performed and some configurations are discarded.
     = The test is performed but no configuration is discarded.
     ! The test is performed and configurations could be discarded but elite configurations are preserved.
     . All alive configurations are elite and nothing is discarded

+-+-----------+-----------+-----------+---------------+-----------+--------+-----+----+------+
| |   Instance|      Alive|       Best|      Mean best| Exp so far|  W time|  rho|KenW|  Qvar|
+-+-----------+-----------+-----------+---------------+-----------+--------+-----+----+------+
|x|          1|       1024|        926|  0.09755439729|       1024|00:15:24|   NA|  NA|    NA|
|x|          2|       1024|        926|  0.04877720364|       2048|00:00:24|+0.00|0.50|0.4995|
|x|          3|       1024|        926|  0.03251813910|       3072|00:11:34|+0.02|0.34|0.6645|
|x|          4|       1024|        926|  0.02438860682|       4096|00:01:00|+0.01|0.26|0.4987|
|-|          5|        554|        300|  0.05100156475|       5120|00:29:01|-0.08|0.14|0.6337|
|=|          6|        554|        300|  0.04250130563|       5674|00:01:47|-0.06|0.12|0.5223|
|=|          7|        554|        300|  0.03642969196|       6228|00:06:38|-0.05|0.10|0.5879|
+-+-----------+-----------+-----------+---------------+-----------+--------+-----+----+------+
Best-so-far configuration:         300    mean value:   0.03642969196
Description of the best-so-far configuration:
    .ID. alpha pMin reward probability beta .PARENT.
300  300  0.89  8.7     EA          AP 0.29       NA

# 2021-03-08 15:18:39 CET: Elite configurations (first number is the configuration ID; listed from best to worst according to the sum of ranks):
    alpha pMin reward probability beta
300  0.89 8.70     EA          AP 0.29
464  0.66 9.42     EN          AP 0.67
171  0.68 7.72     EN          AP 0.94
888  0.01 7.28     AN          AP 0.85
# 2021-03-08 15:18:39 CET: Iteration 2 of 4
# experimentsUsedSoFar: 6228
# remainingBudget: 93772
# currentBudget: 31257
# nbConfigurations: 1024
# Markers:
     x No test is performed.
     c Configurations are discarded only due to capping.
     - The test is performed and some configurations are discarded.
     = The test is performed but no configuration is discarded.
     ! The test is performed and configurations could be discarded but elite configurations are preserved.
     . All alive configurations are elite and nothing is discarded

+-+-----------+-----------+-----------+---------------+-----------+--------+-----+----+------+
| |   Instance|      Alive|       Best|      Mean best| Exp so far|  W time|  rho|KenW|  Qvar|
+-+-----------+-----------+-----------+---------------+-----------+--------+-----+----+------+
|x|          8|       1024|        300|1.000000000e-08|       1024|00:05:07|   NA|  NA|    NA|
|x|          9|       1024|        888|1.000000000e-08|       2048|00:21:17|+0.00|0.50|0.4995|
|x|         10|       1024|       1992|1.000000000e-08|       3072|02:20:43|+0.03|0.35|0.6868|
|x|         11|       1024|       1460|    3.846824712|       4096|00:20:27|+0.02|0.26|0.7600|
|=|         12|       1024|       1460|    3.077459771|       5120|00:16:54|+0.00|0.20|0.8070|
|=|          6|       1024|       1460|    2.564549811|       6140|00:03:14|+0.00|0.17|0.6712|
|=|          4|       1024|       1460|    2.198185554|       7160|00:01:03|+0.00|0.14|0.5746|
|=|          5|       1024|       1936|    2.169152623|       8180|00:28:56|-0.02|0.11|0.6251|
|=|          7|       1024|       1936|    1.928135666|       9200|00:11:41|-0.02|0.10|0.6612|
|=|          2|       1024|       1936|    1.735322100|      10220|00:00:25|-0.02|0.09|0.5956|
|=|          1|       1024|       1936|    1.602683160|      11240|00:15:21|-0.01|0.09|0.6309|
|=|          3|       1024|       1788|    2.388494640|      12260|00:10:37|+0.00|0.09|0.6621|
|-|         13|        501|       1788|    2.204764284|      13284|00:10:25|-0.04|0.04|0.7042|
|=|         14|        501|       1788|    2.047281121|      13785|00:00:35|-0.04|0.03|0.6529|
|=|         15|        501|       1788|    1.910795714|      14286|00:05:44|-0.04|0.03|0.6764|
+-+-----------+-----------+-----------+---------------+-----------+--------+-----+----+------+
Best-so-far configuration:        1788    mean value:     1.910795714
Description of the best-so-far configuration:
     .ID. alpha pMin reward probability beta .PARENT.
1788 1788  0.76 8.79     EN          AP 0.25      300

# 2021-03-08 20:11:22 CET: Elite configurations (first number is the configuration ID; listed from best to worst according to the sum of ranks):
     alpha pMin reward probability beta
1788  0.76 8.79     EN          AP 0.25
1991  0.65 9.42     EN          AP 0.57
1903  0.89 7.97     EA          AP 0.39
1423  0.98 7.74     EN          AP 0.71
# 2021-03-08 20:11:22 CET: Iteration 3 of 4
# experimentsUsedSoFar: 20514
# remainingBudget: 79486
# currentBudget: 39743
# nbConfigurations: 1024
# Markers:
     x No test is performed.
     c Configurations are discarded only due to capping.
     - The test is performed and some configurations are discarded.
     = The test is performed but no configuration is discarded.
     ! The test is performed and configurations could be discarded but elite configurations are preserved.
     . All alive configurations are elite and nothing is discarded

+-+-----------+-----------+-----------+---------------+-----------+--------+-----+----+------+
| |   Instance|      Alive|       Best|      Mean best| Exp so far|  W time|  rho|KenW|  Qvar|
+-+-----------+-----------+-----------+---------------+-----------+--------+-----+----+------+
|x|         16|       1024|       1788|1.000000000e-08|       1024|00:07:20|   NA|  NA|    NA|
|x|         17|       1024|       1788|1.000000000e-08|       2048|00:01:11|+0.00|0.50|0.4995|
|x|         18|       1024|       1788|1.000000000e-08|       3072|00:02:15|+0.00|0.33|0.3330|
|x|         19|       1024|       1788|1.000000000e-08|       4096|00:04:28|+0.01|0.26|0.4851|
|=|         20|       1024|       2060|1.000000000e-08|       5120|01:27:58|-0.02|0.18|0.6073|
|=|          6|       1024|       2060|1.000000000e-08|       6140|00:03:24|-0.02|0.15|0.5048|
|-|          5|        599|       2907|1.000000000e-08|       7160|00:29:03|-0.04|0.11|0.5780|
|=|         12|        599|       2907|1.000000000e-08|       7755|00:08:21|-0.03|0.10|0.6275|
|=|          2|        599|       2907|1.000000000e-08|       8350|00:00:17|-0.03|0.09|0.5574|
|=|         10|        599|       2960|0.0002945103811|       8945|01:20:37|-0.01|0.09|0.5987|
|=|          1|        599|       2907|  0.02796478485|       9540|00:09:02|-0.01|0.08|0.6386|
|=|          3|        599|       2907|  0.02563438694|      10135|00:04:49|-0.00|0.08|0.6638|
|=|         15|        599|       2907|  0.02366251179|      10730|00:07:34|-0.00|0.07|0.6916|
|=|         13|        599|       2907|  0.02197233309|      11325|00:04:46|+0.01|0.08|0.7105|
|-|         11|        282|       2907|    2.281809296|      11920|00:11:54|-0.04|0.03|0.6692|
|=|          7|        282|       2907|    2.139196215|      12198|00:03:34|-0.04|0.03|0.6270|
|=|          8|        282|       2907|    2.013361144|      12476|00:02:22|-0.03|0.03|0.5899|
|=|          4|        282|       2907|    1.901507748|      12754|00:00:23|-0.03|0.02|0.5569|
|=|          9|        282|       2419|    1.471485435|      13032|00:06:14|-0.03|0.03|0.5802|
|=|         14|        282|       2419|    1.397911163|      13310|00:00:22|-0.03|0.02|0.5510|
|=|         21|        282|       2535|   0.7055760186|      13592|00:04:21|-0.02|0.02|0.5720|
+-+-----------+-----------+-----------+---------------+-----------+--------+-----+----+------+
Best-so-far configuration:        2535    mean value:    0.7055760186
Description of the best-so-far configuration:
     .ID. alpha pMin reward probability beta .PARENT.
2535 2535  0.67 9.08     EN          AP 0.56     1991

# 2021-03-09 00:51:52 CET: Elite configurations (first number is the configuration ID; listed from best to worst according to the sum of ranks):
     alpha pMin reward probability beta
2535  0.67 9.08     EN          AP 0.56
2435  0.71 9.64     EN          AP 0.22
2379  0.62 9.75     EA          AP 0.12
2566  0.88 6.75     ER          AP 0.50
# 2021-03-09 00:51:52 CET: Iteration 4 of 4
# experimentsUsedSoFar: 34106
# remainingBudget: 65894
# currentBudget: 65894
# nbConfigurations: 1024
# Markers:
     x No test is performed.
     c Configurations are discarded only due to capping.
     - The test is performed and some configurations are discarded.
     = The test is performed but no configuration is discarded.
     ! The test is performed and configurations could be discarded but elite configurations are preserved.
     . All alive configurations are elite and nothing is discarded

+-+-----------+-----------+-----------+---------------+-----------+--------+-----+----+------+
| |   Instance|      Alive|       Best|      Mean best| Exp so far|  W time|  rho|KenW|  Qvar|
+-+-----------+-----------+-----------+---------------+-----------+--------+-----+----+------+
|x|         22|       1024|       2535|1.000000000e-08|       1024|00:00:33|   NA|  NA|    NA|
|x|         23|       1024|       2535|1.000000000e-08|       2048|00:07:14|+1.00|1.00|0.0000|
|x|         24|       1024|       3084|1.000000000e-08|       3072|00:29:22|+0.00|0.33|0.3330|
|x|         25|       1024|       3507|    3.214955792|       4096|00:20:23|-0.01|0.24|0.5035|
|=|         26|       1024|       3582|    3.060783653|       5120|02:23:03|-0.02|0.19|0.6009|
|=|          4|       1024|       3582|    2.550653046|       6140|00:01:18|-0.01|0.16|0.5005|
|=|         18|       1024|       3582|    2.186274041|       7160|00:02:27|-0.01|0.13|0.4288|
|=|          7|       1024|       3582|    1.912989787|       8180|00:12:14|-0.01|0.12|0.4963|
|-|          5|        428|       3582|    1.700435662|       9200|00:29:11|-0.06|0.05|0.4583|
|=|         16|        428|       3582|    1.530392097|       9624|00:01:52|-0.05|0.05|0.5098|
|=|         10|        428|       3174|    2.796164276|      10048|00:58:36|-0.04|0.06|0.5515|
|=|         21|        428|       3174|    2.584045073|      10472|00:06:41|-0.03|0.05|0.5877|
|=|         15|        428|       3174|    2.385272376|      10896|00:06:07|-0.03|0.05|0.6212|
|=|         11|        428|       3174|    4.352342528|      11320|00:08:36|-0.02|0.05|0.6489|
|=|         13|        428|       3174|    4.062186361|      11744|00:03:14|-0.02|0.05|0.6673|
|=|         12|        428|       3174|    3.808299714|      12168|00:06:05|-0.02|0.04|0.6854|
|=|          1|        428|       3174|    3.608636617|      12592|00:06:35|-0.02|0.04|0.7031|
|=|         20|        428|       3174|    3.408156806|      13016|00:40:15|-0.01|0.04|0.7201|
|=|          6|        428|       3174|    3.228780132|      13440|00:01:41|-0.01|0.04|0.6823|
|=|          8|        428|       3174|    3.067341126|      13864|00:03:32|-0.01|0.04|0.6482|
|=|          3|        428|       3174|    2.921277264|      14288|00:03:17|-0.01|0.04|0.6605|
|=|          9|        428|       3174|    2.819939974|      14712|00:09:32|-0.01|0.04|0.6763|
|=|         14|        428|       3174|    2.697333889|      15136|00:00:35|-0.01|0.04|0.6470|
|=|         19|        428|       3174|    2.584944977|      15560|00:01:46|-0.01|0.04|0.6622|
|=|          2|        428|       3174|    2.481547179|      15984|00:00:12|-0.01|0.03|0.6358|
|=|         17|        428|       3174|    2.386103057|      16408|00:00:35|-0.01|0.03|0.6114|
|=|         27|        428|       3174|    2.297728870|      16836|00:02:44|-0.01|0.03|0.5889|
+-+-----------+-----------+-----------+---------------+-----------+--------+-----+----+------+
Best-so-far configuration:        3174    mean value:     2.297728870
Description of the best-so-far configuration:
     .ID. alpha pMin reward probability beta .PARENT.
3174 3174  0.59 9.52     EA          AP 0.13     2379

# 2021-03-09 07:39:51 CET: Elite configurations (first number is the configuration ID; listed from best to worst according to the sum of ranks):
     alpha pMin reward probability beta
3174  0.59 9.52     EA          AP 0.13
3644  0.49 9.59     EN          AP 0.46
3587  0.59 9.35     EA          AP 0.20
2435  0.71 9.64     EN          AP 0.22
# 2021-03-09 07:39:51 CET: Iteration 5 of 5
# experimentsUsedSoFar: 50942
# remainingBudget: 49058
# currentBudget: 49058
# nbConfigurations: 1024
# Markers:
     x No test is performed.
     c Configurations are discarded only due to capping.
     - The test is performed and some configurations are discarded.
     = The test is performed but no configuration is discarded.
     ! The test is performed and configurations could be discarded but elite configurations are preserved.
     . All alive configurations are elite and nothing is discarded

+-+-----------+-----------+-----------+---------------+-----------+--------+-----+----+------+
| |   Instance|      Alive|       Best|      Mean best| Exp so far|  W time|  rho|KenW|  Qvar|
+-+-----------+-----------+-----------+---------------+-----------+--------+-----+----+------+
|x|         28|       1024|       3174|1.000000000e-08|       1024|00:02:16|   NA|  NA|    NA|
|x|         29|       1024|       3174|1.000000000e-08|       2048|00:13:14|+0.00|0.50|0.4995|
|x|         30|       1024|       3174|1.000000000e-08|       3072|01:36:26|-0.02|0.32|0.6842|
|x|         31|       1024|       3174|1.000000000e-08|       4096|00:14:52|-0.02|0.24|0.7654|
|=|         32|       1024|       4288|   0.9949590632|       5120|00:34:56|-0.01|0.19|0.8086|
|=|         12|       1024|       4288|   0.8291325543|       6140|00:15:10|-0.00|0.16|0.8395|
|=|         24|       1024|       4659|    1.563507097|       7160|00:29:19|+0.01|0.15|0.8586|
|-|          5|        400|       3174|    1.368068628|       8180|00:29:12|-0.07|0.06|0.7696|
|=|         13|        400|       3174|    1.216061003|       8576|00:03:02|-0.06|0.06|0.7952|
|=|         14|        400|       3174|    1.094454904|       8972|00:00:32|-0.05|0.05|0.7137|
|=|         27|        400|       3174|   0.9949590046|       9368|00:02:37|-0.05|0.05|0.6474|
|=|         21|        400|       3174|   0.9329402411|       9764|00:06:17|-0.04|0.05|0.6749|
|=|          8|        400|       3174|   0.8611756079|      10160|00:03:22|-0.03|0.05|0.6223|
|=|         23|        400|       3174|   0.7996630652|      10556|00:03:43|-0.03|0.04|0.5772|
|=|          6|        400|       3174|   0.7463521949|      10952|00:01:34|-0.03|0.04|0.5383|
|=|          1|        400|       3174|   0.7255818751|      11348|00:06:08|-0.02|0.04|0.5659|
|=|         10|        400|       3174|   0.6829005889|      11744|00:53:50|-0.01|0.05|0.5895|
|=|          9|        400|       3174|   0.6833981618|      12140|00:09:02|-0.01|0.05|0.6118|
|=|         22|        400|       3174|   0.6474298381|      12536|00:00:15|-0.01|0.04|0.5795|
|=|         26|        400|       3174|   0.6157757172|      12932|00:56:00|-0.01|0.04|0.5996|
|=|         15|        400|       3174|   0.5864530645|      13328|00:06:08|-0.01|0.04|0.6187|
|=|         17|        400|       3174|   0.5597961075|      13724|00:00:34|-0.01|0.04|0.5905|
|=|          3|        400|       3174|   0.5354571467|      14120|00:03:12|-0.01|0.04|0.6079|
|=|         11|        400|       3174|    1.759990370|      14516|00:08:00|-0.00|0.04|0.6237|
|=|          4|        400|       3174|    1.689590756|      14912|00:00:41|-0.00|0.04|0.5988|
|=|         18|        400|       3174|    1.624606496|      15308|00:01:06|-0.00|0.04|0.5757|
|=|         16|        400|       3174|    1.564435886|      15704|00:01:41|-0.00|0.04|0.5901|
|=|          7|        400|       3174|    1.508563176|      16100|00:05:18|-0.00|0.03|0.5691|
|=|         25|        400|       3174|    2.516662899|      16496|00:07:58|-0.00|0.03|0.5848|
|=|         19|        400|       3174|    2.432774136|      16892|00:01:39|-0.00|0.03|0.5653|
