#------------------------------------------------------------------------------
# irace: An implementation in R of (Elitist) Iterated Racing
# Version: 3.4.1.9fcaeaf
# Copyright (C) 2010-2020
# Manuel Lopez-Ibanez     <manuel.lopez-ibanez@manchester.ac.uk>
# Jeremie Dubois-Lacoste  
# Leslie Perez Caceres    <leslie.perez.caceres@ulb.ac.be>
#
# This is free software, and you are welcome to redistribute it under certain
# conditions.  See the GNU General Public License for details. There is NO
# WARRANTY; not even for MERCHANTABILITY or FITNESS FOR A PARTICULAR PURPOSE.
#
# irace builds upon previous code from the race package:
#     race: Racing methods for the selection of the best
#     Copyright (C) 2003 Mauro Birattari
#------------------------------------------------------------------------------
# installed at: /home/rmboks/.R/irace
# called with: --parameter-file /home/rmboks/auto-DE/irace/parameters.txt --train-instances-file /home/rmboks/auto-DE/irace/instances-list.txt --forbidden-file /home/rmboks/auto-DE/irace/forbidden.txt --target-runner /home/rmboks/auto-DE/irace/runners/DR.runner --seed 42 --max-experiments 100000 --parallel 32 --digits 2 -l results/DR.Rdata -s /home/rmboks/auto-DE/irace/scenario.txt --elitist-new-instances 5 --exec-dir /home/rmboks/auto-DE/irace
# 2 expression(s) specifying forbidden configurations read from '/home/rmboks/auto-DE/irace/forbidden.txt'
# 2021-03-08 14:12:47 CET: Initialization
# Elitist race
# Elitist new instances: 5
# Elitist limit: 2
# nbIterations: 4
# minNbSurvival: 4
# nbParameters: 5
# seed: 42
# confidence level: 0.95
# budget: 1e+05
# mu: 5
# deterministic: FALSE

# 2021-03-08 14:12:47 CET: Iteration 1 of 4
# experimentsUsedSoFar: 0
# remainingBudget: 1e+05
# currentBudget: 25000
# nbConfigurations: 1024
# Markers:
     x No test is performed.
     c Configurations are discarded only due to capping.
     - The test is performed and some configurations are discarded.
     = The test is performed but no configuration is discarded.
     ! The test is performed and configurations could be discarded but elite configurations are preserved.
     . All alive configurations are elite and nothing is discarded

+-+-----------+-----------+-----------+---------------+-----------+--------+-----+----+------+
| |   Instance|      Alive|       Best|      Mean best| Exp so far|  W time|  rho|KenW|  Qvar|
+-+-----------+-----------+-----------+---------------+-----------+--------+-----+----+------+
|x|          1|       1024|        920|  0.09152150355|       1024|00:14:24|   NA|  NA|    NA|
|x|          2|       1024|        920|  0.04576075678|       2048|00:00:13|+0.00|0.50|0.4995|
|x|          3|       1024|        483|  0.03789843855|       3072|00:13:22|+0.02|0.34|0.6614|
|x|          4|       1024|        483|  0.02842383141|       4096|00:01:01|+0.01|0.26|0.4972|
|-|          5|        511|        622|  0.04518078854|       5120|00:28:24|-0.11|0.11|0.6359|
|=|          6|        511|        794|  0.03631162810|       5631|00:00:29|-0.09|0.09|0.5237|
|=|          7|        511|        794|  0.03112425409|       6142|00:01:35|-0.07|0.08|0.4454|
+-+-----------+-----------+-----------+---------------+-----------+--------+-----+----+------+
Best-so-far configuration:         794    mean value:   0.03112425409
Description of the best-so-far configuration:
    .ID. alpha pMin reward probability beta .PARENT.
794  794  0.09 9.99     EN          AP 0.06       NA

# 2021-03-08 15:12:19 CET: Elite configurations (first number is the configuration ID; listed from best to worst according to the sum of ranks):
    alpha pMin reward probability beta
794  0.09 9.99     EN          AP 0.06
622  0.50 7.89     ER          AP 0.77
757  0.08 9.57     EA          AP 0.08
668  0.79 5.92     AN          PM   NA
# 2021-03-08 15:12:19 CET: Iteration 2 of 4
# experimentsUsedSoFar: 6142
# remainingBudget: 93858
# currentBudget: 31286
# nbConfigurations: 1024
# Markers:
     x No test is performed.
     c Configurations are discarded only due to capping.
     - The test is performed and some configurations are discarded.
     = The test is performed but no configuration is discarded.
     ! The test is performed and configurations could be discarded but elite configurations are preserved.
     . All alive configurations are elite and nothing is discarded

+-+-----------+-----------+-----------+---------------+-----------+--------+-----+----+------+
| |   Instance|      Alive|       Best|      Mean best| Exp so far|  W time|  rho|KenW|  Qvar|
+-+-----------+-----------+-----------+---------------+-----------+--------+-----+----+------+
|x|          8|       1024|        794|1.000000000e-08|       1024|00:01:25|   NA|  NA|    NA|
|x|          9|       1024|        622|1.000000000e-08|       2048|00:17:53|+0.00|0.50|0.4995|
|x|         10|       1024|       1277| 0.003774676525|       3072|02:15:44|+0.06|0.37|0.6330|
|x|         11|       1024|       1435|    3.284109867|       4096|00:19:52|+0.03|0.28|0.7135|
|-|         12|        524|       1378|    3.532047419|       5120|00:19:37|-0.12|0.10|0.8659|
|=|          4|        524|       1378|    2.943372851|       5640|00:00:37|-0.10|0.09|0.7103|
|=|          2|        524|       1378|    2.522891017|       6160|00:00:06|-0.08|0.07|0.6024|
|=|          5|        524|       1378|    2.214141525|       6680|00:14:37|-0.04|0.09|0.6510|
|=|          6|        524|       1378|    1.968125801|       7200|00:00:29|-0.03|0.08|0.5757|
|=|          3|        524|       1741|    1.885111988|       7720|00:06:36|+0.00|0.10|0.6077|
|=|          7|        524|       1741|    1.713738172|       8240|00:01:51|+0.00|0.09|0.5516|
|=|          1|        524|       1293|    2.249166834|       8760|00:07:27|-0.00|0.08|0.5900|
|-|         13|        285|       1293|    2.076154001|       9284|00:06:17|-0.03|0.05|0.6315|
|=|         14|        285|       1741|    1.404494389|       9569|00:00:11|-0.03|0.04|0.5851|
|=|         15|        285|       1156|    2.617440556|       9854|00:02:40|-0.03|0.04|0.6108|
+-+-----------+-----------+-----------+---------------+-----------+--------+-----+----+------+
Best-so-far configuration:        1156    mean value:     2.617440556
Description of the best-so-far configuration:
     .ID. alpha pMin reward probability beta .PARENT.
1156 1156  0.09 9.18     EN          AP 0.07      794

# 2021-03-08 19:07:52 CET: Elite configurations (first number is the configuration ID; listed from best to worst according to the sum of ranks):
     alpha pMin reward probability beta
1156  0.09 9.18     EN          AP 0.07
1456  0.22 8.98     EN          AP 0.08
1381  0.08 9.29     EN          AP 0.02
1107  0.22 9.58     ER          AP 0.22
# 2021-03-08 19:07:52 CET: Iteration 3 of 4
# experimentsUsedSoFar: 15996
# remainingBudget: 84004
# currentBudget: 42002
# nbConfigurations: 1024
# Markers:
     x No test is performed.
     c Configurations are discarded only due to capping.
     - The test is performed and some configurations are discarded.
     = The test is performed but no configuration is discarded.
     ! The test is performed and configurations could be discarded but elite configurations are preserved.
     . All alive configurations are elite and nothing is discarded

+-+-----------+-----------+-----------+---------------+-----------+--------+-----+----+------+
| |   Instance|      Alive|       Best|      Mean best| Exp so far|  W time|  rho|KenW|  Qvar|
+-+-----------+-----------+-----------+---------------+-----------+--------+-----+----+------+
|x|         16|       1024|       1456|1.000000000e-08|       1024|00:13:45|   NA|  NA|    NA|
|x|         17|       1024|       1456|1.000000000e-08|       2048|00:00:40|+0.00|0.50|0.4995|
|x|         18|       1024|       1456|1.000000000e-08|       3072|00:01:11|+0.00|0.33|0.3330|
|x|         19|       1024|       1456|1.000000000e-08|       4096|00:15:56|+0.16|0.37|0.4403|
|-|         20|        637|       2567| 0.001099037188|       5120|01:17:26|-0.05|0.16|0.6301|
|=|         12|        637|       2567|0.0009158659902|       5753|00:07:24|+0.00|0.17|0.6789|
|=|          9|        637|       2089|  0.01433220989|       6386|00:11:01|+0.01|0.15|0.7217|
|=|          8|        637|       2089|  0.01254068490|       7019|00:00:51|+0.01|0.13|0.6304|
|=|         10|        637|       2089|  0.01545819694|       7652|01:29:53|+0.01|0.12|0.6673|
|-|          5|        275|       2228|  0.03425538176|       8285|00:17:35|-0.06|0.05|0.7263|
|=|         15|        275|       2228|  0.03114125705|       8556|00:03:12|-0.05|0.05|0.7501|
|=|          7|        275|       2228|  0.02854615313|       8827|00:01:01|-0.04|0.04|0.6855|
|=|         14|        275|       2228|  0.02635029597|       9098|00:00:11|-0.04|0.04|0.6311|
|=|         13|        275|       2228|  0.02446813268|       9369|00:03:01|-0.03|0.04|0.6566|
|=|          4|        275|       2228|  0.02283692450|       9640|00:00:29|-0.03|0.04|0.6117|
|=|         11|        275|       2089|    1.224542001|       9911|00:05:16|-0.02|0.04|0.6357|
|=|          3|        275|       2089|    1.152510119|      10182|00:03:19|-0.02|0.04|0.6565|
|=|          1|        275|       2089|    1.105826318|      10453|00:03:51|-0.01|0.04|0.6744|
|=|          6|        275|       2089|    1.047624933|      10724|00:00:14|-0.01|0.04|0.6384|
|=|          2|        275|       2089|   0.9952436870|      10995|00:00:02|-0.01|0.04|0.6060|
|=|         21|        275|       2987|    1.029971132|      11270|00:03:57|-0.01|0.04|0.6239|
+-+-----------+-----------+-----------+---------------+-----------+--------+-----+----+------+
Best-so-far configuration:        2987    mean value:     1.029971132
Description of the best-so-far configuration:
     .ID. alpha pMin reward probability beta .PARENT.
2987 2987  0.22 8.63     EN          AP 0.05     1456

# 2021-03-08 23:28:24 CET: Elite configurations (first number is the configuration ID; listed from best to worst according to the sum of ranks):
     alpha pMin reward probability beta
2987  0.22 8.63     EN          AP 0.05
2367  0.02 9.29     EN          AP 0.22
2712  0.01 9.64     EN          AP 0.03
2851  0.11 7.96     EN          AP 0.16
# 2021-03-08 23:28:24 CET: Iteration 4 of 4
# experimentsUsedSoFar: 27266
# remainingBudget: 72734
# currentBudget: 72734
# nbConfigurations: 1024
# Markers:
     x No test is performed.
     c Configurations are discarded only due to capping.
     - The test is performed and some configurations are discarded.
     = The test is performed but no configuration is discarded.
     ! The test is performed and configurations could be discarded but elite configurations are preserved.
     . All alive configurations are elite and nothing is discarded

+-+-----------+-----------+-----------+---------------+-----------+--------+-----+----+------+
| |   Instance|      Alive|       Best|      Mean best| Exp so far|  W time|  rho|KenW|  Qvar|
+-+-----------+-----------+-----------+---------------+-----------+--------+-----+----+------+
|x|         22|       1024|       2987|1.000000000e-08|       1024|00:00:13|   NA|  NA|    NA|
|x|         23|       1024|       2987|1.000000000e-08|       2048|00:01:30|+1.00|1.00|0.0000|
|x|         24|       1024|       3193|1.071064595e-05|       3072|00:28:59|+0.00|0.33|0.3330|
|x|         25|       1024|       3271|    2.110213659|       4096|00:19:42|-0.00|0.25|0.4947|
|=|         26|       1024|       3540|    3.420680370|       5120|02:25:27|+0.01|0.21|0.5890|
|=|         10|       1024|       3540|    2.864558184|       6140|02:23:25|+0.01|0.18|0.6533|
|=|          7|       1024|       3540|    2.455335587|       7160|00:04:13|+0.01|0.15|0.5618|
|-|         13|        410|       3540|    2.148418640|       8180|00:12:07|-0.07|0.06|0.6549|
|=|          9|        410|       3540|    1.909705459|       8586|00:06:47|-0.05|0.07|0.6911|
|=|         15|        410|       3540|    1.718734914|       8992|00:04:29|-0.04|0.06|0.7185|
|=|          2|        410|       3540|    1.562486287|       9398|00:00:04|-0.04|0.06|0.6513|
|=|          6|        410|       3540|    1.432279097|       9804|00:00:22|-0.03|0.05|0.5957|
|=|          4|        410|       3540|    1.322103782|      10210|00:00:42|-0.03|0.05|0.5488|
|=|         17|        410|       3540|    1.227667799|      10616|00:00:17|-0.03|0.04|0.5088|
|=|         19|        410|       3540|    1.145823279|      11022|00:04:53|-0.02|0.05|0.5403|
|=|         12|        410|       3540|    1.074209325|      11428|00:04:17|-0.01|0.05|0.5691|
|=|         20|        410|       3540|    1.040921048|      11834|00:31:09|-0.01|0.05|0.5928|
|=|          8|        410|       3540|   0.9830921014|      12240|00:00:32|-0.01|0.05|0.5595|
|=|         18|        410|       3540|   0.9313504124|      12646|00:00:31|-0.01|0.05|0.5298|
|=|          5|        410|       3540|   0.8869972154|      13052|00:11:18|+0.00|0.05|0.5497|
|=|          1|        410|       3540|   0.8661283983|      13458|00:05:43|+0.00|0.05|0.5719|
|=|         21|        410|       3540|   0.8531875633|      13864|00:05:47|+0.00|0.05|0.5920|
|-|          3|        195|       3540|   0.8160924523|      14270|00:04:53|-0.03|0.02|0.6144|
|=|         16|        195|       3411|    1.442878797|      14461|00:02:28|-0.02|0.02|0.6310|
|=|         14|        195|       3411|    1.385163646|      14652|00:00:08|-0.02|0.02|0.6054|
|=|         11|        195|       3411|    2.061277024|      14843|00:03:39|-0.02|0.02|0.6186|
|=|         27|        195|       3411|    1.984933431|      15038|00:00:31|-0.02|0.02|0.5954|
+-+-----------+-----------+-----------+---------------+-----------+--------+-----+----+------+
Best-so-far configuration:        3411    mean value:     1.984933431
Description of the best-so-far configuration:
     .ID. alpha pMin reward probability beta .PARENT.
3411 3411  0.08 9.54     EN          AP 0.03     2987

# 2021-03-09 06:52:49 CET: Elite configurations (first number is the configuration ID; listed from best to worst according to the sum of ranks):
     alpha pMin reward probability beta
3411  0.08 9.54     EN          AP 0.03
3082  0.01 9.02     EN          AP 0.06
3329  0.07 9.28     EN          AP 0.17
2987  0.22 8.63     EN          AP 0.05
# 2021-03-09 06:52:49 CET: Iteration 5 of 5
# experimentsUsedSoFar: 42304
# remainingBudget: 57696
# currentBudget: 57696
# nbConfigurations: 1024
# Markers:
     x No test is performed.
     c Configurations are discarded only due to capping.
     - The test is performed and some configurations are discarded.
     = The test is performed but no configuration is discarded.
     ! The test is performed and configurations could be discarded but elite configurations are preserved.
     . All alive configurations are elite and nothing is discarded

+-+-----------+-----------+-----------+---------------+-----------+--------+-----+----+------+
| |   Instance|      Alive|       Best|      Mean best| Exp so far|  W time|  rho|KenW|  Qvar|
+-+-----------+-----------+-----------+---------------+-----------+--------+-----+----+------+
|x|         28|       1024|       3411|1.000000000e-08|       1024|00:00:33|   NA|  NA|    NA|
|x|         29|       1024|       3411|1.000000000e-08|       2048|00:10:52|+0.00|0.50|0.4995|
|x|         30|       1024|       4943| 0.002307235051|       3072|01:20:17|-0.00|0.33|0.6674|
|x|         31|       1024|       4943| 0.001730428789|       4096|00:16:52|-0.01|0.24|0.7517|
|-|         32|        634|       4732|    1.828328221|       5120|00:32:11|-0.10|0.12|0.8647|
|=|         27|        634|       4732|    1.523606852|       5750|00:01:33|-0.08|0.10|0.8772|
|=|          2|        634|       4732|    1.305948732|       6380|00:00:07|-0.07|0.09|0.7454|
|=|         25|        634|       4520|    2.987647009|       7010|00:12:05|-0.04|0.09|0.7761|
|=|         11|        634|       4520|    5.894757765|       7640|00:12:07|-0.03|0.08|0.7963|
|=|         14|        634|       4520|    5.305281989|       8270|00:00:25|-0.03|0.07|0.7147|
|=|         26|        634|       4202|    5.279620074|       8900|01:31:35|-0.01|0.08|0.7345|
|=|         24|        634|       5000|    4.512317349|       9530|00:17:43|-0.01|0.07|0.7565|
|=|         18|        634|       5000|    4.165216015|      10160|00:00:43|-0.01|0.07|0.6977|
|=|         19|        634|       5000|    3.867700586|      10790|00:07:17|+0.00|0.07|0.7132|
|=|         23|        634|       5000|    3.609853881|      11420|00:00:58|+0.00|0.07|0.6657|
|=|         20|        634|       4209|    3.227592013|      12050|00:48:19|+0.00|0.07|0.6858|
|=|          1|        634|       4580|    3.737965905|      12680|00:08:51|+0.00|0.06|0.7025|
|=|         15|        634|       4580|    3.530301133|      13310|00:07:05|+0.00|0.06|0.7182|
|=|         21|        634|       3082|    3.055691397|      13940|00:08:56|+0.00|0.06|0.7321|
|-|         12|        292|       3082|    2.902906827|      14570|00:06:38|-0.03|0.02|0.7132|
|=|          5|        292|       4950|    3.208010081|      14858|00:07:56|-0.03|0.02|0.7261|
|=|          4|        292|       4950|    3.062191441|      15146|00:00:30|-0.03|0.02|0.6925|
|=|         17|        292|       4950|    2.929052684|      15434|00:00:12|-0.02|0.02|0.6618|
|=|         22|        292|       4950|    2.807008822|      15722|00:00:03|-0.02|0.02|0.6337|
|=|         13|        292|       4950|    2.694728470|      16010|00:03:03|-0.02|0.02|0.6463|
|=|          3|        292|       4950|    2.591085067|      16298|00:03:32|-0.01|0.03|0.6592|
|=|          7|        292|       4950|    2.495118954|      16586|00:01:08|-0.01|0.02|0.6345|
|=|         10|        292|       3082|    2.077291509|      16874|00:42:41|-0.01|0.03|0.6468|
|=|          9|        292|       4950|    2.324210974|      17162|00:05:00|-0.01|0.03|0.6582|
|=|          6|        292|       4950|    2.246737275|      17450|00:00:15|-0.01|0.03|0.6361|
|=|         16|        292|       4950|    2.174261880|      17738|00:03:47|-0.01|0.03|0.6465|
|=|          8|        292|       4950|    2.106316196|      18026|00:00:22|-0.00|0.03|0.6262|
|=|         33|        292|       4950|    2.042488433|      18318|00:01:05|-0.00|0.03|0.6071|
+-+-----------+-----------+-----------+---------------+-----------+--------+-----+----+------+
Best-so-far configuration:        4950    mean value:     2.042488433
Description of the best-so-far configuration:
     .ID. alpha pMin reward probability beta .PARENT.
4950 4950  0.05 9.92     EN          AP 0.03     3411

# 2021-03-09 14:07:56 CET: Elite configurations (first number is the configuration ID; listed from best to worst according to the sum of ranks):
     alpha pMin reward probability beta
4950  0.05 9.92     EN          AP 0.03
4569  0.03 9.74     EN          AP 0.13
3082  0.01 9.02     EN          AP 0.06
4713  0.05 9.81     EN          AP 0.02
# 2021-03-09 14:07:56 CET: Iteration 6 of 6
# experimentsUsedSoFar: 60622
# remainingBudget: 39378
# currentBudget: 39378
# nbConfigurations: 1024
# Markers:
     x No test is performed.
     c Configurations are discarded only due to capping.
     - The test is performed and some configurations are discarded.
     = The test is performed but no configuration is discarded.
     ! The test is performed and configurations could be discarded but elite configurations are preserved.
     . All alive configurations are elite and nothing is discarded

+-+-----------+-----------+-----------+---------------+-----------+--------+-----+----+------+
| |   Instance|      Alive|       Best|      Mean best| Exp so far|  W time|  rho|KenW|  Qvar|
+-+-----------+-----------+-----------+---------------+-----------+--------+-----+----+------+
|x|         34|       1024|       5397|    5.969754333|       1024|00:32:09|   NA|  NA|    NA|
|x|         35|       1024|       6023|    3.482354181|       2048|00:17:06|+0.05|0.52|0.8925|
|x|         36|       1024|       5564|    3.648216228|       3072|00:29:33|+0.14|0.43|0.7778|
|x|         37|       1024|       5564|    2.736162174|       4096|00:12:12|+0.20|0.40|0.7028|
|-|         38|        545|       5564|    2.188929741|       5120|00:00:54|-0.12|0.11|0.8593|
|=|         13|        545|       5564|    1.824108119|       5661|00:05:47|-0.07|0.11|0.8591|
|=|         28|        545|       5564|    1.563521246|       6202|00:00:17|-0.06|0.09|0.7325|
|=|          7|        545|       5564|    1.368081092|       6743|00:01:55|-0.05|0.08|0.6385|
|=|         22|        545|       5564|    1.216072083|       7284|00:00:06|-0.04|0.07|0.5659|
|=|         20|        545|       5782|    1.036391698|       7825|00:41:51|-0.03|0.07|0.6072|
|=|         18|        545|       5782|   0.9421742718|       8366|00:00:38|-0.03|0.07|0.5513|
|=|         17|        545|       5782|   0.8636597500|       8907|00:00:23|-0.03|0.06|0.5048|
|=|          5|        545|       5782|   0.7988539599|       9448|00:14:56|-0.01|0.06|0.5388|
|=|         14|        545|       5782|   0.7417929635|       9989|00:00:22|-0.01|0.06|0.5002|
|=|         30|        545|       5519|   0.9205762157|      10530|00:42:39|-0.01|0.06|0.5322|
|=|         11|        545|       5519|    2.480501897|      11071|00:10:21|-0.01|0.06|0.5613|
|=|          2|        545|       5519|    2.334590021|      11612|00:00:06|-0.01|0.05|0.5283|
|=|         26|        545|       4713|    1.849436060|      12153|01:19:35|-0.01|0.05|0.5543|
|=|         15|        545|       4713|    1.752097321|      12694|00:06:38|-0.01|0.05|0.5786|
|=|         23|        545|       4713|    1.664492455|      13235|00:00:50|-0.01|0.04|0.5496|
|=|         32|        545|       4713|    2.438052239|      13776|00:16:47|-0.00|0.04|0.5699|
|=|         31|        545|       4713|    2.327231683|      14317|00:07:55|-0.00|0.05|0.5890|
|=|          8|        545|       4713|    2.226047697|      14858|00:00:42|-0.00|0.04|0.5634|
|=|         21|        545|       4713|    2.144768015|      15399|00:07:40|+0.00|0.04|0.5811|
|=|         12|        545|       4713|    2.058977295|      15940|00:04:25|+0.00|0.04|0.5983|
|=|          6|        545|       4713|    1.979785861|      16481|00:00:28|+0.00|0.04|0.5753|
|=|          9|        545|       4713|    1.932084788|      17022|00:09:05|+0.00|0.04|0.5906|
|=|          1|        545|       5775|    2.235633759|      17563|00:07:34|+0.00|0.04|0.6053|
|=|         27|        545|       5775|    2.158542940|      18104|00:01:16|+0.00|0.04|0.5845|
|-|         16|        198|       5775|    2.086591509|      18645|00:06:44|-0.02|0.01|0.6068|
|=|          4|        198|       5775|    2.019282106|      18839|00:00:21|-0.02|0.01|0.5869|
|=|         29|        198|       5350|    1.588465543|      19033|00:02:13|-0.02|0.01|0.5998|
|=|         19|        198|       5350|    1.540330223|      19227|00:01:55|-0.02|0.01|0.6113|
|=|          3|        198|       5775|    1.842851896|      19421|00:02:23|-0.02|0.01|0.6207|
|=|         33|        198|       5775|    1.790198985|      19615|00:00:46|-0.02|0.01|0.6028|
|=|         24|        198|       5350|    1.412740032|      19809|00:05:46|-0.01|0.01|0.6127|
|=|         25|        198|       5350|    2.115508902|      20003|00:03:55|-0.01|0.01|0.6225|
|=|         10|        198|       5350|    2.064138350|      20197|00:30:02|-0.01|0.02|0.6322|
|=|         39|        198|       4713|    2.242037216|      20395|00:05:53|-0.01|0.02|0.6411|
+-+-----------+-----------+-----------+---------------+-----------+--------+-----+----+------+
Best-so-far configuration:        4713    mean value:     2.242037216
Description of the best-so-far configuration:
     .ID. alpha pMin reward probability beta .PARENT.
4713 4713  0.05 9.81     EN          AP 0.02     3411

# 2021-03-09 21:02:30 CET: Elite configurations (first number is the configuration ID; listed from best to worst according to the sum of ranks):
     alpha pMin reward probability beta
4713  0.05 9.81     EN          AP 0.02
4950  0.05 9.92     EN          AP 0.03
6115  0.05 9.45     EN          AP 0.04
5673  0.15 8.39     EN          AP 0.02
# 2021-03-09 21:02:30 CET: Iteration 7 of 7
# experimentsUsedSoFar: 81017
# remainingBudget: 18983
# currentBudget: 18983
# nbConfigurations: 434
# Markers:
     x No test is performed.
     c Configurations are discarded only due to capping.
     - The test is performed and some configurations are discarded.
     = The test is performed but no configuration is discarded.
     ! The test is performed and configurations could be discarded but elite configurations are preserved.
     . All alive configurations are elite and nothing is discarded

+-+-----------+-----------+-----------+---------------+-----------+--------+-----+----+------+
| |   Instance|      Alive|       Best|      Mean best| Exp so far|  W time|  rho|KenW|  Qvar|
+-+-----------+-----------+-----------+---------------+-----------+--------+-----+----+------+
|x|         40|        434|       4713|1.000000000e-08|        434|00:00:15|   NA|  NA|    NA|
|x|         41|        434|       4713|1.000000000e-08|        868|00:00:54|+1.00|1.00|0.0000|
|x|         42|        434|       4713|1.000000000e-08|       1302|00:04:57|+0.00|0.33|0.3326|
|x|         43|        434|       4713|1.000000000e-08|       1736|00:02:19|-0.00|0.25|0.5004|
|=|         44|        434|       4713|1.000000000e-08|       2170|00:03:13|-0.00|0.20|0.6009|
|=|         21|        434|       6549|  0.02094460060|       2600|00:06:09|-0.00|0.17|0.6722|
|=|          2|        434|       6549|  0.01795251623|       3030|00:00:05|-0.00|0.14|0.5752|
|=|         14|        434|       6549|  0.01570845295|       3460|00:00:17|-0.00|0.12|0.5027|
|=|         36|        434|       6510|  0.02175344804|       3890|00:12:33|-0.01|0.10|0.5552|
|=|         11|        434|       6336|    1.523128277|       4320|00:08:22|-0.00|0.10|0.5999|
|=|          7|        434|       6336|    1.384662071|       4750|00:01:46|-0.00|0.09|0.5453|
|=|          1|        434|       6514|    2.185299883|       5180|00:06:06|+0.00|0.08|0.5823|
|=|         33|        434|       6514|    2.017199893|       5610|00:01:19|+0.00|0.08|0.5375|
|=|          6|        434|       6514|    1.873114187|       6040|00:00:23|+0.00|0.07|0.4991|
|=|         35|        434|       6449|    1.552913321|       6470|00:07:09|-0.00|0.07|0.5306|
|-|         39|        218|       6444|    1.168119070|       6900|00:12:23|-0.03|0.03|0.4415|
|=|         18|        218|       6444|    1.099406184|       7114|00:00:15|-0.03|0.03|0.4152|
|=|         13|        218|       6444|    1.038328064|       7328|00:02:26|-0.02|0.03|0.4466|
|=|         23|        218|       6444|   0.9836792186|       7542|00:00:19|-0.02|0.03|0.4228|
|=|         16|        218|       6444|   0.9344952582|       7756|00:02:45|-0.01|0.04|0.4481|
|=|         17|        218|       6444|   0.8899954845|       7970|00:00:09|-0.01|0.04|0.4267|
|=|         24|        218|       6444|   0.8531720543|       8184|00:06:04|-0.01|0.04|0.4484|
|=|         10|        218|       6324|    1.534256788|       8398|00:31:25|-0.01|0.04|0.4731|
|=|          4|        218|       6324|    1.470329423|       8612|00:00:23|-0.01|0.03|0.4535|
|=|         31|        218|       6324|    1.411516246|       8826|00:03:19|+0.00|0.04|0.4750|
|=|          5|        218|       6324|    1.358494204|       9040|00:06:00|+0.01|0.04|0.4916|
|-|         32|        108|       4950|    1.197460936|       9254|00:06:44|-0.02|0.02|0.5202|
|=|          8|        108|       4950|    1.154694475|       9358|00:00:08|-0.02|0.02|0.5014|
|=|         12|        108|       4950|    1.114877424|       9462|00:00:53|-0.02|0.02|0.5184|
|=|         26|        108|       4950|    1.086134630|       9566|00:16:51|-0.02|0.02|0.5341|
|=|         28|        108|       4950|    1.051098029|       9670|00:00:03|-0.02|0.01|0.5166|
|=|          3|        108|       4950|    1.018251216|       9774|00:01:17|-0.02|0.02|0.5318|
|=|         15|        108|       4950|   0.9873951189|       9878|00:01:27|-0.01|0.02|0.5449|
|=|         29|        108|       4950|   0.9583540863|       9982|00:01:22|-0.01|0.02|0.5578|
|=|         27|        108|       4950|   0.9309725413|      10086|00:00:24|-0.01|0.02|0.5706|
|=|         19|        108|       4950|   0.9051121932|      10190|00:01:13|-0.01|0.02|0.5821|
|=|         22|        108|       4950|   0.8806497017|      10294|00:00:01|-0.01|0.02|0.5663|
|=|         30|        108|       4950|   0.8841828658|      10398|00:08:49|-0.01|0.02|0.5764|
|=|         34|        108|       4713|    1.330206108|      10502|00:03:31|-0.00|0.02|0.5862|
|=|         37|        108|       4713|    1.296950956|      10606|00:01:06|-0.00|0.02|0.5958|
|=|          9|        108|       4950|    1.232299602|      10710|00:01:48|-0.00|0.02|0.6051|
|=|         38|        108|       4950|    1.202959135|      10814|00:00:07|-0.00|0.02|0.5906|
|=|         25|        108|       5673|    1.571518811|      10918|00:02:09|-0.00|0.02|0.5997|
|=|         20|        108|       4950|    1.932355232|      11022|00:08:33|-0.00|0.02|0.6084|
|=|         45|        108|       4950|    1.889414005|      11130|00:00:08|-0.00|0.02|0.5949|
+-+-----------+-----------+-----------+---------------+-----------+--------+-----+----+------+
Best-so-far configuration:        4950    mean value:     1.889414005
Description of the best-so-far configuration:
     .ID. alpha pMin reward probability beta .PARENT.
4950 4950  0.05 9.92     EN          AP 0.03     3411

# 2021-03-10 00:00:46 CET: Elite configurations (first number is the configuration ID; listed from best to worst according to the sum of ranks):
     alpha pMin reward probability beta
4950  0.05 9.92     EN          AP 0.03
6115  0.05 9.45     EN          AP 0.04
6476  0.04 7.81     EN          AP 0.04
4713  0.05 9.81     EN          AP 0.02
# 2021-03-10 00:00:46 CET: Iteration 8 of 8
# experimentsUsedSoFar: 92147
# remainingBudget: 7853
# currentBudget: 7853
# nbConfigurations: 160
# Markers:
     x No test is performed.
     c Configurations are discarded only due to capping.
     - The test is performed and some configurations are discarded.
     = The test is performed but no configuration is discarded.
     ! The test is performed and configurations could be discarded but elite configurations are preserved.
     . All alive configurations are elite and nothing is discarded

+-+-----------+-----------+-----------+---------------+-----------+--------+-----+----+------+
| |   Instance|      Alive|       Best|      Mean best| Exp so far|  W time|  rho|KenW|  Qvar|
+-+-----------+-----------+-----------+---------------+-----------+--------+-----+----+------+
|x|         46|        160|       4950|1.000000000e-08|        160|00:02:27|   NA|  NA|    NA|
|x|         47|        160|       4950|1.000000000e-08|        320|00:00:48|+0.00|0.50|0.4969|
|x|         48|        160|       4950|1.000000000e-08|        480|00:00:15|+0.00|0.33|0.3313|
|x|         49|        160|       4950|1.000000000e-08|        640|00:00:06|+0.00|0.25|0.2484|
|=|         50|        160|       4950|1.000000000e-08|        800|00:01:11|+0.00|0.20|0.1988|
|=|         35|        160|       6115|1.000000000e-08|        956|00:02:40|+0.01|0.18|0.3185|
|=|         20|        160|       6660|  0.01762097825|       1112|00:12:21|+0.01|0.15|0.4206|
|=|         25|        160|       6660|    2.101790722|       1268|00:03:01|+0.01|0.13|0.4883|
|=|         43|        160|       6660|    1.868258421|       1424|00:00:51|+0.01|0.12|0.5419|
|=|          1|        160|       6115|    2.008126239|       1580|00:02:12|+0.00|0.10|0.5898|
|=|         22|        160|       6115|    1.825569309|       1736|00:00:02|+0.00|0.09|0.5367|
|-|         36|         71|       6115|    1.673545924|       1892|00:04:35|-0.04|0.04|0.5024|
|=|         21|         71|       6115|    1.556743131|       1959|00:01:07|-0.03|0.05|0.5374|
|=|         34|         71|       6656|    2.409217865|       2026|00:02:30|-0.03|0.05|0.5702|
|=|         44|         71|       6656|    2.248603342|       2093|00:00:42|-0.02|0.04|0.5317|
|=|         30|         71|       6656|    2.150165886|       2160|00:06:06|-0.01|0.05|0.5578|
|=|          8|         71|       6656|    2.023685540|       2227|00:00:06|-0.01|0.05|0.5248|
|=|          3|         71|       6115|    1.976686871|       2294|00:00:55|+0.00|0.06|0.5510|
|=|          5|         71|       6656|    1.810950146|       2361|00:02:13|+0.02|0.07|0.5707|
|=|          2|         71|       6656|    1.720402639|       2428|00:00:00|+0.01|0.06|0.5422|
|=|         41|         71|       6656|    1.638478704|       2495|00:00:16|+0.01|0.06|0.5163|
|-|         19|         19|       6115|    1.618457654|       2562|00:00:56|-0.02|0.02|0.4855|
|=|         11|         19|       6115|    3.181079360|       2577|00:00:22|-0.02|0.02|0.5050|
|=|         33|         19|       6115|    3.048534387|       2592|00:00:07|-0.02|0.02|0.4835|
|=|         29|         19|       6115|    2.926593012|       2607|00:00:24|-0.01|0.03|0.4997|
|=|         13|         19|       6115|    2.814031743|       2622|00:00:15|-0.01|0.03|0.5146|
|=|         24|         19|       6115|    2.711364521|       2637|00:00:34|-0.01|0.03|0.5296|
|=|         28|         19|       6115|    2.614530075|       2652|00:00:01|-0.01|0.03|0.5106|
|=|         40|         19|       6115|    2.524373865|       2667|00:00:01|-0.01|0.03|0.4929|
|=|         10|         19|       6115|    2.442977373|       2682|00:03:22|-0.00|0.03|0.5065|
|=|         31|         19|       6115|    2.364171652|       2697|00:00:27|+0.00|0.04|0.5209|
|=|          9|         19|       6115|    2.290291288|       2712|00:00:23|+0.01|0.04|0.5308|
|=|         45|         19|       6115|    2.220888522|       2727|00:00:02|+0.01|0.04|0.5148|
|=|         32|         19|       6115|    2.478017112|       2742|00:00:40|+0.01|0.04|0.5248|
|=|          7|         19|       6115|    2.407216624|       2757|00:00:18|+0.01|0.04|0.5099|
|=|         18|         19|       6115|    2.340349496|       2772|00:00:01|+0.01|0.04|0.4959|
|=|         12|         19|       6115|    2.277096807|       2787|00:00:26|+0.01|0.04|0.5079|
|=|         14|         19|       6115|    2.217173207|       2802|00:00:01|+0.01|0.04|0.4946|
|=|         17|         19|       6115|    2.160322612|       2817|00:00:01|+0.01|0.04|0.4820|
|=|          4|         19|       6115|    2.106314547|       2832|00:00:02|+0.01|0.04|0.4701|
|=|         15|         19|       6115|    2.056385391|       2847|00:00:25|+0.01|0.04|0.4810|
|-|         39|         11|       6115|    2.007432497|       2862|00:00:34|+0.00|0.03|0.4511|
|=|         42|         11|       6115|    1.960748020|       2869|00:00:34|+0.00|0.03|0.4407|
|=|         26|         11|       6115|    1.921609495|       2876|00:02:48|-0.00|0.02|0.4526|
|=|         27|         11|       6115|    1.878907062|       2883|00:00:04|-0.00|0.02|0.4426|
|=|         16|         11|       6115|    1.838061257|       2890|00:00:16|+0.01|0.03|0.4507|
|=|         23|         11|       6115|    1.798953571|       2897|00:00:02|+0.01|0.03|0.4412|
|=|         38|         11|       6115|    1.761475372|       2904|00:00:01|+0.01|0.03|0.4320|
|=|         37|         11|       6115|    1.725526895|       2911|00:00:15|+0.01|0.03|0.4419|
|=|          6|         11|       6115|    1.691016357|       2918|00:00:01|+0.01|0.03|0.4331|
|=|         51|         11|       6115|    1.657859174|       2929|00:00:00|+0.01|0.03|0.4247|
+-+-----------+-----------+-----------+---------------+-----------+--------+-----+----+------+
Best-so-far configuration:        6115    mean value:     1.657859174
Description of the best-so-far configuration:
     .ID. alpha pMin reward probability beta .PARENT.
6115 6115  0.05 9.45     EN          AP 0.04     4950

# 2021-03-10 00:58:55 CET: Elite configurations (first number is the configuration ID; listed from best to worst according to the sum of ranks):
     alpha pMin reward probability beta
6115  0.05 9.45     EN          AP 0.04
4950  0.05 9.92     EN          AP 0.03
6476  0.04 7.81     EN          AP 0.04
4713  0.05 9.81     EN          AP 0.02
# 2021-03-10 00:58:55 CET: Iteration 9 of 9
# experimentsUsedSoFar: 95076
# remainingBudget: 4924
# currentBudget: 4924
# nbConfigurations: 91
# Markers:
     x No test is performed.
     c Configurations are discarded only due to capping.
     - The test is performed and some configurations are discarded.
     = The test is performed but no configuration is discarded.
     ! The test is performed and configurations could be discarded but elite configurations are preserved.
     . All alive configurations are elite and nothing is discarded

+-+-----------+-----------+-----------+---------------+-----------+--------+-----+----+------+
| |   Instance|      Alive|       Best|      Mean best| Exp so far|  W time|  rho|KenW|  Qvar|
+-+-----------+-----------+-----------+---------------+-----------+--------+-----+----+------+
|x|         52|         91|       6769|   0.1901507080|         91|00:01:18|   NA|  NA|    NA|
|x|         53|         91|       6769|  0.09507535901|        182|00:00:10|+0.00|0.50|0.4945|
|x|         54|         91|       6769|  0.06338357601|        273|00:01:16|+0.03|0.35|0.6478|
|x|         55|         91|       6769|  0.04753768451|        364|00:00:07|+0.02|0.27|0.4887|
|=|         56|         91|       4950|  0.04185979091|        455|00:02:42|-0.03|0.17|0.6013|
|=|         25|         91|       6762|    4.447319766|        542|00:01:43|-0.02|0.15|0.6612|
|=|          8|         91|       6762|    3.811988372|        629|00:00:08|-0.02|0.13|0.5665|
|=|         26|         91|       6789|    2.421472629|        716|00:13:11|-0.01|0.12|0.6194|
|=|         15|         91|       6789|    2.152420115|        803|00:01:07|+0.00|0.11|0.6560|
|=|         16|         91|       6476|    3.179524094|        890|00:01:17|+0.02|0.12|0.6741|
|=|          6|         91|       6476|    2.890476450|        977|00:00:05|+0.02|0.11|0.6145|
|=|         11|         91|       6789|    3.253269328|       1064|00:01:44|+0.02|0.10|0.6455|
|=|          9|         91|       6789|    3.012145434|       1151|00:01:41|+0.02|0.09|0.6715|
|=|         35|         91|       6789|    2.796992189|       1238|00:01:36|+0.02|0.09|0.6918|
|-|         12|         41|       6789|    2.610526044|       1325|00:01:15|-0.03|0.04|0.7407|
|=|         43|         41|       6789|    2.447368167|       1362|00:00:28|-0.03|0.04|0.6929|
|=|         47|         41|       6789|    2.303405334|       1399|00:00:18|-0.03|0.03|0.6508|
|=|         31|         41|       6789|    2.175438371|       1436|00:00:40|-0.01|0.04|0.6643|
|=|         39|         41|       6789|    2.061009711|       1473|00:01:23|+0.00|0.05|0.6742|
|=|         20|         41|       6476|    3.387475042|       1510|00:03:41|+0.01|0.06|0.6880|
|=|         38|         41|       6476|    3.226166707|       1547|00:00:02|+0.01|0.06|0.6550|
|=|         21|         41|       6476|    3.102558595|       1584|00:00:41|+0.01|0.05|0.6729|
|=|         22|         41|       6476|    2.967664744|       1621|00:00:00|+0.01|0.05|0.6433|
|=|         44|         41|       6476|    2.844012046|       1658|00:00:22|+0.01|0.05|0.6162|
|=|         19|         41|       6476|    2.730251565|       1695|00:00:36|+0.02|0.05|0.6266|
|-|         29|         23|       6476|    2.625241890|       1732|00:00:36|-0.01|0.03|0.6296|
|=|         36|         23|       6789|    1.609470662|       1751|00:00:42|-0.00|0.03|0.6407|
|=|         41|         23|       6789|    1.551989567|       1770|00:00:03|-0.00|0.03|0.6177|
|=|         49|         23|       6789|    1.498472686|       1789|00:00:01|-0.00|0.03|0.5963|
|=|         40|         23|       6789|    1.448523596|       1808|00:00:00|-0.00|0.03|0.5764|
|=|          5|         23|       6789|    1.401829682|       1827|00:00:40|+0.00|0.04|0.5876|
|=|         14|         23|       6789|    1.358022504|       1846|00:00:01|+0.00|0.03|0.5692|
|=|          7|         23|       6789|    1.316870308|       1865|00:00:15|+0.00|0.03|0.5519|
|=|          2|         23|       6789|    1.278138828|       1884|00:00:00|+0.00|0.03|0.5356|
|=|         34|         23|       6789|    1.895888490|       1903|00:00:46|-0.00|0.03|0.5493|
|=|         32|         23|       4950|    2.328616788|       1922|00:00:45|+0.00|0.03|0.5603|
|=|         27|         23|       4950|    2.265681199|       1941|00:00:09|+0.00|0.03|0.5450|
|=|          4|         23|       4950|    2.206058010|       1960|00:00:02|+0.00|0.03|0.5306|
|=|         45|         23|       4950|    2.149492420|       1979|00:00:03|+0.00|0.03|0.5170|
|=|         50|         23|       4950|    2.095755110|       1998|00:00:25|+0.00|0.03|0.5040|
|=|         51|         23|       4950|    2.044639132|       2017|00:00:00|+0.00|0.02|0.4917|
|=|         23|         23|       4950|    1.995957248|       2036|00:00:02|+0.00|0.02|0.4799|
|=|         33|         23|       4950|    1.949539638|       2055|00:00:09|+0.00|0.02|0.4687|
|=|         10|         23|       4950|    1.906002521|       2074|00:03:43|+0.00|0.03|0.4789|
|=|         28|         23|       4950|    1.863646909|       2093|00:00:01|+0.00|0.02|0.4682|
|=|         30|         23|       4950|    1.845196106|       2112|00:01:53|+0.00|0.03|0.4780|
|=|         37|         23|       4950|    1.805936614|       2131|00:00:17|+0.00|0.02|0.4872|
|=|         42|         23|       4950|    1.768312935|       2150|00:00:35|+0.00|0.02|0.4771|
|=|          3|         23|       4950|    1.732224916|       2169|00:00:16|+0.01|0.03|0.4858|
|=|         13|         23|       4950|    1.697580418|       2188|00:00:16|+0.01|0.03|0.4948|
|=|          1|         23|       4950|    1.670941923|       2207|00:00:20|+0.01|0.03|0.5038|
|=|         17|         23|       4950|    1.638808424|       2226|00:00:01|+0.01|0.03|0.4942|
|-|         24|         11|       4950|    1.608168476|       2245|00:00:41|+0.00|0.02|0.4123|
|=|         18|         11|       4950|    1.578387578|       2252|00:00:01|+0.00|0.02|0.4047|
|=|         48|         11|       4950|    1.549689622|       2259|00:00:02|+0.00|0.02|0.3973|
|=|         46|         11|       4950|    1.522016594|       2266|00:00:21|+0.00|0.02|0.4059|
|=|         57|         11|       4950|    1.495314548|       2277|00:00:25|+0.00|0.02|0.4145|
+-+-----------+-----------+-----------+---------------+-----------+--------+-----+----+------+
Best-so-far configuration:        4950    mean value:     1.495314548
Description of the best-so-far configuration:
     .ID. alpha pMin reward probability beta .PARENT.
4950 4950  0.05 9.92     EN          AP 0.03     3411

# 2021-03-10 01:50:25 CET: Elite configurations (first number is the configuration ID; listed from best to worst according to the sum of ranks):
     alpha pMin reward probability beta
4950  0.05 9.92     EN          AP 0.03
6476  0.04 7.81     EN          AP 0.04
6789  0.14 9.47     EN          AP 0.11
6115  0.05 9.45     EN          AP 0.04
# 2021-03-10 01:50:25 CET: Iteration 10 of 10
# experimentsUsedSoFar: 97353
# remainingBudget: 2647
# currentBudget: 2647
# nbConfigurations: 46
# Markers:
     x No test is performed.
     c Configurations are discarded only due to capping.
     - The test is performed and some configurations are discarded.
     = The test is performed but no configuration is discarded.
     ! The test is performed and configurations could be discarded but elite configurations are preserved.
     . All alive configurations are elite and nothing is discarded

+-+-----------+-----------+-----------+---------------+-----------+--------+-----+----+------+
| |   Instance|      Alive|       Best|      Mean best| Exp so far|  W time|  rho|KenW|  Qvar|
+-+-----------+-----------+-----------+---------------+-----------+--------+-----+----+------+
|x|         58|         46|       6808| 0.001062841040|         46|00:01:28|   NA|  NA|    NA|
|x|         59|         46|       6808|0.0005314255199|         92|00:00:06|+0.00|0.50|0.4891|
|x|         60|         46|       6839|    4.017360287|        138|00:01:36|-0.15|0.23|0.5792|
|x|         61|         46|       6839|    3.013020218|        184|00:00:11|-0.10|0.18|0.4526|
|=|         62|         46|       6823|    2.000915436|        230|00:01:01|-0.04|0.17|0.5192|
|=|         51|         46|       6823|    1.667429532|        272|00:00:00|-0.03|0.14|0.4439|
|=|         22|         46|       6823|    1.429225315|        314|00:00:00|-0.03|0.12|0.3870|
|=|         50|         46|       6823|    1.250572151|        356|00:00:26|-0.02|0.11|0.3426|
|=|         48|         46|       6823|    1.111619691|        398|00:00:05|-0.02|0.09|0.3073|
|=|         28|         46|       6823|    1.000457723|        440|00:00:01|-0.02|0.08|0.2784|
|=|         53|         46|       6823|   0.9095070220|        482|00:00:06|-0.02|0.08|0.2545|
|=|         45|         46|       6823|   0.8337147710|        524|00:00:03|-0.01|0.07|0.2343|
|=|          1|         46|       6811|   0.8984011538|        566|00:00:42|+0.00|0.08|0.2856|
|=|         13|         46|       6811|   0.8342296435|        608|00:00:33|-0.00|0.07|0.3246|
|=|         38|         46|       6811|   0.7786143346|        650|00:00:03|-0.00|0.07|0.3046|
|=|         34|         46|       6476|    1.303106667|        692|00:01:35|-0.01|0.05|0.3509|
|=|         15|         46|       6476|    1.226453335|        734|00:00:37|-0.01|0.05|0.3911|
|=|         33|         46|       6476|    1.158317039|        776|00:00:14|-0.01|0.05|0.3700|
|=|         55|         46|       6476|    1.097352985|        818|00:00:04|-0.01|0.04|0.3511|
|=|          4|         46|       6476|    1.042485336|        860|00:00:05|-0.01|0.04|0.3340|
|=|         46|         46|       6476|   0.9928431775|        902|00:00:34|-0.00|0.05|0.3573|
|=|         49|         46|       6476|   0.9477139426|        944|00:00:02|-0.00|0.04|0.3417|
|=|         40|         46|       6476|   0.9065089890|        986|00:00:02|-0.00|0.04|0.3275|
|=|         18|         46|       6476|   0.8687377816|       1028|00:00:03|-0.00|0.04|0.3144|
|=|          3|         46|       6476|   0.8339882707|       1070|00:00:38|+0.01|0.05|0.3321|
|=|         27|         46|       6476|   0.8019117992|       1112|00:00:12|+0.01|0.05|0.3201|
|-|         19|         33|       6476|   0.7722113625|       1154|00:00:29|-0.02|0.02|0.3633|
|=|         10|         33|       6476|   0.7496398036|       1183|00:04:35|-0.01|0.02|0.3852|
|=|         11|         33|       6827|    1.342290434|       1212|00:00:34|-0.01|0.03|0.4040|
|=|         39|         33|       6476|    1.861288337|       1241|00:00:52|-0.01|0.02|0.4220|
|=|          9|         33|       6476|    1.801246778|       1270|00:00:32|-0.01|0.03|0.4388|
|=|         20|         33|       6476|    1.779505448|       1299|00:02:25|-0.01|0.03|0.4568|
|=|         25|         33|       6476|    2.681029569|       1328|00:00:35|-0.00|0.03|0.4718|
|=|         44|         33|       6476|    2.602175758|       1357|00:00:17|-0.00|0.03|0.4578|
|=|         35|         33|       6476|    2.527827879|       1386|00:00:31|-0.00|0.03|0.4718|
|=|         26|         33|       6476|    2.458958024|       1415|00:04:42|-0.00|0.03|0.4857|
|=|          8|         33|       6476|    2.392499699|       1444|00:00:03|-0.00|0.02|0.4726|
|=|         43|         33|       6476|    2.329539181|       1473|00:00:22|-0.00|0.02|0.4601|
|=|         24|         33|       6476|    2.270601863|       1502|00:00:51|-0.00|0.02|0.4731|
|=|         23|         33|       6476|    2.213836816|       1531|00:00:02|-0.00|0.02|0.4613|
|=|          7|         33|       6476|    2.159840797|       1560|00:00:10|-0.00|0.02|0.4500|
|=|         21|         33|       6476|    2.120482402|       1589|00:00:26|+0.00|0.02|0.4607|
|=|          5|         33|       6115|    2.211161889|       1618|00:00:50|+0.00|0.02|0.4723|
|=|         41|         33|       6115|    2.160908209|       1647|00:00:06|+0.00|0.02|0.4616|
|=|         14|         33|       6115|    2.112888027|       1676|00:00:01|+0.00|0.02|0.4514|
|=|         56|         33|       6789|    2.050998772|       1705|00:00:52|+0.00|0.02|0.4629|
|=|         12|         33|       6789|    2.007360501|       1734|00:00:30|+0.00|0.02|0.4730|
|=|         37|         33|       6789|    1.965540490|       1763|00:00:21|+0.00|0.02|0.4840|
|=|         47|         33|       6789|    1.925427419|       1792|00:00:10|+0.00|0.02|0.4741|
|=|         54|         33|       6789|    1.886918871|       1821|00:00:30|+0.00|0.02|0.4827|
|=|         42|         33|       6789|    1.849920462|       1850|00:00:46|+0.00|0.02|0.4911|
|=|         17|         33|       6789|    1.814345069|       1879|00:00:01|+0.00|0.02|0.4817|
|=|         36|         33|       6789|    1.780112853|       1908|00:00:52|+0.00|0.02|0.4908|
|=|         57|         33|       6789|    1.747147800|       1937|00:00:29|+0.00|0.02|0.4999|
|=|          2|         33|       6789|    1.715381477|       1966|00:00:00|+0.00|0.02|0.4909|
|=|         16|         33|       6789|    1.684749665|       1995|00:00:24|+0.00|0.02|0.4994|
|=|         32|         33|       4950|    1.719022396|       2024|00:00:57|+0.00|0.02|0.5071|
|=|         29|         33|       4950|    1.689384079|       2053|00:00:29|+0.00|0.02|0.5144|
|=|         31|         33|       4950|    1.660750451|       2082|00:00:32|+0.01|0.02|0.5209|
|-|         52|         10|       4950|    1.636542070|       2111|00:00:26|+0.00|0.02|0.4321|
|=|         30|         10|       4950|    1.626351380|       2117|00:01:27|+0.00|0.02|0.4394|
|=|          6|         10|       4950|    1.600119906|       2123|00:00:01|+0.00|0.02|0.4323|
|=|         63|         10|       4950|    1.578464931|       2133|00:02:54|-0.00|0.01|0.4414|
+-+-----------+-----------+-----------+---------------+-----------+--------+-----+----+------+
Best-so-far configuration:        4950    mean value:     1.578464931
Description of the best-so-far configuration:
     .ID. alpha pMin reward probability beta .PARENT.
4950 4950  0.05 9.92     EN          AP 0.03     3411

# 2021-03-10 02:31:29 CET: Elite configurations (first number is the configuration ID; listed from best to worst according to the sum of ranks):
     alpha pMin reward probability beta
4950  0.05 9.92     EN          AP 0.03
6476  0.04 7.81     EN          AP 0.04
6115  0.05 9.45     EN          AP 0.04
6789  0.14 9.47     EN          AP 0.11
# 2021-03-10 02:31:29 CET: Iteration 11 of 11
# experimentsUsedSoFar: 99486
# remainingBudget: 514
# currentBudget: 514
# nbConfigurations: 11
# Markers:
     x No test is performed.
     c Configurations are discarded only due to capping.
     - The test is performed and some configurations are discarded.
     = The test is performed but no configuration is discarded.
     ! The test is performed and configurations could be discarded but elite configurations are preserved.
     . All alive configurations are elite and nothing is discarded

+-+-----------+-----------+-----------+---------------+-----------+--------+-----+----+------+
| |   Instance|      Alive|       Best|      Mean best| Exp so far|  W time|  rho|KenW|  Qvar|
+-+-----------+-----------+-----------+---------------+-----------+--------+-----+----+------+
|x|         64|         11|       6845|   0.1479426720|         11|00:00:16|   NA|  NA|    NA|
|x|         65|         11|       6845|  0.07397134102|         22|00:00:00|+0.00|0.50|0.4545|
|x|         66|         11|       6845|  0.04931423068|         33|00:00:30|+0.00|0.33|0.3030|
|x|         67|         11|       6789|   0.1126425591|         44|00:00:16|-0.10|0.18|0.5004|
|=|         68|         11|       6789|  0.09011404930|         55|00:00:07|-0.07|0.14|0.3912|
|=|         47|         11|       6789|  0.07509504275|         62|00:00:04|-0.06|0.12|0.3214|
|=|         60|         11|       6476|    1.867864995|         69|00:00:35|-0.02|0.13|0.4038|
|=|         26|         11|       6476|    1.640446005|         76|00:02:54|+0.01|0.14|0.4658|
|=|         61|         11|       6476|    1.458174227|         83|00:00:07|+0.01|0.12|0.4128|
|=|         32|         11|       6476|    2.510419644|         90|00:00:38|+0.00|0.10|0.4617|
|=|         15|         11|       6476|    2.282199677|         97|00:00:22|+0.02|0.11|0.4879|
|=|         16|         11|       6476|    2.092016372|        104|00:00:16|+0.02|0.10|0.5181|
|=|         18|         11|       6476|    1.931092036|        111|00:00:01|+0.02|0.09|0.4792|
|=|         37|         11|       6476|    1.793156891|        118|00:00:16|+0.04|0.11|0.4957|
|=|          8|         11|       6476|    1.673613099|        125|00:00:01|+0.04|0.10|0.4642|
|=|          1|         11|       6476|    1.584281840|        132|00:00:16|+0.03|0.09|0.4936|
|=|         19|         11|       6476|    1.491088791|        139|00:00:20|+0.04|0.09|0.5204|
|=|         13|         11|       6476|    1.408250526|        146|00:00:14|+0.04|0.09|0.5497|
|=|         43|         11|       6476|    1.334132078|        153|00:00:07|+0.03|0.08|0.5211|
|-|          3|          7|       6476|    1.267425474|        160|00:00:13|+0.02|0.07|0.3687|
|=|         41|          7|       6476|    1.207071881|        163|00:00:03|+0.02|0.07|0.3520|
|=|         59|          7|       6476|    1.152204977|        166|00:00:02|+0.02|0.07|0.3367|
|=|         34|          7|       6476|    1.453649703|        169|00:00:33|+0.03|0.07|0.3557|
|=|         49|          7|       6476|    1.393080965|        172|00:00:01|+0.03|0.07|0.3416|
|=|         51|          7|       6476|    1.337357727|        175|00:00:00|+0.03|0.07|0.3286|
|=|         50|          7|       6476|    1.285920892|        178|00:00:13|+0.03|0.07|0.3165|
|=|         14|          7|       6476|    1.238294193|        181|00:00:01|+0.03|0.06|0.3052|
|=|         54|          7|       6476|    1.194069400|        184|00:00:17|+0.04|0.07|0.3179|
|=|         62|          7|       6476|    1.152894594|        187|00:00:20|+0.04|0.07|0.3075|
|=|          7|          7|       6476|    1.114464774|        190|00:00:10|+0.04|0.07|0.2979|
|=|         27|          7|       6476|    1.078514298|        193|00:00:08|+0.03|0.07|0.2888|
|=|          9|          7|       6476|    1.044810726|        196|00:00:19|+0.03|0.06|0.3068|
|=|         42|          7|       6476|    1.013149796|        199|00:00:19|+0.03|0.06|0.2980|
|=|         46|          7|       6476|   0.9833512726|        202|00:00:09|+0.03|0.06|0.2896|
|=|         11|          7|       6476|    1.950901765|        205|00:00:20|+0.03|0.05|0.3044|
|=|         35|          7|       6476|    1.896710049|        208|00:00:19|+0.02|0.05|0.3212|
|=|         53|          7|       6476|    1.845447616|        211|00:00:02|+0.02|0.05|0.3128|
|=|         45|          7|       6476|    1.796883205|        214|00:00:01|+0.02|0.05|0.3049|
|=|         33|          7|       6476|    1.750809277|        217|00:00:03|+0.02|0.05|0.2973|
|=|         52|          7|       6476|    1.712434073|        220|00:00:14|+0.03|0.05|0.3110|
|=|         21|          7|       6476|    1.683028077|        223|00:00:15|+0.02|0.05|0.3254|
|=|         40|          7|       6476|    1.642955980|        226|00:00:00|+0.02|0.05|0.3179|
|=|         56|          7|       6476|    1.604773871|        229|00:00:31|+0.03|0.05|0.3268|
|=|         38|          7|       6476|    1.568301737|        232|00:00:01|+0.03|0.05|0.3196|
|=|         44|          7|       6476|    1.533450588|        235|00:00:09|+0.02|0.05|0.3128|
|=|         23|          7|       6476|    1.500114706|        238|00:00:02|+0.02|0.05|0.3062|
|=|         17|          7|       6476|    1.468197372|        241|00:00:01|+0.02|0.04|0.2999|
|=|         12|          7|       6476|    1.437609927|        244|00:00:02|+0.02|0.04|0.2939|
|-|         24|          4|       6476|    1.408903270|        247|00:00:29|+0.02|0.04|0.2646|
|.|         25|          4|       6476|    2.011321233|        247|00:00:00|+0.01|0.03|0.2783|
|.|          6|          4|       6476|    1.971883562|        247|00:00:00|+0.01|0.03|0.2730|
|.|          4|          4|       6476|    1.933962725|        247|00:00:00|+0.01|0.03|0.2679|
|.|         58|          4|       6476|    1.899215085|        247|00:00:00|-0.00|0.02|0.2802|
|.|         22|          4|       6476|    1.864044435|        247|00:00:00|-0.00|0.02|0.2750|
|.|         29|          4|       6476|    1.830152718|        247|00:00:00|-0.00|0.01|0.2701|
|.|         55|          4|       6476|    1.797471420|        247|00:00:00|-0.00|0.01|0.2653|
|.|         57|          4|       6476|    1.765936834|        247|00:00:00|+0.00|0.02|0.2715|
|.|         20|          4|       6476|    1.754550410|        247|00:00:00|-0.00|0.01|0.2805|
|.|         36|          4|       6476|    1.724882785|        247|00:00:00|-0.00|0.01|0.2900|
|.|         30|          4|       6476|    1.696299989|        247|00:00:00|-0.00|0.01|0.2976|
|.|          2|          4|       6476|    1.668491792|        247|00:00:00|-0.00|0.01|0.2928|
|.|         48|          4|       6476|    1.641580635|        247|00:00:00|-0.00|0.01|0.2881|
|.|          5|          4|       6476|    1.617133567|        247|00:00:00|-0.00|0.01|0.2967|
|.|         10|          4|       6476|    1.594056601|        247|00:00:00|-0.01|0.01|0.3035|
|.|         31|          4|       6476|    1.569532653|        247|00:00:00|-0.00|0.01|0.2988|
|.|         39|          4|       6476|    1.545768781|        247|00:00:00|-0.01|0.01|0.3074|
|.|         63|          4|       6476|    1.528336069|        247|00:00:00|-0.01|0.00|0.3152|
|.|         28|          4|       6476|    1.505860538|        247|00:00:00|-0.01|0.00|0.3105|
+-+-----------+-----------+-----------+---------------+-----------+--------+-----+----+------+
Best-so-far configuration:        4950    mean value:     1.479239062
Description of the best-so-far configuration:
     .ID. alpha pMin reward probability beta .PARENT.
4950 4950  0.05 9.92     EN          AP 0.03     3411

# 2021-03-10 02:44:33 CET: Elite configurations (first number is the configuration ID; listed from best to worst according to the sum of ranks):
     alpha pMin reward probability beta
4950  0.05 9.92     EN          AP 0.03
6476  0.04 7.81     EN          AP 0.04
6789  0.14 9.47     EN          AP 0.11
6115  0.05 9.45     EN          AP 0.04
# 2021-03-10 02:44:33 CET: Iteration 12 of 12
# experimentsUsedSoFar: 99733
# remainingBudget: 267
# currentBudget: 267
# nbConfigurations: 7
# Markers:
     x No test is performed.
     c Configurations are discarded only due to capping.
     - The test is performed and some configurations are discarded.
     = The test is performed but no configuration is discarded.
     ! The test is performed and configurations could be discarded but elite configurations are preserved.
     . All alive configurations are elite and nothing is discarded

+-+-----------+-----------+-----------+---------------+-----------+--------+-----+----+------+
| |   Instance|      Alive|       Best|      Mean best| Exp so far|  W time|  rho|KenW|  Qvar|
+-+-----------+-----------+-----------+---------------+-----------+--------+-----+----+------+
|x|         69|          7|       4950|1.000000000e-08|          7|00:00:21|   NA|  NA|    NA|
|x|         70|          7|       4950|  0.05235215611|         14|00:01:31|-0.18|0.41|1.0864|
|x|         71|          7|       4950|  0.03490144074|         21|00:00:07|-0.09|0.27|0.6479|
|x|         72|          7|       4950|  0.07905003754|         28|00:03:03|+0.09|0.32|0.6881|
|=|         73|          7|       4950|  0.06324003203|         35|00:00:00|+0.07|0.25|0.5414|
|=|         59|          7|       4950|  0.05270002836|         38|00:00:01|+0.05|0.21|0.4467|
|=|         33|          7|       4950|  0.04517145431|         41|00:00:04|+0.05|0.18|0.3803|
|=|         37|          7|       4950|  0.03952502377|         44|00:00:14|+0.11|0.22|0.4199|
|=|         34|          7|       4950|    1.915726104|         47|00:00:35|+0.08|0.18|0.4679|
|=|         64|          7|       6476|   0.9215770389|         50|00:00:16|+0.01|0.11|0.4998|
|=|         15|          7|       6476|   0.8377973090|         53|00:00:23|+0.07|0.15|0.4969|
|=|         17|          7|       6476|   0.7679808674|         56|00:00:01|+0.06|0.14|0.4596|
|=|         28|          7|       6476|   0.7089054168|         59|00:00:00|+0.05|0.13|0.4273|
|=|         39|          7|       6476|   0.6583491093|         62|00:00:30|+0.03|0.10|0.4682|
|=|         11|          7|       6476|    2.937633735|         65|00:00:20|+0.06|0.13|0.4817|
|=|         31|          7|       6476|    2.754031627|         68|00:00:24|+0.05|0.11|0.5113|
|=|         68|          7|       6476|    2.592029767|         71|00:00:08|+0.05|0.10|0.4827|
|=|         57|          7|       6476|    2.448028114|         74|00:00:22|+0.06|0.11|0.4950|
|=|         40|          7|       6476|    2.319184530|         77|00:00:00|+0.06|0.11|0.4704|
|=|         20|          7|       4950|    2.218188710|         80|00:01:22|+0.05|0.09|0.4956|
|=|          4|          7|       4950|    2.112560677|         83|00:00:02|+0.04|0.09|0.4729|
|=|         38|          7|       4950|    2.016535192|         86|00:00:01|+0.04|0.09|0.4522|
|=|         58|          7|       4950|    1.930819885|         89|00:00:29|+0.02|0.07|0.4806|
|=|         13|          7|       4950|    1.850369057|         92|00:00:13|+0.02|0.06|0.4607|
|=|         23|          7|       4950|    1.776354295|         95|00:00:01|+0.02|0.06|0.4424|
|=|         62|          7|       4950|    1.708032976|         98|00:00:24|+0.03|0.07|0.4528|
|-|          3|          6|       4950|    1.644772496|        101|00:00:13|-0.00|0.04|0.3998|
|=|         49|          6|       4950|    1.586030621|        103|00:00:00|-0.00|0.03|0.3856|
|=|         19|          6|       4950|    1.531339911|        105|00:00:05|-0.00|0.03|0.3723|
|=|         45|          6|       4950|    1.480295247|        107|00:00:01|-0.00|0.03|0.3600|
|=|          9|          6|       4950|    1.432543788|        109|00:00:17|+0.00|0.04|0.3735|
|=|          2|          6|       4950|    1.387776795|        111|00:00:00|+0.00|0.04|0.3619|
|=|         14|          6|       4950|    1.345722953|        113|00:00:00|+0.00|0.03|0.3510|
|=|         67|          6|       4950|    1.306142867|        115|00:00:14|+0.01|0.03|0.3648|
|=|         12|          6|       4950|    1.268824499|        117|00:00:24|+0.01|0.04|0.3752|
|=|         25|          6|       4950|    2.167455596|        119|00:00:17|+0.02|0.04|0.3881|
|=|         35|          6|       6476|    2.075464045|        121|00:00:17|+0.02|0.05|0.3983|
|-|         56|          5|       6476|    2.020876182|        123|00:00:27|-0.01|0.02|0.3790|
|=|         22|          5|       6789|    1.724695091|        124|00:00:00|-0.01|0.02|0.3693|
|=|         41|          5|       6789|    1.681577714|        125|00:00:01|-0.01|0.01|0.3601|
|=|         42|          5|       6789|    1.640563624|        126|00:00:03|-0.01|0.01|0.3513|
|=|         32|          5|       4950|    2.016453905|        127|00:00:30|-0.01|0.01|0.3624|
|=|         65|          5|       4950|    1.969559629|        128|00:00:00|-0.01|0.01|0.3539|
|=|         47|          5|       4950|    1.924796910|        129|00:00:01|-0.01|0.01|0.3459|
|=|         26|          5|       4950|    1.887636836|        130|00:02:31|-0.01|0.01|0.3542|
|=|          5|          5|       6789|    1.809345997|        131|00:00:26|-0.01|0.01|0.3650|
|=|         10|          5|       4950|    1.808548373|        132|00:02:27|-0.01|0.01|0.3754|
|=|         52|          5|       4950|    1.775208774|        133|00:00:13|-0.00|0.02|0.3828|
|=|         18|          5|       4950|    1.738980024|        134|00:00:01|-0.00|0.02|0.3750|
|=|         51|          5|       4950|    1.704200423|        135|00:00:00|-0.00|0.02|0.3675|
|=|         44|          5|       4950|    1.670784729|        136|00:00:17|-0.00|0.02|0.3603|
|=|         27|          5|       4950|    1.638654254|        137|00:00:00|-0.00|0.01|0.3534|
|=|         63|          5|       4950|    1.612186371|        138|00:02:14|-0.01|0.01|0.3642|
|=|         55|          5|       4950|    1.582331068|        139|00:00:01|-0.01|0.01|0.3574|
|=|         46|          5|       4950|    1.553561413|        140|00:00:20|-0.01|0.01|0.3641|
|=|         48|          5|       4950|    1.525819245|        141|00:00:01|-0.01|0.01|0.3576|
|=|          1|          5|       4950|    1.504998156|        142|00:00:12|-0.01|0.01|0.3638|
|=|         61|          5|       4950|    1.479049912|        143|00:00:01|-0.01|0.01|0.3575|
|=|          8|          5|       4950|    1.453981269|        144|00:00:01|-0.01|0.01|0.3515|
|=|         21|          5|       4950|    1.432399707|        145|00:00:13|-0.01|0.01|0.3595|
|=|         60|          5|       4950|    1.637268920|        146|00:00:30|-0.00|0.01|0.3667|
|=|         30|          5|       4950|    1.627230872|        147|00:01:15|-0.00|0.01|0.3730|
|=|         53|          5|       4950|    1.601401811|        148|00:00:01|-0.00|0.01|0.3671|
|=|         43|          5|       4950|    1.576379908|        149|00:00:05|-0.00|0.01|0.3614|
|=|         66|          5|       4950|    1.552127909|        150|00:00:02|-0.00|0.01|0.3559|
|=|          6|          5|       4950|    1.528610820|        151|00:00:00|-0.00|0.01|0.3505|
|=|         54|          5|       4950|    1.505795733|        152|00:00:09|-0.00|0.01|0.3568|
|=|         29|          5|       4950|    1.483651679|        153|00:00:07|-0.00|0.01|0.3516|
|=|         24|          5|       4950|    1.462365294|        154|00:00:26|+0.00|0.02|0.3566|
|=|         36|          5|       4950|    1.441492234|        155|00:00:27|+0.00|0.02|0.3634|
|=|         16|          5|       4950|    1.421189527|        156|00:00:14|+0.00|0.02|0.3680|
|=|         50|          5|       4950|    1.401450783|        157|00:00:01|+0.00|0.02|0.3629|
|=|          7|          5|       4950|    1.382252827|        158|00:00:02|+0.00|0.02|0.3580|
|=|         74|          5|       4950|    1.363573735|        163|00:00:01|+0.00|0.02|0.3532|
+-+-----------+-----------+-----------+---------------+-----------+--------+-----+----+------+
Best-so-far configuration:        4950    mean value:     1.363573735
Description of the best-so-far configuration:
     .ID. alpha pMin reward probability beta .PARENT.
4950 4950  0.05 9.92     EN          AP 0.03     3411

# 2021-03-10 03:11:13 CET: Elite configurations (first number is the configuration ID; listed from best to worst according to the sum of ranks):
     alpha pMin reward probability beta
4950  0.05 9.92     EN          AP 0.03
6476  0.04 7.81     EN          AP 0.04
6789  0.14 9.47     EN          AP 0.11
6115  0.05 9.45     EN          AP 0.04
# 2021-03-10 03:11:13 CET: Iteration 13 of 13
# experimentsUsedSoFar: 99896
# remainingBudget: 104
# currentBudget: 104
# nbConfigurations: 5
# Markers:
     x No test is performed.
     c Configurations are discarded only due to capping.
     - The test is performed and some configurations are discarded.
     = The test is performed but no configuration is discarded.
     ! The test is performed and configurations could be discarded but elite configurations are preserved.
     . All alive configurations are elite and nothing is discarded

+-+-----------+-----------+-----------+---------------+-----------+--------+-----+----+------+
| |   Instance|      Alive|       Best|      Mean best| Exp so far|  W time|  rho|KenW|  Qvar|
+-+-----------+-----------+-----------+---------------+-----------+--------+-----+----+------+
|x|         75|          5|       4950|1.000000000e-08|          5|00:00:04|   NA|  NA|    NA|
|x|         76|          5|       6789|1.000000000e-08|         10|00:00:15|+0.00|0.50|0.4000|
|x|         77|          5|       6850|    4.974793610|         15|00:00:36|-0.21|0.20|0.6698|
|x|         78|          5|       6850|    3.731095210|         20|00:00:02|-0.14|0.15|0.4682|
|=|         79|          5|       6850|    2.984876170|         25|00:00:24|-0.10|0.12|0.3609|
|=|         55|          5|       6850|    2.487396810|         26|00:00:01|-0.08|0.10|0.2940|
|=|         37|          5|       6850|    2.132054410|         27|00:00:14|-0.02|0.13|0.3676|
|=|         18|          5|       6850|    1.865547610|         28|00:00:01|-0.02|0.11|0.3185|
|=|          7|          5|       6850|    1.658264543|         29|00:00:01|-0.02|0.10|0.2811|
|=|         25|          5|       6789|    3.818266554|         30|00:00:17|-0.01|0.09|0.3347|
|=|         35|          5|       6789|    3.471151413|         31|00:00:17|-0.02|0.08|0.3776|
|=|         50|          5|       6789|    3.181888796|         32|00:00:01|-0.01|0.07|0.3450|
|=|         59|          5|       6789|    2.937128121|         33|00:00:01|-0.01|0.06|0.3175|
|=|         23|          5|       6789|    2.727333256|         34|00:00:01|-0.01|0.06|0.2941|
|=|          5|          5|       6789|    2.545578521|         35|00:00:26|+0.01|0.07|0.3216|
|=|         29|          5|       6789|    2.386479864|         36|00:00:07|+0.01|0.07|0.3014|
|=|         56|          5|       6789|    2.246151808|         37|00:00:27|+0.02|0.08|0.3290|
|=|         53|          5|       6789|    2.121365597|         38|00:00:01|+0.02|0.07|0.3108|
|=|         26|          5|       6789|    2.012159783|         39|00:02:27|+0.03|0.08|0.3358|
|=|         28|          5|       6789|    1.911551795|         40|00:00:00|+0.03|0.08|0.3191|
|=|         24|          5|       6789|    1.820634805|         41|00:00:26|+0.04|0.09|0.3367|
|=|         20|          5|       6789|    1.918856447|         42|00:01:09|+0.01|0.05|0.3691|
|=|         21|          5|       6789|    1.849122461|         43|00:00:13|+0.01|0.05|0.3845|
|=|         10|          5|       6789|    1.778566407|         44|00:02:12|-0.01|0.03|0.4065|
|=|         22|          5|       6789|    1.707423751|         45|00:00:00|-0.01|0.03|0.3899|
|=|          3|          5|       6789|    1.641753607|         46|00:00:08|-0.01|0.03|0.3747|
|=|         66|          5|       6789|    1.580947918|         47|00:00:01|-0.01|0.03|0.3606|
|=|         14|          5|       6789|    1.524485493|         48|00:00:00|-0.01|0.03|0.3476|
|=|         17|          5|       6789|    1.471917028|         49|00:00:00|-0.01|0.03|0.3354|
|=|         42|          5|       6789|    1.422853128|         50|00:00:03|-0.01|0.03|0.3241|
|=|         13|          5|       6789|    1.376954640|         51|00:00:12|-0.00|0.03|0.3361|
|=|         32|          5|       6789|    1.831404178|         52|00:00:30|-0.00|0.03|0.3480|
|=|         71|          5|       6789|    1.775907082|         53|00:00:01|-0.00|0.03|0.3375|
|=|         69|          5|       6789|    1.723674521|         54|00:00:05|-0.00|0.03|0.3276|
|=|         30|          5|       6789|    1.757707816|         55|00:01:15|-0.01|0.02|0.3430|
|=|         64|          5|       6789|    1.721398438|         56|00:00:13|-0.01|0.02|0.3560|
|=|         34|          5|       6789|    2.293776237|         57|00:00:30|-0.01|0.01|0.3694|
|=|         73|          5|       6789|    2.233413705|         58|00:00:00|-0.01|0.01|0.3596|
|=|         60|          5|       4950|    2.196333742|         59|00:00:30|-0.02|0.01|0.3717|
|=|         52|          5|       4950|    2.146631588|         60|00:00:13|-0.01|0.02|0.3791|
|=|         36|          5|       4950|    2.094305234|         61|00:00:27|-0.01|0.02|0.3884|
|=|         61|          5|       4950|    2.044440824|         62|00:00:03|-0.01|0.02|0.3792|
|=|         46|          5|       4950|    1.996895689|         63|00:00:01|-0.00|0.02|0.3704|
|=|         41|          5|       4950|    1.951511696|         64|00:00:01|-0.00|0.02|0.3620|
|=|         58|          5|       4950|    1.909146617|         65|00:00:26|-0.00|0.02|0.3710|
|=|         19|          5|       4950|    1.867643430|         66|00:00:04|-0.00|0.02|0.3630|
|=|         38|          5|       4950|    1.827906336|         67|00:00:00|-0.00|0.02|0.3554|
|=|         15|          5|       4950|    1.789824954|         68|00:00:21|+0.00|0.02|0.3629|
|=|         33|          5|       4950|    1.753297914|         69|00:00:01|+0.00|0.02|0.3556|
|=|         43|          5|       4950|    1.718231956|         70|00:00:00|+0.00|0.02|0.3485|
|=|         39|          5|       4950|    1.684601313|         71|00:00:27|+0.00|0.02|0.3553|
|=|          1|          5|       4950|    1.658724694|         72|00:00:12|+0.01|0.03|0.3607|
|=|         51|          5|       4950|    1.627428002|         73|00:00:00|+0.01|0.03|0.3541|
|=|         44|          5|       4950|    1.597290447|         74|00:00:00|+0.01|0.03|0.3477|
|=|         62|          5|       4950|    1.568248802|         75|00:00:23|+0.01|0.03|0.3522|
|=|         63|          5|       4950|    1.544456083|         76|00:02:22|+0.01|0.03|0.3631|
|=|         57|          5|       4950|    1.517360362|         77|00:00:14|+0.01|0.02|0.3723|
|=|         47|          5|       4950|    1.491198977|         78|00:00:01|+0.01|0.02|0.3660|
|=|         67|          5|       4950|    1.465924418|         79|00:00:00|+0.00|0.02|0.3742|
|=|         45|          5|       4950|    1.441492345|         80|00:00:01|+0.00|0.02|0.3681|
|=|         48|          5|       4950|    1.417861323|         81|00:00:01|+0.00|0.02|0.3621|
|=|         27|          5|       4950|    1.394992592|         82|00:00:01|+0.00|0.02|0.3564|
|=|          2|          5|       4950|    1.372849852|         83|00:00:00|+0.00|0.02|0.3508|
|=|         54|          5|       4950|    1.351399074|         84|00:00:05|+0.00|0.02|0.3582|
|=|         11|          5|       4950|    1.716676041|         85|00:00:17|+0.01|0.02|0.3637|
|=|         65|          5|       4950|    1.690665798|         86|00:00:00|+0.01|0.02|0.3583|
|=|          6|          5|       4950|    1.665431980|         87|00:00:00|+0.01|0.02|0.3530|
|=|         31|          5|       4950|    1.640940334|         88|00:00:24|+0.01|0.03|0.3572|
|=|         74|          5|       4950|    1.617158590|         89|00:00:00|+0.01|0.03|0.3521|
|=|          9|          5|       4950|    1.594056325|         90|00:00:17|+0.01|0.03|0.3560|
|=|         70|          5|       4950|    1.573079535|         91|00:01:15|+0.02|0.03|0.3609|
|=|         68|          5|       4950|    1.551231209|         92|00:00:02|+0.02|0.03|0.3560|
|=|         12|          5|       4950|    1.529981466|         93|00:00:02|+0.02|0.03|0.3513|
|-|         16|          4|       4950|    1.509306041|         94|00:00:14|-0.01|0.01|0.3159|
|.|         49|          4|       4950|    1.489181961|         94|00:00:00|-0.01|0.01|0.3117|
|.|         40|          4|       4950|    1.469587461|         94|00:00:00|-0.01|0.01|0.3076|
|.|         72|          4|       4950|    1.453248609|         94|00:00:00|-0.01|0.01|0.3126|
|.|          8|          4|       4950|    1.434617217|         94|00:00:00|-0.01|0.01|0.3086|
|.|          4|          4|       4950|    1.416457505|         94|00:00:00|-0.01|0.01|0.3047|
+-+-----------+-----------+-----------+---------------+-----------+--------+-----+----+------+
Best-so-far configuration:        4950    mean value:     1.416457505
Description of the best-so-far configuration:
     .ID. alpha pMin reward probability beta .PARENT.
4950 4950  0.05 9.92     EN          AP 0.03     3411

# 2021-03-10 03:32:58 CET: Elite configurations (first number is the configuration ID; listed from best to worst according to the sum of ranks):
     alpha pMin reward probability beta
4950  0.05 9.92     EN          AP 0.03
6476  0.04 7.81     EN          AP 0.04
6789  0.14 9.47     EN          AP 0.11
6115  0.05 9.45     EN          AP 0.04
# 2021-03-10 03:32:58 CET: Stopped because there is not enough budget left to race more than the minimum (4)
# You may either increase the budget or set 'minNbSurvival' to a lower value
# Iteration: 14
# nbIterations: 14
# experimentsUsedSoFar: 99990
# timeUsed: 0
# remainingBudget: 10
# currentBudget: 10
# number of elites: 4
# nbConfigurations: 3
# Best configurations (first number is the configuration ID; listed from best to worst according to the sum of ranks):
     alpha pMin reward probability beta
4950  0.05 9.92     EN          AP 0.03
6476  0.04 7.81     EN          AP 0.04
6789  0.14 9.47     EN          AP 0.11
6115  0.05 9.45     EN          AP 0.04
# Best configurations as commandlines (first number is the configuration ID; same order as above):
4950  -A 0.05 -B 0.03 -M 9.92 -r EN -p AP
6476  -A 0.04 -B 0.04 -M 7.81 -r EN -p AP
6789  -A 0.14 -B 0.11 -M 9.47 -r EN -p AP
6115  -A 0.05 -B 0.04 -M 9.45 -r EN -p AP
