#------------------------------------------------------------------------------
# irace: An implementation in R of (Elitist) Iterated Racing
# Version: 3.4.1.9fcaeaf
# Copyright (C) 2010-2020
# Manuel Lopez-Ibanez     <manuel.lopez-ibanez@manchester.ac.uk>
# Jeremie Dubois-Lacoste  
# Leslie Perez Caceres    <leslie.perez.caceres@ulb.ac.be>
#
# This is free software, and you are welcome to redistribute it under certain
# conditions.  See the GNU General Public License for details. There is NO
# WARRANTY; not even for MERCHANTABILITY or FITNESS FOR A PARTICULAR PURPOSE.
#
# irace builds upon previous code from the race package:
#     race: Racing methods for the selection of the best
#     Copyright (C) 2003 Mauro Birattari
#------------------------------------------------------------------------------
# installed at: /home/rmboks/.R/irace
# called with: --parameter-file /home/rmboks/auto-DE/irace/parameters.txt --train-instances-file /home/rmboks/auto-DE/irace/instances-list.txt --forbidden-file /home/rmboks/auto-DE/irace/forbidden.txt --target-runner /home/rmboks/auto-DE/irace/runners/FD.runner --seed 42 --max-experiments 100000 --parallel 32 --digits 2 -l results/FD.Rdata -s /home/rmboks/auto-DE/irace/scenario.txt --elitist-new-instances 5 --exec-dir /home/rmboks/auto-DE/irace
# 2 expression(s) specifying forbidden configurations read from '/home/rmboks/auto-DE/irace/forbidden.txt'
# 2021-03-08 14:12:47 CET: Initialization
# Elitist race
# Elitist new instances: 5
# Elitist limit: 2
# nbIterations: 4
# minNbSurvival: 4
# nbParameters: 5
# seed: 42
# confidence level: 0.95
# budget: 1e+05
# mu: 5
# deterministic: FALSE

# 2021-03-08 14:12:47 CET: Iteration 1 of 4
# experimentsUsedSoFar: 0
# remainingBudget: 1e+05
# currentBudget: 25000
# nbConfigurations: 1024
# Markers:
     x No test is performed.
     c Configurations are discarded only due to capping.
     - The test is performed and some configurations are discarded.
     = The test is performed but no configuration is discarded.
     ! The test is performed and configurations could be discarded but elite configurations are preserved.
     . All alive configurations are elite and nothing is discarded

+-+-----------+-----------+-----------+---------------+-----------+--------+-----+----+------+
| |   Instance|      Alive|       Best|      Mean best| Exp so far|  W time|  rho|KenW|  Qvar|
+-+-----------+-----------+-----------+---------------+-----------+--------+-----+----+------+
|x|          1|       1024|        975|  0.07989335356|       1024|00:14:21|   NA|  NA|    NA|
|x|          2|       1024|        975|  0.03994668178|       2048|00:00:07|+0.00|0.50|0.4995|
|x|          3|       1024|        894|  0.05788315235|       3072|00:13:48|+0.01|0.34|0.6243|
|x|          4|       1024|        894|  0.04341236676|       4096|00:01:02|+0.01|0.26|0.4787|
|=|          5|       1024|        894|  0.04746375037|       5120|00:27:58|+0.02|0.21|0.5875|
|=|          6|       1024|        894|  0.03955312698|       6144|00:00:52|+0.01|0.18|0.4915|
|=|          7|       1024|        894|  0.03390268170|       7168|00:06:52|+0.01|0.15|0.5667|
+-+-----------+-----------+-----------+---------------+-----------+--------+-----+----+------+
Best-so-far configuration:         894    mean value:   0.03390268170
Description of the best-so-far configuration:
    .ID. alpha pMin reward probability beta .PARENT.
894  894  0.12 4.92     ER          AP 0.21       NA

# 2021-03-08 15:17:52 CET: Elite configurations (first number is the configuration ID; listed from best to worst according to the sum of ranks):
    alpha pMin reward probability beta
894  0.12 4.92     ER          AP 0.21
597  0.07 7.70     EN          AP 0.21
767  0.11 7.00     ER          AP 0.98
431  0.19 8.80     EN          AP 0.38
# 2021-03-08 15:17:52 CET: Iteration 2 of 4
# experimentsUsedSoFar: 7168
# remainingBudget: 92832
# currentBudget: 30944
# nbConfigurations: 1024
# Markers:
     x No test is performed.
     c Configurations are discarded only due to capping.
     - The test is performed and some configurations are discarded.
     = The test is performed but no configuration is discarded.
     ! The test is performed and configurations could be discarded but elite configurations are preserved.
     . All alive configurations are elite and nothing is discarded

+-+-----------+-----------+-----------+---------------+-----------+--------+-----+----+------+
| |   Instance|      Alive|       Best|      Mean best| Exp so far|  W time|  rho|KenW|  Qvar|
+-+-----------+-----------+-----------+---------------+-----------+--------+-----+----+------+
|x|          8|       1024|        894|1.000000000e-08|       1024|00:04:06|   NA|  NA|    NA|
|x|          9|       1024|        894|1.000000000e-08|       2048|00:12:42|-0.01|0.50|1.0056|
|x|         10|       1024|       1349| 0.004587960744|       3072|02:15:19|+0.01|0.34|0.9849|
|x|         11|       1024|       1249|    3.073306118|       4096|00:19:39|+0.01|0.26|0.9830|
|=|         12|       1024|       1757|    3.632021290|       5120|00:23:34|+0.01|0.21|0.9950|
|=|          5|       1024|       1757|    3.035331241|       6140|00:27:58|-0.01|0.16|1.0083|
|=|          7|       1024|       1757|    2.601712494|       7160|00:07:02|-0.01|0.14|0.8630|
|=|          1|       1024|       1757|    2.300790713|       8180|00:14:20|-0.00|0.12|0.8831|
|=|          2|       1024|       1757|    2.045147302|       9200|00:00:07|-0.00|0.11|0.7840|
|=|          3|       1024|       1757|    1.840632620|      10220|00:13:44|+0.01|0.10|0.8069|
|=|          6|       1024|       1757|    1.673302383|      11240|00:00:53|+0.00|0.10|0.7328|
|=|          4|       1024|       1757|    1.533860518|      12260|00:01:15|+0.00|0.09|0.6712|
|-|         13|        227|       1757|    1.415871251|      13284|00:13:56|-0.04|0.04|0.6364|
|=|         14|        227|       1757|    1.314737591|      13511|00:00:04|-0.03|0.04|0.5892|
|=|         15|        227|       1928|    1.617501187|      13738|00:04:20|-0.03|0.04|0.6170|
+-+-----------+-----------+-----------+---------------+-----------+--------+-----+----+------+
Best-so-far configuration:        1928    mean value:     1.617501187
Description of the best-so-far configuration:
     .ID. alpha pMin reward probability beta .PARENT.
1928 1928  0.01 8.26     EN          AP 0.24      597

# 2021-03-08 19:57:04 CET: Elite configurations (first number is the configuration ID; listed from best to worst according to the sum of ranks):
     alpha pMin reward probability beta
1928  0.01 8.26     EN          AP 0.24
767   0.11 7.00     ER          AP 0.98
1602  0.09 5.17     ER          AP 0.31
1226  0.14 8.63     EN          AP 0.34
# 2021-03-08 19:57:04 CET: Iteration 3 of 4
# experimentsUsedSoFar: 20906
# remainingBudget: 79094
# currentBudget: 39547
# nbConfigurations: 1024
# Markers:
     x No test is performed.
     c Configurations are discarded only due to capping.
     - The test is performed and some configurations are discarded.
     = The test is performed but no configuration is discarded.
     ! The test is performed and configurations could be discarded but elite configurations are preserved.
     . All alive configurations are elite and nothing is discarded

+-+-----------+-----------+-----------+---------------+-----------+--------+-----+----+------+
| |   Instance|      Alive|       Best|      Mean best| Exp so far|  W time|  rho|KenW|  Qvar|
+-+-----------+-----------+-----------+---------------+-----------+--------+-----+----+------+
|x|         16|       1024|       2057|1.000000000e-08|       1024|00:15:24|   NA|  NA|    NA|
|x|         17|       1024|       2057|1.000000000e-08|       2048|00:00:23|+0.00|0.50|0.4995|
|x|         18|       1024|       2057|1.000000000e-08|       3072|00:01:08|+0.00|0.33|0.3330|
|x|         19|       1024|       2139|1.000000000e-08|       4096|00:18:12|+0.14|0.35|0.4534|
|-|         20|        525|       2326|  0.01058694675|       5120|01:18:57|-0.07|0.14|0.6484|
|=|          3|        525|       2193| 0.004299028211|       5641|00:07:03|+0.01|0.17|0.6895|
|=|         14|        525|       2193| 0.003684882752|       6162|00:00:09|+0.01|0.15|0.5876|
|-|          5|        226|       2193| 0.006942632468|       6683|00:14:32|-0.06|0.07|0.6488|
|=|          2|        226|       2193| 0.006171229971|       6905|00:00:01|-0.06|0.06|0.5737|
|=|          9|        226|       2193| 0.005554107974|       7127|00:02:58|-0.05|0.05|0.6182|
|=|          6|        226|       2193| 0.005049189977|       7349|00:00:12|-0.05|0.05|0.5601|
|=|          4|        226|       2193| 0.004628424979|       7571|00:00:26|-0.04|0.04|0.5120|
|=|         15|        226|       2867|  0.02535771149|       7793|00:04:02|-0.03|0.05|0.5473|
|=|         12|        226|       2867|  0.02354644754|       8015|00:05:01|-0.02|0.05|0.5802|
|=|          8|        226|       2867|  0.02197668504|       8237|00:00:28|-0.02|0.05|0.5407|
|=|          7|        226|       2867|  0.02060314285|       8459|00:01:27|-0.02|0.04|0.5063|
|=|         10|        226|       2050|  0.03779397328|       8681|00:30:45|-0.02|0.04|0.5355|
|=|          1|        226|       2050|  0.05040890119|       8903|00:03:08|-0.01|0.04|0.5610|
|=|         13|        226|       2050|  0.04775580239|       9125|00:02:55|-0.01|0.04|0.5847|
|=|         11|        226|       2050|    1.309866661|       9347|00:04:15|-0.01|0.04|0.6046|
|=|         21|        226|       3014|    1.115593352|       9573|00:03:20|-0.01|0.04|0.6233|
+-+-----------+-----------+-----------+---------------+-----------+--------+-----+----+------+
Best-so-far configuration:        3014    mean value:     1.115593352
Description of the best-so-far configuration:
     .ID. alpha pMin reward probability beta .PARENT.
3014 3014  0.01 4.41     EN          AP 0.37     1602

# 2021-03-08 23:12:05 CET: Elite configurations (first number is the configuration ID; listed from best to worst according to the sum of ranks):
     alpha pMin reward probability beta
3014  0.01 4.41     EN          AP 0.37
2760  0.10 8.76     EN          AP 0.21
2050  0.07 9.54     EN          AP 0.40
2529  0.07 8.01     ER          AP 0.27
# 2021-03-08 23:12:05 CET: Iteration 4 of 4
# experimentsUsedSoFar: 30479
# remainingBudget: 69521
# currentBudget: 69521
# nbConfigurations: 1024
# Markers:
     x No test is performed.
     c Configurations are discarded only due to capping.
     - The test is performed and some configurations are discarded.
     = The test is performed but no configuration is discarded.
     ! The test is performed and configurations could be discarded but elite configurations are preserved.
     . All alive configurations are elite and nothing is discarded

+-+-----------+-----------+-----------+---------------+-----------+--------+-----+----+------+
| |   Instance|      Alive|       Best|      Mean best| Exp so far|  W time|  rho|KenW|  Qvar|
+-+-----------+-----------+-----------+---------------+-----------+--------+-----+----+------+
|x|         22|       1024|       3014|1.000000000e-08|       1024|00:00:06|   NA|  NA|    NA|
|x|         23|       1024|       3014|1.000000000e-08|       2048|00:03:28|+0.00|0.50|0.4995|
|x|         24|       1024|       3313|0.0006424176402|       3072|00:28:22|-0.00|0.33|0.6719|
|x|         25|       1024|       3327|    2.921172453|       4096|00:19:28|-0.04|0.22|0.7675|
|=|         26|       1024|       4064|    2.727171383|       5120|02:20:14|-0.02|0.19|0.8052|
|=|          8|       1024|       4064|    2.272642821|       6140|00:03:16|-0.01|0.16|0.8342|
|=|         10|       1024|       3478|    2.386638246|       7160|02:17:03|+0.00|0.14|0.8530|
|=|         20|       1024|       3478|    2.262470014|       8180|01:19:19|+0.00|0.13|0.8704|
|=|         17|       1024|       3478|    2.011084458|       9200|00:00:21|+0.00|0.11|0.7741|
|=|          9|       1024|       3478|    1.809976013|      10220|00:12:37|+0.00|0.10|0.7964|
|=|          1|       1024|       2760|    2.859378155|      11240|00:14:13|+0.00|0.09|0.8146|
|-|         12|        476|       2760|    2.621096658|      12260|00:22:58|-0.05|0.04|0.6940|
|=|         13|        476|       2760|    2.419473839|      12732|00:06:22|-0.03|0.05|0.7143|
|=|          7|        476|       2760|    2.246654280|      13204|00:03:12|-0.03|0.04|0.6616|
|=|         16|        476|       2760|    2.096877332|      13676|00:07:03|-0.01|0.06|0.6816|
|=|         14|        476|       2760|    1.965822500|      14148|00:00:08|-0.01|0.05|0.6380|
|-|          3|        197|       2760|    1.850185891|      14620|00:06:16|-0.03|0.03|0.6604|
|=|         15|        197|       2760|    1.747397786|      14813|00:03:37|-0.02|0.04|0.6798|
|=|          4|        197|       2760|    1.655429482|      15006|00:00:22|-0.02|0.03|0.6431|
|=|         18|        197|       2760|    1.572658009|      15199|00:00:11|-0.02|0.03|0.6102|
|=|         11|        197|       2760|    2.839914417|      15392|00:03:54|-0.02|0.03|0.6273|
|=|         19|        197|       2760|    2.710827398|      15585|00:02:46|-0.01|0.04|0.6443|
|=|         21|        197|       3731|    2.146613134|      15778|00:02:51|-0.01|0.03|0.6600|
|=|          2|        197|       3731|    2.057170920|      15971|00:00:01|-0.01|0.03|0.6320|
|=|          5|        197|       3731|    1.975189419|      16164|00:05:37|-0.01|0.03|0.6458|
|=|          6|        197|       3731|    1.899220596|      16357|00:00:11|-0.01|0.03|0.6206|
|=|         27|        197|       3731|    1.828879093|      16554|00:00:09|-0.01|0.03|0.5973|
+-+-----------+-----------+-----------+---------------+-----------+--------+-----+----+------+
Best-so-far configuration:        3731    mean value:     1.828879093
Description of the best-so-far configuration:
     .ID. alpha pMin reward probability beta .PARENT.
3731 3731  0.03 8.99     EN          AP 0.61     2050

# 2021-03-09 07:36:32 CET: Elite configurations (first number is the configuration ID; listed from best to worst according to the sum of ranks):
     alpha pMin reward probability beta
3731  0.03 8.99     EN          AP 0.61
2760  0.10 8.76     EN          AP 0.21
3420  0.07 7.98     EN          AP 0.32
3014  0.01 4.41     EN          AP 0.37
# 2021-03-09 07:36:32 CET: Iteration 5 of 5
# experimentsUsedSoFar: 47033
# remainingBudget: 52967
# currentBudget: 52967
# nbConfigurations: 1024
# Markers:
     x No test is performed.
     c Configurations are discarded only due to capping.
     - The test is performed and some configurations are discarded.
     = The test is performed but no configuration is discarded.
     ! The test is performed and configurations could be discarded but elite configurations are preserved.
     . All alive configurations are elite and nothing is discarded

+-+-----------+-----------+-----------+---------------+-----------+--------+-----+----+------+
| |   Instance|      Alive|       Best|      Mean best| Exp so far|  W time|  rho|KenW|  Qvar|
+-+-----------+-----------+-----------+---------------+-----------+--------+-----+----+------+
|x|         28|       1024|       3731|1.000000000e-08|       1024|00:00:33|   NA|  NA|    NA|
|x|         29|       1024|       3731|1.000000000e-08|       2048|00:17:14|+0.00|0.50|0.4995|
|x|         30|       1024|       4804| 0.002856483663|       3072|01:20:08|-0.01|0.33|0.6627|
|x|         31|       1024|       4804| 0.002142365247|       4096|00:23:22|+0.00|0.25|0.7492|
|=|         32|       1024|       4525|    1.297394334|       5120|00:31:27|+0.01|0.21|0.7930|
|-|         13|        414|       4525|    1.081161947|       6140|00:13:22|-0.10|0.08|0.8851|
|=|         11|        414|       4772|    3.635145313|       6550|00:07:51|-0.07|0.08|0.8874|
|=|         19|        414|       4772|    3.180752150|       6960|00:05:45|-0.04|0.09|0.9038|
|=|          1|        414|       4772|    2.860586872|       7370|00:05:44|-0.04|0.08|0.9194|
|=|          5|        414|       4149|    2.967772987|       7780|00:11:17|-0.01|0.09|0.9276|
|=|         18|        414|       4149|    2.697975444|       8190|00:00:26|-0.01|0.08|0.8405|
|=|         26|        414|       4149|    2.479155122|       8600|00:57:13|-0.01|0.07|0.8527|
|=|         15|        414|       4149|    2.288450883|       9010|00:06:46|-0.01|0.07|0.8599|
|=|         10|        414|       4149|    2.130222463|       9420|00:56:25|-0.00|0.07|0.8669|
|=|         22|        414|       4149|    1.988207633|       9830|00:00:02|-0.00|0.06|0.8083|
|-|         24|        107|       4149|    1.865243057|      10240|00:11:27|-0.04|0.02|0.8321|
|=|          4|        107|       4149|    1.755522878|      10343|00:00:13|-0.04|0.02|0.7816|
|=|          6|        107|       4149|    1.657993830|      10446|00:00:06|-0.04|0.02|0.7368|
|=|         20|        107|       4149|    1.755828475|      10549|00:08:51|-0.03|0.02|0.7506|
|=|          7|        107|       4149|    1.668037052|      10652|00:00:48|-0.03|0.02|0.7120|
|=|         14|        107|       4149|    1.588606716|      10755|00:00:02|-0.03|0.02|0.6772|
|=|         25|        107|       4149|    2.994263238|      10858|00:02:08|-0.02|0.02|0.6902|
|=|         17|        107|       4149|    2.864077880|      10961|00:00:03|-0.02|0.02|0.6596|
|=|          3|        107|       4779|    3.100386841|      11064|00:01:25|-0.02|0.02|0.6703|
|=|         23|        107|       4779|    2.976371368|      11167|00:00:27|-0.02|0.02|0.6431|
|=|         27|        107|       4779|    2.861895546|      11270|00:00:05|-0.02|0.02|0.6180|
|=|         12|        107|       4149|    2.439770052|      11373|00:02:29|-0.02|0.02|0.6312|
|=|          9|        107|       4149|    2.352635408|      11476|00:01:26|-0.01|0.02|0.6425|
|=|         21|        107|       4779|    2.573403555|      11579|00:01:34|-0.01|0.02|0.6553|
|=|          2|        107|       4779|    2.487623437|      11682|00:00:00|-0.01|0.02|0.6332|
|=|          8|        107|       4779|    2.407377520|      11785|00:00:16|-0.01|0.02|0.6126|
|=|         16|        107|       4149|    2.070181933|      11888|00:01:37|-0.01|0.02|0.6228|
|=|         33|        107|       4149|    2.007449147|      11995|00:00:04|-0.01|0.02|0.6038|
+-+-----------+-----------+-----------+---------------+-----------+--------+-----+----+------+
Best-so-far configuration:        4149    mean value:     2.007449147
Description of the best-so-far configuration:
     .ID. alpha pMin reward probability beta .PARENT.
4149 4149  0.07 8.74     EN          AP 0.33     2760

# 2021-03-09 13:27:32 CET: Elite configurations (first number is the configuration ID; listed from best to worst according to the sum of ranks):
     alpha pMin reward probability beta
4149  0.07 8.74     EN          AP 0.33
3731  0.03 8.99     EN          AP 0.61
4779  0.04 8.94     EN          AP 0.40
3014  0.01 4.41     EN          AP 0.37
# 2021-03-09 13:27:32 CET: Iteration 6 of 6
# experimentsUsedSoFar: 59028
# remainingBudget: 40972
# currentBudget: 40972
# nbConfigurations: 1024
# Markers:
     x No test is performed.
     c Configurations are discarded only due to capping.
     - The test is performed and some configurations are discarded.
     = The test is performed but no configuration is discarded.
     ! The test is performed and configurations could be discarded but elite configurations are preserved.
     . All alive configurations are elite and nothing is discarded

+-+-----------+-----------+-----------+---------------+-----------+--------+-----+----+------+
| |   Instance|      Alive|       Best|      Mean best| Exp so far|  W time|  rho|KenW|  Qvar|
+-+-----------+-----------+-----------+---------------+-----------+--------+-----+----+------+
|x|         34|       1024|       5939|    5.969754333|       1024|00:31:19|   NA|  NA|    NA|
|x|         35|       1024|       5939|    2.984877171|       2048|00:11:12|-0.04|0.48|1.0545|
|x|         36|       1024|       5353|    2.984911290|       3072|00:29:06|-0.04|0.31|1.0300|
|x|         37|       1024|       6109|    2.736203885|       4096|00:14:53|+0.07|0.30|0.9641|
|-|         38|        533|       6109|    2.188963110|       5120|00:00:56|-0.08|0.13|0.8667|
|=|         31|        533|       6109|    1.824135927|       5649|00:12:05|-0.03|0.14|0.8757|
|=|         30|        533|       6063|    1.190248431|       6178|00:42:12|-0.01|0.13|0.8827|
|=|         32|        533|       5224|    2.869736428|       6707|00:16:21|-0.02|0.11|0.9009|
|=|         16|        533|       5224|    2.550876827|       7236|00:07:45|+0.00|0.11|0.9028|
|=|         18|        533|       5224|    2.295789145|       7765|00:00:29|+0.00|0.10|0.8110|
|-|         19|        246|       6109|    2.368379890|       8294|00:06:18|-0.06|0.04|0.8491|
|=|         15|        246|       6063|    3.847064488|       8536|00:04:20|-0.04|0.05|0.8533|
|=|         13|        246|       6063|    3.551136451|       8778|00:03:02|-0.03|0.05|0.8592|
|=|         28|        246|       6063|    3.297483848|       9020|00:00:09|-0.03|0.04|0.7966|
|=|         12|        246|       6063|    3.077651602|       9262|00:05:30|-0.02|0.05|0.8086|
|=|         29|        246|       6063|    2.885298377|       9504|00:04:17|-0.02|0.05|0.8158|
|=|         21|        246|       6063|    2.726236036|       9746|00:03:25|-0.02|0.04|0.8259|
|=|          5|        246|       6063|    2.576872304|       9988|00:06:44|-0.01|0.04|0.8337|
|=|         26|        246|       6063|    2.466425656|      10230|00:35:01|-0.01|0.04|0.8431|
|=|         24|        246|       6063|    2.344909484|      10472|00:06:50|-0.01|0.04|0.8521|
|=|         27|        246|       6063|    2.233247128|      10714|00:00:11|-0.01|0.04|0.8113|
|=|          7|        246|       6063|    2.131735895|      10956|00:01:38|-0.01|0.04|0.7742|
|=|         33|        246|       6063|    2.039051727|      11198|00:00:09|-0.01|0.03|0.7403|
|=|         22|        246|       6063|    1.954091238|      11440|00:00:01|-0.01|0.03|0.7093|
|=|          9|        246|       6063|    1.875927589|      11682|00:03:12|-0.01|0.03|0.7202|
|=|          8|        246|       6063|    1.803776528|      11924|00:00:32|-0.01|0.03|0.6924|
|=|         17|        246|       6063|    1.736969991|      12166|00:00:07|-0.01|0.03|0.6667|
|=|         11|        246|       6063|    2.196345295|      12408|00:04:40|-0.01|0.03|0.6785|
|=|          6|        246|       6063|    2.120609251|      12650|00:00:14|-0.01|0.03|0.6550|
|=|          4|        246|       6063|    2.049922276|      12892|00:00:30|-0.01|0.03|0.6331|
|=|         14|        246|       6063|    1.983795751|      13134|00:00:04|-0.01|0.03|0.6126|
|=|         23|        246|       6063|    1.921802135|      13376|00:00:27|-0.01|0.02|0.5934|
|=|          1|        246|       4149|    1.245112470|      13618|00:03:25|-0.01|0.02|0.6056|
|=|         20|        246|       4149|    1.311928341|      13860|00:19:39|-0.01|0.02|0.6166|
|=|          2|        246|       4149|    1.274444675|      14102|00:00:01|-0.01|0.02|0.5990|
|=|          3|        246|       6063|    1.756223650|      14344|00:03:13|-0.00|0.02|0.6092|
|=|         25|        246|       5809|    2.681159482|      14586|00:04:39|-0.00|0.02|0.6195|
|=|         10|        246|       5809|    2.612215293|      14828|00:33:54|-0.00|0.03|0.6291|
|=|         39|        246|       4779|    2.168851805|      15074|00:07:04|+0.00|0.03|0.6377|
+-+-----------+-----------+-----------+---------------+-----------+--------+-----+----+------+
Best-so-far configuration:        4779    mean value:     2.168851805
Description of the best-so-far configuration:
     .ID. alpha pMin reward probability beta .PARENT.
4779 4779  0.04 8.94     EN          AP  0.4     3731

# 2021-03-09 18:53:31 CET: Elite configurations (first number is the configuration ID; listed from best to worst according to the sum of ranks):
     alpha pMin reward probability beta
4779  0.04 8.94     EN          AP 0.40
5809  0.04 9.29     EN          AP 0.31
4149  0.07 8.74     EN          AP 0.33
3731  0.03 8.99     EN          AP 0.61
# 2021-03-09 18:53:31 CET: Iteration 7 of 7
# experimentsUsedSoFar: 74102
# remainingBudget: 25898
# currentBudget: 25898
# nbConfigurations: 592
# Markers:
     x No test is performed.
     c Configurations are discarded only due to capping.
     - The test is performed and some configurations are discarded.
     = The test is performed but no configuration is discarded.
     ! The test is performed and configurations could be discarded but elite configurations are preserved.
     . All alive configurations are elite and nothing is discarded

+-+-----------+-----------+-----------+---------------+-----------+--------+-----+----+------+
| |   Instance|      Alive|       Best|      Mean best| Exp so far|  W time|  rho|KenW|  Qvar|
+-+-----------+-----------+-----------+---------------+-----------+--------+-----+----+------+
|x|         40|        592|       4779|1.000000000e-08|        592|00:00:16|   NA|  NA|    NA|
|x|         41|        592|       4779|1.000000000e-08|       1184|00:00:47|+1.00|1.00|0.0000|
|x|         42|        592|       4779|1.000000000e-08|       1776|00:04:57|+0.00|0.33|0.3328|
|x|         43|        592|       4779|1.000000000e-08|       2368|00:06:16|-0.00|0.25|0.5012|
|-|         44|        532|       4779|1.000000000e-08|       2960|00:06:41|+1.00|1.00|0.0000|
|=|          4|        532|       4779|1.000000000e-08|       3488|00:00:53|+1.00|1.00|0.0000|
|=|          2|        532|       4779|1.000000000e-08|       4016|00:00:03|+1.00|1.00|0.0000|
|=|         13|        532|       4779|1.000000000e-08|       4544|00:06:57|+0.00|0.12|0.1248|
|-|          5|        338|       6344|0.0005569896005|       5072|00:14:34|-0.02|0.09|0.2252|
|=|         26|        338|       6384| 0.008075855014|       5406|00:47:58|-0.01|0.09|0.3030|
|=|         10|        338|       6384|  0.01457831536|       5740|00:46:31|-0.00|0.09|0.3655|
|=|          3|        338|       6384|  0.01336345955|       6074|00:04:27|+0.01|0.09|0.4168|
|-|         29|        148|       6384|  0.01233550189|       6408|00:05:44|-0.04|0.04|0.4695|
|=|         16|        148|       5809|  0.01504912711|       6552|00:02:12|-0.03|0.04|0.5024|
|=|         15|        148|       6430|  0.02487656074|       6696|00:02:32|-0.02|0.05|0.5333|
|=|         27|        148|       6430|  0.02332177632|       6840|00:00:06|-0.02|0.05|0.4997|
|=|         19|        148|       6430|  0.02194990771|       6984|00:01:30|-0.01|0.05|0.5281|
|=|         25|        148|       6430|    1.688927866|       7128|00:02:46|-0.01|0.05|0.5516|
|=|         11|        148|       6430|    2.205859955|       7272|00:02:48|-0.00|0.05|0.5727|
|=|         20|        148|       6430|    2.158160461|       7416|00:11:51|+0.00|0.05|0.5905|
|=|         36|        148|       6430|    2.055412630|       7560|00:04:17|+0.00|0.05|0.6087|
|=|         12|        148|       5809|    2.901388221|       7704|00:03:19|+0.00|0.05|0.6259|
|=|         34|        148|       6430|    2.439049472|       7848|00:04:34|+0.00|0.05|0.6416|
|=|         30|        148|       6430|    2.417321319|       7992|00:12:01|+0.01|0.05|0.6539|
|=|         17|        148|       6430|    2.320628467|       8136|00:00:04|+0.01|0.05|0.6281|
|=|          8|        148|       6430|    2.231373526|       8280|00:00:18|+0.01|0.05|0.6042|
|-|         37|         68|       6430|    2.148730063|       8424|00:02:11|-0.02|0.02|0.6298|
|=|         38|         68|       6430|    2.071989704|       8488|00:00:03|-0.02|0.02|0.6070|
|=|         23|         68|       6430|    2.000541783|       8552|00:00:06|-0.02|0.02|0.5857|
|=|         31|         68|       6430|    1.933857058|       8616|00:01:29|-0.01|0.02|0.5983|
|=|         21|         68|       5809|    2.771441125|       8680|00:00:53|-0.01|0.02|0.6101|
|=|         14|         68|       5809|    2.684833590|       8744|00:00:01|-0.01|0.02|0.5908|
|=|         28|         68|       5809|    2.603474997|       8808|00:00:03|-0.01|0.02|0.5728|
|=|         32|         68|       5809|    2.907327576|       8872|00:01:58|-0.01|0.02|0.5843|
|=|          6|         68|       5809|    2.824261074|       8936|00:00:04|-0.01|0.02|0.5675|
|=|          1|         68|       4779|    2.347862087|       9000|00:00:54|-0.01|0.02|0.5793|
|=|         33|         68|       4779|    2.284406356|       9064|00:00:04|-0.01|0.02|0.5635|
|=|          7|         68|       4779|    2.224290399|       9128|00:00:28|-0.01|0.02|0.5486|
|=|         22|         68|       4779|    2.167257312|       9192|00:00:00|-0.01|0.02|0.5344|
|=|         18|         68|       4779|    2.113075880|       9256|00:00:04|-0.01|0.02|0.5209|
|=|          9|         68|       4779|    2.061537444|       9320|00:00:56|-0.01|0.02|0.5324|
|=|         24|         68|       5809|    2.363432885|       9384|00:01:47|-0.00|0.02|0.5431|
|=|         35|         68|       5809|    2.308469330|       9448|00:00:55|-0.00|0.02|0.5535|
|=|         39|         68|       3731|    1.867874172|       9512|00:01:49|-0.00|0.02|0.5625|
|=|         45|         68|       3731|    1.826365857|       9580|00:00:04|-0.00|0.02|0.5499|
+-+-----------+-----------+-----------+---------------+-----------+--------+-----+----+------+
Best-so-far configuration:        3731    mean value:     1.826365857
Description of the best-so-far configuration:
     .ID. alpha pMin reward probability beta .PARENT.
3731 3731  0.03 8.99     EN          AP 0.61     2050

# 2021-03-09 22:22:09 CET: Elite configurations (first number is the configuration ID; listed from best to worst according to the sum of ranks):
     alpha pMin reward probability beta
3731  0.03 8.99     EN          AP 0.61
5809  0.04 9.29     EN          AP 0.31
4779  0.04 8.94     EN          AP 0.40
4149  0.07 8.74     EN          AP 0.33
# 2021-03-09 22:22:09 CET: Iteration 8 of 8
# experimentsUsedSoFar: 83682
# remainingBudget: 16318
# currentBudget: 16318
# nbConfigurations: 329
# Markers:
     x No test is performed.
     c Configurations are discarded only due to capping.
     - The test is performed and some configurations are discarded.
     = The test is performed but no configuration is discarded.
     ! The test is performed and configurations could be discarded but elite configurations are preserved.
     . All alive configurations are elite and nothing is discarded

+-+-----------+-----------+-----------+---------------+-----------+--------+-----+----+------+
| |   Instance|      Alive|       Best|      Mean best| Exp so far|  W time|  rho|KenW|  Qvar|
+-+-----------+-----------+-----------+---------------+-----------+--------+-----+----+------+
|x|         46|        329|       3731|1.000000000e-08|        329|00:04:56|   NA|  NA|    NA|
|x|         47|        329|       3731|1.000000000e-08|        658|00:02:14|+0.00|0.50|0.4985|
|x|         48|        329|       3731|1.000000000e-08|        987|00:00:13|+0.00|0.33|0.3323|
|x|         49|        329|       3731|1.000000000e-08|       1316|00:00:09|+0.00|0.25|0.2492|
|=|         50|        329|       3731|1.000000000e-08|       1645|00:03:47|+0.01|0.21|0.3976|
|=|         15|        329|       3731|1.000000000e-08|       1970|00:05:19|-0.01|0.15|0.5078|
|=|         25|        329|       6738|    2.313503502|       2295|00:06:23|-0.02|0.13|0.5829|
|=|          6|        329|       6738|    2.024315565|       2620|00:00:18|-0.02|0.11|0.5084|
|=|          2|        329|       6738|    1.799391615|       2945|00:00:02|-0.01|0.10|0.4508|
|=|         38|        329|       6738|    1.619452454|       3270|00:00:19|-0.01|0.09|0.4050|
|=|         20|        329|       6822|    1.836411587|       3595|00:26:04|-0.01|0.08|0.4606|
|=|         39|        329|       7027|    2.187762626|       3920|00:09:25|+0.01|0.09|0.4993|
|-|         37|        159|       7027|    2.019473194|       4245|00:04:53|-0.04|0.04|0.5500|
|=|         33|        159|       7027|    1.875225109|       4400|00:00:07|-0.03|0.04|0.5096|
|=|         32|        159|       6786|    3.057837020|       4555|00:04:50|-0.03|0.04|0.5424|
|=|         16|        159|       5809|    2.795634201|       4710|00:02:20|-0.01|0.05|0.5660|
|=|         44|        159|       5809|    2.631185131|       4865|00:01:57|-0.01|0.05|0.5906|
|=|         17|        159|       5809|    2.485008180|       5020|00:00:04|-0.01|0.05|0.5575|
|=|         24|        159|       5809|    2.355058639|       5175|00:04:23|+0.00|0.05|0.5753|
|=|         11|        159|       6786|    3.148380373|       5330|00:02:59|-0.00|0.05|0.5989|
|=|          4|        159|       6786|    2.998457499|       5485|00:00:18|-0.00|0.05|0.5703|
|=|         41|        159|       6786|    2.862163977|       5640|00:00:14|-0.00|0.05|0.5443|
|=|         12|        159|       6786|    2.737722065|       5795|00:03:34|+0.00|0.05|0.5641|
|=|         29|        159|       6786|    2.628585242|       5950|00:02:51|+0.01|0.05|0.5805|
|=|          8|        159|       6786|    2.523441833|       6105|00:00:37|+0.01|0.05|0.5955|
|=|          1|        159|       6786|    2.436830052|       6260|00:02:11|+0.01|0.05|0.6107|
|-|         36|         61|       6786|    2.346591665|       6415|00:04:30|-0.02|0.02|0.5552|
|=|          3|         61|       6786|    2.262784820|       6472|00:00:46|-0.01|0.02|0.5712|
|=|          5|         61|       6786|    2.185216998|       6529|00:01:39|-0.01|0.03|0.5833|
|=|         45|         61|       6786|    2.112376431|       6586|00:00:04|-0.01|0.03|0.5637|
|=|         43|         61|       6786|    2.044235256|       6643|00:00:37|-0.01|0.03|0.5453|
|=|         19|         61|       6786|    1.980352905|       6700|00:00:38|-0.01|0.03|0.5583|
|=|         10|         61|       6786|    1.929369620|       6757|00:08:25|-0.00|0.03|0.5692|
|=|         14|         61|       6786|    1.872623455|       6814|00:00:01|-0.00|0.03|0.5524|
|=|         27|         61|       6786|    1.819119928|       6871|00:00:02|-0.00|0.03|0.5365|
|=|         30|         61|       3731|    1.819893859|       6928|00:04:51|-0.00|0.03|0.5486|
|=|         21|         61|       3731|    1.777877167|       6985|00:00:50|+0.00|0.03|0.5590|
|=|         13|         61|       3731|    1.731090926|       7042|00:00:45|+0.00|0.03|0.5699|
|=|         22|         61|       3731|    1.686703979|       7099|00:00:00|+0.00|0.03|0.5553|
|=|         18|         61|       3731|    1.644536380|       7156|00:00:04|+0.00|0.03|0.5414|
|=|          9|         61|       3731|    1.604425737|       7213|00:00:57|+0.01|0.03|0.5512|
|=|         34|         61|       3731|    1.945299106|       7270|00:01:51|+0.00|0.03|0.5619|
|=|          7|         61|       3731|    1.900059592|       7327|00:00:27|+0.00|0.03|0.5488|
|=|         31|         61|       3731|    1.856876421|       7384|00:01:24|+0.01|0.03|0.5582|
|=|         28|         61|       3731|    1.815612501|       7441|00:00:02|+0.01|0.03|0.5458|
|=|         23|         61|       3731|    1.776142664|       7498|00:00:08|+0.01|0.03|0.5339|
|=|         40|         61|       3731|    1.738352395|       7555|00:00:02|+0.01|0.03|0.5226|
|=|         42|         61|       3731|    1.702136720|       7612|00:00:42|+0.01|0.03|0.5117|
|=|         26|         61|       3731|    1.677274768|       7669|00:08:48|+0.01|0.03|0.5209|
|=|         35|         61|       3731|    1.643729272|       7726|00:00:46|+0.01|0.03|0.5300|
|=|         51|         61|       3731|    1.611499287|       7787|00:00:00|+0.01|0.02|0.5196|
+-+-----------+-----------+-----------+---------------+-----------+--------+-----+----+------+
Best-so-far configuration:        3731    mean value:     1.611499287
Description of the best-so-far configuration:
     .ID. alpha pMin reward probability beta .PARENT.
3731 3731  0.03 8.99     EN          AP 0.61     2050

# 2021-03-10 00:31:22 CET: Elite configurations (first number is the configuration ID; listed from best to worst according to the sum of ranks):
     alpha pMin reward probability beta
3731  0.03 8.99     EN          AP 0.61
5809  0.04 9.29     EN          AP 0.31
4149  0.07 8.74     EN          AP 0.33
7027  0.01 8.09     EN          AP 0.69
# 2021-03-10 00:31:22 CET: Iteration 9 of 9
# experimentsUsedSoFar: 91469
# remainingBudget: 8531
# currentBudget: 8531
# nbConfigurations: 155
# Markers:
     x No test is performed.
     c Configurations are discarded only due to capping.
     - The test is performed and some configurations are discarded.
     = The test is performed but no configuration is discarded.
     ! The test is performed and configurations could be discarded but elite configurations are preserved.
     . All alive configurations are elite and nothing is discarded

+-+-----------+-----------+-----------+---------------+-----------+--------+-----+----+------+
| |   Instance|      Alive|       Best|      Mean best| Exp so far|  W time|  rho|KenW|  Qvar|
+-+-----------+-----------+-----------+---------------+-----------+--------+-----+----+------+
|x|         52|        155|       7038|   0.1387126110|        155|00:02:12|   NA|  NA|    NA|
|x|         53|        155|       7038|  0.06935631050|        310|00:00:06|+0.00|0.50|0.4968|
|x|         54|        155|       7038|  0.04623754366|        465|00:02:39|+0.01|0.34|0.6657|
|x|         55|        155|       7038|  0.03467816025|        620|00:00:13|+0.01|0.26|0.4984|
|=|         56|        155|       7038|  0.02791175465|        775|00:04:28|-0.01|0.19|0.6030|
|=|          2|        155|       7038|  0.02325979721|        926|00:00:01|-0.01|0.16|0.5013|
|=|         44|        155|       7038|  0.01993697046|       1077|00:01:56|+0.02|0.16|0.5534|
|-|         36|         84|       7038|  0.01748268825|       1228|00:04:23|-0.05|0.08|0.6346|
|=|         13|         84|       7038|  0.01554016904|       1308|00:01:06|-0.01|0.10|0.6436|
|=|         46|         84|       7038|  0.01398615314|       1388|00:01:13|+0.02|0.12|0.6504|
|=|         17|         84|       7038|  0.01271468558|       1468|00:00:02|+0.02|0.11|0.5950|
|=|         32|         84|       7038|    1.172440274|       1548|00:02:37|+0.01|0.09|0.6373|
|=|         23|         84|       7038|    1.082252562|       1628|00:00:25|+0.01|0.09|0.5899|
|=|         11|         84|       7038|    3.393847228|       1708|00:01:35|+0.00|0.07|0.6253|
|-|          5|         50|       7103|    1.601215292|       1788|00:02:19|-0.03|0.04|0.5980|
|=|         50|         50|       7103|    1.501139337|       1834|00:00:34|-0.02|0.04|0.6217|
|=|         14|         50|       7103|    1.412837024|       1880|00:00:00|-0.02|0.04|0.5846|
|=|         49|         50|       7103|    1.334346078|       1926|00:00:01|-0.02|0.04|0.5517|
|=|         38|         50|       7103|    1.264117338|       1972|00:00:03|-0.02|0.04|0.5223|
|=|         21|         50|       7103|    1.210144634|       2018|00:00:42|-0.01|0.04|0.5435|
|=|          1|         50|       3731|    1.530810522|       2064|00:00:43|-0.00|0.04|0.5606|
|=|         34|         50|       3731|    2.184914920|       2110|00:01:41|-0.00|0.04|0.5799|
|=|         28|         50|       3731|    2.089918619|       2156|00:00:02|-0.00|0.04|0.5547|
|=|         20|         50|       7103|    1.721313656|       2202|00:04:14|-0.00|0.04|0.5707|
|=|         22|         50|       7103|    1.652461110|       2248|00:00:00|-0.00|0.04|0.5479|
|=|         42|         50|       7103|    1.588904914|       2294|00:00:36|-0.00|0.04|0.5269|
|=|          6|         50|       7103|    1.530056584|       2340|00:00:03|-0.00|0.04|0.5074|
|=|          8|         50|       7103|    1.475411706|       2386|00:00:09|-0.00|0.03|0.4893|
|=|         15|         50|       4149|    1.543801872|       2432|00:00:57|+0.00|0.04|0.5046|
|=|         43|         50|       4149|    1.492341810|       2478|00:00:39|+0.00|0.03|0.4879|
|=|         29|         50|       4149|    1.444201752|       2524|00:00:57|+0.01|0.04|0.5012|
|=|         48|         50|       4149|    1.399070447|       2570|00:00:02|+0.01|0.04|0.4857|
|=|          7|         50|       4149|    1.356674373|       2616|00:00:26|+0.01|0.04|0.4711|
|=|         45|         50|       4149|    1.316772186|       2662|00:00:05|+0.01|0.03|0.4574|
|=|         12|         50|       4149|    1.279150125|       2708|00:01:14|+0.01|0.04|0.4713|
|=|         27|         50|       4149|    1.243618178|       2754|00:00:02|+0.01|0.03|0.4584|
|-|         24|         35|       4149|    1.210568346|       2800|00:01:31|-0.01|0.02|0.4508|
|=|         47|         35|       4149|    1.178711285|       2831|00:00:10|-0.01|0.02|0.4388|
|=|         39|         35|       4149|    1.148494665|       2862|00:00:54|-0.01|0.02|0.4523|
|=|         18|         35|       4149|    1.119782299|       2893|00:00:02|-0.01|0.02|0.4409|
|=|         26|         35|       4149|    1.094229842|       2924|00:04:58|-0.01|0.02|0.4528|
|=|         31|         35|       4149|    1.068176752|       2955|00:00:43|-0.00|0.02|0.4643|
|=|         16|         35|       4149|    1.043335433|       2986|00:00:28|+0.00|0.02|0.4746|
|=|         37|         35|       4149|    1.019623265|       3017|00:00:28|+0.00|0.02|0.4847|
|=|          3|         35|       5809|    1.478142818|       3048|00:00:25|+0.00|0.02|0.4954|
|=|         19|         35|       5809|    1.446009279|       3079|00:00:28|+0.00|0.02|0.5048|
|=|         35|         35|       5809|    1.415243124|       3110|00:00:28|+0.00|0.03|0.5138|
|=|         10|         35|       5809|    1.387035565|       3141|00:04:40|+0.01|0.03|0.5217|
|=|         40|         35|       5809|    1.358728717|       3172|00:00:01|+0.01|0.03|0.5112|
|=|          4|         35|       5809|    1.331554143|       3203|00:00:04|+0.01|0.03|0.5010|
|=|         25|         35|       5809|    1.925038339|       3234|00:00:36|+0.01|0.03|0.5107|
|=|         30|         35|       5809|    1.923572963|       3265|00:02:40|+0.01|0.02|0.5197|
|=|         51|         35|       5809|    1.887279133|       3296|00:00:00|+0.01|0.02|0.5100|
|=|         33|         35|       5809|    1.852329520|       3327|00:00:04|+0.01|0.02|0.5006|
|=|         41|         35|       5809|    1.818650802|       3358|00:00:05|+0.01|0.02|0.4916|
|=|          9|         35|       5809|    1.786174895|       3389|00:00:30|+0.01|0.02|0.5002|
|=|         57|         35|       4149|    1.360030697|       3424|00:00:44|+0.01|0.02|0.5079|
+-+-----------+-----------+-----------+---------------+-----------+--------+-----+----+------+
Best-so-far configuration:        4149    mean value:     1.360030697
Description of the best-so-far configuration:
     .ID. alpha pMin reward probability beta .PARENT.
4149 4149  0.07 8.74     EN          AP 0.33     2760

# 2021-03-10 01:30:16 CET: Elite configurations (first number is the configuration ID; listed from best to worst according to the sum of ranks):
     alpha pMin reward probability beta
4149  0.07 8.74     EN          AP 0.33
5809  0.04 9.29     EN          AP 0.31
3731  0.03 8.99     EN          AP 0.61
7027  0.01 8.09     EN          AP 0.69
# 2021-03-10 01:30:16 CET: Iteration 10 of 10
# experimentsUsedSoFar: 94893
# remainingBudget: 5107
# currentBudget: 5107
# nbConfigurations: 86
# Markers:
     x No test is performed.
     c Configurations are discarded only due to capping.
     - The test is performed and some configurations are discarded.
     = The test is performed but no configuration is discarded.
     ! The test is performed and configurations could be discarded but elite configurations are preserved.
     . All alive configurations are elite and nothing is discarded

+-+-----------+-----------+-----------+---------------+-----------+--------+-----+----+------+
| |   Instance|      Alive|       Best|      Mean best| Exp so far|  W time|  rho|KenW|  Qvar|
+-+-----------+-----------+-----------+---------------+-----------+--------+-----+----+------+
|x|         58|         86|       7189| 0.002475217188|         86|00:02:29|   NA|  NA|    NA|
|x|         59|         86|       7189| 0.001237613594|        172|00:00:05|+0.00|0.50|0.4942|
|x|         60|         86|       7248|    4.313243501|        258|00:02:45|-0.04|0.30|0.6421|
|x|         61|         86|       7248|    3.234932628|        344|00:00:03|-0.03|0.23|0.4858|
|=|         62|         86|       7203|    1.995593217|        430|00:02:03|+0.03|0.23|0.5883|
|-|         24|         56|       7197|    1.667760005|        512|00:02:24|-0.07|0.11|0.7049|
|=|         21|         56|       7197|    1.476495489|        564|00:00:47|-0.04|0.11|0.7328|
|=|         23|         56|       7197|    1.291933554|        616|00:00:16|-0.04|0.09|0.6373|
|=|         40|         56|       7197|    1.148385383|        668|00:00:01|-0.03|0.08|0.5639|
|=|         11|         56|       7210|    4.697017293|        720|00:01:04|-0.02|0.08|0.6050|
|=|         51|         56|       7210|    4.270015722|        772|00:00:00|-0.02|0.07|0.5486|
|=|          5|         56|       7199|    3.149516595|        824|00:01:33|+0.00|0.09|0.5747|
|=|          3|         56|       7250|    3.164138371|        876|00:00:43|+0.01|0.09|0.5963|
|=|         39|         56|       7250|    2.938202713|        928|00:01:35|+0.03|0.10|0.6104|
|-|         36|         37|       3731|    2.378082488|        980|00:01:37|-0.03|0.04|0.6589|
|=|         30|         37|       3731|    2.289828353|       1013|00:03:39|-0.02|0.04|0.6766|
|=|         16|         37|       3731|    2.155132568|       1046|00:00:33|-0.01|0.05|0.6915|
|=|         13|         37|       3731|    2.035402981|       1079|00:00:26|-0.00|0.05|0.7047|
|=|         43|         37|       3731|    1.928276509|       1112|00:00:31|-0.00|0.05|0.6675|
|=|         31|         37|       3731|    1.831862686|       1145|00:00:42|+0.00|0.05|0.6775|
|=|         26|         37|       3731|    1.767674037|       1178|00:06:42|+0.00|0.05|0.6889|
|=|         25|         37|       3731|    3.048363026|       1211|00:00:53|+0.00|0.05|0.7006|
|=|         34|         37|       3731|    3.608047558|       1244|00:01:28|+0.00|0.04|0.7131|
|=|          1|         37|       3731|    3.465905334|       1277|00:00:39|+0.00|0.05|0.7229|
|=|         48|         37|       3731|    3.327269121|       1310|00:00:01|+0.00|0.04|0.6943|
|=|          8|         37|       3731|    3.199297233|       1343|00:00:05|+0.00|0.04|0.6678|
|=|         46|         37|       3731|    3.080804743|       1376|00:00:31|+0.01|0.04|0.6738|
|=|         42|         37|       3731|    2.970776002|       1409|00:00:34|+0.01|0.04|0.6501|
|=|         44|         37|       3731|    2.868335451|       1442|00:00:32|+0.01|0.04|0.6617|
|=|         53|         37|       3731|    2.772724270|       1475|00:00:01|+0.01|0.04|0.6399|
|=|          7|         37|       3731|    2.683281552|       1508|00:00:23|+0.01|0.04|0.6196|
|=|         15|         37|       3731|    2.599429003|       1541|00:00:39|+0.01|0.04|0.6312|
|=|         22|         37|       3731|    2.520658428|       1574|00:00:00|+0.01|0.04|0.6123|
|=|         52|         37|       4149|    2.144894881|       1607|00:00:39|+0.00|0.03|0.6250|
|=|         50|         37|       4149|    2.083612170|       1640|00:00:23|+0.00|0.03|0.6073|
|=|         37|         37|       4149|    2.025734056|       1673|00:00:28|+0.01|0.03|0.6159|
|=|         27|         37|       4149|    1.970984487|       1706|00:00:02|+0.01|0.03|0.5994|
|=|         45|         37|       4149|    1.919116475|       1739|00:00:02|+0.01|0.03|0.5838|
|=|         20|         37|       5809|    2.666573060|       1772|00:03:43|+0.01|0.03|0.5943|
|=|         57|         37|       4149|    1.911081954|       1805|00:00:41|+0.01|0.03|0.6028|
|=|         41|         37|       4149|    1.864470199|       1838|00:00:03|+0.01|0.03|0.5882|
|=|         49|         37|       4149|    1.820078052|       1871|00:00:01|+0.01|0.03|0.5743|
|-|         35|         25|       4149|    1.777750655|       1904|00:00:28|+0.00|0.02|0.5734|
|=|         28|         25|       4149|    1.737347232|       1925|00:00:01|+0.00|0.02|0.5605|
|=|         10|         25|       4149|    1.700367360|       1946|00:03:49|+0.01|0.03|0.5654|
|=|         29|         25|       4149|    1.663402852|       1967|00:00:30|+0.01|0.03|0.5704|
|=|         18|         25|       4149|    1.628011302|       1988|00:00:03|+0.01|0.03|0.5585|
|=|         12|         25|       4149|    1.594094401|       2009|00:00:36|+0.01|0.03|0.5649|
|=|         47|         25|       4149|    1.561561863|       2030|00:00:16|+0.01|0.03|0.5536|
|-|          9|         15|       4149|    1.530330625|       2051|00:00:26|-0.00|0.02|0.5361|
|=|         38|         15|       4149|    1.500324143|       2062|00:00:02|-0.00|0.02|0.5257|
|=|         32|         15|       5809|    2.252125592|       2073|00:00:39|-0.00|0.02|0.5357|
|=|         14|         15|       5809|    2.209632657|       2084|00:00:00|-0.00|0.02|0.5257|
|=|         55|         15|       5809|    2.168713534|       2095|00:00:01|-0.00|0.02|0.5160|
|=|         19|         15|       5809|    2.129282379|       2106|00:00:21|-0.00|0.02|0.5238|
|=|          2|         15|       5809|    2.091259479|       2117|00:00:00|-0.00|0.02|0.5145|
|=|         33|         15|       5809|    2.054570717|       2128|00:00:01|-0.00|0.02|0.5055|
|=|         56|         15|       5809|    2.019156710|       2139|00:00:33|-0.01|0.01|0.5146|
|=|         54|         15|       5809|    1.984933715|       2150|00:00:26|-0.00|0.01|0.5210|
|=|          4|         15|       5809|    1.951851486|       2161|00:00:02|-0.00|0.01|0.5123|
|=|          6|         15|       5809|    1.919853921|       2172|00:00:01|-0.00|0.01|0.5039|
|=|         17|         15|       5809|    1.888888536|       2183|00:00:00|-0.00|0.01|0.4958|
|=|         63|         15|       5809|    1.865496347|       2198|00:03:10|-0.00|0.01|0.5030|
+-+-----------+-----------+-----------+---------------+-----------+--------+-----+----+------+
Best-so-far configuration:        5809    mean value:     1.865496347
Description of the best-so-far configuration:
     .ID. alpha pMin reward probability beta .PARENT.
5809 5809  0.04 9.29     EN          AP 0.31     4149

# 2021-03-10 02:24:02 CET: Elite configurations (first number is the configuration ID; listed from best to worst according to the sum of ranks):
     alpha pMin reward probability beta
5809  0.04 9.29     EN          AP 0.31
3731  0.03 8.99     EN          AP 0.61
4149  0.07 8.74     EN          AP 0.33
7210  0.03 8.62     EN          AP 0.33
# 2021-03-10 02:24:02 CET: Iteration 11 of 11
# experimentsUsedSoFar: 97091
# remainingBudget: 2909
# currentBudget: 2909
# nbConfigurations: 46
# Markers:
     x No test is performed.
     c Configurations are discarded only due to capping.
     - The test is performed and some configurations are discarded.
     = The test is performed but no configuration is discarded.
     ! The test is performed and configurations could be discarded but elite configurations are preserved.
     . All alive configurations are elite and nothing is discarded

+-+-----------+-----------+-----------+---------------+-----------+--------+-----+----+------+
| |   Instance|      Alive|       Best|      Mean best| Exp so far|  W time|  rho|KenW|  Qvar|
+-+-----------+-----------+-----------+---------------+-----------+--------+-----+----+------+
|x|         64|         46|       7284|   0.1777210472|         46|00:00:44|   NA|  NA|    NA|
|x|         65|         46|       7284|  0.08886052862|         92|00:00:02|+0.00|0.50|0.4891|
|x|         66|         46|       7288|  0.07261530072|        138|00:00:49|-0.06|0.29|0.7246|
|x|         67|         46|       7302|  0.08015675808|        184|00:00:45|-0.02|0.23|0.7498|
|=|         68|         46|       7302|  0.06412540847|        230|00:00:24|-0.02|0.19|0.5966|
|=|         40|         46|       7302|  0.05343784206|        272|00:00:01|-0.01|0.16|0.4956|
|=|         22|         46|       7302|  0.04580386605|        314|00:00:00|-0.01|0.13|0.4238|
|=|          8|         46|       7302|  0.04007838404|        356|00:00:06|-0.01|0.12|0.3703|
|=|         11|         46|       7302|    1.452633887|        398|00:00:56|+0.00|0.11|0.4376|
|=|         57|         46|       7302|    1.307370500|        440|00:00:50|+0.00|0.10|0.4894|
|=|         46|         46|       7302|    1.188518637|        482|00:00:29|+0.00|0.09|0.5372|
|=|         42|         46|       7302|    1.089475418|        524|00:00:42|+0.00|0.09|0.4921|
|=|         39|         46|       7273|    1.207130939|        566|00:01:31|+0.01|0.09|0.5309|
|=|         43|         46|       7273|    1.120907301|        608|00:00:33|+0.01|0.08|0.4927|
|=|         58|         46|       7302|   0.8729970710|        650|00:01:24|+0.01|0.08|0.5244|
|=|         44|         46|       7302|   0.8184347547|        692|00:00:36|+0.01|0.07|0.4915|
|=|         54|         46|       7302|   0.7702915344|        734|00:00:52|+0.01|0.07|0.5178|
|=|          9|         46|       7302|   0.7274975608|        776|00:00:35|+0.01|0.07|0.5413|
|=|          3|         46|       7302|   0.6892082160|        818|00:00:40|+0.02|0.07|0.5658|
|=|         34|         46|       7302|    1.749349342|        860|00:01:35|+0.02|0.07|0.5850|
|=|         37|         46|       7210|    1.922978769|        902|00:00:45|+0.01|0.06|0.6052|
|=|         29|         46|       4149|    1.154469400|        944|00:00:49|+0.01|0.05|0.6216|
|=|         10|         46|       4149|    1.107459991|        986|00:07:00|+0.01|0.05|0.6374|
|=|          6|         46|       4149|    1.061315826|       1028|00:00:03|+0.01|0.05|0.6109|
|=|         53|         46|       4149|    1.018863193|       1070|00:00:02|+0.01|0.05|0.5865|
|=|         61|         46|       4149|   0.9796761475|       1112|00:00:02|+0.01|0.05|0.5639|
|=|         62|         46|       7210|    1.499111185|       1154|00:01:14|+0.01|0.05|0.5765|
|=|         35|         46|       7210|    1.445571500|       1196|00:00:35|+0.01|0.05|0.5884|
|=|         25|         46|       7210|    2.579606315|       1238|00:00:56|+0.01|0.04|0.6027|
|=|         50|         46|       7210|    2.493619438|       1280|00:00:32|+0.01|0.04|0.6125|
|=|         36|         46|       7210|    2.413194929|       1322|00:01:27|+0.01|0.04|0.6235|
|=|          4|         46|       7210|    2.337782588|       1364|00:00:06|+0.01|0.04|0.6042|
|=|         51|         46|       7210|    2.266940692|       1406|00:00:00|+0.01|0.04|0.5862|
|=|         28|         46|       7210|    2.200265966|       1448|00:00:02|+0.01|0.04|0.5691|
|-|         56|         31|       7210|    2.137418684|       1490|00:01:26|-0.01|0.02|0.5562|
|=|         24|         31|       7210|    2.078151693|       1517|00:00:49|-0.01|0.02|0.5683|
|=|         59|         31|       7210|    2.021985431|       1544|00:00:02|-0.01|0.02|0.5529|
|=|          7|         31|       7210|    1.968775288|       1571|00:00:14|-0.01|0.02|0.5382|
|=|         33|         31|       7210|    1.918293871|       1598|00:00:01|-0.01|0.02|0.5243|
|=|         23|         31|       7210|    1.870336525|       1625|00:00:03|-0.01|0.02|0.5111|
|=|         55|         31|       7210|    1.824718561|       1652|00:00:02|-0.01|0.02|0.4986|
|=|         19|         31|       7210|    1.781272881|       1679|00:00:22|-0.01|0.02|0.4867|
|=|         12|         31|       7210|    1.739847944|       1706|00:00:42|-0.01|0.02|0.4979|
|=|         32|         31|       7210|    1.926533004|       1733|00:00:55|-0.01|0.02|0.5084|
|=|         15|         31|       7210|    1.883721159|       1760|00:00:32|-0.00|0.02|0.5182|
|=|         52|         31|       7210|    1.851061158|       1787|00:00:25|-0.01|0.01|0.5294|
|=|         47|         31|       7210|    1.811676878|       1814|00:00:16|-0.01|0.01|0.5181|
|=|         60|         31|       7210|    2.238115468|       1841|00:00:54|-0.01|0.01|0.5280|
|=|         26|         31|       7210|    2.193692257|       1868|00:04:23|-0.01|0.01|0.5364|
|=|         13|         31|       7210|    2.149818413|       1895|00:00:22|-0.01|0.01|0.5446|
|=|         63|         31|       7210|    2.115344149|       1922|00:04:24|-0.01|0.01|0.5531|
|=|         41|         31|       7210|    2.074664454|       1949|00:00:03|-0.01|0.01|0.5424|
|=|         38|         31|       7210|    2.035519841|       1976|00:00:02|-0.01|0.01|0.5321|
|=|         21|         31|       7210|    2.002892602|       2003|00:00:25|-0.00|0.01|0.5389|
|=|         27|         31|       7210|    1.966476373|       2030|00:00:01|-0.00|0.01|0.5291|
|=|         18|         31|       7210|    1.931360724|       2057|00:00:02|-0.00|0.01|0.5196|
|=|          5|         31|       7210|    1.898912790|       2084|00:00:49|-0.00|0.01|0.5272|
|=|         31|         31|       7210|    1.866172915|       2111|00:00:40|-0.00|0.01|0.5334|
|=|          1|         31|       7210|    1.838885258|       2138|00:00:24|+0.00|0.02|0.5392|
|=|         17|         31|       7210|    1.808237171|       2165|00:00:01|+0.00|0.02|0.5302|
|=|         48|         31|       7210|    1.778593939|       2192|00:00:01|+0.00|0.02|0.5216|
|=|         14|         31|       7210|    1.749906940|       2219|00:00:00|+0.00|0.02|0.5132|
|=|         30|         31|       4149|    1.433384544|       2246|00:02:31|+0.00|0.02|0.5200|
|=|          2|         31|       4149|    1.410987911|       2273|00:00:00|+0.00|0.02|0.5119|
|=|         20|         31|       4149|    1.443385821|       2300|00:02:20|+0.00|0.02|0.5191|
|=|         49|         31|       4149|    1.421516339|       2327|00:00:01|+0.00|0.02|0.5113|
|=|         45|         31|       4149|    1.400299678|       2354|00:00:02|+0.00|0.02|0.5037|
|=|         16|         31|       5809|    1.746729903|       2381|00:00:25|+0.00|0.01|0.5110|
|=|         69|         31|       5809|    1.721414977|       2412|00:00:26|+0.00|0.01|0.5174|
+-+-----------+-----------+-----------+---------------+-----------+--------+-----+----+------+
Best-so-far configuration:        5809    mean value:     1.721414977
Description of the best-so-far configuration:
     .ID. alpha pMin reward probability beta .PARENT.
5809 5809  0.04 9.29     EN          AP 0.31     4149

# 2021-03-10 03:15:49 CET: Elite configurations (first number is the configuration ID; listed from best to worst according to the sum of ranks):
     alpha pMin reward probability beta
5809  0.04 9.29     EN          AP 0.31
4149  0.07 8.74     EN          AP 0.33
3731  0.03 8.99     EN          AP 0.61
7292  0.08 8.89     EN          AP 0.59
# 2021-03-10 03:15:49 CET: Iteration 12 of 12
# experimentsUsedSoFar: 99503
# remainingBudget: 497
# currentBudget: 497
# nbConfigurations: 10
# Markers:
     x No test is performed.
     c Configurations are discarded only due to capping.
     - The test is performed and some configurations are discarded.
     = The test is performed but no configuration is discarded.
     ! The test is performed and configurations could be discarded but elite configurations are preserved.
     . All alive configurations are elite and nothing is discarded

+-+-----------+-----------+-----------+---------------+-----------+--------+-----+----+------+
| |   Instance|      Alive|       Best|      Mean best| Exp so far|  W time|  rho|KenW|  Qvar|
+-+-----------+-----------+-----------+---------------+-----------+--------+-----+----+------+
|x|         70|         10|       4149|   0.3087946822|         10|00:01:41|   NA|  NA|    NA|
|x|         71|         10|       4149|   0.1543973461|         20|00:00:24|+0.14|0.57|0.8947|
|x|         72|         10|       4149|   0.1271064210|         30|00:03:06|+0.44|0.63|0.6008|
|x|         73|         10|       4149|  0.09532981823|         40|00:00:01|+0.29|0.47|0.5254|
|-|         74|          8|       4149|  0.07626385658|         50|00:00:02|+0.14|0.31|0.2949|
|=|         44|          8|       4149|  0.06355321549|         54|00:00:20|+0.11|0.26|0.2549|
|=|         43|          8|       4149|  0.05447418613|         58|00:00:15|+0.10|0.22|0.2238|
|=|         53|          8|       4149|  0.04766491412|         62|00:00:00|+0.08|0.20|0.1991|
|=|         69|          8|       4149|  0.04236881366|         66|00:00:09|+0.07|0.17|0.1791|
|=|         28|          8|       4149|  0.03813193329|         70|00:00:01|+0.06|0.16|0.1628|
|=|         23|          8|       4149|  0.03466539481|         74|00:00:01|+0.06|0.14|0.1491|
|=|         46|          8|       4149|  0.03177661274|         78|00:00:22|+0.05|0.13|0.1375|
|=|         63|          8|       7317|  0.04112421030|         82|00:02:41|+0.02|0.09|0.1955|
|=|         68|          8|       7317|  0.03818676742|         86|00:00:08|+0.02|0.09|0.1820|
|=|          2|          8|       7317|  0.03564098359|         90|00:00:00|+0.02|0.08|0.1702|
|=|         32|          8|       7317|   0.7174474585|         94|00:00:33|+0.04|0.10|0.2053|
|=|         49|          8|       7317|   0.6752446674|         98|00:00:00|+0.04|0.09|0.1941|
|=|         64|          8|       7317|   0.6627929050|        102|00:00:13|-0.01|0.05|0.2393|
|=|         34|          8|       7317|    1.099205463|        106|00:00:32|+0.01|0.06|0.2684|
|=|          1|          8|       7317|    1.104006137|        110|00:00:13|-0.01|0.04|0.3107|
|=|         20|          8|       7317|    1.069901545|        114|00:01:20|-0.00|0.04|0.3382|
|=|          7|          8|       7317|    1.021269657|        118|00:00:09|-0.00|0.04|0.3226|
|=|         52|          8|       7317|   0.9867834214|        122|00:00:14|+0.00|0.05|0.3427|
|=|         17|          8|       7317|   0.9456674460|        126|00:00:00|+0.00|0.05|0.3284|
|=|         13|          8|       7317|   0.9078407494|        130|00:00:13|-0.02|0.02|0.3579|
|=|         25|          8|       7317|    2.298566900|        134|00:00:18|-0.03|0.01|0.3817|
|=|         14|          8|       7317|    2.213434793|        138|00:00:00|-0.02|0.01|0.3671|
|=|         33|          8|       7317|    2.134383551|        142|00:00:00|-0.02|0.01|0.3536|
|=|         30|          8|       7317|    2.091106886|        146|00:01:16|-0.02|0.01|0.3709|
|=|          9|          8|       7317|    2.021403323|        150|00:00:18|-0.02|0.02|0.3881|
|=|         58|          8|       4149|    2.103613665|        154|00:00:27|-0.02|0.02|0.4040|
|=|         15|          8|       4149|    2.037875738|        158|00:00:23|-0.02|0.02|0.4166|
|=|         62|          8|       4149|    1.976121933|        162|00:00:26|-0.02|0.01|0.4299|
|=|         50|          8|       4149|    1.918000700|        166|00:00:13|-0.02|0.01|0.4171|
|=|         21|          8|       4149|    1.873830120|        170|00:00:14|-0.02|0.01|0.4313|
|=|         27|          8|       4149|    1.821779284|        174|00:00:00|-0.02|0.01|0.4191|
|=|         48|          8|       4149|    1.772542006|        178|00:00:00|-0.02|0.01|0.4076|
|=|          3|          8|       4149|    1.725896166|        182|00:00:12|-0.01|0.01|0.4179|
|=|         36|          8|       5809|    1.835929656|        186|00:00:29|-0.02|0.01|0.4311|
|=|          8|          8|       5809|    1.790031415|        190|00:00:01|-0.02|0.01|0.4202|
|=|         41|          8|       5809|    1.746372112|        194|00:00:00|-0.02|0.01|0.4099|
|=|         56|          8|       3731|    1.761604222|        198|00:00:31|-0.02|0.01|0.4217|
|=|          5|          8|       3731|    1.720814203|        202|00:00:31|-0.02|0.01|0.4315|
|=|         57|          8|       3731|    1.681704789|        206|00:00:25|-0.01|0.01|0.4393|
|=|         55|          8|       3731|    1.644333572|        210|00:00:01|-0.01|0.01|0.4295|
|=|         22|          8|       3731|    1.608587190|        214|00:00:00|-0.01|0.01|0.4201|
|=|         26|          8|       4149|    1.397608051|        218|00:03:07|-0.01|0.01|0.4312|
|=|         60|          8|       4149|    1.679415816|        222|00:00:33|-0.02|0.01|0.4422|
|=|         24|          8|       4149|    1.645565992|        226|00:00:32|-0.02|0.00|0.4506|
|=|         16|          8|       4149|    1.612654672|        230|00:00:14|-0.01|0.01|0.4579|
|=|         29|          8|       4149|    1.581033993|        234|00:00:23|-0.01|0.01|0.4649|
|=|         65|          8|       4149|    1.550629493|        238|00:00:00|-0.01|0.01|0.4559|
|=|         19|          8|       4149|    1.521372333|        242|00:00:14|-0.01|0.01|0.4473|
|=|         38|          8|       4149|    1.493198772|        246|00:00:00|-0.01|0.01|0.4390|
|=|         35|          8|       4149|    1.466049703|        250|00:00:19|-0.01|0.01|0.4456|
|=|         61|          8|       4149|    1.439870244|        254|00:00:00|-0.01|0.01|0.4377|
|=|         67|          8|       5809|    1.558141378|        258|00:00:15|-0.01|0.01|0.4454|
|=|         39|          8|       4149|    1.390224085|        262|00:00:31|-0.01|0.01|0.4524|
|=|          6|          8|       4149|    1.366660966|        266|00:00:01|-0.01|0.01|0.4448|
|=|         51|          8|       4149|    1.343883283|        270|00:00:00|-0.01|0.01|0.4373|
|=|          4|          8|       4149|    1.321852410|        274|00:00:02|-0.01|0.01|0.4302|
|=|         66|          8|       4149|    1.300532210|        278|00:00:06|-0.01|0.01|0.4232|
|=|         11|          8|       4149|    1.494097531|        282|00:00:19|-0.00|0.01|0.4289|
|=|         12|          8|       4149|    1.470752258|        286|00:00:25|-0.00|0.01|0.4355|
|=|         47|          8|       4149|    1.448125300|        290|00:00:07|-0.00|0.01|0.4288|
|=|         18|          8|       4149|    1.426184008|        294|00:00:03|-0.00|0.01|0.4223|
|=|         59|          8|       4149|    1.404897680|        298|00:00:02|-0.00|0.01|0.4161|
|=|         42|          8|       4149|    1.384237420|        302|00:00:07|-0.00|0.01|0.4100|
|=|         10|          8|       4149|    1.365237646|        306|00:02:31|+0.00|0.02|0.4158|
|=|         54|          8|       4149|    1.345734251|        310|00:00:23|+0.00|0.02|0.4217|
|=|         31|          8|       4149|    1.326780248|        314|00:00:27|+0.00|0.02|0.4263|
|=|         37|          8|       4149|    1.308352746|        318|00:00:18|+0.00|0.02|0.4324|
|=|         40|          8|       4149|    1.290430106|        322|00:00:00|+0.00|0.02|0.4265|
|=|         45|          8|       4149|    1.272991861|        326|00:00:02|+0.00|0.02|0.4208|
|=|         75|          8|       4149|    1.256018636|        334|00:00:01|+0.00|0.02|0.4153|
+-+-----------+-----------+-----------+---------------+-----------+--------+-----+----+------+
Best-so-far configuration:        4149    mean value:     1.256018636
Description of the best-so-far configuration:
     .ID. alpha pMin reward probability beta .PARENT.
4149 4149  0.07 8.74     EN          AP 0.33     2760

# 2021-03-10 03:45:55 CET: Elite configurations (first number is the configuration ID; listed from best to worst according to the sum of ranks):
     alpha pMin reward probability beta
4149  0.07 8.74     EN          AP 0.33
5809  0.04 9.29     EN          AP 0.31
7292  0.08 8.89     EN          AP 0.59
3731  0.03 8.99     EN          AP 0.61
# 2021-03-10 03:45:55 CET: Iteration 13 of 13
# experimentsUsedSoFar: 99837
# remainingBudget: 163
# currentBudget: 163
# nbConfigurations: 5
# Markers:
     x No test is performed.
     c Configurations are discarded only due to capping.
     - The test is performed and some configurations are discarded.
     = The test is performed but no configuration is discarded.
     ! The test is performed and configurations could be discarded but elite configurations are preserved.
     . All alive configurations are elite and nothing is discarded

+-+-----------+-----------+-----------+---------------+-----------+--------+-----+----+------+
| |   Instance|      Alive|       Best|      Mean best| Exp so far|  W time|  rho|KenW|  Qvar|
+-+-----------+-----------+-----------+---------------+-----------+--------+-----+----+------+
|x|         76|          5|       3731|1.031256147e-08|          5|00:00:17|   NA|  NA|    NA|
|x|         77|          5|       3731|    5.969754344|         10|00:00:35|+0.70|0.85|0.3866|
|x|         78|          5|       3731|    3.979836233|         15|00:00:01|+0.35|0.57|0.3955|
|x|         79|          5|       3731|    2.984877177|         20|00:00:03|+0.23|0.42|0.3311|
|=|         80|          5|       3731|    2.387901744|         25|00:00:00|+0.18|0.34|0.2787|
|=|         33|          5|       3731|    1.989918121|         26|00:00:00|+0.14|0.28|0.2391|
|=|         38|          5|       3731|    1.705644105|         27|00:00:01|+0.12|0.24|0.2089|
|=|         51|          5|       3731|    1.492438593|         28|00:00:00|+0.10|0.21|0.1852|
|=|         26|          5|       4149|    1.667247922|         29|00:02:27|+0.06|0.16|0.2641|
|=|         41|          5|       4149|    1.500523131|         30|00:00:00|+0.05|0.15|0.2380|
|=|          2|          5|       4149|    1.364111938|         31|00:00:00|+0.05|0.13|0.2165|
|=|         57|          5|       4149|    1.250435944|         32|00:00:22|+0.09|0.16|0.2497|
|=|          9|          5|       4149|    1.154248564|         33|00:00:09|+0.08|0.15|0.2318|
|=|         53|          5|       4149|    1.071802239|         34|00:00:00|+0.07|0.14|0.2162|
|=|         65|          5|       4149|    1.000348757|         35|00:00:00|+0.07|0.13|0.2027|
|=|         75|          5|       4149|   0.9378269604|         36|00:00:01|+0.06|0.12|0.1907|
|=|         55|          5|       4149|   0.8826606692|         37|00:00:01|+0.06|0.11|0.1800|
|=|         22|          5|       4149|   0.8336239659|         38|00:00:00|+0.06|0.11|0.1704|
|=|         70|          5|       4149|   0.8060013721|         39|00:01:22|+0.05|0.10|0.1993|
|=|         69|          5|       4149|   0.7657013040|         40|00:00:04|+0.05|0.10|0.1899|
|=|         15|          5|       4149|   0.7292393376|         41|00:00:19|+0.05|0.09|0.2180|
|-|          5|          4|       4149|   0.6974247193|         42|00:00:26|+0.08|0.12|0.2300|
|.|         68|          4|       4149|   0.6671019058|         42|00:00:00|+0.08|0.12|0.2204|
|.|         58|          4|       4149|   0.6403812731|         42|00:00:00|+0.07|0.11|0.2358|
|.|         63|          4|       4149|   0.6313892779|         42|00:00:00|+0.04|0.08|0.2571|
|.|         34|          4|       4149|    1.028049291|         42|00:00:00|+0.07|0.11|0.2676|
|.|          8|          4|       4149|   0.9899733917|         42|00:00:00|+0.07|0.10|0.2585|
|.|         30|          4|       4149|   0.9571894368|         42|00:00:00|+0.08|0.11|0.2680|
|.|         73|          4|       4149|   0.9241829048|         42|00:00:00|+0.08|0.11|0.2597|
|.|         11|          4|       4149|    1.343215057|         42|00:00:00|+0.10|0.13|0.2670|
|.|         44|          4|       4149|    1.299885539|         42|00:00:00|+0.10|0.13|0.2594|
|.|         49|          4|       4149|    1.259264117|         42|00:00:00|+0.10|0.12|0.2523|
|.|         43|          4|       4149|    1.221104598|         42|00:00:00|+0.09|0.12|0.2455|
|.|         60|          4|       4149|    1.624142134|         42|00:00:00|+0.08|0.11|0.2626|
|.|         29|          4|       4149|    1.577738073|         42|00:00:00|+0.08|0.10|0.2558|
|.|         37|          4|       4149|    1.533912018|         42|00:00:00|+0.05|0.08|0.2729|
|.|         61|          4|       4149|    1.492454936|         42|00:00:00|+0.05|0.08|0.2660|
|.|         17|          4|       4149|    1.453179807|         42|00:00:00|+0.05|0.07|0.2595|
|.|         28|          4|       4149|    1.415918786|         42|00:00:00|+0.05|0.07|0.2533|
|.|         10|          4|       4149|    1.382352142|         42|00:00:00|+0.04|0.06|0.2656|
|.|         52|          4|       4149|    1.356661606|         42|00:00:00|+0.04|0.07|0.2756|
|.|         25|          4|       4149|    2.098480382|         42|00:00:00|+0.04|0.06|0.2875|
|.|         32|          4|       4149|    2.420720994|         42|00:00:00|+0.02|0.04|0.3038|
|.|         62|          4|       4149|    2.365704612|         42|00:00:00|+0.00|0.03|0.3193|
|.|         31|          4|       4149|    2.313133400|         42|00:00:00|+0.00|0.03|0.3284|
|.|         35|          4|       4149|    2.262847891|         42|00:00:00|+0.00|0.02|0.3214|
|.|         27|          4|       4149|    2.214702192|         42|00:00:00|+0.00|0.02|0.3147|
|.|         45|          4|       4149|    2.168562563|         42|00:00:00|+0.00|0.02|0.3082|
|.|         19|          4|       4149|    2.124306184|         42|00:00:00|+0.00|0.02|0.3020|
|.|         23|          4|       4149|    2.081820061|         42|00:00:00|+0.00|0.02|0.2960|
|.|         21|          4|       4149|    2.048294773|         42|00:00:00|+0.00|0.02|0.3040|
|.|         50|          4|       4149|    2.008904489|         42|00:00:00|+0.00|0.02|0.2983|
|.|         20|          4|       4149|    2.037356331|         42|00:00:00|-0.00|0.02|0.3096|
|.|         18|          4|       4149|    1.999627510|         42|00:00:00|-0.00|0.02|0.3039|
|.|         24|          4|       4149|    1.963648363|         42|00:00:00|-0.01|0.01|0.3134|
|.|         48|          4|       4149|    1.928583214|         42|00:00:00|-0.01|0.01|0.3078|
|.|         42|          4|       4149|    1.894748421|         42|00:00:00|-0.01|0.01|0.3024|
|.|         46|          4|       4149|    1.862080345|         42|00:00:00|-0.01|0.01|0.2972|
|.|          1|          4|       4149|    1.832662291|         42|00:00:00|-0.00|0.01|0.3037|
|.|         12|          4|       4149|    1.802117920|         42|00:00:00|-0.01|0.01|0.3115|
|.|         64|          4|       4149|    1.787862863|         42|00:00:00|-0.01|0.01|0.3188|
|.|         71|          4|       4149|    1.759026365|         42|00:00:00|-0.01|0.01|0.3137|
|.|          4|          4|       4149|    1.731105312|         42|00:00:00|-0.01|0.01|0.3087|
|.|         16|          4|       4149|    1.704056792|         42|00:00:00|-0.01|0.01|0.3151|
|.|         56|          4|       4149|    1.677849446|         42|00:00:00|-0.01|0.01|0.3217|
|.|         67|          4|       4149|    1.652427488|         42|00:00:00|-0.01|0.00|0.3286|
|.|         13|          4|       4149|    1.627764391|         42|00:00:00|-0.01|0.00|0.3365|
|.|         40|          4|       4149|    1.603826680|         42|00:00:00|-0.01|0.00|0.3315|
|.|         59|          4|       4149|    1.580582815|         42|00:00:00|-0.01|0.00|0.3267|
|.|         47|          4|       4149|    1.558003060|         42|00:00:00|-0.01|0.00|0.3220|
|.|          7|          4|       4149|    1.536059355|         42|00:00:00|-0.01|0.00|0.3175|
|.|         14|          4|       4149|    1.514725198|         42|00:00:00|-0.01|0.00|0.3131|
|.|         39|          4|       4149|    1.493979142|         42|00:00:00|-0.01|0.01|0.3180|
|.|         74|          4|       4149|    1.473790235|         42|00:00:00|-0.01|0.01|0.3137|
|.|         54|          4|       4149|    1.454139698|         42|00:00:00|-0.01|0.00|0.3197|
|.|          3|          4|       4149|    1.435006283|         42|00:00:00|-0.01|0.00|0.3268|
|.|          6|          4|       4149|    1.416369838|         42|00:00:00|-0.01|0.00|0.3226|
|.|         72|          4|       4149|    1.399141052|         42|00:00:00|-0.01|0.00|0.3279|
|.|         66|          4|       4149|    1.381430406|         42|00:00:00|-0.01|0.00|0.3237|
|.|         36|          4|       4149|    1.364181218|         42|00:00:00|-0.01|0.00|0.3298|
+-+-----------+-----------+-----------+---------------+-----------+--------+-----+----+------+
Best-so-far configuration:        3731    mean value:     1.524371382
Description of the best-so-far configuration:
     .ID. alpha pMin reward probability beta .PARENT.
3731 3731  0.03 8.99     EN          AP 0.61     2050

# 2021-03-10 03:52:14 CET: Elite configurations (first number is the configuration ID; listed from best to worst according to the sum of ranks):
     alpha pMin reward probability beta
3731  0.03 8.99     EN          AP 0.61
4149  0.07 8.74     EN          AP 0.33
5809  0.04 9.29     EN          AP 0.31
7292  0.08 8.89     EN          AP 0.59
# 2021-03-10 03:52:14 CET: Iteration 14 of 14
# experimentsUsedSoFar: 99879
# remainingBudget: 121
# currentBudget: 121
# nbConfigurations: 5
# Markers:
     x No test is performed.
     c Configurations are discarded only due to capping.
     - The test is performed and some configurations are discarded.
     = The test is performed but no configuration is discarded.
     ! The test is performed and configurations could be discarded but elite configurations are preserved.
     . All alive configurations are elite and nothing is discarded

+-+-----------+-----------+-----------+---------------+-----------+--------+-----+----+------+
| |   Instance|      Alive|       Best|      Mean best| Exp so far|  W time|  rho|KenW|  Qvar|
+-+-----------+-----------+-----------+---------------+-----------+--------+-----+----+------+
|x|         81|          5|       5809|0.0003541608776|          5|00:00:33|   NA|  NA|    NA|
|x|         82|          5|       5809|0.0001770854388|         10|00:00:07|+0.00|0.50|0.4000|
|x|         83|          5|       5809|0.0001180602925|         15|00:00:02|+0.00|0.33|0.2667|
|x|         84|          5|       5809|8.854771940e-05|         20|00:00:20|+0.21|0.40|0.3279|
|=|         85|          5|       5809|7.084721596e-05|         25|00:00:13|-0.06|0.15|0.5221|
|=|         31|          5|       5809|5.904810156e-05|         26|00:00:23|-0.07|0.11|0.5613|
|=|         24|          5|       5809| 0.002331598763|         27|00:00:26|-0.04|0.11|0.5546|
|=|          9|          5|       5809| 0.002040150168|         28|00:00:18|+0.01|0.13|0.5321|
|=|          8|          5|       5809| 0.001813467927|         29|00:00:01|+0.00|0.12|0.4806|
|=|          1|          5|       4149|  0.01483523084|         30|00:00:13|+0.03|0.13|0.4896|
|=|         80|          5|       4149|  0.01348657440|         31|00:00:00|+0.03|0.12|0.4515|
|=|         70|          5|       4149|  0.03809558338|         32|00:01:13|+0.03|0.11|0.4941|
|=|         26|          5|       4149|  0.04071373762|         33|00:02:27|+0.07|0.14|0.5050|
|=|         36|          5|       4149|  0.03791242343|         34|00:00:27|+0.03|0.10|0.5467|
|=|         16|          5|       5809|   0.1599891909|         35|00:00:11|+0.02|0.09|0.5621|
|=|         43|          5|       5809|   0.1499898671|         36|00:00:03|+0.02|0.08|0.5285|
|=|         34|          5|       4149|   0.6750190334|         37|00:00:30|+0.03|0.09|0.5351|
|=|         15|          5|       4149|   0.6375179765|         38|00:00:03|+0.01|0.07|0.5617|
|=|         10|          5|       4149|   0.6078198199|         39|00:02:31|+0.03|0.08|0.5658|
|=|         58|          5|       4149|   0.5787191650|         40|00:00:26|+0.03|0.08|0.5753|
|=|         12|          5|       4149|   0.5511611117|         41|00:00:24|+0.02|0.07|0.5807|
|=|         45|          5|       4149|   0.5261083344|         42|00:00:00|+0.02|0.06|0.5556|
|=|         32|          5|       4149|    1.196922177|         43|00:00:30|+0.02|0.06|0.5606|
|=|         61|          5|       4149|    1.147050420|         44|00:00:00|+0.02|0.06|0.5386|
|=|          5|          5|       4149|    1.102341113|         45|00:00:26|+0.03|0.07|0.5402|
|=|         33|          5|       4149|    1.059943378|         46|00:00:00|+0.03|0.07|0.5208|
|=|         18|          5|       4149|    1.020686216|         47|00:00:00|+0.03|0.07|0.5028|
|=|         37|          5|       4149|   0.9842331396|         48|00:00:14|+0.01|0.05|0.5175|
|=|         22|          5|       4149|   0.9502940661|         49|00:00:00|+0.01|0.04|0.5005|
|=|         66|          5|       4149|   0.9186175976|         50|00:00:12|+0.01|0.04|0.4846|
|=|         27|          5|       4149|   0.8889847722|         51|00:00:00|+0.01|0.04|0.4697|
|=|         50|          5|       4149|   0.8612039984|         52|00:00:15|+0.01|0.04|0.4556|
|=|         67|          5|       5809|    1.073783348|         53|00:00:14|+0.01|0.04|0.4666|
|=|         28|          5|       5809|    1.042201485|         54|00:00:00|+0.01|0.04|0.4534|
|=|         56|          5|       5809|    1.012440252|         55|00:00:27|+0.01|0.04|0.4588|
|=|         47|          5|       5809|   0.9843169120|         56|00:00:06|+0.01|0.04|0.4467|
|=|         35|          5|       5809|   0.9577137525|         57|00:00:10|+0.01|0.04|0.4352|
|=|         57|          5|       4149|   0.7252396710|         58|00:00:22|+0.01|0.04|0.4458|
|=|         17|          5|       4149|   0.7066437823|         59|00:00:00|+0.01|0.04|0.4348|
|=|         73|          5|       4149|   0.6889776880|         60|00:00:00|+0.01|0.03|0.4244|
|=|         68|          5|       4149|   0.6721733543|         61|00:00:11|+0.01|0.03|0.4144|
|=|         42|          5|       4149|   0.6561692271|         62|00:00:00|+0.01|0.03|0.4049|
|=|         54|          5|       4149|   0.6409094779|         63|00:00:07|+0.01|0.03|0.4136|
|=|         20|          5|       5809|   0.8111427211|         64|00:01:19|+0.01|0.03|0.4246|
|=|         29|          5|       5809|   0.7931173276|         65|00:00:04|+0.01|0.03|0.4154|
|=|         44|          5|       5809|   0.7758756467|         66|00:00:04|+0.01|0.03|0.4066|
|=|         64|          5|       5809|   0.7859924086|         67|00:00:13|-0.00|0.02|0.4193|
|=|         76|          5|       4149|   0.6668441479|         68|00:00:14|-0.00|0.02|0.4284|
|=|         49|          5|       4149|   0.6532350838|         69|00:00:00|-0.00|0.02|0.4198|
|=|         23|          5|       4149|   0.6401703823|         70|00:00:01|-0.00|0.02|0.4115|
|=|         74|          5|       4149|   0.6276180221|         71|00:00:00|-0.00|0.02|0.4035|
|=|         71|          5|       4149|   0.6155484449|         72|00:00:04|-0.00|0.02|0.3958|
|=|         14|          5|       4149|   0.6039343235|         73|00:00:00|-0.00|0.02|0.3884|
|=|         39|          5|       4149|   0.5927552270|         74|00:00:26|+0.00|0.02|0.3938|
|=|         52|          5|       4149|   0.5879604082|         75|00:00:13|+0.00|0.02|0.4009|
|=|         75|          5|       4149|   0.5774611153|         76|00:00:01|+0.00|0.02|0.3939|
|=|         40|          5|       4149|   0.5673302187|         77|00:00:01|+0.00|0.02|0.3871|
|=|          6|          5|       4149|   0.5575486634|         78|00:00:01|+0.00|0.02|0.3805|
|=|         25|          5|       4149|    1.099167333|         79|00:00:17|-0.00|0.01|0.3895|
|=|          4|          5|       4149|    1.080847878|         80|00:00:01|-0.00|0.01|0.3831|
|=|         59|          5|       4149|    1.063129060|         81|00:00:00|-0.00|0.01|0.3769|
|=|         46|          5|       4149|    1.045981818|         82|00:00:21|-0.00|0.02|0.3825|
|=|         77|          5|       4149|    1.266412259|         83|00:00:30|+0.00|0.02|0.3876|
|=|         53|          5|       4149|    1.246624568|         84|00:00:00|+0.00|0.02|0.3816|
|=|         38|          5|       4149|    1.227445728|         85|00:00:01|+0.00|0.02|0.3758|
|=|         60|          5|       4149|    1.434975048|         86|00:00:32|+0.00|0.02|0.3822|
|=|          3|          5|       4149|    1.413557511|         87|00:00:11|+0.00|0.01|0.3909|
|=|         19|          5|       4149|    1.392769901|         88|00:00:11|+0.00|0.01|0.3852|
|=|         21|          5|       4149|    1.377976575|         89|00:00:12|+0.00|0.02|0.3909|
|=|         72|          5|       4149|    1.359327260|         90|00:02:15|+0.01|0.02|0.3953|
|=|         63|          5|       4149|    1.346035065|         91|00:02:34|+0.00|0.02|0.4032|
|=|         11|          5|       4149|    1.514772737|         92|00:00:17|+0.00|0.02|0.4089|
|=|         13|          5|       4149|    1.494022426|         93|00:00:12|+0.00|0.02|0.4142|
|=|          2|          5|       4149|    1.473832934|         94|00:00:00|+0.00|0.02|0.4086|
|=|         65|          5|       4149|    1.454181828|         95|00:00:00|+0.00|0.02|0.4032|
|=|         69|          5|       4149|    1.435047857|         96|00:00:03|+0.00|0.02|0.3979|
|=|         48|          5|       4149|    1.416410872|         97|00:00:00|+0.00|0.02|0.3928|
|=|         62|          5|       5809|    1.741036124|         98|00:00:23|+0.00|0.02|0.3983|
|=|         51|          5|       5809|    1.718997693|         99|00:00:00|+0.00|0.02|0.3933|
|=|         79|          5|       5809|    1.697510222|        100|00:00:02|+0.00|0.02|0.3884|
|=|         30|          5|       4149|    1.347353827|        101|00:01:19|+0.01|0.02|0.3920|
|=|          7|          5|       4149|    1.330922683|        102|00:00:08|+0.01|0.02|0.3872|
|=|         78|          5|       4149|    1.314887470|        103|00:00:01|+0.01|0.02|0.3826|
|=|         55|          5|       4149|    1.299234048|        104|00:00:01|+0.01|0.02|0.3781|
|=|         41|          5|       4149|    1.283948942|        105|00:00:00|+0.01|0.02|0.3737|
|=|         86|          5|       4149|    1.269019303|        110|00:00:00|+0.01|0.02|0.3694|
+-+-----------+-----------+-----------+---------------+-----------+--------+-----+----+------+
Best-so-far configuration:        4149    mean value:     1.269019303
Description of the best-so-far configuration:
     .ID. alpha pMin reward probability beta .PARENT.
4149 4149  0.07 8.74     EN          AP 0.33     2760

# 2021-03-10 04:19:17 CET: Elite configurations (first number is the configuration ID; listed from best to worst according to the sum of ranks):
     alpha pMin reward probability beta
4149  0.07 8.74     EN          AP 0.33
5809  0.04 9.29     EN          AP 0.31
3731  0.03 8.99     EN          AP 0.61
7292  0.08 8.89     EN          AP 0.59
# 2021-03-10 04:19:17 CET: Stopped because there is not enough budget left to race more than the minimum (4)
# You may either increase the budget or set 'minNbSurvival' to a lower value
# Iteration: 15
# nbIterations: 15
# experimentsUsedSoFar: 99989
# timeUsed: 0
# remainingBudget: 11
# currentBudget: 11
# number of elites: 4
# nbConfigurations: 3
# Best configurations (first number is the configuration ID; listed from best to worst according to the sum of ranks):
     alpha pMin reward probability beta
4149  0.07 8.74     EN          AP 0.33
5809  0.04 9.29     EN          AP 0.31
3731  0.03 8.99     EN          AP 0.61
7292  0.08 8.89     EN          AP 0.59
# Best configurations as commandlines (first number is the configuration ID; same order as above):
4149  -A 0.07 -B 0.33 -M 8.74 -r EN -p AP
5809  -A 0.04 -B 0.31 -M 9.29 -r EN -p AP
3731  -A 0.03 -B 0.61 -M 8.99 -r EN -p AP
7292  -A 0.08 -B 0.59 -M 8.89 -r EN -p AP
