#------------------------------------------------------------------------------
# irace: An implementation in R of (Elitist) Iterated Racing
# Version: 3.4.1.9fcaeaf
# Copyright (C) 2010-2020
# Manuel Lopez-Ibanez     <manuel.lopez-ibanez@manchester.ac.uk>
# Jeremie Dubois-Lacoste  
# Leslie Perez Caceres    <leslie.perez.caceres@ulb.ac.be>
#
# This is free software, and you are welcome to redistribute it under certain
# conditions.  See the GNU General Public License for details. There is NO
# WARRANTY; not even for MERCHANTABILITY or FITNESS FOR A PARTICULAR PURPOSE.
#
# irace builds upon previous code from the race package:
#     race: Racing methods for the selection of the best
#     Copyright (C) 2003 Mauro Birattari
#------------------------------------------------------------------------------
# installed at: /home/rmboks/.R/irace
# called with: --parameter-file /home/rmboks/auto-DE/irace/parameters.txt --train-instances-file /home/rmboks/auto-DE/irace/instances-list.txt --forbidden-file /home/rmboks/auto-DE/irace/forbidden.txt --target-runner /home/rmboks/auto-DE/irace/runners/FI.runner --seed 42 --max-experiments 100000 --parallel 32 --digits 2 -l results/FI.Rdata -s /home/rmboks/auto-DE/irace/scenario.txt --elitist-new-instances 5 --exec-dir /home/rmboks/auto-DE/irace
# 2 expression(s) specifying forbidden configurations read from '/home/rmboks/auto-DE/irace/forbidden.txt'
# 2021-03-08 14:12:46 CET: Initialization
# Elitist race
# Elitist new instances: 5
# Elitist limit: 2
# nbIterations: 4
# minNbSurvival: 4
# nbParameters: 5
# seed: 42
# confidence level: 0.95
# budget: 1e+05
# mu: 5
# deterministic: FALSE

# 2021-03-08 14:12:46 CET: Iteration 1 of 4
# experimentsUsedSoFar: 0
# remainingBudget: 1e+05
# currentBudget: 25000
# nbConfigurations: 1024
# Markers:
     x No test is performed.
     c Configurations are discarded only due to capping.
     - The test is performed and some configurations are discarded.
     = The test is performed but no configuration is discarded.
     ! The test is performed and configurations could be discarded but elite configurations are preserved.
     . All alive configurations are elite and nothing is discarded

+-+-----------+-----------+-----------+---------------+-----------+--------+-----+----+------+
| |   Instance|      Alive|       Best|      Mean best| Exp so far|  W time|  rho|KenW|  Qvar|
+-+-----------+-----------+-----------+---------------+-----------+--------+-----+----+------+
|x|          1|       1024|        265|  0.07029820596|       1024|00:14:22|   NA|  NA|    NA|
|x|          2|       1024|        265|  0.03514910798|       2048|00:00:07|+0.00|0.50|0.4995|
|x|          3|       1024|        835|  0.05368472866|       3072|00:13:49|-0.00|0.33|0.6753|
|x|          4|       1024|        835|  0.04026354900|       4096|00:00:53|-0.00|0.25|0.5042|
|=|          5|       1024|        835|  0.04442494114|       5120|00:27:59|-0.00|0.20|0.5986|
|=|          6|       1024|        835|  0.03702078595|       6144|00:00:55|-0.00|0.17|0.4990|
|=|          7|       1024|        835|  0.03173210367|       7168|00:06:26|-0.00|0.14|0.5681|
+-+-----------+-----------+-----------+---------------+-----------+--------+-----+----+------+
Best-so-far configuration:         835    mean value:   0.03173210367
Description of the best-so-far configuration:
    .ID. alpha pMin reward probability beta .PARENT.
835  835  0.14  8.2     ER          AP  0.7       NA

# 2021-03-08 15:17:21 CET: Elite configurations (first number is the configuration ID; listed from best to worst according to the sum of ranks):
    alpha pMin reward probability beta
835  0.14 8.20     ER          AP 0.70
350  0.01 3.72     EA          AP 0.92
195  0.09 8.22     EN          AP 0.96
597  0.07 7.70     EN          AP 0.21
# 2021-03-08 15:17:21 CET: Iteration 2 of 4
# experimentsUsedSoFar: 7168
# remainingBudget: 92832
# currentBudget: 30944
# nbConfigurations: 1024
# Markers:
     x No test is performed.
     c Configurations are discarded only due to capping.
     - The test is performed and some configurations are discarded.
     = The test is performed but no configuration is discarded.
     ! The test is performed and configurations could be discarded but elite configurations are preserved.
     . All alive configurations are elite and nothing is discarded

+-+-----------+-----------+-----------+---------------+-----------+--------+-----+----+------+
| |   Instance|      Alive|       Best|      Mean best| Exp so far|  W time|  rho|KenW|  Qvar|
+-+-----------+-----------+-----------+---------------+-----------+--------+-----+----+------+
|x|          8|       1024|        835|1.000000000e-08|       1024|00:05:31|   NA|  NA|    NA|
|x|          9|       1024|        195|1.000000000e-08|       2048|00:12:41|-0.03|0.48|1.0535|
|x|         10|       1024|       2007| 0.006213461648|       3072|02:13:07|-0.01|0.33|1.0216|
|x|         11|       1024|       1937|    2.613244145|       4096|00:19:39|+0.01|0.26|0.9999|
|-|         12|        516|       1859|    2.768743504|       5120|00:23:57|-0.13|0.09|1.0701|
|=|          6|        516|       1859|    2.307286255|       5632|00:00:29|-0.11|0.08|0.8798|
|=|          2|        516|       1859|    1.977673934|       6144|00:00:03|-0.09|0.07|0.7472|
|=|          7|        516|       1859|    1.730464694|       6656|00:03:13|-0.08|0.06|0.7749|
|=|          4|        516|       1859|    1.538190840|       7168|00:00:26|-0.07|0.05|0.6858|
|=|          1|        516|       1859|    1.422319152|       7680|00:07:11|-0.05|0.05|0.7179|
|=|          3|        516|       1859|    1.293017414|       8192|00:06:54|-0.03|0.06|0.7398|
|=|          5|        516|       1859|    1.198761207|       8704|00:14:01|-0.02|0.07|0.7590|
|-|         13|        141|       1859|    1.106548807|       9220|00:07:10|-0.03|0.05|0.6373|
|=|         14|        141|       1958|    1.585189935|       9361|00:00:02|-0.03|0.05|0.5899|
|=|         15|        141|       1958|    1.483458550|       9502|00:02:38|-0.02|0.05|0.6129|
+-+-----------+-----------+-----------+---------------+-----------+--------+-----+----+------+
Best-so-far configuration:        1958    mean value:     1.483458550
Description of the best-so-far configuration:
     .ID. alpha pMin reward probability beta .PARENT.
1958 1958  0.05 9.27     ER          AP 0.87      835

# 2021-03-08 19:14:35 CET: Elite configurations (first number is the configuration ID; listed from best to worst according to the sum of ranks):
     alpha pMin reward probability beta
1958  0.05 9.27     ER          AP 0.87
1859  0.05 9.05     EN          AP 0.99
2033  0.01 7.65     EN          AP 0.86
2035  0.11 7.66     ER          AP 0.70
# 2021-03-08 19:14:35 CET: Iteration 3 of 4
# experimentsUsedSoFar: 16670
# remainingBudget: 83330
# currentBudget: 41665
# nbConfigurations: 1024
# Markers:
     x No test is performed.
     c Configurations are discarded only due to capping.
     - The test is performed and some configurations are discarded.
     = The test is performed but no configuration is discarded.
     ! The test is performed and configurations could be discarded but elite configurations are preserved.
     . All alive configurations are elite and nothing is discarded

+-+-----------+-----------+-----------+---------------+-----------+--------+-----+----+------+
| |   Instance|      Alive|       Best|      Mean best| Exp so far|  W time|  rho|KenW|  Qvar|
+-+-----------+-----------+-----------+---------------+-----------+--------+-----+----+------+
|x|         16|       1024|       2074|1.000000000e-08|       1024|00:15:25|   NA|  NA|    NA|
|x|         17|       1024|       2074|1.000000000e-08|       2048|00:00:23|+0.00|0.50|0.4995|
|x|         18|       1024|       2074|1.000000000e-08|       3072|00:01:11|+0.00|0.33|0.3330|
|x|         19|       1024|       2074|1.000000000e-08|       4096|00:16:45|+0.13|0.35|0.4594|
|-|         20|        549|       2871| 0.005656556766|       5120|01:18:56|-0.08|0.14|0.6488|
|=|         13|        549|       2426| 0.001658710020|       5665|00:07:06|+0.02|0.18|0.6846|
|=|          2|        549|       2426| 0.001421752874|       6210|00:00:03|+0.02|0.16|0.5841|
|-|          3|        291|       2316|  0.04499539458|       6755|00:07:15|-0.06|0.08|0.6415|
|=|         12|        291|       2316|  0.03999591267|       7042|00:06:39|-0.03|0.09|0.6714|
|=|          9|        291|       2316|  0.03599632240|       7329|00:04:23|-0.01|0.09|0.6986|
|=|         14|        291|       2316|  0.03272393037|       7616|00:00:04|-0.01|0.08|0.6350|
|=|          6|        291|       2316|  0.02999693700|       7903|00:00:17|-0.01|0.07|0.5820|
|=|          4|        291|       2316|  0.02768948108|       8190|00:00:12|-0.01|0.07|0.5372|
|=|         10|        291|       2620|  0.01776742040|       8477|00:39:09|-0.01|0.06|0.5698|
|=|          7|        291|       2620|  0.01658292638|       8764|00:01:53|-0.01|0.06|0.5318|
|=|          5|        291|       2620|  0.01742795593|       9051|00:07:56|-0.00|0.06|0.5599|
|=|          8|        291|       2620|  0.01640278264|       9338|00:00:41|-0.00|0.06|0.5270|
|=|         11|        291|       2620|    1.934266733|       9625|00:05:31|-0.00|0.05|0.5539|
|=|          1|        291|       3016|    1.655078202|       9912|00:04:03|-0.00|0.05|0.5784|
|=|         15|        291|       2620|    1.763323384|      10199|00:04:46|-0.00|0.05|0.5984|
|=|         21|        291|       2175|   0.8783895204|      10490|00:04:15|-0.00|0.04|0.6170|
+-+-----------+-----------+-----------+---------------+-----------+--------+-----+----+------+
Best-so-far configuration:        2175    mean value:    0.8783895204
Description of the best-so-far configuration:
     .ID. alpha pMin reward probability beta .PARENT.
2175 2175  0.09 8.85     ER          AP 0.81     2035

# 2021-03-08 22:41:40 CET: Elite configurations (first number is the configuration ID; listed from best to worst according to the sum of ranks):
     alpha pMin reward probability beta
2175  0.09 8.85     ER          AP 0.81
2728  0.10 9.46     ER          AP 0.79
2620  0.10 8.99     ER          AP 0.91
3046  0.20 9.17     ER          AP 0.71
# 2021-03-08 22:41:40 CET: Iteration 4 of 4
# experimentsUsedSoFar: 27160
# remainingBudget: 72840
# currentBudget: 72840
# nbConfigurations: 1024
# Markers:
     x No test is performed.
     c Configurations are discarded only due to capping.
     - The test is performed and some configurations are discarded.
     = The test is performed but no configuration is discarded.
     ! The test is performed and configurations could be discarded but elite configurations are preserved.
     . All alive configurations are elite and nothing is discarded

+-+-----------+-----------+-----------+---------------+-----------+--------+-----+----+------+
| |   Instance|      Alive|       Best|      Mean best| Exp so far|  W time|  rho|KenW|  Qvar|
+-+-----------+-----------+-----------+---------------+-----------+--------+-----+----+------+
|x|         22|       1024|       2175|1.000000000e-08|       1024|00:00:09|   NA|  NA|    NA|
|x|         23|       1024|       2175|1.000000000e-08|       2048|00:05:05|+0.00|0.50|0.4995|
|x|         24|       1024|       3442|0.0002984688374|       3072|00:28:42|+0.04|0.36|0.6346|
|x|         25|       1024|       3946|    2.702738744|       4096|00:19:39|-0.03|0.23|0.7439|
|=|         26|       1024|       3784|    2.569184956|       5120|02:19:14|-0.00|0.20|0.7872|
|=|         15|       1024|       3521|    3.488170342|       6140|00:16:48|+0.00|0.17|0.8177|
|=|         17|       1024|       3521|    2.989860294|       7160|00:00:24|+0.00|0.14|0.7030|
|=|         20|       1024|       4015|    2.848861822|       8180|01:18:55|+0.01|0.13|0.7355|
|-|          5|        337|       4015|    2.534316009|       9200|00:28:11|-0.06|0.05|0.7086|
|=|         16|        337|       3521|    2.228708007|       9533|00:05:10|-0.04|0.06|0.7238|
|=|          3|        337|       3521|    2.026098189|       9866|00:04:28|-0.01|0.08|0.7355|
|=|         11|        337|       3521|    4.697158326|      10199|00:06:32|-0.01|0.07|0.7581|
|=|         21|        337|       2175|    2.590639508|      10532|00:04:48|-0.02|0.06|0.7762|
|=|          9|        337|       2175|    2.405593829|      10865|00:04:41|-0.01|0.06|0.7907|
|=|         12|        337|       3046|    3.338203560|      11198|00:07:55|-0.00|0.06|0.8010|
|=|          6|        337|       3046|    3.129565839|      11531|00:00:20|-0.00|0.06|0.7508|
|=|         19|        337|       3046|    2.945473731|      11864|00:04:00|+0.01|0.06|0.7568|
|=|          4|        337|       3046|    2.781836302|      12197|00:00:13|+0.00|0.06|0.7151|
|=|          1|        337|       2175|    1.786111008|      12530|00:04:48|+0.00|0.06|0.7300|
|-|         13|        178|       3519|    2.665758014|      12863|00:04:24|-0.03|0.02|0.7562|
|=|         10|        178|       3521|    2.747696083|      13037|00:24:13|-0.02|0.03|0.7654|
|=|         14|        178|       3521|    2.622800807|      13211|00:00:02|-0.02|0.02|0.7303|
|=|          8|        178|       3521|    2.508765990|      13385|00:00:22|-0.02|0.02|0.6982|
|=|         18|        178|       3521|    2.404234074|      13559|00:00:12|-0.02|0.02|0.6689|
|=|          7|        178|       3521|    2.308064711|      13733|00:01:15|-0.02|0.02|0.6419|
|=|          2|        178|       3521|    2.219292992|      13907|00:00:01|-0.02|0.02|0.6170|
|=|         27|        178|       3521|    2.137096956|      14085|00:00:08|-0.02|0.02|0.5939|
+-+-----------+-----------+-----------+---------------+-----------+--------+-----+----+------+
Best-so-far configuration:        3521    mean value:     2.137096956
Description of the best-so-far configuration:
     .ID. alpha pMin reward probability beta .PARENT.
3521 3521  0.07 9.57     ER          AP 0.74     2175

# 2021-03-09 05:12:37 CET: Elite configurations (first number is the configuration ID; listed from best to worst according to the sum of ranks):
     alpha pMin reward probability beta
3521  0.07 9.57     ER          AP 0.74
3519  0.12 8.92     ER          AP 0.74
3805  0.21 8.61     ER          AP 0.77
3148  0.01 8.73     ER          AP 0.74
# 2021-03-09 05:12:37 CET: Iteration 5 of 5
# experimentsUsedSoFar: 41245
# remainingBudget: 58755
# currentBudget: 58755
# nbConfigurations: 1024
# Markers:
     x No test is performed.
     c Configurations are discarded only due to capping.
     - The test is performed and some configurations are discarded.
     = The test is performed but no configuration is discarded.
     ! The test is performed and configurations could be discarded but elite configurations are preserved.
     . All alive configurations are elite and nothing is discarded

+-+-----------+-----------+-----------+---------------+-----------+--------+-----+----+------+
| |   Instance|      Alive|       Best|      Mean best| Exp so far|  W time|  rho|KenW|  Qvar|
+-+-----------+-----------+-----------+---------------+-----------+--------+-----+----+------+
|x|         28|       1024|       3521|1.000000000e-08|       1024|00:00:38|   NA|  NA|    NA|
|x|         29|       1024|       3521|1.000000000e-08|       2048|00:17:07|+0.00|0.50|0.4995|
|x|         30|       1024|       4811| 0.002925340713|       3072|01:19:03|-0.00|0.33|0.6604|
|x|         31|       1024|       4564|  0.03329672400|       4096|00:23:38|+0.02|0.27|0.7459|
|-|         32|        442|       5011|    1.619719036|       5120|00:31:37|-0.13|0.09|0.8712|
|=|         14|        442|       5011|    1.349765865|       5558|00:00:06|-0.11|0.08|0.7139|
|=|         23|        442|       5011|    1.156942172|       5996|00:02:04|-0.09|0.07|0.7486|
|=|         22|        442|       5011|    1.012324401|       6434|00:00:04|-0.08|0.06|0.6505|
|=|         24|        442|       5011|   0.9015381788|       6872|00:12:21|-0.04|0.08|0.6826|
|=|         19|        442|       5011|   0.8113843619|       7310|00:05:57|-0.00|0.10|0.7025|
|=|         18|        442|       5011|   0.7376221481|       7748|00:00:32|-0.00|0.09|0.6383|
|=|          6|        442|       5011|   0.6761536366|       8186|00:00:26|-0.00|0.08|0.5848|
|=|          2|        442|       5011|   0.6241418192|       8624|00:00:02|-0.00|0.07|0.5396|
|=|         15|        442|       5011|   0.5795602614|       9062|00:07:16|+0.01|0.08|0.5694|
|-|          3|        222|       5011|   0.5409229260|       9500|00:05:52|-0.03|0.04|0.5410|
|=|          7|        222|       4629|   0.8619558140|       9718|00:01:20|-0.03|0.03|0.5066|
|=|         17|        222|       4629|   0.8112525314|       9936|00:00:06|-0.03|0.03|0.4763|
|=|         20|        222|       5011|   0.4624572753|      10154|00:17:17|-0.02|0.03|0.5051|
|=|          5|        222|       5011|   0.4403403652|      10372|00:06:06|-0.02|0.04|0.5309|
|=|         25|        222|       4086|    1.582482335|      10590|00:04:14|-0.01|0.04|0.5555|
|=|         26|        222|       4629|    2.376991749|      10808|00:30:51|-0.01|0.03|0.5767|
|=|         13|        222|       3521|    2.169375340|      11026|00:02:48|-0.01|0.04|0.5950|
|=|         12|        222|       3521|    2.075054676|      11244|00:05:10|-0.01|0.04|0.6125|
|=|          8|        222|       3521|    1.988594065|      11462|00:00:29|-0.01|0.03|0.5867|
|=|         11|        222|       3805|    2.553383412|      11680|00:04:15|-0.01|0.03|0.6026|
|=|         21|        222|       3805|    2.462139997|      11898|00:03:07|-0.01|0.03|0.6165|
|=|          1|        222|       5092|    2.068291932|      12116|00:03:08|-0.01|0.03|0.6309|
|=|          4|        222|       5092|    1.994424363|      12334|00:00:08|-0.01|0.03|0.6082|
|=|         27|        222|       5092|    1.925651110|      12552|00:00:09|-0.01|0.03|0.5871|
|=|          9|        222|       5092|    1.861462740|      12770|00:03:16|-0.00|0.03|0.5996|
|=|         10|        222|       5092|    1.808169114|      12988|00:29:56|-0.00|0.03|0.6123|
|=|         16|        222|       3148|    1.554271151|      13206|00:03:22|-0.00|0.03|0.6232|
|=|         33|        222|       3148|    1.507172025|      13428|00:00:10|-0.00|0.03|0.6042|
+-+-----------+-----------+-----------+---------------+-----------+--------+-----+----+------+
Best-so-far configuration:        3148    mean value:     1.507172025
Description of the best-so-far configuration:
     .ID. alpha pMin reward probability beta .PARENT.
3148 3148  0.01 8.73     ER          AP 0.74     2728

# 2021-03-09 10:15:36 CET: Elite configurations (first number is the configuration ID; listed from best to worst according to the sum of ranks):
     alpha pMin reward probability beta
3148  0.01 8.73     ER          AP 0.74
3805  0.21 8.61     ER          AP 0.77
3521  0.07 9.57     ER          AP 0.74
5011  0.08 9.53     ER          AP 0.85
# 2021-03-09 10:15:36 CET: Iteration 6 of 6
# experimentsUsedSoFar: 54673
# remainingBudget: 45327
# currentBudget: 45327
# nbConfigurations: 1024
# Markers:
     x No test is performed.
     c Configurations are discarded only due to capping.
     - The test is performed and some configurations are discarded.
     = The test is performed but no configuration is discarded.
     ! The test is performed and configurations could be discarded but elite configurations are preserved.
     . All alive configurations are elite and nothing is discarded

+-+-----------+-----------+-----------+---------------+-----------+--------+-----+----+------+
| |   Instance|      Alive|       Best|      Mean best| Exp so far|  W time|  rho|KenW|  Qvar|
+-+-----------+-----------+-----------+---------------+-----------+--------+-----+----+------+
|x|         34|       1024|       5364|    4.974795276|       1024|00:31:21|   NA|  NA|    NA|
|x|         35|       1024|       5364|    2.487397643|       2048|00:11:40|+0.03|0.51|0.9682|
|x|         36|       1024|       5364|    1.658326820|       3072|00:29:24|-0.01|0.32|1.0089|
|x|         37|       1024|       5364|    1.243745119|       4096|00:15:27|+0.07|0.30|1.0012|
|-|         38|        505|       5364|   0.9949960969|       5120|00:01:05|-0.11|0.11|0.8778|
|=|         31|        505|       5321|    1.829159637|       5621|00:11:39|-0.05|0.12|0.8783|
|=|         12|        505|       5364|   0.7107115186|       6122|00:11:41|-0.02|0.13|0.8879|
|=|         10|        505|       5878|    1.746162745|       6623|01:07:14|-0.01|0.12|0.8959|
|=|         26|        505|       5878|    1.561371052|       7124|01:10:08|-0.00|0.11|0.9016|
|=|         30|        505|       5878|    1.414574327|       7625|00:39:16|+0.00|0.10|0.9052|
|=|          2|        505|       5878|    1.285976662|       8126|00:00:03|+0.00|0.09|0.8223|
|=|          9|        505|       5878|    1.236466682|       8627|00:06:51|+0.00|0.09|0.8363|
|=|          1|        505|       5878|    1.175355271|       9128|00:07:09|+0.00|0.08|0.8502|
|=|         14|        505|       5878|    1.091401324|       9629|00:00:07|+0.00|0.07|0.7891|
|=|          5|        505|       5878|    1.019611554|      10130|00:13:56|+0.00|0.07|0.8016|
|-|         13|        173|       5878|   0.9558858339|      10631|00:06:28|-0.05|0.02|0.8338|
|=|         23|        173|       5878|   0.8996572560|      10800|00:00:29|-0.04|0.02|0.7832|
|=|         33|        173|       5878|   0.8496762979|      10969|00:00:07|-0.04|0.02|0.7385|
|=|          6|        173|       5878|   0.8049564933|      11138|00:00:11|-0.04|0.02|0.6985|
|=|         29|        173|       5878|   0.7676696265|      11307|00:02:56|-0.03|0.02|0.7112|
|=|         17|        173|       5878|   0.7311139305|      11476|00:00:05|-0.03|0.02|0.6766|
|=|          7|        173|       5878|   0.6978814795|      11645|00:00:58|-0.03|0.02|0.6452|
|=|         25|        173|       5878|   0.9833655521|      11814|00:03:24|-0.03|0.02|0.6588|
|=|         27|        173|       5878|   0.9423919879|      11983|00:00:07|-0.02|0.02|0.6310|
|=|          3|        173|       3521|    1.634929213|      12152|00:02:22|-0.02|0.02|0.6426|
|=|         24|        173|       3521|    1.572265715|      12321|00:05:01|-0.02|0.02|0.6570|
|=|         16|        173|       3521|    1.514033656|      12490|00:02:42|-0.01|0.02|0.6685|
|=|         21|        173|       3521|    1.490727363|      12659|00:02:30|-0.01|0.02|0.6797|
|=|         20|        173|       5878|   0.7982381359|      12828|00:13:52|-0.01|0.02|0.6906|
|=|         18|        173|       5878|   0.7716301984|      12997|00:00:10|-0.01|0.02|0.6674|
|=|          8|        173|       5878|   0.7467389020|      13166|00:00:29|-0.01|0.02|0.6458|
|=|         19|        173|       5878|   0.7234033116|      13335|00:01:46|-0.01|0.02|0.6559|
|=|         22|        173|       5878|   0.7014819995|      13504|00:00:01|-0.01|0.02|0.6359|
|=|         15|        173|       3521|    1.267295736|      13673|00:02:49|-0.01|0.02|0.6468|
|=|         11|        173|       3521|    2.204767853|      13842|00:03:25|-0.01|0.02|0.6566|
|=|          4|        173|       3521|    2.143524302|      14011|00:00:06|-0.01|0.02|0.6382|
|=|         32|        173|       5878|    1.708380401|      14180|00:05:32|-0.01|0.02|0.6477|
|=|         28|        173|       5878|    1.663423023|      14349|00:00:08|-0.01|0.02|0.6305|
|=|         39|        173|       3521|    2.591044589|      14522|00:05:09|-0.01|0.02|0.6395|
+-+-----------+-----------+-----------+---------------+-----------+--------+-----+----+------+
Best-so-far configuration:        3521    mean value:     2.591044589
Description of the best-so-far configuration:
     .ID. alpha pMin reward probability beta .PARENT.
3521 3521  0.07 9.57     ER          AP 0.74     2175

# 2021-03-09 16:33:52 CET: Elite configurations (first number is the configuration ID; listed from best to worst according to the sum of ranks):
     alpha pMin reward probability beta
3521  0.07 9.57     ER          AP 0.74
5878  0.03 9.53     EA          AP 0.88
3148  0.01 8.73     ER          AP 0.74
5597  0.01 9.49     ER          AP 0.64
# 2021-03-09 16:33:52 CET: Iteration 7 of 7
# experimentsUsedSoFar: 69195
# remainingBudget: 30805
# currentBudget: 30805
# nbConfigurations: 703
# Markers:
     x No test is performed.
     c Configurations are discarded only due to capping.
     - The test is performed and some configurations are discarded.
     = The test is performed but no configuration is discarded.
     ! The test is performed and configurations could be discarded but elite configurations are preserved.
     . All alive configurations are elite and nothing is discarded

+-+-----------+-----------+-----------+---------------+-----------+--------+-----+----+------+
| |   Instance|      Alive|       Best|      Mean best| Exp so far|  W time|  rho|KenW|  Qvar|
+-+-----------+-----------+-----------+---------------+-----------+--------+-----+----+------+
|x|         40|        703|       3521|1.000000000e-08|        703|00:00:19|   NA|  NA|    NA|
|x|         41|        703|       3521|1.000000000e-08|       1406|00:00:54|+1.00|1.00|0.0000|
|x|         42|        703|       3521|1.000000000e-08|       2109|00:05:22|+0.00|0.33|0.3329|
|x|         43|        703|       3521|1.000000000e-08|       2812|00:08:20|-0.00|0.25|0.5008|
|-|         44|        683|       5878|1.000000000e-08|       3515|00:09:06|-0.02|0.18|0.6053|
|=|          9|        683|       3148|1.000000000e-08|       4194|00:08:49|+0.00|0.17|0.6732|
|=|         17|        683|       3148|1.000000000e-08|       4873|00:00:17|+0.00|0.14|0.5760|
|=|         11|        683|       6799|    1.048615824|       5552|00:13:12|-0.00|0.12|0.6275|
|=|          6|        683|       6799|   0.9321029559|       6231|00:00:40|-0.00|0.11|0.5574|
|=|          7|        683|       6799|   0.8388926613|       6910|00:04:47|-0.00|0.10|0.5978|
|=|         12|        683|       6442|    1.310686436|       7589|00:15:41|+0.01|0.10|0.6336|
|=|         14|        683|       6442|    1.201462567|       8268|00:00:10|+0.01|0.09|0.5810|
|=|         15|        683|       6442|    1.109042370|       8947|00:11:03|+0.01|0.08|0.6128|
|=|         33|        683|       6442|    1.029825059|       9626|00:00:29|+0.01|0.08|0.5691|
|=|         30|        683|       6794|    1.108407659|      10305|00:52:47|+0.00|0.07|0.5989|
|=|          2|        683|       6794|    1.039132181|      10984|00:00:04|+0.00|0.07|0.5614|
|-|         29|        308|       6794|   0.9780067593|      11663|00:11:03|-0.03|0.03|0.5407|
|=|          1|        308|       6530|    1.073256313|      11967|00:04:20|-0.03|0.03|0.5661|
|=|         26|        308|       3148|   0.9273883828|      12271|00:42:10|-0.03|0.03|0.5891|
|=|         18|        308|       3148|   0.8810189642|      12575|00:00:21|-0.02|0.03|0.5591|
|=|         35|        308|       3148|   0.8390656807|      12879|00:03:37|-0.02|0.03|0.5801|
|=|         24|        308|       3148|   0.8030640699|      13183|00:08:38|-0.02|0.03|0.5994|
|=|         38|        308|       3148|   0.7681482412|      13487|00:00:19|-0.02|0.03|0.5729|
|=|          5|        308|       3148|   0.7380027092|      13791|00:08:31|-0.01|0.03|0.5895|
|=|         16|        308|       3148|   0.7084826017|      14095|00:04:40|-0.00|0.04|0.6041|
|=|         25|        308|       3148|    1.246455437|      14399|00:05:52|-0.00|0.03|0.6193|
|=|         19|        308|       3148|    1.200290421|      14703|00:04:13|+0.00|0.04|0.6304|
|-|         37|        128|       3148|    1.157422913|      15007|00:04:37|-0.02|0.01|0.6499|
|=|         23|        128|       3148|    1.117511779|      15131|00:00:23|-0.02|0.01|0.6271|
|=|         27|        128|       3148|    1.080261386|      15255|00:00:05|-0.02|0.01|0.6058|
|=|         32|        128|       3148|    1.528221702|      15379|00:03:54|-0.02|0.01|0.6176|
|=|         13|        128|       6348|    2.056825790|      15503|00:01:38|-0.02|0.02|0.6291|
|=|         22|        128|       6348|    1.994497736|      15627|00:00:01|-0.01|0.02|0.6098|
|=|          8|        128|       6348|    1.935836038|      15751|00:00:25|-0.01|0.02|0.5916|
|=|          3|        128|       6523|    1.455323871|      15875|00:01:40|-0.01|0.02|0.6025|
|=|         34|        128|       6523|    1.746551226|      15999|00:03:52|-0.01|0.02|0.6139|
|=|         20|        128|       6523|    1.776386692|      16123|00:10:01|-0.01|0.02|0.6245|
|=|          4|        128|       6523|    1.729639674|      16247|00:00:05|-0.01|0.02|0.6078|
|=|         10|        128|       6523|    1.688439850|      16371|00:17:11|-0.01|0.02|0.6175|
|=|         36|        128|       6348|    1.974969811|      16495|00:03:38|-0.01|0.02|0.6255|
|=|         39|        128|       3148|    1.619426633|      16619|00:03:37|-0.00|0.02|0.6337|
|=|         21|        128|       3148|    1.592246053|      16743|00:01:47|-0.00|0.02|0.6425|
|=|         28|        128|       3148|    1.555217075|      16867|00:00:06|-0.00|0.02|0.6275|
|=|         31|        128|       6348|    1.803694385|      16991|00:02:53|-0.00|0.02|0.6353|
|=|         45|        128|       6348|    1.763612288|      17119|00:00:10|-0.00|0.02|0.6211|
+-+-----------+-----------+-----------+---------------+-----------+--------+-----+----+------+
Best-so-far configuration:        6348    mean value:     1.763612288
Description of the best-so-far configuration:
     .ID. alpha pMin reward probability beta .PARENT.
6348 6348  0.05 9.76     ER          AP 0.93     3521

# 2021-03-09 21:16:06 CET: Elite configurations (first number is the configuration ID; listed from best to worst according to the sum of ranks):
     alpha pMin reward probability beta
6348  0.05 9.76     ER          AP 0.93
3148  0.01 8.73     ER          AP 0.74
5878  0.03 9.53     EA          AP 0.88
6523  0.13 9.68     ER          AP 0.66
# 2021-03-09 21:16:06 CET: Iteration 8 of 8
# experimentsUsedSoFar: 86314
# remainingBudget: 13686
# currentBudget: 13686
# nbConfigurations: 277
# Markers:
     x No test is performed.
     c Configurations are discarded only due to capping.
     - The test is performed and some configurations are discarded.
     = The test is performed but no configuration is discarded.
     ! The test is performed and configurations could be discarded but elite configurations are preserved.
     . All alive configurations are elite and nothing is discarded

+-+-----------+-----------+-----------+---------------+-----------+--------+-----+----+------+
| |   Instance|      Alive|       Best|      Mean best| Exp so far|  W time|  rho|KenW|  Qvar|
+-+-----------+-----------+-----------+---------------+-----------+--------+-----+----+------+
|x|         46|        277|       6348|1.000000000e-08|        277|00:03:30|   NA|  NA|    NA|
|x|         47|        277|       6348|1.000000000e-08|        554|00:01:52|+0.00|0.50|0.4982|
|x|         48|        277|       6348|1.000000000e-08|        831|00:00:13|+0.00|0.33|0.3321|
|x|         49|        277|       6348|1.000000000e-08|       1108|00:00:08|+0.00|0.25|0.2491|
|-|         50|        264|       6348|1.000000000e-08|       1385|00:03:27|-0.02|0.19|0.4023|
|=|         44|        264|       6348|1.000000000e-08|       1645|00:03:20|+0.01|0.17|0.4910|
|=|         25|        264|       6959|    1.400010018|       1905|00:05:11|-0.03|0.12|0.5741|
|=|         21|        264|       7058|    2.097903759|       2165|00:03:49|-0.01|0.11|0.6221|
|=|         34|        264|       7058|    3.080863850|       2425|00:08:20|-0.00|0.11|0.6624|
|=|         31|        264|       7037|    3.208547869|       2685|00:06:06|+0.00|0.10|0.6978|
|=|         43|        264|       7037|    2.916861700|       2945|00:03:09|+0.00|0.09|0.7256|
|=|         27|        264|       7037|    2.673789892|       3205|00:00:11|+0.00|0.09|0.6650|
|=|         35|        264|       7037|    2.468113747|       3465|00:03:12|+0.00|0.08|0.6904|
|=|         15|        264|       7037|    2.291819909|       3725|00:04:30|+0.00|0.08|0.7077|
|=|         41|        264|       7037|    2.139031916|       3985|00:00:22|+0.00|0.07|0.6607|
|-|         39|         92|       7037|    2.005348157|       4245|00:07:42|-0.04|0.03|0.6994|
|=|          7|         92|       7037|    1.887386501|       4333|00:00:37|-0.04|0.03|0.6571|
|=|          1|         92|       7037|    1.795261020|       4421|00:01:17|-0.03|0.02|0.6786|
|=|         45|         92|       7037|    1.700773598|       4509|00:00:07|-0.03|0.02|0.6418|
|=|         36|         92|       7037|    1.615766457|       4597|00:02:38|-0.02|0.03|0.6541|
|=|          5|         92|       7037|    1.540434840|       4685|00:02:32|-0.02|0.03|0.6654|
|=|         40|         92|       7037|    1.470415075|       4773|00:00:02|-0.02|0.03|0.6348|
|=|         33|         92|       7037|    1.406483985|       4861|00:00:04|-0.02|0.03|0.6070|
|=|          9|         92|       7037|    1.347880486|       4949|00:01:23|-0.02|0.03|0.6233|
|=|         12|         92|       7037|    1.293965273|       5037|00:02:05|-0.01|0.03|0.6382|
|=|          2|         92|       7037|    1.244197378|       5125|00:00:00|-0.01|0.03|0.6135|
|=|         38|         92|       7037|    1.198115994|       5213|00:00:06|-0.01|0.03|0.5906|
|=|         29|         92|       7037|    1.155326137|       5301|00:01:41|-0.01|0.03|0.6030|
|=|         10|         92|       7037|    1.117547344|       5389|00:12:36|-0.00|0.03|0.6153|
|=|          6|         92|       7037|    1.080295767|       5477|00:00:05|-0.00|0.03|0.5947|
|=|         23|         92|       7037|    1.045447516|       5565|00:00:22|-0.00|0.03|0.5755|
|=|         13|         92|       7037|    1.012777282|       5653|00:01:12|+0.00|0.03|0.5857|
|=|         16|         92|       7037|   0.9820870903|       5741|00:01:23|+0.01|0.04|0.5951|
|-|         24|         42|       7037|   0.9553054223|       5829|00:02:34|-0.01|0.02|0.5231|
|=|         19|         42|       7037|   0.9280109819|       5867|00:00:29|-0.01|0.01|0.5367|
|=|          4|         42|       7037|   0.9022328994|       5905|00:00:01|-0.01|0.01|0.5216|
|=|          8|         42|       7037|   0.8778482267|       5943|00:00:05|-0.01|0.01|0.5073|
|=|         11|         42|       7037|    1.743056117|       5981|00:00:56|-0.01|0.01|0.5197|
|=|         26|         42|       7068|    1.713988361|       6019|00:06:56|-0.01|0.01|0.5313|
|=|          3|         42|       6915|    2.214470335|       6057|00:00:39|-0.01|0.01|0.5415|
|=|         20|         42|       6915|    2.207166840|       6095|00:03:51|-0.01|0.01|0.5522|
|=|         42|         42|       6915|    2.154615249|       6133|00:00:39|-0.01|0.01|0.5389|
|=|         18|         42|       6915|    2.104507918|       6171|00:00:04|-0.01|0.01|0.5263|
|=|         14|         42|       6915|    2.056678192|       6209|00:00:00|-0.01|0.01|0.5142|
|=|         22|         42|       6915|    2.010974233|       6247|00:00:00|-0.01|0.01|0.5027|
|=|         32|         42|       6915|    2.248648084|       6285|00:01:33|-0.01|0.01|0.5134|
|=|         28|         42|       6915|    2.200804508|       6323|00:00:02|-0.01|0.01|0.5024|
|=|         17|         42|       6915|    2.154954414|       6361|00:00:01|-0.01|0.01|0.4919|
|=|         30|         42|       6915|    2.172055356|       6399|00:03:54|-0.01|0.01|0.5014|
|=|         37|         42|       6915|    2.128614252|       6437|00:00:44|-0.01|0.01|0.5108|
|=|         51|         42|       6915|    2.086876718|       6479|00:00:00|-0.01|0.01|0.5007|
+-+-----------+-----------+-----------+---------------+-----------+--------+-----+----+------+
Best-so-far configuration:        6915    mean value:     2.086876718
Description of the best-so-far configuration:
     .ID. alpha pMin reward probability beta .PARENT.
6915 6915  0.09 9.18     ER          AP 0.68     6523

# 2021-03-09 23:02:15 CET: Elite configurations (first number is the configuration ID; listed from best to worst according to the sum of ranks):
     alpha pMin reward probability beta
6915  0.09 9.18     ER          AP 0.68
5878  0.03 9.53     EA          AP 0.88
6348  0.05 9.76     ER          AP 0.93
6523  0.13 9.68     ER          AP 0.66
# 2021-03-09 23:02:15 CET: Iteration 9 of 9
# experimentsUsedSoFar: 92793
# remainingBudget: 7207
# currentBudget: 7207
# nbConfigurations: 132
# Markers:
     x No test is performed.
     c Configurations are discarded only due to capping.
     - The test is performed and some configurations are discarded.
     = The test is performed but no configuration is discarded.
     ! The test is performed and configurations could be discarded but elite configurations are preserved.
     . All alive configurations are elite and nothing is discarded

+-+-----------+-----------+-----------+---------------+-----------+--------+-----+----+------+
| |   Instance|      Alive|       Best|      Mean best| Exp so far|  W time|  rho|KenW|  Qvar|
+-+-----------+-----------+-----------+---------------+-----------+--------+-----+----+------+
|x|         52|        132|       7195|   0.1141590395|        132|00:02:00|   NA|  NA|    NA|
|x|         53|        132|       7195|  0.05707952474|        264|00:00:05|+0.00|0.50|0.4962|
|x|         54|        132|       7195|  0.03805301983|        396|00:02:09|+0.02|0.34|0.6751|
|x|         55|        132|       7195|  0.02853976737|        528|00:00:12|+0.01|0.26|0.5029|
|=|         56|        132|       7104|  0.04565314267|        660|00:04:07|+0.02|0.21|0.5912|
|=|         28|        132|       7104|  0.03804428723|        788|00:00:05|+0.01|0.18|0.4934|
|=|          2|        132|       7104|  0.03260939048|        916|00:00:00|+0.01|0.15|0.4233|
|=|         45|        132|       7104|  0.02853321792|       1044|00:00:13|+0.01|0.13|0.3706|
|-|         12|         81|       7201|  0.02198320504|       1172|00:02:59|-0.04|0.08|0.4540|
|=|         27|         81|       7155|  0.02796739730|       1249|00:00:03|-0.03|0.07|0.4071|
|=|          3|         81|       7155|  0.02542490809|       1326|00:01:06|-0.00|0.09|0.4532|
|=|         38|         81|       7155|  0.02330616659|       1403|00:00:06|-0.00|0.08|0.4151|
|=|         35|         81|       7155|  0.02151338531|       1480|00:01:05|+0.00|0.08|0.4569|
|=|         18|         81|       7155|  0.01997671565|       1557|00:00:09|+0.00|0.07|0.4241|
|=|         34|         81|       7201|   0.8091568382|       1634|00:02:36|+0.01|0.07|0.4599|
|=|         33|         81|       7201|   0.7585845364|       1711|00:00:09|+0.01|0.07|0.4313|
|=|         41|         81|       7201|   0.7139619172|       1788|00:00:07|+0.00|0.06|0.4059|
|=|         37|         81|       7201|   0.6742973668|       1865|00:01:14|+0.01|0.07|0.4354|
|=|          4|         81|       7201|   0.6388080323|       1942|00:00:03|+0.01|0.06|0.4126|
|=|          7|         81|       7201|   0.6068676312|       2019|00:00:37|+0.01|0.06|0.3922|
|=|         44|         81|       7201|   0.5779691730|       2096|00:01:07|+0.01|0.06|0.4184|
|-|         23|         36|       7201|   0.5516978474|       2173|00:00:34|-0.01|0.03|0.3558|
|=|         51|         36|       7201|   0.5277109849|       2205|00:00:00|-0.01|0.03|0.3403|
|=|          1|         36|       6523|   0.5364703754|       2237|00:00:27|-0.01|0.03|0.3667|
|=|         17|         36|       6523|   0.5150115608|       2269|00:00:01|-0.01|0.03|0.3519|
|=|         19|         36|       6523|   0.4952034242|       2301|00:00:28|-0.01|0.03|0.3768|
|=|         36|         36|       6915|   0.4645179729|       2333|00:00:57|-0.01|0.03|0.3988|
|=|         39|         36|       6915|   0.4479317195|       2365|00:00:56|-0.00|0.03|0.4188|
|=|         29|         36|       6915|   0.4324857984|       2397|00:00:39|-0.00|0.03|0.4376|
|=|         20|         36|       6915|   0.4819038398|       2429|00:02:36|-0.00|0.03|0.4545|
|=|         26|         36|       6915|   0.4678724789|       2461|00:05:08|+0.00|0.03|0.4699|
|=|         21|         36|       6915|   0.4716976747|       2493|00:00:27|+0.00|0.03|0.4856|
|=|         49|         36|       6915|   0.4574038060|       2525|00:00:01|+0.00|0.03|0.4709|
|=|         25|         36|       6915|    1.522159380|       2557|00:00:37|-0.00|0.03|0.4856|
|=|          8|         36|       6915|    1.478669112|       2589|00:00:14|-0.00|0.03|0.4717|
|=|          5|         36|       6915|    1.438071378|       2621|00:00:54|-0.00|0.03|0.4855|
|=|         24|         36|       6915|    1.399619420|       2653|00:00:55|-0.00|0.03|0.4988|
|=|          6|         36|       6915|    1.362787330|       2685|00:00:03|-0.00|0.03|0.4857|
|=|         14|         36|       6915|    1.327844066|       2717|00:00:00|-0.00|0.02|0.4732|
|=|         32|         36|       6915|    1.618247249|       2749|00:01:00|-0.00|0.02|0.4865|
|=|         22|         36|       6915|    1.578777804|       2781|00:00:00|-0.00|0.02|0.4746|
|=|         43|         36|       6915|    1.541187856|       2813|00:00:24|-0.00|0.02|0.4633|
|=|         15|         36|       6915|    1.505346278|       2845|00:00:36|-0.00|0.02|0.4752|
|=|         46|         36|       6915|    1.471455467|       2877|00:00:30|-0.00|0.02|0.4869|
|=|         40|         36|       6915|    1.438756457|       2909|00:00:01|-0.00|0.02|0.4760|
|=|         48|         36|       6915|    1.407479143|       2941|00:00:02|-0.00|0.02|0.4657|
|=|         50|         36|       6915|    1.377532779|       2973|00:00:32|-0.00|0.02|0.4756|
|=|         31|         36|       6915|    1.348834181|       3005|00:00:43|-0.00|0.02|0.4859|
|=|         42|         36|       6915|    1.321306953|       3037|00:00:25|-0.00|0.02|0.4760|
|=|          9|         36|       6915|    1.294880814|       3069|00:00:31|-0.00|0.02|0.4863|
|=|         13|         36|       6915|    1.269490994|       3101|00:00:26|-0.00|0.02|0.4963|
|=|         11|         36|       6915|    2.010367467|       3133|00:00:37|-0.00|0.02|0.5050|
|=|         10|         36|       6915|    1.976748989|       3165|00:04:39|-0.00|0.02|0.5139|
|=|         47|         36|       6915|    1.940142526|       3197|00:00:17|-0.00|0.02|0.5044|
|=|         30|         36|       6915|    1.959283581|       3229|00:02:43|-0.00|0.02|0.5127|
|=|         16|         36|       6915|    1.924296377|       3261|00:00:29|-0.00|0.02|0.5207|
|=|         57|         36|       6915|    1.891575724|       3297|00:00:41|+0.00|0.02|0.5274|
+-+-----------+-----------+-----------+---------------+-----------+--------+-----+----+------+
Best-so-far configuration:        6915    mean value:     1.891575724
Description of the best-so-far configuration:
     .ID. alpha pMin reward probability beta .PARENT.
6915 6915  0.09 9.18     ER          AP 0.68     6523

# 2021-03-09 23:52:32 CET: Elite configurations (first number is the configuration ID; listed from best to worst according to the sum of ranks):
     alpha pMin reward probability beta
6915  0.09 9.18     ER          AP 0.68
6348  0.05 9.76     ER          AP 0.93
6523  0.13 9.68     ER          AP 0.66
5878  0.03 9.53     EA          AP 0.88
# 2021-03-09 23:52:32 CET: Iteration 10 of 10
# experimentsUsedSoFar: 96090
# remainingBudget: 3910
# currentBudget: 3910
# nbConfigurations: 66
# Markers:
     x No test is performed.
     c Configurations are discarded only due to capping.
     - The test is performed and some configurations are discarded.
     = The test is performed but no configuration is discarded.
     ! The test is performed and configurations could be discarded but elite configurations are preserved.
     . All alive configurations are elite and nothing is discarded

+-+-----------+-----------+-----------+---------------+-----------+--------+-----+----+------+
| |   Instance|      Alive|       Best|      Mean best| Exp so far|  W time|  rho|KenW|  Qvar|
+-+-----------+-----------+-----------+---------------+-----------+--------+-----+----+------+
|x|         58|         66|       7252| 0.002904926244|         66|00:02:12|   NA|  NA|    NA|
|x|         59|         66|       7252| 0.001452468122|        132|00:00:03|+0.00|0.50|0.4924|
|x|         60|         66|       7239|    2.657361171|        198|00:02:27|+0.06|0.38|0.6579|
|x|         61|         66|       7239|    1.993020881|        264|00:00:03|+0.04|0.28|0.4931|
|=|         62|         66|       7239|    1.594416806|        330|00:01:30|+0.00|0.20|0.5722|
|=|         51|         66|       7239|    1.328680673|        392|00:00:00|+0.00|0.17|0.4800|
|=|         55|         66|       7239|    1.138869150|        454|00:00:07|+0.00|0.14|0.4132|
|=|         52|         66|       7252|    2.048686596|        516|00:00:54|-0.01|0.11|0.4829|
|=|          5|         66|       7252|    1.824355031|        578|00:01:44|+0.01|0.12|0.5300|
|-|         16|         48|       7252|    1.641919530|        640|00:00:57|-0.05|0.05|0.6179|
|=|         49|         48|       7252|    1.492654119|        684|00:00:01|-0.05|0.05|0.5589|
|=|         56|         48|       7252|    1.368299835|        728|00:01:30|-0.03|0.06|0.5817|
|=|         37|         48|       7252|    1.263046002|        772|00:00:46|-0.00|0.07|0.6100|
|=|          3|         48|       7252|    1.172828433|        816|00:00:40|+0.01|0.08|0.6347|
|=|         40|         48|       7252|    1.094639872|        860|00:00:01|+0.01|0.08|0.5921|
|=|         25|         48|       7252|    2.590301114|        904|00:00:58|+0.00|0.07|0.6177|
|=|         50|         48|       7252|    2.437930461|        948|00:00:40|+0.00|0.06|0.5810|
|=|         29|         48|       7252|    2.302489880|        992|00:00:51|+0.01|0.06|0.6037|
|=|         28|         48|       7252|    2.181306203|       1036|00:00:02|+0.01|0.06|0.5716|
|=|         42|         48|       7252|    2.072240893|       1080|00:00:40|+0.01|0.06|0.5428|
|=|         39|         48|       7252|    1.973563576|       1124|00:01:29|+0.01|0.06|0.5600|
|=|         45|         48|       7252|    1.883856142|       1168|00:00:04|+0.01|0.05|0.5345|
|=|          9|         48|       7252|    1.801949353|       1212|00:00:38|+0.01|0.05|0.5542|
|=|         22|         48|       7252|    1.726868131|       1256|00:00:00|+0.01|0.05|0.5311|
|=|         35|         48|       7252|    1.685467681|       1300|00:00:34|+0.01|0.05|0.5502|
|=|          2|         48|       7252|    1.620642002|       1344|00:00:00|+0.01|0.04|0.5290|
|=|         38|         48|       7252|    1.560618224|       1388|00:00:04|+0.01|0.04|0.5093|
|=|         48|         48|       7252|    1.504881860|       1432|00:00:02|+0.01|0.04|0.4911|
|=|         44|         48|       7252|    1.452989382|       1476|00:00:34|+0.01|0.04|0.5066|
|-|         34|         24|       7285|    1.747998125|       1520|00:01:35|-0.01|0.03|0.4829|
|=|         20|         24|       7285|    1.793549177|       1540|00:01:58|-0.01|0.02|0.5006|
|=|          7|         24|       7285|    1.737500765|       1560|00:00:17|-0.01|0.02|0.4848|
|=|         32|         24|       7285|    2.137875597|       1580|00:00:46|-0.01|0.02|0.5006|
|=|         21|         24|       7253|    2.438260101|       1600|00:00:20|-0.01|0.02|0.5134|
|=|         36|         24|       7253|    2.368602427|       1620|00:00:43|-0.01|0.02|0.5269|
|=|         30|         24|       7253|    2.390402885|       1640|00:01:58|-0.01|0.01|0.5400|
|=|         54|         24|       7253|    2.325797402|       1660|00:00:28|-0.01|0.02|0.5505|
|=|         14|         24|       7253|    2.264592208|       1680|00:00:00|-0.01|0.02|0.5358|
|=|         11|         24|       7253|    2.932635567|       1700|00:00:28|-0.01|0.02|0.5463|
|=|         26|         24|       7253|    2.861247170|       1720|00:03:58|-0.01|0.02|0.5554|
|=|         27|         24|       7253|    2.791460654|       1740|00:00:01|-0.01|0.02|0.5417|
|=|          4|         24|       7253|    2.724997305|       1760|00:00:00|-0.01|0.02|0.5287|
|=|         46|         24|       7253|    2.662487766|       1780|00:00:24|-0.01|0.02|0.5407|
|=|         57|         24|       7253|    2.601976680|       1800|00:00:28|-0.01|0.02|0.5493|
|=|         43|         24|       7253|    2.544154976|       1820|00:00:23|-0.01|0.02|0.5370|
|=|         23|         24|       7253|    2.488847260|       1840|00:00:06|-0.01|0.02|0.5252|
|=|         15|         24|       7253|    2.435893063|       1860|00:00:29|-0.00|0.02|0.5343|
|=|         53|         24|       7253|    2.385145291|       1880|00:00:01|-0.00|0.02|0.5231|
|=|          8|         24|       7253|    2.336468857|       1900|00:00:08|-0.00|0.02|0.5124|
|=|         33|         24|       7253|    2.289739480|       1920|00:00:03|-0.00|0.02|0.5020|
|=|         19|         24|       7253|    2.244842627|       1940|00:00:19|-0.00|0.02|0.4921|
|=|         12|         24|       6523|    1.531727863|       1960|00:00:34|-0.00|0.02|0.5010|
|=|         17|         24|       6523|    1.502827337|       1980|00:00:01|-0.00|0.02|0.4915|
|=|         31|         24|       7253|    2.120129173|       2000|00:00:35|-0.00|0.02|0.4991|
|=|         18|         24|       7253|    2.081581370|       2020|00:00:02|-0.00|0.02|0.4900|
|=|          1|         24|       6523|    1.425591892|       2040|00:00:21|+0.00|0.02|0.4975|
|=|         24|         24|       7252|    1.751489116|       2060|00:00:42|+0.00|0.02|0.5055|
|=|          6|         24|       7252|    1.721291028|       2080|00:00:02|+0.00|0.02|0.4967|
|=|         13|         24|       6523|    1.353721021|       2100|00:00:18|+0.00|0.02|0.5048|
|=|         47|         24|       6523|    1.331159004|       2120|00:00:14|+0.00|0.02|0.4963|
|=|         10|         24|       7252|    1.637420500|       2140|00:03:34|+0.01|0.02|0.5026|
|=|         41|         24|       7252|    1.611010492|       2160|00:00:04|+0.01|0.02|0.4945|
|-|         63|         18|       7253|    1.845726107|       2184|00:03:59|-0.00|0.02|0.4966|
|=|         64|         18|       7253|    1.822871813|       2202|00:00:19|+0.00|0.02|0.5033|
|=|         65|         18|       7253|    1.794827632|       2220|00:00:01|+0.00|0.02|0.4955|
+-+-----------+-----------+-----------+---------------+-----------+--------+-----+----+------+
Best-so-far configuration:        7253    mean value:     1.794827632
Description of the best-so-far configuration:
     .ID. alpha pMin reward probability beta .PARENT.
7253 7253   0.1 9.65     ER          AP 0.68     6915

# 2021-03-10 00:38:17 CET: Elite configurations (first number is the configuration ID; listed from best to worst according to the sum of ranks):
     alpha pMin reward probability beta
7253  0.10 9.65     ER          AP 0.68
6523  0.13 9.68     ER          AP 0.66
6348  0.05 9.76     ER          AP 0.93
7252  0.10 9.46     ER          AP 0.64
# 2021-03-10 00:38:17 CET: Iteration 11 of 11
# experimentsUsedSoFar: 98310
# remainingBudget: 1690
# currentBudget: 1690
# nbConfigurations: 27
# Markers:
     x No test is performed.
     c Configurations are discarded only due to capping.
     - The test is performed and some configurations are discarded.
     = The test is performed but no configuration is discarded.
     ! The test is performed and configurations could be discarded but elite configurations are preserved.
     . All alive configurations are elite and nothing is discarded

+-+-----------+-----------+-----------+---------------+-----------+--------+-----+----+------+
| |   Instance|      Alive|       Best|      Mean best| Exp so far|  W time|  rho|KenW|  Qvar|
+-+-----------+-----------+-----------+---------------+-----------+--------+-----+----+------+
|x|         66|         27|       7253|1.000000000e-08|         27|00:00:36|   NA|  NA|    NA|
|x|         67|         27|       6523|1.000000000e-08|         54|00:00:26|+0.00|0.50|0.4815|
|x|         68|         27|       6523|1.000000000e-08|         81|00:00:22|+0.00|0.33|0.3210|
|x|         69|         27|       6523|1.000000000e-08|        108|00:00:26|+0.17|0.37|0.4578|
|=|         70|         27|       6523|   0.1088208418|        135|00:02:22|+0.12|0.29|0.5742|
|=|         60|         27|       6523|    2.246428657|        158|00:00:49|+0.05|0.21|0.6487|
|=|         42|         27|       6523|    1.925510279|        181|00:00:28|+0.04|0.18|0.5551|
|=|         55|         27|       6523|    1.684821495|        204|00:00:04|+0.04|0.16|0.4851|
|=|         26|         27|       7289|    1.314534661|        227|00:03:58|+0.06|0.16|0.5211|
|=|         11|         27|       7307|    3.089574471|        250|00:00:30|+0.05|0.15|0.5610|
|=|         49|         27|       7307|    2.808704066|        273|00:00:01|+0.05|0.14|0.5116|
|=|         27|         27|       7307|    2.574645394|        296|00:00:01|+0.04|0.12|0.4701|
|=|         15|         27|       7289|    2.703932652|        319|00:00:30|+0.03|0.11|0.5074|
|=|         40|         27|       7289|    2.510794606|        342|00:00:02|+0.03|0.10|0.4719|
|=|         57|         27|       7289|    2.343408300|        365|00:00:29|+0.03|0.09|0.5074|
|=|         41|         27|       7289|    2.196945281|        388|00:00:04|+0.03|0.09|0.4761|
|=|         21|         27|       7289|    2.096804961|        411|00:00:23|+0.02|0.07|0.5007|
|=|          6|         27|       7289|    1.980315797|        434|00:00:03|+0.02|0.07|0.4733|
|=|         44|         27|       7289|    1.876088650|        457|00:00:30|+0.02|0.07|0.4919|
|-|         37|         18|       7289|    1.782284218|        480|00:00:23|-0.01|0.04|0.4793|
|=|          9|         18|       7289|    1.697413541|        494|00:00:21|-0.00|0.04|0.4980|
|=|         12|         18|       6523|    1.470730218|        508|00:00:30|+0.00|0.05|0.5124|
|=|         46|         18|       6523|    1.406785426|        522|00:00:24|-0.00|0.04|0.5339|
|=|         53|         18|       6523|    1.348169367|        536|00:00:00|-0.00|0.04|0.5116|
|=|         22|         18|       6523|    1.294242593|        550|00:00:00|-0.00|0.04|0.4912|
|=|         14|         18|       6523|    1.244464032|        564|00:00:00|-0.00|0.04|0.4723|
|=|         64|         18|       6523|    1.229089954|        578|00:00:16|-0.01|0.03|0.4933|
|=|         30|         18|       6523|    1.282415481|        592|00:01:39|-0.01|0.03|0.5095|
|=|         38|         18|       6523|    1.238194258|        606|00:00:02|-0.01|0.03|0.4918|
|=|          7|         18|       6523|    1.196921117|        620|00:00:14|-0.00|0.03|0.4753|
|=|         32|         18|       6523|    1.575551653|        634|00:00:40|-0.00|0.03|0.4893|
|=|         61|         18|       6523|    1.526315664|        648|00:00:00|-0.00|0.03|0.4739|
|=|         29|         18|       6523|    1.480063674|        662|00:00:26|-0.00|0.03|0.4870|
|=|         31|         18|       6523|    1.436532392|        676|00:00:29|-0.00|0.03|0.5016|
|=|         25|         18|       6523|    1.869552308|        690|00:00:22|+0.01|0.03|0.5110|
|=|         56|         18|       6523|    1.817633639|        704|00:00:35|+0.01|0.03|0.5232|
|=|         62|         18|       7253|    2.718040710|        718|00:00:29|+0.00|0.03|0.5364|
|=|         65|         18|       7253|    2.646513324|        732|00:00:01|+0.00|0.03|0.5223|
|=|          2|         18|       7253|    2.578654008|        746|00:00:00|+0.00|0.03|0.5089|
|=|         39|         18|       7253|    2.514189538|        760|00:00:33|+0.00|0.03|0.5178|
|=|          5|         18|       7253|    2.453224791|        774|00:00:34|+0.01|0.03|0.5264|
|=|         63|         18|       7253|    2.397122950|        788|00:03:01|+0.01|0.03|0.5342|
|=|         58|         18|       7253|    2.342670889|        802|00:00:34|+0.01|0.03|0.5437|
|=|         47|         18|       7253|    2.289428369|        816|00:00:10|+0.01|0.03|0.5315|
|=|          1|         18|       6523|    1.462681326|        830|00:00:16|+0.01|0.03|0.5424|
|=|          4|         18|       6523|    1.430883906|        844|00:00:00|+0.01|0.03|0.5307|
|=|         34|         18|       6523|    1.654471667|        858|00:00:39|+0.01|0.03|0.5377|
|-|         10|         10|       6523|    1.622562810|        872|00:03:01|+0.00|0.02|0.5053|
|=|         28|         10|       7253|    2.293469418|        878|00:00:01|+0.00|0.02|0.4950|
|=|         59|         10|       7253|    2.247600030|        884|00:00:00|+0.00|0.02|0.4851|
|=|         18|         10|       7253|    2.203529441|        890|00:00:02|+0.00|0.02|0.4756|
|=|         17|         10|       7253|    2.161153875|        896|00:00:00|+0.00|0.02|0.4665|
|=|         36|         10|       7253|    2.120381943|        902|00:00:33|-0.00|0.02|0.4767|
|=|         45|         10|       7253|    2.081115611|        908|00:00:02|-0.00|0.02|0.4678|
|=|         33|         10|       7253|    2.043277146|        914|00:00:01|-0.00|0.02|0.4593|
|=|         51|         10|       7253|    2.006790054|        920|00:00:00|-0.00|0.02|0.4511|
|=|         52|         10|       7253|    1.975588329|        926|00:00:14|-0.00|0.02|0.4584|
|=|         50|         10|       7253|    1.941526461|        932|00:00:14|-0.00|0.02|0.4505|
|=|         54|         10|       7253|    1.908619233|        938|00:00:24|+0.00|0.02|0.4582|
|=|         43|         10|       7253|    1.876808913|        944|00:00:23|+0.00|0.02|0.4506|
|=|         24|         10|       7253|    1.846197031|        950|00:00:32|+0.00|0.02|0.4581|
|=|         13|         10|       7253|    1.816419660|        956|00:00:14|+0.00|0.02|0.4647|
|=|         23|         10|       7253|    1.787587602|        962|00:00:07|+0.00|0.02|0.4573|
|=|          3|         10|       7253|    1.759656547|        968|00:00:13|+0.00|0.02|0.4642|
|=|         35|         10|       7253|    1.732584908|        974|00:00:21|+0.00|0.02|0.4703|
|=|         20|         10|       7253|    1.782961696|        980|00:01:29|-0.00|0.01|0.4789|
|=|         19|         10|       7253|    1.756350327|        986|00:00:20|-0.00|0.01|0.4848|
|=|         16|         10|       7253|    1.730521647|        992|00:00:16|+0.00|0.02|0.4897|
|=|         48|         10|       7253|    1.705441623|        998|00:00:00|+0.00|0.02|0.4826|
|=|          8|         10|       7253|    1.681078171|       1004|00:00:03|+0.00|0.02|0.4758|
|=|         71|         10|       7253|    1.657401014|       1014|00:00:17|+0.00|0.02|0.4690|
+-+-----------+-----------+-----------+---------------+-----------+--------+-----+----+------+
Best-so-far configuration:        7253    mean value:     1.657401014
Description of the best-so-far configuration:
     .ID. alpha pMin reward probability beta .PARENT.
7253 7253   0.1 9.65     ER          AP 0.68     6915

# 2021-03-10 01:12:19 CET: Elite configurations (first number is the configuration ID; listed from best to worst according to the sum of ranks):
     alpha pMin reward probability beta
7253  0.10 9.65     ER          AP 0.68
6523  0.13 9.68     ER          AP 0.66
6348  0.05 9.76     ER          AP 0.93
7252  0.10 9.46     ER          AP 0.64
# 2021-03-10 01:12:19 CET: Iteration 12 of 12
# experimentsUsedSoFar: 99324
# remainingBudget: 676
# currentBudget: 676
# nbConfigurations: 12
# Markers:
     x No test is performed.
     c Configurations are discarded only due to capping.
     - The test is performed and some configurations are discarded.
     = The test is performed but no configuration is discarded.
     ! The test is performed and configurations could be discarded but elite configurations are preserved.
     . All alive configurations are elite and nothing is discarded

+-+-----------+-----------+-----------+---------------+-----------+--------+-----+----+------+
| |   Instance|      Alive|       Best|      Mean best| Exp so far|  W time|  rho|KenW|  Qvar|
+-+-----------+-----------+-----------+---------------+-----------+--------+-----+----+------+
|x|         72|         12|       7315|  0.07243308208|         12|00:03:01|   NA|  NA|    NA|
|x|         73|         12|       7315|  0.03621654604|         24|00:00:01|+0.00|0.50|0.4583|
|x|         74|         12|       7315|  0.02414436736|         36|00:00:03|+0.00|0.33|0.3056|
|x|         75|         12|       7315|  0.01810827802|         48|00:00:01|+0.00|0.25|0.2292|
|=|         76|         12|       7253|  0.01797612350|         60|00:00:18|+0.01|0.21|0.3756|
|=|         53|         12|       7253|  0.01498010458|         68|00:00:00|+0.01|0.17|0.3115|
|=|         45|         12|       7253|  0.01284009107|         76|00:00:02|+0.01|0.15|0.2662|
|=|         46|         12|       7252|  0.04092360990|         84|00:00:22|+0.00|0.13|0.3464|
|=|         32|         12|       7253|    1.119617589|         92|00:00:34|-0.00|0.11|0.4088|
|=|         62|         12|       7253|    1.007655831|        100|00:00:27|+0.04|0.14|0.4605|
|=|         51|         12|       7253|   0.9160507563|        108|00:00:00|+0.04|0.13|0.4185|
|=|          7|         12|       7253|   0.8397131941|        116|00:00:18|+0.04|0.12|0.3834|
|=|         60|         12|       6348|    2.186450780|        124|00:00:36|-0.02|0.06|0.4385|
|=|          8|         12|       6348|    2.030275725|        132|00:00:08|-0.02|0.05|0.4060|
|=|         59|         12|       6348|    1.894924011|        140|00:00:00|-0.02|0.05|0.3781|
|=|         35|         12|       6348|    1.776491261|        148|00:00:14|-0.02|0.04|0.4157|
|=|         40|         12|       6348|    1.671991776|        156|00:00:00|-0.02|0.04|0.3904|
|=|         23|         12|       6348|    1.579103344|        164|00:00:18|-0.02|0.04|0.3680|
|=|         66|         12|       6348|    1.495992642|        172|00:00:11|-0.02|0.03|0.3480|
|=|         55|         12|       6348|    1.421193011|        180|00:00:02|-0.02|0.03|0.3301|
|=|         18|         12|       6348|    1.353517154|        188|00:00:02|-0.02|0.03|0.3139|
|=|         26|         12|       6348|    1.294070246|        196|00:02:39|-0.00|0.04|0.3374|
|=|         33|         12|       6348|    1.237806323|        204|00:00:00|-0.00|0.04|0.3225|
|=|         54|         12|       6348|    1.186231060|        212|00:00:26|+0.01|0.05|0.3456|
|=|         27|         12|       6348|    1.138781818|        220|00:00:00|+0.01|0.05|0.3317|
|=|         65|         12|       6348|    1.094982518|        228|00:00:01|+0.01|0.05|0.3188|
|=|          9|         12|       6348|    1.054427610|        236|00:00:20|+0.01|0.05|0.3411|
|=|         63|         12|       6348|    1.025217514|        244|00:02:39|+0.02|0.06|0.3575|
|=|         38|         12|       6348|   0.9898651864|        252|00:00:01|+0.02|0.06|0.3453|
|-|         10|          5|       6348|   0.9592759401|        260|00:02:47|+0.01|0.04|0.2688|
|=|         20|          5|       6348|   0.9981018330|        261|00:01:16|+0.01|0.04|0.2869|
|=|         19|          5|       6348|   0.9669111510|        262|00:00:13|+0.01|0.04|0.2778|
|=|         12|          5|       6348|   0.9376108134|        263|00:00:24|+0.01|0.04|0.2946|
|=|         30|          5|       6348|   0.9795129746|        264|00:01:11|-0.00|0.03|0.3113|
|=|         50|          5|       6348|   0.9515268899|        265|00:00:06|-0.00|0.02|0.3023|
|=|         43|          5|       6348|   0.9250955876|        266|00:00:07|-0.00|0.02|0.2937|
|=|         34|          5|       6348|    1.195891643|        267|00:00:31|+0.00|0.03|0.3059|
|=|         28|          5|       6348|    1.164420810|        268|00:00:00|+0.00|0.03|0.2977|
|=|         24|          5|       6348|    1.134671630|        269|00:00:26|+0.01|0.04|0.3099|
|=|         22|          5|       6348|    1.106304840|        270|00:00:00|+0.01|0.04|0.3021|
|=|          6|          5|       6348|    1.079321795|        271|00:00:01|+0.01|0.04|0.2947|
|=|         16|          5|       6348|    1.053623658|        272|00:00:14|+0.02|0.04|0.3053|
|=|         37|          5|       6348|    1.029120782|        273|00:00:14|+0.02|0.05|0.3151|
|=|         36|          5|       6348|    1.005748742|        274|00:00:30|+0.02|0.05|0.3258|
|=|         17|          5|       6348|   0.9833987704|        275|00:00:00|+0.02|0.05|0.3186|
|=|         71|          5|       6348|   0.9620205364|        276|00:00:23|+0.02|0.04|0.3117|
|=|         67|          5|       6348|   0.9415520602|        277|00:00:14|+0.01|0.03|0.3251|
|=|         39|          5|       6348|   0.9220568473|        278|00:00:27|+0.00|0.03|0.3367|
|=|          3|          5|       6348|   0.9032393622|        279|00:00:12|+0.00|0.02|0.3460|
|=|         21|          5|       7253|    1.053162652|        280|00:00:13|+0.00|0.02|0.3546|
|=|         69|          5|       7253|    1.032512404|        281|00:00:10|+0.00|0.02|0.3476|
|=|         29|          5|       7253|    1.012656397|        282|00:00:22|+0.00|0.02|0.3567|
|=|         31|          5|       7253|   0.9935496729|        283|00:00:24|+0.01|0.03|0.3643|
|=|         57|          5|       7253|   0.9751506050|        284|00:00:22|+0.01|0.03|0.3709|
|=|         13|          5|       7253|   0.9574205942|        285|00:00:12|+0.02|0.04|0.3782|
|=|         14|          5|       7253|   0.9403237981|        286|00:00:00|+0.02|0.04|0.3714|
|=|         11|          5|       7253|    1.420638875|        287|00:00:17|+0.02|0.03|0.3794|
|=|          2|          5|       7253|    1.396145102|        288|00:00:00|+0.02|0.03|0.3729|
|=|         41|          5|       7253|    1.372481626|        289|00:00:01|+0.02|0.03|0.3666|
|=|         64|          5|       7253|    1.355991121|        290|00:00:13|+0.02|0.03|0.3735|
|=|         47|          5|       7253|    1.333761758|        291|00:00:04|+0.02|0.03|0.3674|
|=|         58|          5|       7253|    1.313147606|        292|00:00:26|+0.01|0.03|0.3758|
|=|         48|          5|       7253|    1.292303994|        293|00:00:00|+0.01|0.02|0.3698|
|=|         61|          5|       7253|    1.272111744|        294|00:00:00|+0.01|0.02|0.3640|
|=|          4|          5|       7253|    1.252540794|        295|00:00:00|+0.01|0.02|0.3584|
|=|         44|          5|       7253|    1.233562904|        296|00:00:19|+0.01|0.02|0.3529|
|=|         25|          5|       7253|    1.715376018|        297|00:00:17|+0.00|0.02|0.3610|
|=|         56|          5|       7253|    1.690172046|        298|00:00:28|+0.00|0.02|0.3684|
|=|         42|          5|       7253|    1.665676800|        299|00:00:39|+0.00|0.02|0.3737|
|=|         70|          5|       7253|    1.656333929|        300|00:01:16|+0.01|0.02|0.3791|
|=|          1|          5|       7253|    1.655245435|        301|00:00:13|+0.00|0.02|0.3854|
|=|         52|          5|       7253|    1.635426634|        302|00:00:13|+0.00|0.02|0.3917|
|=|         15|          5|       7253|    1.613023530|        303|00:00:13|+0.00|0.02|0.3976|
|=|          5|          5|       7253|    1.591423684|        304|00:00:26|+0.01|0.02|0.4021|
|=|         49|          5|       7253|    1.570204702|        305|00:00:00|+0.01|0.02|0.3967|
|=|         68|          5|       7253|    1.549544113|        306|00:00:04|+0.01|0.02|0.3914|
|=|         77|          5|       7253|    1.621305803|        311|00:00:38|+0.01|0.02|0.3959|
+-+-----------+-----------+-----------+---------------+-----------+--------+-----+----+------+
Best-so-far configuration:        7253    mean value:     1.621305803
Description of the best-so-far configuration:
     .ID. alpha pMin reward probability beta .PARENT.
7253 7253   0.1 9.65     ER          AP 0.68     6915

# 2021-03-10 01:42:27 CET: Elite configurations (first number is the configuration ID; listed from best to worst according to the sum of ranks):
     alpha pMin reward probability beta
7253  0.10 9.65     ER          AP 0.68
6523  0.13 9.68     ER          AP 0.66
6348  0.05 9.76     ER          AP 0.93
7252  0.10 9.46     ER          AP 0.64
# 2021-03-10 01:42:28 CET: Iteration 13 of 13
# experimentsUsedSoFar: 99635
# remainingBudget: 365
# currentBudget: 365
# nbConfigurations: 8
# Markers:
     x No test is performed.
     c Configurations are discarded only due to capping.
     - The test is performed and some configurations are discarded.
     = The test is performed but no configuration is discarded.
     ! The test is performed and configurations could be discarded but elite configurations are preserved.
     . All alive configurations are elite and nothing is discarded

+-+-----------+-----------+-----------+---------------+-----------+--------+-----+----+------+
| |   Instance|      Alive|       Best|      Mean best| Exp so far|  W time|  rho|KenW|  Qvar|
+-+-----------+-----------+-----------+---------------+-----------+--------+-----+----+------+
|x|         78|          8|       7253|1.000000000e-08|          8|00:00:06|   NA|  NA|    NA|
|x|         79|          8|       7253|1.000000000e-08|         16|00:00:25|+1.00|1.00|0.0000|
|x|         80|          8|       7253|1.000000000e-08|         24|00:00:00|+1.00|1.00|0.0000|
|x|         81|          8|       7253|6.317744887e-06|         32|00:00:33|+0.00|0.25|0.2188|
|=|         82|          8|       7253|5.056195909e-06|         40|00:00:10|+0.00|0.20|0.1750|
|=|         34|          8|       7253|    1.659640124|         44|00:00:31|+0.02|0.18|0.3034|
|=|          3|          8|       7253|    1.422548688|         48|00:00:13|-0.08|0.07|0.3788|
|=|         60|          8|       6523|    3.109596220|         52|00:00:32|-0.09|0.05|0.4677|
|=|          8|          8|       6523|    2.764085530|         56|00:00:04|-0.08|0.04|0.4124|
|=|         26|          8|       6348|    2.626537734|         60|00:02:24|-0.04|0.06|0.4585|
|=|         71|          8|       6348|    2.387761577|         64|00:00:07|-0.04|0.06|0.4149|
|=|         27|          8|       6348|    2.188781446|         68|00:00:00|-0.03|0.05|0.3789|
|=|         57|          8|       6523|    1.943631298|         72|00:00:24|-0.02|0.06|0.4157|
|=|         41|          8|       6523|    1.804800492|         76|00:00:01|-0.02|0.05|0.3852|
|=|          1|          8|       6523|    1.696700259|         80|00:00:14|-0.02|0.05|0.4237|
|=|         30|          8|       6523|    1.760794288|         84|00:01:22|-0.04|0.02|0.4566|
|=|         50|          8|       6523|    1.657218154|         88|00:00:13|-0.04|0.02|0.4286|
|=|         64|          8|       6523|    1.611226253|         92|00:00:13|-0.04|0.02|0.4577|
|=|         49|          8|       6523|    1.526424872|         96|00:00:00|-0.04|0.02|0.4326|
|=|         73|          8|       6523|    1.450103628|        100|00:00:01|-0.04|0.02|0.4100|
|=|         72|          8|       6348|    1.416705358|        104|00:02:30|-0.03|0.02|0.4304|
|=|         44|          8|       6348|    1.352309660|        108|00:00:19|-0.03|0.02|0.4102|
|=|         45|          8|       6348|    1.293513588|        112|00:00:02|-0.03|0.02|0.3918|
|=|         18|          8|       6348|    1.239617189|        116|00:00:01|-0.03|0.02|0.3750|
|=|          6|          8|       6348|    1.190032502|        120|00:00:01|-0.02|0.02|0.3596|
|=|         20|          8|       6348|    1.227449660|        124|00:01:19|-0.01|0.03|0.3773|
|=|         28|          8|       6348|    1.181988562|        128|00:00:01|-0.01|0.02|0.3631|
|=|          4|          8|       6348|    1.139774685|        132|00:00:00|-0.01|0.02|0.3499|
|=|         47|          8|       6348|    1.100472110|        136|00:00:04|-0.01|0.02|0.3376|
|=|         70|          8|       6348|    1.114275861|        140|00:01:24|-0.01|0.02|0.3540|
|=|         38|          8|       6348|    1.078331478|        144|00:00:01|-0.01|0.02|0.3425|
|=|         67|          8|       6523|    1.021814648|        148|00:00:15|-0.01|0.02|0.3603|
|=|         55|          8|       6523|   0.9908505677|        152|00:00:02|-0.01|0.02|0.3492|
|=|         61|          8|       6523|   0.9617079042|        156|00:00:00|-0.01|0.02|0.3388|
|=|         56|          8|       6523|   0.9342442561|        160|00:00:29|-0.01|0.02|0.3550|
|=|         69|          8|       6523|   0.9082930271|        164|00:00:19|-0.01|0.02|0.3450|
|=|         31|          8|       6523|   0.8837445690|        168|00:00:25|-0.00|0.02|0.3603|
|=|         46|          8|       6523|   0.8604881333|        172|00:00:20|-0.00|0.02|0.3737|
|=|         58|          8|       6523|   0.8389444044|        176|00:00:27|-0.01|0.02|0.3871|
|=|         54|          8|       6523|   0.8179707946|        180|00:00:22|-0.01|0.02|0.4000|
|=|         77|          8|       6523|    1.089227693|        184|00:00:33|-0.01|0.02|0.4120|
|=|         59|          8|       6523|    1.063293701|        188|00:00:00|-0.01|0.02|0.4021|
|=|         19|          8|       6523|    1.038565941|        192|00:00:17|-0.01|0.02|0.3926|
|=|         15|          8|       6523|    1.016308059|        196|00:00:23|-0.01|0.01|0.4039|
|=|          2|          8|       6523|   0.9937234358|        200|00:00:00|-0.01|0.01|0.3948|
|=|         10|          8|       6523|   0.9747913295|        204|00:02:27|-0.00|0.02|0.4037|
|=|         62|          8|       6523|   0.9540513755|        208|00:00:27|-0.01|0.01|0.4155|
|=|         14|          8|       6523|   0.9341753054|        212|00:00:00|-0.01|0.01|0.4067|
|=|         53|          8|       6523|   0.9151105035|        216|00:00:00|-0.01|0.01|0.3983|
|=|         75|          8|       6523|   0.8968082936|        220|00:00:02|-0.01|0.01|0.3902|
|=|         51|          8|       6523|   0.8792238175|        224|00:00:00|-0.01|0.01|0.3825|
|=|          9|          8|       6523|   0.8623156673|        228|00:00:21|-0.00|0.02|0.3908|
|=|         68|          8|       6523|   0.8460455606|        232|00:00:04|-0.00|0.02|0.3834|
|=|         65|          8|       6523|   0.8303780504|        236|00:00:00|-0.00|0.02|0.3762|
|=|         48|          8|       6523|   0.8152802678|        240|00:00:00|-0.00|0.02|0.3693|
|=|         40|          8|       6523|   0.8007216918|        244|00:00:00|-0.00|0.02|0.3626|
|=|         32|          8|       6523|    1.013594429|        248|00:00:33|+0.00|0.02|0.3700|
|=|         63|          8|       6523|   0.9988468615|        252|00:02:23|+0.01|0.02|0.3776|
|=|         33|          8|       6523|   0.9819172538|        256|00:00:00|+0.01|0.02|0.3712|
|=|         36|          8|       7253|    1.041891578|        260|00:00:31|+0.00|0.02|0.3802|
|=|         43|          8|       7253|    1.024811388|        264|00:00:15|+0.00|0.02|0.3740|
|=|         13|          8|       7253|    1.008282173|        268|00:00:13|+0.01|0.02|0.3824|
|=|          5|          8|       7253|   0.9925099944|        272|00:00:28|+0.01|0.03|0.3895|
|=|         35|          8|       7253|   0.9770020259|        276|00:00:20|+0.01|0.03|0.3968|
|=|         17|          8|       7253|   0.9619712256|        280|00:00:00|+0.01|0.03|0.3907|
|=|         74|          8|       7253|   0.9473959042|        284|00:00:01|+0.01|0.03|0.3848|
|=|         37|          8|       7253|   0.9332556670|        288|00:00:15|+0.01|0.03|0.3911|
|=|         11|          8|       7253|    1.335976660|        292|00:00:18|+0.01|0.03|0.3975|
|-|         76|          4|       7253|    1.316614680|        296|00:00:15|+0.01|0.03|0.3165|
|.|         21|          4|       7253|    1.301252543|        296|00:00:00|+0.01|0.03|0.3225|
|.|         42|          4|       7253|    1.282925043|        296|00:00:00|+0.01|0.03|0.3180|
|.|         39|          4|       7253|    1.265107684|        296|00:00:00|+0.01|0.02|0.3239|
|.|         25|          4|       7253|    1.706887600|        296|00:00:00|+0.01|0.02|0.3301|
|.|         12|          4|       7253|    1.683821570|        296|00:00:00|+0.00|0.02|0.3368|
|.|         23|          4|       7253|    1.661370615|        296|00:00:00|+0.00|0.02|0.3323|
|.|         52|          4|       7253|    1.642514314|        296|00:00:00|+0.01|0.02|0.3373|
|.|         16|          4|       7253|    1.621182960|        296|00:00:00|+0.00|0.02|0.3436|
|.|         66|          4|       7253|    1.600398563|        296|00:00:00|+0.00|0.02|0.3392|
|.|         22|          4|       7253|    1.580140354|        296|00:00:00|+0.00|0.02|0.3348|
|.|         24|          4|       7253|    1.560507151|        296|00:00:00|+0.00|0.01|0.3402|
|.|         29|          4|       7253|    1.541241631|        296|00:00:00|+0.00|0.01|0.3450|
|.|          7|          4|       7253|    1.522446001|        296|00:00:00|+0.00|0.01|0.3407|
+-+-----------+-----------+-----------+---------------+-----------+--------+-----+----+------+
Best-so-far configuration:        7253    mean value:     1.522446001
Description of the best-so-far configuration:
     .ID. alpha pMin reward probability beta .PARENT.
7253 7253   0.1 9.65     ER          AP 0.68     6915

# 2021-03-10 02:09:01 CET: Elite configurations (first number is the configuration ID; listed from best to worst according to the sum of ranks):
     alpha pMin reward probability beta
7253  0.10 9.65     ER          AP 0.68
6348  0.05 9.76     ER          AP 0.93
6523  0.13 9.68     ER          AP 0.66
7252  0.10 9.46     ER          AP 0.64
# 2021-03-10 02:09:01 CET: Stopped because there is not enough budget left to race more than the minimum (4)
# You may either increase the budget or set 'minNbSurvival' to a lower value
# Iteration: 14
# nbIterations: 14
# experimentsUsedSoFar: 99931
# timeUsed: 0
# remainingBudget: 69
# currentBudget: 69
# number of elites: 4
# nbConfigurations: 4
# Best configurations (first number is the configuration ID; listed from best to worst according to the sum of ranks):
     alpha pMin reward probability beta
7253  0.10 9.65     ER          AP 0.68
6348  0.05 9.76     ER          AP 0.93
6523  0.13 9.68     ER          AP 0.66
7252  0.10 9.46     ER          AP 0.64
# Best configurations as commandlines (first number is the configuration ID; same order as above):
7253  -A 0.1 -B 0.68 -M 9.65 -r ER -p AP
6348  -A 0.05 -B 0.93 -M 9.76 -r ER -p AP
6523  -A 0.13 -B 0.66 -M 9.68 -r ER -p AP
7252  -A 0.1 -B 0.64 -M 9.46 -r ER -p AP
