#------------------------------------------------------------------------------
# irace: An implementation in R of (Elitist) Iterated Racing
# Version: 3.4.1.9fcaeaf
# Copyright (C) 2010-2020
# Manuel Lopez-Ibanez     <manuel.lopez-ibanez@manchester.ac.uk>
# Jeremie Dubois-Lacoste  
# Leslie Perez Caceres    <leslie.perez.caceres@ulb.ac.be>
#
# This is free software, and you are welcome to redistribute it under certain
# conditions.  See the GNU General Public License for details. There is NO
# WARRANTY; not even for MERCHANTABILITY or FITNESS FOR A PARTICULAR PURPOSE.
#
# irace builds upon previous code from the race package:
#     race: Racing methods for the selection of the best
#     Copyright (C) 2003 Mauro Birattari
#------------------------------------------------------------------------------
# installed at: /home/rmboks/.R/irace
# called with: --parameter-file /home/rmboks/auto-DE/irace/parameters.txt --train-instances-file /home/rmboks/auto-DE/irace/instances-list.txt --forbidden-file /home/rmboks/auto-DE/irace/forbidden.txt --target-runner /home/rmboks/auto-DE/irace/runners/FS.runner --seed 42 --max-experiments 100000 --parallel 32 --digits 2 -l results/FS.Rdata -s /home/rmboks/auto-DE/irace/scenario.txt --elitist-new-instances 5 --exec-dir /home/rmboks/auto-DE/irace
# 2 expression(s) specifying forbidden configurations read from '/home/rmboks/auto-DE/irace/forbidden.txt'
# 2021-03-08 14:12:46 CET: Initialization
# Elitist race
# Elitist new instances: 5
# Elitist limit: 2
# nbIterations: 4
# minNbSurvival: 4
# nbParameters: 5
# seed: 42
# confidence level: 0.95
# budget: 1e+05
# mu: 5
# deterministic: FALSE

# 2021-03-08 14:12:46 CET: Iteration 1 of 4
# experimentsUsedSoFar: 0
# remainingBudget: 1e+05
# currentBudget: 25000
# nbConfigurations: 1024
# Markers:
     x No test is performed.
     c Configurations are discarded only due to capping.
     - The test is performed and some configurations are discarded.
     = The test is performed but no configuration is discarded.
     ! The test is performed and configurations could be discarded but elite configurations are preserved.
     . All alive configurations are elite and nothing is discarded

+-+-----------+-----------+-----------+---------------+-----------+--------+-----+----+------+
| |   Instance|      Alive|       Best|      Mean best| Exp so far|  W time|  rho|KenW|  Qvar|
+-+-----------+-----------+-----------+---------------+-----------+--------+-----+----+------+
|x|          1|       1024|        648|  0.06946000463|       1024|00:14:22|   NA|  NA|    NA|
|x|          2|       1024|        648|  0.03473000731|       2048|00:00:08|+0.00|0.50|0.4995|
|x|          3|       1024|        623|  0.04359880170|       3072|00:13:44|+0.01|0.34|0.6596|
|x|          4|       1024|        623|  0.03269910378|       4096|00:01:05|+0.01|0.26|0.4963|
|=|          5|       1024|        623|  0.03092053525|       5120|00:28:04|+0.01|0.21|0.6000|
|=|          6|       1024|        623|  0.02576711438|       6144|00:00:52|+0.01|0.17|0.4999|
|=|          7|       1024|        623|  0.02208609947|       7168|00:09:49|+0.01|0.15|0.5662|
+-+-----------+-----------+-----------+---------------+-----------+--------+-----+----+------+
Best-so-far configuration:         623    mean value:   0.02208609947
Description of the best-so-far configuration:
    .ID. alpha pMin reward probability beta .PARENT.
623  623  0.27 5.58     EA          AP 0.39       NA

# 2021-03-08 15:20:54 CET: Elite configurations (first number is the configuration ID; listed from best to worst according to the sum of ranks):
     alpha pMin reward probability beta
623   0.27 5.58     EA          AP 0.39
977   0.23 9.20     ER          AP 0.98
1003  0.12 9.98     ER          AP 0.78
235   0.02 6.94     EA          AP 0.13
# 2021-03-08 15:20:55 CET: Iteration 2 of 4
# experimentsUsedSoFar: 7168
# remainingBudget: 92832
# currentBudget: 30944
# nbConfigurations: 1024
# Markers:
     x No test is performed.
     c Configurations are discarded only due to capping.
     - The test is performed and some configurations are discarded.
     = The test is performed but no configuration is discarded.
     ! The test is performed and configurations could be discarded but elite configurations are preserved.
     . All alive configurations are elite and nothing is discarded

+-+-----------+-----------+-----------+---------------+-----------+--------+-----+----+------+
| |   Instance|      Alive|       Best|      Mean best| Exp so far|  W time|  rho|KenW|  Qvar|
+-+-----------+-----------+-----------+---------------+-----------+--------+-----+----+------+
|x|          8|       1024|        623|1.000000000e-08|       1024|00:03:24|   NA|  NA|    NA|
|x|          9|       1024|        977|1.000000000e-08|       2048|00:13:01|+0.00|0.50|0.4995|
|x|         10|       1024|       1443| 0.006995754017|       3072|02:16:27|+0.02|0.34|0.6610|
|x|         11|       1024|       1332|    2.036766412|       4096|00:19:40|+0.02|0.27|0.7356|
|-|         12|        605|       1521|    3.566089524|       5120|00:23:42|-0.11|0.12|0.8428|
|=|          1|        605|       1265|    2.372062880|       5721|00:08:28|-0.07|0.11|0.8578|
|=|          2|        605|       1265|    2.033196756|       6322|00:00:04|-0.06|0.09|0.7316|
|=|          5|        605|       1505|    1.639161433|       6923|00:16:37|-0.04|0.09|0.7663|
|=|          6|        605|       1505|    1.457032386|       7524|00:00:31|-0.03|0.08|0.6792|
|=|          3|        605|       1521|    1.828433281|       8125|00:08:06|-0.01|0.09|0.7047|
|=|          4|        605|       1521|    1.662212074|       8726|00:00:46|-0.01|0.08|0.6401|
|=|          7|        605|       1521|    1.523694402|       9327|00:05:34|-0.01|0.07|0.6691|
|-|         13|        211|       1521|    1.406487141|       9932|00:08:14|-0.03|0.05|0.6372|
|=|         14|        211|       1521|    1.306023775|      10143|00:00:04|-0.03|0.04|0.5899|
|=|         15|        211|       1247|    1.004729516|      10354|00:03:28|-0.03|0.04|0.6152|
+-+-----------+-----------+-----------+---------------+-----------+--------+-----+----+------+
Best-so-far configuration:        1247    mean value:     1.004729516
Description of the best-so-far configuration:
     .ID. alpha pMin reward probability beta .PARENT.
1247 1247  0.27 9.55     ER          AP 0.98      977

# 2021-03-08 19:29:13 CET: Elite configurations (first number is the configuration ID; listed from best to worst according to the sum of ranks):
     alpha pMin reward probability beta
1247  0.27 9.55     ER          AP 0.98
1667  0.11 9.34     ER          AP 0.69
1076  0.03 7.56     EN          AP 0.57
1131  0.16 9.37     ER          AP 0.60
# 2021-03-08 19:29:13 CET: Iteration 3 of 4
# experimentsUsedSoFar: 17522
# remainingBudget: 82478
# currentBudget: 41239
# nbConfigurations: 1024
# Markers:
     x No test is performed.
     c Configurations are discarded only due to capping.
     - The test is performed and some configurations are discarded.
     = The test is performed but no configuration is discarded.
     ! The test is performed and configurations could be discarded but elite configurations are preserved.
     . All alive configurations are elite and nothing is discarded

+-+-----------+-----------+-----------+---------------+-----------+--------+-----+----+------+
| |   Instance|      Alive|       Best|      Mean best| Exp so far|  W time|  rho|KenW|  Qvar|
+-+-----------+-----------+-----------+---------------+-----------+--------+-----+----+------+
|x|         16|       1024|       2047|1.000000000e-08|       1024|00:15:03|   NA|  NA|    NA|
|x|         17|       1024|       2047|1.000000000e-08|       2048|00:00:18|+0.00|0.50|0.4995|
|x|         18|       1024|       2047|1.000000000e-08|       3072|00:01:05|+0.00|0.33|0.3330|
|x|         19|       1024|       2047|1.000000000e-08|       4096|00:15:35|+0.14|0.35|0.4665|
|-|         20|        575|       2269| 0.004819494804|       5120|01:19:57|-0.05|0.16|0.6398|
|=|          1|        575|       2533|  0.08325087381|       5691|00:08:05|-0.04|0.13|0.6977|
|=|          2|        575|       2533|  0.07135789326|       6262|00:00:03|-0.04|0.11|0.5934|
|=|          3|        575|       2533|  0.06243815855|       6833|00:07:36|+0.01|0.13|0.6361|
|=|         10|        575|       2119|  0.07061034528|       7404|01:17:48|+0.00|0.11|0.6738|
|-|          5|        277|       2119|  0.07010757991|       7975|00:15:55|-0.06|0.05|0.7283|
|=|          4|        277|       2905|   0.1672422158|       8248|00:00:37|-0.05|0.05|0.6593|
|=|         12|        277|       2905|   0.1533053682|       8521|00:06:18|-0.04|0.05|0.6849|
|=|         15|        277|       2905|   0.1460679674|       8794|00:04:20|-0.03|0.05|0.7078|
|=|          7|        277|       2905|   0.1356345419|       9067|00:02:21|-0.03|0.05|0.6559|
|=|          9|        277|       2278|  0.06532446412|       9340|00:04:02|-0.02|0.05|0.6770|
|=|         14|        277|       2278|  0.06124168574|       9613|00:00:05|-0.02|0.04|0.6339|
|=|          8|        277|       2278|  0.05763923423|       9886|00:00:30|-0.02|0.04|0.5959|
|=|          6|        277|       2278|  0.05443705510|      10159|00:00:16|-0.02|0.04|0.5623|
|=|         11|        277|       2278|    1.169320846|      10432|00:05:19|-0.02|0.04|0.5848|
|=|         13|        277|       2119|   0.7614933340|      10705|00:03:28|-0.01|0.04|0.6001|
|=|         21|        277|       2916|    1.041490773|      10982|00:03:58|-0.01|0.04|0.6172|
+-+-----------+-----------+-----------+---------------+-----------+--------+-----+----+------+
Best-so-far configuration:        2916    mean value:     1.041490773
Description of the best-so-far configuration:
     .ID. alpha pMin reward probability beta .PARENT.
2916 2916  0.01 9.18     EN          AP 0.49     1076

# 2021-03-08 23:42:08 CET: Elite configurations (first number is the configuration ID; listed from best to worst according to the sum of ranks):
     alpha pMin reward probability beta
2916  0.01 9.18     EN          AP 0.49
2119  0.21 8.40     ER          AP 0.93
2235  0.01 8.65     EN          AP 0.52
2278  0.17 9.81     ER          AP 0.80
# 2021-03-08 23:42:08 CET: Iteration 4 of 4
# experimentsUsedSoFar: 28504
# remainingBudget: 71496
# currentBudget: 71496
# nbConfigurations: 1024
# Markers:
     x No test is performed.
     c Configurations are discarded only due to capping.
     - The test is performed and some configurations are discarded.
     = The test is performed but no configuration is discarded.
     ! The test is performed and configurations could be discarded but elite configurations are preserved.
     . All alive configurations are elite and nothing is discarded

+-+-----------+-----------+-----------+---------------+-----------+--------+-----+----+------+
| |   Instance|      Alive|       Best|      Mean best| Exp so far|  W time|  rho|KenW|  Qvar|
+-+-----------+-----------+-----------+---------------+-----------+--------+-----+----+------+
|x|         22|       1024|       2916|1.000000000e-08|       1024|00:00:06|   NA|  NA|    NA|
|x|         23|       1024|       2916|1.000000000e-08|       2048|00:02:49|+0.00|0.50|0.4995|
|x|         24|       1024|       3381|0.0001263052023|       3072|00:28:39|+0.01|0.34|0.6544|
|x|         25|       1024|       3715|    3.284314910|       4096|00:19:31|-0.03|0.23|0.7616|
|=|         26|       1024|       3698|    4.533529528|       5120|02:23:36|-0.01|0.19|0.8005|
|-|         16|        482|       3698|    3.777941277|       6140|00:14:49|-0.10|0.08|0.7300|
|=|          2|        482|       3698|    3.238235382|       6618|00:00:03|-0.08|0.07|0.6164|
|=|          4|        482|       3698|    2.833455960|       7096|00:01:00|-0.07|0.06|0.5336|
|=|         10|        482|       3136|    2.179590735|       7574|01:05:47|-0.05|0.06|0.5844|
|=|         18|        482|       3136|    1.961631663|       8052|00:00:25|-0.05|0.06|0.5229|
|=|          8|        482|       3136|    1.783301512|       8530|00:00:59|-0.04|0.05|0.4732|
|=|         15|        482|       3136|    1.634693054|       9008|00:07:33|-0.04|0.05|0.5154|
|=|          5|        482|       3136|    1.511127420|       9486|00:13:16|-0.02|0.06|0.5493|
|=|         19|        482|       3969|    2.376013200|       9964|00:05:05|-0.01|0.06|0.5762|
|=|          3|        482|       3072|    2.302249599|      10442|00:06:20|+0.01|0.07|0.6003|
|=|          1|        482|       3072|    2.176085033|      10920|00:06:44|+0.00|0.07|0.6257|
|=|         14|        482|       3072|    2.048080031|      11398|00:00:08|+0.00|0.06|0.5888|
|=|         21|        482|       3340|    1.960023498|      11876|00:06:43|+0.00|0.06|0.6112|
|-|         13|        261|       2916|    1.839373778|      12354|00:06:16|-0.03|0.03|0.6400|
|=|         11|        261|       2916|    2.715337252|      12611|00:05:09|-0.02|0.03|0.6576|
|=|          9|        261|       2916|    2.586035479|      12868|00:03:47|-0.02|0.03|0.6731|
|=|          7|        261|       2916|    2.468488412|      13125|00:02:12|-0.02|0.03|0.6421|
|=|         12|        261|       2916|    2.361162831|      13382|00:05:48|-0.02|0.03|0.6578|
|=|         17|        261|       2916|    2.262781047|      13639|00:00:04|-0.02|0.03|0.6301|
|=|          6|        261|       2916|    2.172269805|      13896|00:00:15|-0.02|0.02|0.6046|
|=|         20|        261|       2916|    2.159800962|      14153|00:20:49|-0.01|0.02|0.6187|
|=|         27|        261|       2916|    2.079808334|      14414|00:00:13|-0.01|0.02|0.5956|
+-+-----------+-----------+-----------+---------------+-----------+--------+-----+----+------+
Best-so-far configuration:        2916    mean value:     2.079808334
Description of the best-so-far configuration:
     .ID. alpha pMin reward probability beta .PARENT.
2916 2916  0.01 9.18     EN          AP 0.49     1076

# 2021-03-09 05:50:33 CET: Elite configurations (first number is the configuration ID; listed from best to worst according to the sum of ranks):
     alpha pMin reward probability beta
2916  0.01 9.18     EN          AP 0.49
3660  0.23 8.43     ER          AP 0.92
3103  0.03 9.71     EN          AP 0.52
2119  0.21 8.40     ER          AP 0.93
# 2021-03-09 05:50:33 CET: Iteration 5 of 5
# experimentsUsedSoFar: 42918
# remainingBudget: 57082
# currentBudget: 57082
# nbConfigurations: 1024
# Markers:
     x No test is performed.
     c Configurations are discarded only due to capping.
     - The test is performed and some configurations are discarded.
     = The test is performed but no configuration is discarded.
     ! The test is performed and configurations could be discarded but elite configurations are preserved.
     . All alive configurations are elite and nothing is discarded

+-+-----------+-----------+-----------+---------------+-----------+--------+-----+----+------+
| |   Instance|      Alive|       Best|      Mean best| Exp so far|  W time|  rho|KenW|  Qvar|
+-+-----------+-----------+-----------+---------------+-----------+--------+-----+----+------+
|x|         28|       1024|       2916|1.000000000e-08|       1024|00:00:34|   NA|  NA|    NA|
|x|         29|       1024|       3103|1.000000000e-08|       2048|00:16:16|+0.00|0.50|0.4995|
|x|         30|       1024|       4389| 0.007875299679|       3072|01:21:20|+0.01|0.34|0.6535|
|x|         31|       1024|       4300|  0.04129270205|       4096|00:23:23|+0.01|0.25|0.7364|
|=|         32|       1024|       4981|    1.234970074|       5120|00:31:40|-0.00|0.20|0.7944|
|=|         22|       1024|       4981|    1.029141730|       6140|00:00:06|-0.00|0.17|0.6628|
|=|         14|       1024|       4981|   0.8821214845|       7160|00:00:18|-0.00|0.14|0.5686|
|=|          6|       1024|       4981|   0.7718563002|       8180|00:00:55|-0.00|0.12|0.4978|
|=|         25|       1024|       4673|    2.967155722|       9200|00:19:27|+0.00|0.11|0.5533|
|=|          8|       1024|       4673|    2.670440150|      10220|00:02:39|+0.00|0.10|0.4981|
|=|         23|       1024|       4673|    2.427672865|      11240|00:02:50|+0.00|0.09|0.5430|
|=|         19|       1024|       4673|    2.225366794|      12260|00:13:28|+0.00|0.08|0.5799|
|=|         26|       1024|       4117|    3.502066944|      13280|02:23:03|+0.00|0.08|0.6125|
|=|         17|       1024|       4117|    3.251919305|      14300|00:00:17|+0.00|0.07|0.5689|
|-|         13|        416|       4117|    3.035124686|      15320|00:13:27|-0.04|0.03|0.5494|
|=|         15|        416|       4117|    2.845429394|      15732|00:06:45|-0.04|0.03|0.5761|
|=|         10|        416|       4117|    2.680729301|      16144|00:57:22|-0.03|0.03|0.5990|
|=|         16|        416|       4117|    2.531799901|      16556|00:06:01|-0.02|0.03|0.6202|
|=|         18|        416|       4117|    2.398547275|      16968|00:00:21|-0.02|0.03|0.5870|
|=|         21|        416|       4117|    2.301313965|      17380|00:05:49|-0.02|0.03|0.6077|
|=|         27|        416|       4117|    2.191727586|      17792|00:00:20|-0.02|0.03|0.5783|
|=|          1|        416|       4117|    2.120063887|      18204|00:05:49|-0.02|0.03|0.5974|
|=|          7|        416|       4117|    2.027887196|      18616|00:03:28|-0.02|0.03|0.6137|
|=|          2|        416|       4117|    1.943391897|      19028|00:00:02|-0.01|0.03|0.5879|
|=|          5|        416|       4217|    1.889810380|      19440|00:11:26|-0.01|0.03|0.6035|
|=|          3|        416|       3103|    1.592831353|      19852|00:05:26|-0.00|0.03|0.6172|
|=|         11|        416|       4758|    1.788602076|      20264|00:07:55|-0.00|0.03|0.6307|
|=|          9|        416|       4343|    1.560805310|      20676|00:06:00|-0.00|0.03|0.6442|
|=|          4|        416|       4343|    1.506984438|      21088|00:00:52|-0.00|0.03|0.6218|
|=|         24|        416|       4343|    1.458250203|      21500|00:11:37|-0.00|0.03|0.6331|
|=|         12|        416|       4247|    2.459627196|      21912|00:09:24|+0.00|0.03|0.6445|
|-|         20|        197|       3103|    2.090371098|      22324|00:33:08|-0.02|0.01|0.6282|
|=|         33|        197|       3103|    2.027026519|      22521|00:00:08|-0.02|0.01|0.6089|
|=|         34|        197|       4400|    2.346989386|      22718|00:06:24|-0.02|0.01|0.6204|
+-+-----------+-----------+-----------+---------------+-----------+--------+-----+----+------+
Best-so-far configuration:        4400    mean value:     2.346989386
Description of the best-so-far configuration:
     .ID. alpha pMin reward probability beta .PARENT.
4400 4400  0.05 9.21     ER          AP 0.41     2916

# 2021-03-09 14:38:59 CET: Elite configurations (first number is the configuration ID; listed from best to worst according to the sum of ranks):
     alpha pMin reward probability beta
4400  0.05 9.21     ER          AP 0.41
4343  0.08 8.49     EN          AP 0.39
3103  0.03 9.71     EN          AP 0.52
4247  0.01 8.64     EN          AP 0.76
# 2021-03-09 14:38:59 CET: Iteration 6 of 6
# experimentsUsedSoFar: 65636
# remainingBudget: 34364
# currentBudget: 34364
# nbConfigurations: 884
# Markers:
     x No test is performed.
     c Configurations are discarded only due to capping.
     - The test is performed and some configurations are discarded.
     = The test is performed but no configuration is discarded.
     ! The test is performed and configurations could be discarded but elite configurations are preserved.
     . All alive configurations are elite and nothing is discarded

+-+-----------+-----------+-----------+---------------+-----------+--------+-----+----+------+
| |   Instance|      Alive|       Best|      Mean best| Exp so far|  W time|  rho|KenW|  Qvar|
+-+-----------+-----------+-----------+---------------+-----------+--------+-----+----+------+
|x|         35|        884|       4400|1.000000000e-08|        884|00:09:52|   NA|  NA|    NA|
|x|         36|        884|       5776|5.496308505e-06|       1768|00:25:25|-0.00|0.50|0.9857|
