#------------------------------------------------------------------------------
# irace: An implementation in R of (Elitist) Iterated Racing
# Version: 3.4.1.9fcaeaf
# Copyright (C) 2010-2020
# Manuel Lopez-Ibanez     <manuel.lopez-ibanez@manchester.ac.uk>
# Jeremie Dubois-Lacoste  
# Leslie Perez Caceres    <leslie.perez.caceres@ulb.ac.be>
#
# This is free software, and you are welcome to redistribute it under certain
# conditions.  See the GNU General Public License for details. There is NO
# WARRANTY; not even for MERCHANTABILITY or FITNESS FOR A PARTICULAR PURPOSE.
#
# irace builds upon previous code from the race package:
#     race: Racing methods for the selection of the best
#     Copyright (C) 2003 Mauro Birattari
#------------------------------------------------------------------------------
# installed at: /home/rmboks/.R/irace
# called with: --parameter-file /home/rmboks/auto-DE/irace/parameters.txt --train-instances-file /home/rmboks/auto-DE/irace/instances-list.txt --forbidden-file /home/rmboks/auto-DE/irace/forbidden.txt --target-runner /home/rmboks/auto-DE/irace/runners/PA.runner --seed 42 --max-experiments 100000 --parallel 32 --digits 2 -l results/PA.Rdata -s /home/rmboks/auto-DE/irace/scenario.txt --elitist-new-instances 5 --exec-dir /home/rmboks/auto-DE/irace
# 2 expression(s) specifying forbidden configurations read from '/home/rmboks/auto-DE/irace/forbidden.txt'
# 2021-03-08 14:12:47 CET: Initialization
# Elitist race
# Elitist new instances: 5
# Elitist limit: 2
# nbIterations: 4
# minNbSurvival: 4
# nbParameters: 5
# seed: 42
# confidence level: 0.95
# budget: 1e+05
# mu: 5
# deterministic: FALSE

# 2021-03-08 14:12:47 CET: Iteration 1 of 4
# experimentsUsedSoFar: 0
# remainingBudget: 1e+05
# currentBudget: 25000
# nbConfigurations: 1024
# Markers:
     x No test is performed.
     c Configurations are discarded only due to capping.
     - The test is performed and some configurations are discarded.
     = The test is performed but no configuration is discarded.
     ! The test is performed and configurations could be discarded but elite configurations are preserved.
     . All alive configurations are elite and nothing is discarded

+-+-----------+-----------+-----------+---------------+-----------+--------+-----+----+------+
| |   Instance|      Alive|       Best|      Mean best| Exp so far|  W time|  rho|KenW|  Qvar|
+-+-----------+-----------+-----------+---------------+-----------+--------+-----+----+------+
|x|          1|       1024|        688|  0.07461096595|       1024|00:16:35|   NA|  NA|    NA|
|x|          2|       1024|        688|  0.03730548797|       2048|00:00:20|+0.00|0.50|0.4995|
|x|          3|       1024|        688|  0.02487032865|       3072|00:12:21|+0.03|0.36|0.6378|
|x|          4|       1024|        688|  0.01865274899|       4096|00:00:58|+0.02|0.27|0.4854|
|-|          5|        465|        196|  0.03762450637|       5120|00:34:37|-0.04|0.17|0.6217|
|-|          6|        228|        196|  0.03135375698|       5585|00:03:24|-0.08|0.10|0.7000|
|=|          7|        228|        196|  0.02687465027|       5813|00:02:00|-0.04|0.11|0.7220|
|=|          8|        228|        196|  0.02351532023|       6041|00:00:25|-0.03|0.09|0.6304|
+-+-----------+-----------+-----------+---------------+-----------+--------+-----+----+------+
Best-so-far configuration:         196    mean value:   0.02351532023
Description of the best-so-far configuration:
    .ID. alpha pMin reward probability beta .PARENT.
196  196  0.13 6.84     EA          AP 0.45       NA

# 2021-03-08 15:23:32 CET: Elite configurations (first number is the configuration ID; listed from best to worst according to the sum of ranks):
    alpha pMin reward probability beta
196  0.13 6.84     EA          AP 0.45
768  0.67 8.69     EA          AP 0.79
794  0.09 9.99     EN          AP 0.06
160  0.45 6.49     EN          AP 0.46
# 2021-03-08 15:23:32 CET: Iteration 2 of 4
# experimentsUsedSoFar: 6041
# remainingBudget: 93959
# currentBudget: 31319
# nbConfigurations: 1024
# Markers:
     x No test is performed.
     c Configurations are discarded only due to capping.
     - The test is performed and some configurations are discarded.
     = The test is performed but no configuration is discarded.
     ! The test is performed and configurations could be discarded but elite configurations are preserved.
     . All alive configurations are elite and nothing is discarded

+-+-----------+-----------+-----------+---------------+-----------+--------+-----+----+------+
| |   Instance|      Alive|       Best|      Mean best| Exp so far|  W time|  rho|KenW|  Qvar|
+-+-----------+-----------+-----------+---------------+-----------+--------+-----+----+------+
|x|          9|       1024|       1212|1.000000000e-08|       1024|00:21:20|   NA|  NA|    NA|
|x|         10|       1024|       1948|4.216428311e-05|       2048|02:23:40|-0.09|0.46|1.0466|
|x|         11|       1024|       1948|    9.838518444|       3072|00:21:26|-0.00|0.33|0.9929|
|x|         12|       1024|       1948|    7.378888836|       4096|00:19:53|-0.00|0.25|0.9685|
|-|         13|        440|       1948|    5.903111071|       5120|00:11:21|-0.14|0.09|1.0630|
|=|          5|        440|       1948|    4.920111667|       5556|00:14:17|-0.06|0.11|1.0186|
|=|          6|        440|       1948|    4.217238573|       5992|00:02:54|-0.00|0.14|0.9813|
|-|          1|        229|       1948|    3.879557949|       6428|00:07:05|-0.08|0.05|1.0430|
|=|          3|        229|       1607|    4.586781999|       6653|00:01:58|-0.07|0.05|1.0373|
|=|          4|        229|       1607|    4.128103800|       6878|00:00:24|-0.06|0.05|0.9294|
|=|          7|        229|       1607|    3.752821638|       7103|00:01:41|-0.05|0.04|0.9204|
|=|          8|        229|       1607|    3.440086502|       7328|00:00:28|-0.05|0.04|0.8424|
|=|          2|        229|       1607|    3.175464464|       7553|00:00:05|-0.04|0.04|0.7766|
|=|         14|        229|       1607|    2.948645575|       7782|00:00:14|-0.04|0.03|0.7204|
+-+-----------+-----------+-----------+---------------+-----------+--------+-----+----+------+
Best-so-far configuration:        1607    mean value:     2.948645575
Description of the best-so-far configuration:
     .ID. alpha pMin reward probability beta .PARENT.
1607 1607  0.14 9.99     EA          AP 0.12      794

# 2021-03-08 19:30:30 CET: Elite configurations (first number is the configuration ID; listed from best to worst according to the sum of ranks):
     alpha pMin reward probability beta
1607  0.14 9.99     EA          AP 0.12
1899  0.67 9.13     EN          AP 0.74
1973  0.45 7.42     EA          AP 0.33
1057  0.20 9.85     EN          AP 0.14
# 2021-03-08 19:30:30 CET: Iteration 3 of 4
# experimentsUsedSoFar: 13823
# remainingBudget: 86177
# currentBudget: 43088
# nbConfigurations: 1024
# Markers:
     x No test is performed.
     c Configurations are discarded only due to capping.
     - The test is performed and some configurations are discarded.
     = The test is performed but no configuration is discarded.
     ! The test is performed and configurations could be discarded but elite configurations are preserved.
     . All alive configurations are elite and nothing is discarded

+-+-----------+-----------+-----------+---------------+-----------+--------+-----+----+------+
| |   Instance|      Alive|       Best|      Mean best| Exp so far|  W time|  rho|KenW|  Qvar|
+-+-----------+-----------+-----------+---------------+-----------+--------+-----+----+------+
|x|         15|       1024|       1899|1.000000000e-08|       1024|00:09:13|   NA|  NA|    NA|
|x|         16|       1024|       1057|1.000000000e-08|       2048|00:12:39|-0.10|0.45|1.0725|
|x|         17|       1024|       1057|1.000000000e-08|       3072|00:00:49|-0.05|0.30|0.6905|
|x|         18|       1024|       1057|1.000000000e-08|       4096|00:01:23|-0.03|0.22|0.5118|
|-|         19|        932|       1057|1.000000000e-08|       5120|00:07:17|-0.04|0.16|0.6164|
|=|         11|        932|       2252|    1.842470679|       6048|00:19:23|+0.00|0.17|0.6597|
|=|          2|        932|       2252|    1.579260583|       6976|00:00:17|+0.00|0.14|0.5664|
|-|          3|        647|       2534|    1.551839323|       7904|00:09:27|-0.04|0.09|0.6296|
|=|         13|        647|       2533|    1.425437922|       8547|00:06:06|-0.00|0.11|0.6643|
|=|         12|        647|       2213|    1.536879337|       9190|00:09:37|+0.01|0.11|0.6896|
|-|          1|        422|       2676|    2.262987723|       9833|00:10:16|-0.04|0.05|0.7317|
|=|          8|        422|       2676|    2.074405414|      10251|00:00:51|-0.04|0.05|0.6702|
|=|          7|        422|       2676|    1.914835767|      10669|00:03:00|-0.03|0.05|0.6937|
|=|         14|        422|       2676|    1.778061785|      11087|00:00:26|-0.03|0.04|0.6439|
|=|          9|        422|       2676|    1.705648126|      11505|00:08:48|-0.02|0.05|0.6670|
|=|          5|        422|       2590|    1.933711035|      11923|00:13:10|-0.01|0.05|0.6828|
|=|          6|        422|       2590|    1.819963328|      12341|00:01:37|-0.01|0.05|0.6985|
|=|         10|        422|       2494|    1.719343949|      12759|01:01:30|-0.01|0.05|0.7150|
|=|          4|        422|       2494|    1.628852163|      13177|00:00:49|-0.01|0.05|0.6776|
|=|         20|        422|       2838|   0.7699125809|      13599|00:46:06|-0.00|0.05|0.6898|
+-+-----------+-----------+-----------+---------------+-----------+--------+-----+----+------+
Best-so-far configuration:        2838    mean value:    0.7699125809
Description of the best-so-far configuration:
     .ID. alpha pMin reward probability beta .PARENT.
2838 2838  0.48 8.36     EA          AP 0.18     1973

# 2021-03-08 23:13:30 CET: Elite configurations (first number is the configuration ID; listed from best to worst according to the sum of ranks):
     alpha pMin reward probability beta
2838  0.48 8.36     EA          AP 0.18
2494  0.13 8.62     EA          AP 0.09
2676  0.31 9.42     EA          AP 0.13
2649  0.79 9.31     EN          AP 0.58
# 2021-03-08 23:13:30 CET: Iteration 4 of 4
# experimentsUsedSoFar: 27422
# remainingBudget: 72578
# currentBudget: 72578
# nbConfigurations: 1024
# Markers:
     x No test is performed.
     c Configurations are discarded only due to capping.
     - The test is performed and some configurations are discarded.
     = The test is performed but no configuration is discarded.
     ! The test is performed and configurations could be discarded but elite configurations are preserved.
     . All alive configurations are elite and nothing is discarded

+-+-----------+-----------+-----------+---------------+-----------+--------+-----+----+------+
| |   Instance|      Alive|       Best|      Mean best| Exp so far|  W time|  rho|KenW|  Qvar|
+-+-----------+-----------+-----------+---------------+-----------+--------+-----+----+------+
|x|         21|       1024|       3402|   0.1124630423|       1024|00:16:58|   NA|  NA|    NA|
|x|         22|       1024|       3402|  0.05623152614|       2048|00:00:25|+0.00|0.50|0.4995|
|x|         23|       1024|       3402|  0.03748768743|       3072|00:02:24|+0.00|0.33|0.3330|
|x|         24|       1024|       3682|  0.07515368341|       4096|00:33:01|+0.07|0.30|0.4537|
|-|         25|        486|       3344|    5.429029119|       5120|00:21:02|-0.08|0.13|0.6324|
|=|         16|        486|       3650|    3.879280553|       5602|00:05:30|-0.05|0.12|0.6548|
|=|          8|        486|       3650|    3.325097619|       6084|00:00:58|-0.04|0.11|0.5627|
|=|          9|        486|       3716|    2.378749236|       6566|00:10:01|-0.03|0.10|0.6179|
|=|          4|        486|       3716|    2.114443766|       7048|00:00:54|-0.02|0.09|0.5499|
|=|         17|        486|       3716|    1.902999391|       7530|00:00:24|-0.02|0.08|0.4954|
|=|         19|        486|       3716|    1.729999447|       8012|00:02:02|-0.02|0.08|0.5366|
|=|         12|        486|       3716|    1.585832827|       8494|00:06:30|-0.01|0.07|0.5721|
|=|          2|        486|       3716|    1.463845687|       8976|00:00:09|-0.01|0.07|0.5289|
|=|         14|        486|       3716|    1.359285282|       9458|00:00:29|-0.01|0.06|0.4917|
|=|         13|        486|       3650|    1.597836020|       9940|00:04:39|-0.00|0.07|0.5229|
|=|         18|        486|       3650|    1.497971269|      10422|00:00:43|-0.00|0.06|0.4908|
|=|          7|        486|       3650|    1.409855313|      10904|00:03:20|+0.00|0.06|0.5124|
|=|         11|        486|       3650|    1.914828105|      11386|00:10:08|+0.00|0.06|0.5377|
|-|          5|        191|       3650|    1.814054263|      11868|00:14:52|-0.03|0.02|0.5345|
|=|         15|        191|       3650|    1.723351551|      12055|00:02:21|-0.03|0.02|0.5574|
|=|          1|        191|       3650|    1.661468305|      12242|00:02:59|-0.03|0.02|0.5784|
|=|          6|        191|       3650|    2.257807973|      12429|00:00:38|-0.03|0.02|0.5965|
|=|         10|        191|       3650|    2.160334088|      12616|00:29:49|-0.02|0.02|0.6129|
|=|         20|        191|       3494|    2.896339485|      12803|00:23:07|-0.02|0.02|0.6276|
|=|          3|        191|       3650|    1.988963082|      12990|00:01:52|-0.02|0.02|0.6413|
|=|         26|        191|       3289|    3.061210075|      13181|00:32:08|-0.01|0.03|0.6546|
+-+-----------+-----------+-----------+---------------+-----------+--------+-----+----+------+
Best-so-far configuration:        3289    mean value:     3.061210075
Description of the best-so-far configuration:
     .ID. alpha pMin reward probability beta .PARENT.
3289 3289  0.73 8.41     EN          AP 0.56     2649

# 2021-03-09 03:01:12 CET: Elite configurations (first number is the configuration ID; listed from best to worst according to the sum of ranks):
     alpha pMin reward probability beta
3289  0.73 8.41     EN          AP 0.56
3494  0.14 7.57     EA          AP 0.02
3650  0.47 7.97     EA          AP 0.22
3919  0.40 9.35     EA          AP 0.18
# 2021-03-09 03:01:12 CET: Iteration 5 of 5
# experimentsUsedSoFar: 40603
# remainingBudget: 59397
# currentBudget: 59397
# nbConfigurations: 1024
# Markers:
     x No test is performed.
     c Configurations are discarded only due to capping.
     - The test is performed and some configurations are discarded.
     = The test is performed but no configuration is discarded.
     ! The test is performed and configurations could be discarded but elite configurations are preserved.
     . All alive configurations are elite and nothing is discarded

+-+-----------+-----------+-----------+---------------+-----------+--------+-----+----+------+
| |   Instance|      Alive|       Best|      Mean best| Exp so far|  W time|  rho|KenW|  Qvar|
+-+-----------+-----------+-----------+---------------+-----------+--------+-----+----+------+
|x|         27|       1024|       3494|1.000000000e-08|       1024|00:11:03|   NA|  NA|    NA|
|x|         28|       1024|       3494|1.000000000e-08|       2048|00:02:31|+0.28|0.64|0.7181|
|x|         29|       1024|       3494|1.000000000e-08|       3072|00:08:37|+0.09|0.39|0.9431|
|x|         30|       1024|       4141|1.000000000e-08|       4096|01:54:23|+0.12|0.34|0.9292|
|-|         31|        773|       4141|1.000000000e-08|       5120|00:17:24|-0.04|0.17|1.0179|
|=|          1|        773|       5032|  0.03319363567|       5889|00:12:09|+0.00|0.17|0.9803|
|=|          9|        773|       4443|  0.04828649047|       6658|00:16:00|-0.00|0.14|0.9846|
|=|          8|        773|       4443|  0.04225068041|       7427|00:01:28|-0.00|0.12|0.8633|
|=|         12|        773|       5089|  0.03238101886|       8196|00:12:17|+0.01|0.12|0.8750|
|-|          3|        410|       5089|  0.02914291798|       8965|00:07:46|-0.06|0.05|0.9136|
|=|         14|        410|       5089|  0.02649356271|       9371|00:00:25|-0.05|0.04|0.8291|
|=|         22|        410|       5089|  0.02428576665|       9777|00:00:11|-0.05|0.04|0.7589|
|=|         23|        410|       5089|  0.02241763152|      10183|00:01:05|-0.04|0.04|0.6997|
|=|         16|        410|       5089|  0.02081637284|      10589|00:04:36|-0.03|0.04|0.7181|
|=|         11|        410|       4443|    1.156964793|      10995|00:08:29|-0.03|0.04|0.7359|
|=|          6|        410|       4443|    1.084654494|      11401|00:01:36|-0.02|0.04|0.7494|
|=|         21|        410|       4443|    1.051602498|      11807|00:06:41|-0.02|0.04|0.7596|
|=|         13|        410|       4690|    2.167213397|      12213|00:03:48|-0.01|0.04|0.7682|
|=|          2|        410|       4690|    2.053149535|      12619|00:00:07|-0.01|0.04|0.7282|
|=|         19|        410|       4690|    1.950492058|      13025|00:01:52|-0.01|0.04|0.7415|
|=|         17|        410|       4690|    1.857611485|      13431|00:00:20|-0.01|0.04|0.7065|
|=|         25|        410|       4690|    3.636787993|      13837|00:08:20|-0.01|0.04|0.7194|
|=|         18|        410|       4690|    3.478666777|      14243|00:00:36|-0.01|0.03|0.6884|
|=|         20|        410|       4690|    3.333725436|      14649|00:48:26|-0.01|0.03|0.7008|
|=|          5|        410|       4572|    2.572966108|      15055|00:12:20|-0.00|0.04|0.7093|
|=|         24|        410|       4336|    3.323924069|      15461|00:12:32|-0.00|0.04|0.7177|
|=|         10|        410|       4572|    2.416781752|      15867|01:01:54|-0.00|0.04|0.7272|
|=|          7|        410|       4572|    2.330468118|      16273|00:02:50|-0.00|0.04|0.7340|
|=|          4|        410|       4572|    2.250107149|      16679|00:00:46|-0.00|0.03|0.7092|
|=|         15|        410|       4572|    2.175103578|      17085|00:04:32|-0.00|0.03|0.7200|
|=|         26|        410|       4336|    2.805305782|      17491|01:07:37|+0.00|0.03|0.7283|
|=|         32|        410|       4572|    2.413690963|      17901|00:14:06|+0.00|0.03|0.7350|
+-+-----------+-----------+-----------+---------------+-----------+--------+-----+----+------+
Best-so-far configuration:        4572    mean value:     2.413690963
Description of the best-so-far configuration:
     .ID. alpha pMin reward probability beta .PARENT.
4572 4572  0.62 8.58     EA          AP 0.59     3289

# 2021-03-09 10:48:20 CET: Elite configurations (first number is the configuration ID; listed from best to worst according to the sum of ranks):
     alpha pMin reward probability beta
4572  0.62 8.58     EA          AP 0.59
4770  0.36 8.55     EA          AP 0.24
4409  0.28 6.83     EA          AP 0.06
4746  0.12 7.81     EA          AP 0.03
# 2021-03-09 10:48:20 CET: Iteration 6 of 6
# experimentsUsedSoFar: 58504
# remainingBudget: 41496
# currentBudget: 41496
# nbConfigurations: 1024
# Markers:
     x No test is performed.
     c Configurations are discarded only due to capping.
     - The test is performed and some configurations are discarded.
     = The test is performed but no configuration is discarded.
     ! The test is performed and configurations could be discarded but elite configurations are preserved.
     . All alive configurations are elite and nothing is discarded

+-+-----------+-----------+-----------+---------------+-----------+--------+-----+----+------+
| |   Instance|      Alive|       Best|      Mean best| Exp so far|  W time|  rho|KenW|  Qvar|
+-+-----------+-----------+-----------+---------------+-----------+--------+-----+----+------+
|x|         33|       1024|       4572|1.000000000e-08|       1024|00:11:21|   NA|  NA|    NA|
|x|         34|       1024|       5368|    2.487397643|       2048|00:36:44|+0.49|0.74|0.5096|
|x|         35|       1024|       5542|    2.653224156|       3072|00:19:41|+0.29|0.52|0.7253|
|x|         36|       1024|       5200|    2.238656626|       4096|00:30:38|+0.35|0.51|0.6470|
|-|         37|        436|       5761|    1.992178146|       5120|00:09:42|-0.11|0.11|1.0818|
|=|         28|        436|       5761|    1.660148457|       5552|00:00:23|-0.09|0.09|0.8875|
|=|         31|        436|       5761|    1.422984393|       5984|00:05:26|-0.07|0.08|0.9034|
|=|         27|        436|       5761|    1.245111345|       6416|00:03:53|-0.05|0.08|0.9082|
|=|         15|        436|       5761|    1.106765641|       6848|00:04:28|-0.05|0.07|0.9133|
|=|         16|        436|       5761|   0.9960890780|       7280|00:04:51|-0.04|0.07|0.9220|
|=|          5|        436|       5761|   0.9055639611|       7712|00:13:26|-0.02|0.07|0.9188|
|=|         25|        436|       5832|    3.081897443|       8144|00:08:53|-0.02|0.06|0.9286|
|=|         10|        436|       5761|    4.088233926|       8576|01:06:20|-0.02|0.06|0.9320|
|=|          1|        436|       5761|    3.876405475|       9008|00:06:54|-0.02|0.06|0.9381|
|=|          3|        436|       5761|    3.617978444|       9440|00:04:15|-0.02|0.05|0.9408|
