#------------------------------------------------------------------------------
# irace: An implementation in R of (Elitist) Iterated Racing
# Version: 3.4.1.9fcaeaf
# Copyright (C) 2010-2020
# Manuel Lopez-Ibanez     <manuel.lopez-ibanez@manchester.ac.uk>
# Jeremie Dubois-Lacoste  
# Leslie Perez Caceres    <leslie.perez.caceres@ulb.ac.be>
#
# This is free software, and you are welcome to redistribute it under certain
# conditions.  See the GNU General Public License for details. There is NO
# WARRANTY; not even for MERCHANTABILITY or FITNESS FOR A PARTICULAR PURPOSE.
#
# irace builds upon previous code from the race package:
#     race: Racing methods for the selection of the best
#     Copyright (C) 2003 Mauro Birattari
#------------------------------------------------------------------------------
# installed at: /home/rmboks/.R/irace
# called with: --parameter-file /home/rmboks/auto-DE/irace/parameters.txt --train-instances-file /home/rmboks/auto-DE/irace/instances-list.txt --forbidden-file /home/rmboks/auto-DE/irace/forbidden.txt --target-runner /home/rmboks/auto-DE/irace/runners/SD.runner --seed 42 --max-experiments 100000 --parallel 32 --digits 2 -l results/SD.Rdata -s /home/rmboks/auto-DE/irace/scenario.txt --elitist-new-instances 5 --exec-dir /home/rmboks/auto-DE/irace
# 2 expression(s) specifying forbidden configurations read from '/home/rmboks/auto-DE/irace/forbidden.txt'
# 2021-03-08 14:12:47 CET: Initialization
# Elitist race
# Elitist new instances: 5
# Elitist limit: 2
# nbIterations: 4
# minNbSurvival: 4
# nbParameters: 5
# seed: 42
# confidence level: 0.95
# budget: 1e+05
# mu: 5
# deterministic: FALSE

# 2021-03-08 14:12:47 CET: Iteration 1 of 4
# experimentsUsedSoFar: 0
# remainingBudget: 1e+05
# currentBudget: 25000
# nbConfigurations: 1024
# Markers:
     x No test is performed.
     c Configurations are discarded only due to capping.
     - The test is performed and some configurations are discarded.
     = The test is performed but no configuration is discarded.
     ! The test is performed and configurations could be discarded but elite configurations are preserved.
     . All alive configurations are elite and nothing is discarded

+-+-----------+-----------+-----------+---------------+-----------+--------+-----+----+------+
| |   Instance|      Alive|       Best|      Mean best| Exp so far|  W time|  rho|KenW|  Qvar|
+-+-----------+-----------+-----------+---------------+-----------+--------+-----+----+------+
|x|          1|       1024|        710|  0.09288147078|       1024|00:14:25|   NA|  NA|    NA|
|x|          2|       1024|        710|  0.04644074039|       2048|00:00:13|+0.00|0.50|0.4995|
|x|          3|       1024|        620|  0.03665181596|       3072|00:12:58|+0.00|0.33|0.6779|
|x|          4|       1024|        620|  0.02748886447|       4096|00:00:59|+0.00|0.25|0.5054|
|-|          5|        561|        835|  0.04514774318|       5120|00:28:26|-0.12|0.10|0.6436|
|=|          6|        561|        835|  0.03762312098|       5681|00:00:29|-0.10|0.09|0.5289|
|=|          7|        561|        835|  0.03224839084|       6242|00:02:27|-0.08|0.07|0.4491|
+-+-----------+-----------+-----------+---------------+-----------+--------+-----+----+------+
Best-so-far configuration:         835    mean value:   0.03224839084
Description of the best-so-far configuration:
    .ID. alpha pMin reward probability beta .PARENT.
835  835  0.14  8.2     ER          AP  0.7       NA

# 2021-03-08 15:12:48 CET: Elite configurations (first number is the configuration ID; listed from best to worst according to the sum of ranks):
     alpha pMin reward probability beta
835   0.14 8.20     ER          AP 0.70
235   0.02 6.94     EA          AP 0.13
514   0.17 9.94     EA          AP 0.14
1013  0.08 9.34     ER          AP 0.87
# 2021-03-08 15:12:48 CET: Iteration 2 of 4
# experimentsUsedSoFar: 6242
# remainingBudget: 93758
# currentBudget: 31252
# nbConfigurations: 1024
# Markers:
     x No test is performed.
     c Configurations are discarded only due to capping.
     - The test is performed and some configurations are discarded.
     = The test is performed but no configuration is discarded.
     ! The test is performed and configurations could be discarded but elite configurations are preserved.
     . All alive configurations are elite and nothing is discarded

+-+-----------+-----------+-----------+---------------+-----------+--------+-----+----+------+
| |   Instance|      Alive|       Best|      Mean best| Exp so far|  W time|  rho|KenW|  Qvar|
+-+-----------+-----------+-----------+---------------+-----------+--------+-----+----+------+
|x|          8|       1024|        835|1.000000000e-08|       1024|00:01:21|   NA|  NA|    NA|
|x|          9|       1024|        835|1.000000000e-08|       2048|00:17:47|+0.00|0.50|0.4995|
|x|         10|       1024|       1741| 0.002313195651|       3072|02:20:35|+0.03|0.36|0.6651|
|x|         11|       1024|       1839|    3.585427925|       4096|00:19:59|+0.03|0.27|0.7417|
|=|         12|       1024|       1341|    3.876670929|       5120|00:19:07|+0.01|0.21|0.7933|
|=|          1|       1024|       1542|    2.288362068|       6140|00:14:24|+0.01|0.17|0.8218|
|=|          7|       1024|       1542|    1.961453202|       7160|00:05:24|+0.00|0.15|0.8491|
|=|          4|       1024|       1542|    1.716271553|       8180|00:01:08|+0.00|0.13|0.7438|
|-|          3|        514|       1542|    1.525574716|       9200|00:13:06|-0.07|0.05|0.6865|
|=|          5|        514|        835|    2.708762341|       9710|00:14:15|-0.05|0.06|0.7178|
|=|          6|        514|        835|    2.462511220|      10220|00:00:27|-0.04|0.05|0.6508|
|=|          2|        514|        835|    2.257301953|      10730|00:00:06|-0.04|0.05|0.5952|
|=|         13|        514|        835|    2.083663342|      11244|00:06:13|-0.03|0.05|0.6233|
+-+-----------+-----------+-----------+---------------+-----------+--------+-----+----+------+
Best-so-far configuration:         835    mean value:     2.083663342
Description of the best-so-far configuration:
    .ID. alpha pMin reward probability beta .PARENT.
835  835  0.14  8.2     ER          AP  0.7       NA

# 2021-03-08 19:26:51 CET: Elite configurations (first number is the configuration ID; listed from best to worst according to the sum of ranks):
     alpha pMin reward probability beta
835   0.14 8.20     ER          AP 0.70
1542  0.02 7.57     EA          AP 0.09
1104  0.06 7.05     EA          PM   NA
235   0.02 6.94     EA          AP 0.13
# 2021-03-08 19:26:51 CET: Iteration 3 of 4
# experimentsUsedSoFar: 17486
# remainingBudget: 82514
# currentBudget: 41257
# nbConfigurations: 1024
# Markers:
     x No test is performed.
     c Configurations are discarded only due to capping.
     - The test is performed and some configurations are discarded.
     = The test is performed but no configuration is discarded.
     ! The test is performed and configurations could be discarded but elite configurations are preserved.
     . All alive configurations are elite and nothing is discarded

+-+-----------+-----------+-----------+---------------+-----------+--------+-----+----+------+
| |   Instance|      Alive|       Best|      Mean best| Exp so far|  W time|  rho|KenW|  Qvar|
+-+-----------+-----------+-----------+---------------+-----------+--------+-----+----+------+
|x|         14|       1024|        835|1.000000000e-08|       1024|00:00:38|   NA|  NA|    NA|
|x|         15|       1024|       1542|1.000000000e-08|       2048|00:08:53|+0.00|0.50|0.4995|
|x|         16|       1024|       1542|1.000000000e-08|       3072|00:12:41|-0.02|0.32|0.6761|
|x|         17|       1024|       1542|1.000000000e-08|       4096|00:00:40|-0.01|0.24|0.5046|
|=|         18|       1024|       1542|1.000000000e-08|       5120|00:01:08|-0.01|0.19|0.4026|
|=|         11|       1024|       2090|    1.547670036|       6140|00:19:49|+0.01|0.18|0.4941|
|=|          2|       1024|       2090|    1.326574318|       7160|00:00:13|+0.01|0.15|0.4243|
|-|          7|        790|       2090|    1.160752530|       8180|00:05:08|-0.04|0.09|0.3892|
|=|         12|        790|       2090|    1.031780027|       8966|00:13:28|-0.02|0.09|0.4549|
|=|          4|        790|       2090|   0.9286020257|       9752|00:00:53|-0.02|0.08|0.4083|
|=|          8|        790|       2090|   0.8441836607|      10538|00:01:01|-0.02|0.08|0.3704|
|=|          6|        790|       2090|   0.7738350231|      11324|00:00:43|-0.01|0.07|0.3389|
|=|         10|        790|       1542|   0.9892702505|      12110|01:48:04|-0.01|0.07|0.3872|
|=|          9|        790|       2284|    1.184073169|      12896|00:13:27|+0.00|0.07|0.4299|
|-|          5|        311|       2284|    1.106545140|      13682|00:22:02|-0.04|0.03|0.4832|
|=|         13|        311|       2284|    1.037386069|      13989|00:03:45|-0.04|0.03|0.5133|
|=|          1|        311|       2284|    1.002894036|      14296|00:04:23|-0.03|0.03|0.5405|
|=|          3|        311|       1104|    1.345053623|      14603|00:03:53|-0.02|0.03|0.5642|
|=|         19|        311|       1104|    1.274261327|      14914|00:05:05|-0.02|0.04|0.5857|
+-+-----------+-----------+-----------+---------------+-----------+--------+-----+----+------+
Best-so-far configuration:        1104    mean value:     1.274261327
Description of the best-so-far configuration:
     .ID. alpha pMin reward probability beta .PARENT.
1104 1104  0.06 7.05     EA          PM   NA      235

# 2021-03-08 23:12:58 CET: Elite configurations (first number is the configuration ID; listed from best to worst according to the sum of ranks):
     alpha pMin reward probability beta
1104  0.06 7.05     EA          PM   NA
1542  0.02 7.57     EA          AP 0.09
2512  0.05 6.00     EN          AP 0.02
2190  0.02 6.51     EN          AP 0.13
# 2021-03-08 23:12:58 CET: Iteration 4 of 4
# experimentsUsedSoFar: 32400
# remainingBudget: 67600
# currentBudget: 67600
# nbConfigurations: 1024
# Markers:
     x No test is performed.
     c Configurations are discarded only due to capping.
     - The test is performed and some configurations are discarded.
     = The test is performed but no configuration is discarded.
     ! The test is performed and configurations could be discarded but elite configurations are preserved.
     . All alive configurations are elite and nothing is discarded

+-+-----------+-----------+-----------+---------------+-----------+--------+-----+----+------+
| |   Instance|      Alive|       Best|      Mean best| Exp so far|  W time|  rho|KenW|  Qvar|
+-+-----------+-----------+-----------+---------------+-----------+--------+-----+----+------+
|x|         20|       1024|       3774|  0.01493285043|       1024|01:17:07|   NA|  NA|    NA|
|x|         21|       1024|       3249|  0.09417368310|       2048|00:14:25|-0.01|0.49|1.0286|
|x|         22|       1024|       3249|  0.06278245873|       3072|00:00:13|-0.01|0.33|0.6759|
|x|         23|       1024|       3249|  0.04708684655|       4096|00:01:27|-0.00|0.25|0.5044|
|=|         24|       1024|       3078|  0.09388177360|       5120|00:28:44|+0.00|0.20|0.5977|
|=|         10|       1024|       3355|  0.06862681182|       6140|02:18:58|+0.00|0.17|0.6661|
|-|         19|        361|       3355|  0.05882298299|       7160|00:18:14|-0.08|0.07|0.7696|
|=|          2|        361|       3355|  0.05147011136|       7517|00:00:04|-0.07|0.06|0.6662|
|=|         11|        361|       3355|    2.806079926|       7874|00:07:02|-0.05|0.06|0.7015|
|=|          6|        361|       3355|    2.525471934|       8231|00:00:17|-0.05|0.06|0.6277|
|=|          4|        361|       3355|    2.295883578|       8588|00:00:31|-0.04|0.05|0.5680|
|=|         17|        361|       3355|    2.104559947|       8945|00:00:14|-0.04|0.05|0.5186|
|=|          8|        361|       3355|    1.942670721|       9302|00:00:29|-0.04|0.04|0.4772|
|=|          1|        361|       3355|    1.838044207|       9659|00:05:08|-0.03|0.04|0.5120|
|=|          7|        361|       3355|    1.715507928|      10016|00:02:07|-0.03|0.04|0.4770|
|=|         16|        361|       3355|    1.608288683|      10373|00:04:19|-0.02|0.04|0.5076|
|=|         18|        361|       3355|    1.513683467|      10730|00:00:24|-0.02|0.04|0.4772|
|=|          9|        361|       3639|    1.074650248|      11087|00:06:06|-0.01|0.04|0.5064|
|=|         13|        361|       3916|    1.025461150|      11444|00:04:12|-0.01|0.04|0.5319|
|=|          5|        361|       3916|   0.9771111819|      11801|00:10:09|-0.01|0.04|0.5539|
|=|         12|        361|       3916|   0.9305820784|      12158|00:05:45|-0.00|0.05|0.5740|
|=|         14|        361|       3916|   0.8882828935|      12515|00:00:14|-0.00|0.05|0.5478|
|=|         15|        361|       3916|   0.8496618986|      12872|00:03:28|+0.00|0.04|0.5668|
|=|          3|        361|       3639|   0.8078686849|      13229|00:04:30|+0.00|0.05|0.5811|
|=|         25|        361|       3916|    1.339356342|      13590|00:07:03|+0.00|0.04|0.5975|
+-+-----------+-----------+-----------+---------------+-----------+--------+-----+----+------+
Best-so-far configuration:        3916    mean value:     1.339356342
Description of the best-so-far configuration:
     .ID. alpha pMin reward probability beta .PARENT.
3916 3916  0.13 8.05     EN          AP 0.11     2190

# 2021-03-09 04:54:28 CET: Elite configurations (first number is the configuration ID; listed from best to worst according to the sum of ranks):
     alpha pMin reward probability beta
3916  0.13 8.05     EN          AP 0.11
3708  0.10 6.80     EN          AP 0.02
3647  0.06 6.23     EN          AP 0.17
3254  0.05 7.68     EA          AP 0.09
# 2021-03-09 04:54:28 CET: Iteration 5 of 5
# experimentsUsedSoFar: 45990
# remainingBudget: 54010
# currentBudget: 54010
# nbConfigurations: 1024
# Markers:
     x No test is performed.
     c Configurations are discarded only due to capping.
     - The test is performed and some configurations are discarded.
     = The test is performed but no configuration is discarded.
     ! The test is performed and configurations could be discarded but elite configurations are preserved.
     . All alive configurations are elite and nothing is discarded

+-+-----------+-----------+-----------+---------------+-----------+--------+-----+----+------+
| |   Instance|      Alive|       Best|      Mean best| Exp so far|  W time|  rho|KenW|  Qvar|
+-+-----------+-----------+-----------+---------------+-----------+--------+-----+----+------+
|x|         26|       1024|       4695| 0.001629672745|       1024|02:28:07|   NA|  NA|    NA|
|x|         27|       1024|       4695|0.0008148413727|       2048|00:02:07|+0.00|0.50|0.4995|
|x|         28|       1024|       4695|0.0005432309151|       3072|00:00:32|+0.00|0.33|0.3330|
|x|         29|       1024|       4557| 0.002739527082|       4096|00:09:58|+0.01|0.26|0.4957|
|=|         30|       1024|       4835|  0.05088709967|       5120|01:21:10|+0.01|0.20|0.5956|
|=|         22|       1024|       4835|  0.04240591806|       6140|00:00:13|+0.00|0.17|0.4970|
|=|          4|       1024|       4835|  0.03634793119|       7160|00:01:28|+0.00|0.15|0.4264|
|=|         16|       1024|       4835|  0.03180444104|       8180|00:12:47|+0.01|0.13|0.4970|
|-|         20|        512|       4481|  0.06287489517|       9200|01:19:00|-0.07|0.05|0.5885|
|=|          1|        512|       4481|  0.08625329350|       9708|00:07:09|-0.05|0.05|0.6293|
|=|         11|        512|       4481|    2.252489213|      10216|00:09:47|-0.04|0.05|0.6604|
|=|          8|        512|       4481|    2.064781779|      10724|00:00:39|-0.04|0.05|0.6033|
|=|         24|        512|       4481|    1.908853834|      11232|00:14:20|-0.03|0.05|0.6305|
|=|          9|        512|       4481|    1.772507133|      11740|00:08:58|-0.02|0.05|0.6538|
|=|         18|        512|       4481|    1.654339991|      12248|00:00:36|-0.02|0.05|0.6094|
|=|         15|        512|       4481|    1.550943742|      12756|00:04:46|-0.02|0.05|0.6341|
|=|          6|        512|       4481|    1.459711758|      13264|00:00:25|-0.02|0.04|0.5961|
|=|         19|        512|       4481|    1.378616661|      13772|00:07:47|-0.01|0.05|0.6147|
|=|          3|        512|       4481|    1.306057892|      14280|00:06:22|-0.00|0.05|0.6321|
|=|          7|        512|       4481|    1.240754998|      14788|00:02:32|-0.00|0.05|0.6004|
|=|         10|        512|       4481|    1.184356919|      15296|01:13:51|+0.00|0.05|0.6188|
|=|         25|        512|       4189|    1.771309168|      15804|00:09:46|-0.00|0.04|0.6355|
|=|          2|        512|       4189|    1.694295726|      16312|00:00:06|-0.00|0.04|0.6078|
|-|         13|        272|       4210|    2.997743353|      16820|00:06:01|-0.02|0.02|0.6268|
|=|          5|        272|       4210|    2.880409143|      17088|00:07:36|-0.02|0.02|0.6376|
|=|         17|        272|       4210|    2.769624176|      17356|00:00:11|-0.02|0.02|0.6131|
|=|         12|        272|       4210|    2.667045503|      17624|00:03:43|-0.01|0.02|0.6270|
|=|         21|        272|       3647|    2.005712835|      17892|00:03:51|-0.01|0.02|0.6408|
|=|         23|        272|       3647|    1.936550324|      18160|00:00:26|-0.01|0.02|0.6187|
|=|         14|        272|       3647|    1.871998647|      18428|00:00:11|-0.01|0.02|0.5981|
|=|         31|        272|       3647|    1.811611594|      18700|00:04:21|-0.01|0.02|0.6102|
+-+-----------+-----------+-----------+---------------+-----------+--------+-----+----+------+
Best-so-far configuration:        3647    mean value:     1.811611594
Description of the best-so-far configuration:
     .ID. alpha pMin reward probability beta .PARENT.
3647 3647  0.06 6.23     EN          AP 0.17     2512

# 2021-03-09 13:23:33 CET: Elite configurations (first number is the configuration ID; listed from best to worst according to the sum of ranks):
     alpha pMin reward probability beta
3647  0.06 6.23     EN          AP 0.17
4894  0.16 6.37     EN          AP 0.29
4210  0.03 7.20     ER          AP 0.04
4904  0.11 8.38     EN          AP 0.05
# 2021-03-09 13:23:33 CET: Iteration 6 of 6
# experimentsUsedSoFar: 64690
# remainingBudget: 35310
# currentBudget: 35310
# nbConfigurations: 984
# Markers:
     x No test is performed.
     c Configurations are discarded only due to capping.
     - The test is performed and some configurations are discarded.
     = The test is performed but no configuration is discarded.
     ! The test is performed and configurations could be discarded but elite configurations are preserved.
     . All alive configurations are elite and nothing is discarded

+-+-----------+-----------+-----------+---------------+-----------+--------+-----+----+------+
| |   Instance|      Alive|       Best|      Mean best| Exp so far|  W time|  rho|KenW|  Qvar|
+-+-----------+-----------+-----------+---------------+-----------+--------+-----+----+------+
|x|         32|        984|       6069|    5.969754333|        984|00:31:00|   NA|  NA|    NA|
|x|         33|        984|       6069|    2.984877172|       1968|00:02:04|+0.00|0.50|0.4995|
|x|         34|        984|       5633|    5.638101320|       2952|00:30:58|+0.07|0.38|0.6156|
|x|         35|        984|       5633|    4.228575993|       3936|00:16:03|+0.01|0.26|0.7188|
|-|         36|        362|       5633|    3.382904479|       4920|00:28:30|-0.13|0.10|0.8993|
