#------------------------------------------------------------------------------
# irace: An implementation in R of (Elitist) Iterated Racing
# Version: 3.4.1.9fcaeaf
# Copyright (C) 2010-2020
# Manuel Lopez-Ibanez     <manuel.lopez-ibanez@manchester.ac.uk>
# Jeremie Dubois-Lacoste  
# Leslie Perez Caceres    <leslie.perez.caceres@ulb.ac.be>
#
# This is free software, and you are welcome to redistribute it under certain
# conditions.  See the GNU General Public License for details. There is NO
# WARRANTY; not even for MERCHANTABILITY or FITNESS FOR A PARTICULAR PURPOSE.
#
# irace builds upon previous code from the race package:
#     race: Racing methods for the selection of the best
#     Copyright (C) 2003 Mauro Birattari
#------------------------------------------------------------------------------
# installed at: /home/rmboks/.R/irace
# called with: --parameter-file /home/rmboks/auto-DE/irace/parameters.txt --train-instances-file /home/rmboks/auto-DE/irace/instances-list.txt --forbidden-file /home/rmboks/auto-DE/irace/forbidden.txt --target-runner /home/rmboks/auto-DE/irace/runners/CO.runner --seed 42 --max-experiments 100000 --parallel 32 --digits 2 -l results/CO.Rdata -s /home/rmboks/auto-DE/irace/scenario.txt --exec-dir /home/rmboks/auto-DE/irace
# 2 expression(s) specifying forbidden configurations read from '/home/rmboks/auto-DE/irace/forbidden.txt'
# 2021-02-27 14:53:58 CET: Initialization
# Elitist race
# Elitist new instances: 1
# Elitist limit: 2
# nbIterations: 4
# minNbSurvival: 4
# nbParameters: 5
# seed: 42
# confidence level: 0.95
# budget: 1e+05
# mu: 5
# deterministic: FALSE

# 2021-02-27 14:53:58 CET: Iteration 1 of 4
# experimentsUsedSoFar: 0
# remainingBudget: 1e+05
# currentBudget: 25000
# nbConfigurations: 1024
# Markers:
     x No test is performed.
     c Configurations are discarded only due to capping.
     - The test is performed and some configurations are discarded.
     = The test is performed but no configuration is discarded.
     ! The test is performed and configurations could be discarded but elite configurations are preserved.
     . All alive configurations are elite and nothing is discarded

+-+-----------+-----------+-----------+---------------+-----------+--------+-----+----+------+
| |   Instance|      Alive|       Best|      Mean best| Exp so far|  W time|  rho|KenW|  Qvar|
+-+-----------+-----------+-----------+---------------+-----------+--------+-----+----+------+
|x|          1|       1024|        926|  0.09755439729|       1024|00:15:24|   NA|  NA|    NA|
|x|          2|       1024|        926|  0.04877720364|       2048|00:00:24|+0.00|0.50|0.4995|
|x|          3|       1024|        926|  0.03251813910|       3072|00:11:42|+0.02|0.34|0.6645|
|x|          4|       1024|        926|  0.02438860682|       4096|00:01:00|+0.01|0.26|0.4987|
|-|          5|        554|        300|  0.05100156475|       5120|00:28:45|-0.08|0.14|0.6337|
|=|          6|        554|        300|  0.04250130563|       5674|00:01:47|-0.06|0.12|0.5223|
|=|          7|        554|        300|  0.03642969196|       6228|00:06:38|-0.05|0.10|0.5879|
+-+-----------+-----------+-----------+---------------+-----------+--------+-----+----+------+
Best-so-far configuration:         300    mean value:   0.03642969196
Description of the best-so-far configuration:
    .ID. alpha pMin reward probability beta .PARENT.
300  300  0.89  8.7     EA          AP 0.29       NA

# 2021-02-27 15:59:43 CET: Elite configurations (first number is the configuration ID; listed from best to worst according to the sum of ranks):
    alpha pMin reward probability beta
300  0.89 8.70     EA          AP 0.29
464  0.66 9.42     EN          AP 0.67
171  0.68 7.72     EN          AP 0.94
888  0.01 7.28     AN          AP 0.85
# 2021-02-27 15:59:43 CET: Iteration 2 of 4
# experimentsUsedSoFar: 6228
# remainingBudget: 93772
# currentBudget: 31257
# nbConfigurations: 1024
# Markers:
     x No test is performed.
     c Configurations are discarded only due to capping.
     - The test is performed and some configurations are discarded.
     = The test is performed but no configuration is discarded.
     ! The test is performed and configurations could be discarded but elite configurations are preserved.
     . All alive configurations are elite and nothing is discarded

+-+-----------+-----------+-----------+---------------+-----------+--------+-----+----+------+
| |   Instance|      Alive|       Best|      Mean best| Exp so far|  W time|  rho|KenW|  Qvar|
+-+-----------+-----------+-----------+---------------+-----------+--------+-----+----+------+
|x|          8|       1024|        300|1.000000000e-08|       1024|00:05:07|   NA|  NA|    NA|
|x|          6|       1024|        300|1.000000000e-08|       2044|00:03:14|+1.00|1.00|0.0000|
|x|          4|       1024|        300|1.000000000e-08|       3064|00:01:03|+1.00|1.00|0.0000|
|x|          5|       1024|       1039|1.000000000e-08|       4084|00:28:41|+0.00|0.25|0.2498|
|=|          7|       1024|       1039|1.000000000e-08|       5104|00:11:42|+0.01|0.20|0.3972|
|=|          2|       1024|       1039|1.000000000e-08|       6124|00:00:26|+0.00|0.17|0.3314|
|=|          1|       1024|       1960|  0.02907693923|       7144|00:15:21|+0.01|0.15|0.4252|
|-|          3|        583|       1960|  0.02544232307|       8164|00:10:43|-0.03|0.10|0.5098|
|=|          9|        583|        888|  0.02909216300|       8747|00:12:33|-0.04|0.07|0.5610|
|=|         10|        583|       1345|  0.08770554933|       9330|01:19:19|-0.03|0.07|0.6040|
+-+-----------+-----------+-----------+---------------+-----------+--------+-----+----+------+
Best-so-far configuration:        1345    mean value:   0.08770554933
Description of the best-so-far configuration:
     .ID. alpha pMin reward probability beta .PARENT.
1345 1345  0.81 7.29     ER          AP  0.9      171

# 2021-02-27 18:48:00 CET: Elite configurations (first number is the configuration ID; listed from best to worst according to the sum of ranks):
     alpha pMin reward probability beta
1345  0.81 7.29     ER          AP 0.90
1721  0.72 7.29     EA          AP 0.90
888   0.01 7.28     AN          AP 0.85
1788  0.76 8.79     EN          AP 0.25
# 2021-02-27 18:48:00 CET: Iteration 3 of 4
# experimentsUsedSoFar: 15558
# remainingBudget: 84442
# currentBudget: 42221
# nbConfigurations: 1024
# Markers:
     x No test is performed.
     c Configurations are discarded only due to capping.
     - The test is performed and some configurations are discarded.
     = The test is performed but no configuration is discarded.
     ! The test is performed and configurations could be discarded but elite configurations are preserved.
     . All alive configurations are elite and nothing is discarded

+-+-----------+-----------+-----------+---------------+-----------+--------+-----+----+------+
| |   Instance|      Alive|       Best|      Mean best| Exp so far|  W time|  rho|KenW|  Qvar|
+-+-----------+-----------+-----------+---------------+-----------+--------+-----+----+------+
|x|         11|       1024|       2491|    7.921359586|       1024|00:20:29|   NA|  NA|    NA|
|x|          8|       1024|       2491|    3.960679798|       2044|00:05:15|+0.00|0.50|0.4995|
|x|          2|       1024|       2491|    2.640453202|       3064|00:00:25|+0.00|0.33|0.3330|
|x|         10|       1024|       2371|    3.019273824|       4084|02:22:32|+0.01|0.25|0.4996|
|=|          7|       1024|       2371|    2.415419061|       5104|00:12:02|+0.00|0.20|0.5873|
|=|          5|       1024|       2849|    2.142820793|       6124|00:28:49|-0.01|0.16|0.6575|
|=|          6|       1024|       2849|    1.836703538|       7144|00:03:22|-0.01|0.14|0.5648|
|=|          1|       1024|       2920|    2.493432991|       8164|00:15:23|-0.01|0.12|0.6224|
|=|          4|       1024|       2920|    2.216384882|       9184|00:01:05|-0.00|0.11|0.5535|
|-|          3|        439|       2920|    1.994746395|      10204|00:10:09|-0.06|0.05|0.5162|
|=|          9|        439|       2766|    2.171176554|      10639|00:09:29|-0.05|0.05|0.5549|
|=|         12|        439|       2766|    1.990245176|      11078|00:06:15|-0.04|0.05|0.5780|
+-+-----------+-----------+-----------+---------------+-----------+--------+-----+----+------+
Best-so-far configuration:        2766    mean value:     1.990245176
Description of the best-so-far configuration:
     .ID. alpha pMin reward probability beta .PARENT.
2766 2766  0.83 7.57     ER          AP  0.8     1721

# 2021-02-27 23:03:24 CET: Elite configurations (first number is the configuration ID; listed from best to worst according to the sum of ranks):
     alpha pMin reward probability beta
2766  0.83 7.57     ER          AP 0.80
2920  0.59 7.68     EA          AP 0.75
2322  0.87 7.31     ER          AP 0.91
1788  0.76 8.79     EN          AP 0.25
# 2021-02-27 23:03:24 CET: Iteration 4 of 4
# experimentsUsedSoFar: 26636
# remainingBudget: 73364
# currentBudget: 73364
# nbConfigurations: 1024
# Markers:
     x No test is performed.
     c Configurations are discarded only due to capping.
     - The test is performed and some configurations are discarded.
     = The test is performed but no configuration is discarded.
     ! The test is performed and configurations could be discarded but elite configurations are preserved.
     . All alive configurations are elite and nothing is discarded

+-+-----------+-----------+-----------+---------------+-----------+--------+-----+----+------+
| |   Instance|      Alive|       Best|      Mean best| Exp so far|  W time|  rho|KenW|  Qvar|
+-+-----------+-----------+-----------+---------------+-----------+--------+-----+----+------+
|x|         13|       1024|       2766|1.000000000e-08|       1024|00:09:21|   NA|  NA|    NA|
|x|         11|       1024|       3874|    3.940278522|       2044|00:20:27|+0.05|0.52|0.9851|
|x|         12|       1024|       3874|    2.626852351|       3064|00:15:15|+0.05|0.36|0.9951|
|x|          4|       1024|       3874|    1.970139266|       4084|00:01:14|+0.03|0.27|0.7473|
|-|          8|        890|       3874|    1.576111415|       5104|00:06:04|-0.05|0.16|0.6150|
|=|          5|        890|       3520|    2.132770904|       5990|00:25:09|-0.00|0.16|0.6733|
|=|          7|        890|       3520|    1.828089348|       6876|00:10:46|-0.00|0.14|0.7135|
|=|         10|        890|       3733|    1.646115106|       7762|02:00:07|+0.00|0.13|0.7484|
|=|          1|        890|       3733|    1.487665563|       8648|00:13:29|+0.00|0.11|0.7743|
|=|          6|        890|       3733|    1.338899007|       9534|00:03:07|+0.00|0.10|0.6971|
|=|          9|        890|       3580|    2.307203071|      10420|00:19:02|-0.01|0.08|0.7269|
|=|          2|        890|       3580|    2.114936149|      11306|00:00:22|-0.01|0.08|0.6663|
|=|          3|        890|       3580|    1.952248754|      12192|00:07:41|-0.00|0.07|0.6922|
|=|         14|        890|       3580|    1.812802415|      13082|00:01:00|-0.00|0.07|0.6427|
+-+-----------+-----------+-----------+---------------+-----------+--------+-----+----+------+
Best-so-far configuration:        3580    mean value:     1.812802415
Description of the best-so-far configuration:
     .ID. alpha pMin reward probability beta .PARENT.
3580 3580  0.63 8.43     ER          AP 0.57     2766

# 2021-02-28 03:16:39 CET: Elite configurations (first number is the configuration ID; listed from best to worst according to the sum of ranks):
     alpha pMin reward probability beta
3580  0.63 8.43     ER          AP 0.57
3733  0.86 6.13     ER          AP 0.75
2766  0.83 7.57     ER          AP 0.80
2920  0.59 7.68     EA          AP 0.75
# 2021-02-28 03:16:39 CET: Iteration 5 of 5
# experimentsUsedSoFar: 39718
# remainingBudget: 60282
# currentBudget: 60282
# nbConfigurations: 1024
# Markers:
     x No test is performed.
     c Configurations are discarded only due to capping.
     - The test is performed and some configurations are discarded.
     = The test is performed but no configuration is discarded.
     ! The test is performed and configurations could be discarded but elite configurations are preserved.
     . All alive configurations are elite and nothing is discarded

+-+-----------+-----------+-----------+---------------+-----------+--------+-----+----+------+
| |   Instance|      Alive|       Best|      Mean best| Exp so far|  W time|  rho|KenW|  Qvar|
+-+-----------+-----------+-----------+---------------+-----------+--------+-----+----+------+
|x|         15|       1024|       3580|1.000000000e-08|       1024|00:11:53|   NA|  NA|    NA|
|x|          4|       1024|       3580|1.000000000e-08|       2044|00:01:21|+0.00|0.50|0.4995|
|x|         10|       1024|       4124|1.000000000e-08|       3064|02:19:05|-0.01|0.32|0.6818|
|x|          1|       1024|       4612|  0.05300553364|       4084|00:15:30|-0.01|0.24|0.7547|
|=|          6|       1024|       4612|  0.04240442891|       5104|00:03:31|-0.01|0.19|0.6026|
|=|         14|       1024|       4612|  0.03533702576|       6124|00:01:10|-0.01|0.16|0.5017|
|=|          7|       1024|       4612|  0.03028888065|       7144|00:12:36|-0.00|0.14|0.5744|
|=|         11|       1024|       3733|    1.673619954|       8164|00:20:36|-0.00|0.12|0.6266|
|=|          9|       1024|       4788|    1.603757791|       9184|00:21:50|+0.01|0.12|0.6638|
|=|          2|       1024|       4788|    1.443382013|      10204|00:00:23|+0.01|0.11|0.5976|
|=|          3|       1024|       4788|    1.312165467|      11224|00:09:41|-0.01|0.09|0.6357|
|=|         12|       1024|       4788|    1.202818346|      12244|00:14:43|-0.01|0.08|0.6660|
|=|          8|       1024|       4788|    1.110293858|      13264|00:06:02|-0.00|0.07|0.6148|
|=|          5|       1024|       3580|    1.812802415|      14284|00:28:58|-0.01|0.06|0.6431|
|=|         13|       1024|       3580|    1.691948922|      15304|00:09:11|-0.00|0.06|0.6658|
|-|         16|        361|       3580|    1.586202115|      16328|00:06:02|-0.04|0.02|0.5732|
|=|         17|        361|       3580|    1.492896108|      16689|00:00:22|-0.04|0.02|0.5387|
|=|         18|        361|       3580|    1.409957436|      17050|00:00:51|-0.04|0.02|0.5082|
+-+-----------+-----------+-----------+---------------+-----------+--------+-----+----+------+
Best-so-far configuration:        3580    mean value:     1.409957436
Description of the best-so-far configuration:
     .ID. alpha pMin reward probability beta .PARENT.
3580 3580  0.63 8.43     ER          AP 0.57     2766

# 2021-02-28 08:20:38 CET: Elite configurations (first number is the configuration ID; listed from best to worst according to the sum of ranks):
     alpha pMin reward probability beta
3580  0.63 8.43     ER          AP 0.57
3733  0.86 6.13     ER          AP 0.75
2766  0.83 7.57     ER          AP 0.80
4800  0.82 4.98     EA          AP 0.76
# 2021-02-28 08:20:38 CET: Iteration 6 of 6
# experimentsUsedSoFar: 56768
# remainingBudget: 43232
# currentBudget: 43232
# nbConfigurations: 1024
# Markers:
     x No test is performed.
     c Configurations are discarded only due to capping.
     - The test is performed and some configurations are discarded.
     = The test is performed but no configuration is discarded.
     ! The test is performed and configurations could be discarded but elite configurations are preserved.
     . All alive configurations are elite and nothing is discarded

+-+-----------+-----------+-----------+---------------+-----------+--------+-----+----+------+
| |   Instance|      Alive|       Best|      Mean best| Exp so far|  W time|  rho|KenW|  Qvar|
+-+-----------+-----------+-----------+---------------+-----------+--------+-----+----+------+
|x|         19|       1024|       3580|1.000000000e-08|       1024|00:04:23|   NA|  NA|    NA|
|x|         17|       1024|       3580|1.000000000e-08|       2044|00:01:01|+0.00|0.50|0.4995|
|x|          5|       1024|       5409|1.000000000e-08|       3064|00:29:00|+0.00|0.34|0.6622|
|x|          9|       1024|       5432|8.527730460e-08|       4084|00:21:49|-0.06|0.20|0.7522|
|=|          1|       1024|       5495|  0.03883133467|       5104|00:15:33|-0.05|0.16|0.7991|
|=|          6|       1024|       5495|  0.03235944722|       6124|00:03:35|-0.04|0.13|0.6660|
|=|         16|       1024|       5495|  0.02773667048|       7144|00:05:50|-0.02|0.12|0.7023|
|=|          3|       1024|       5495|  0.02426958792|       8164|00:09:36|+0.01|0.13|0.7318|
|=|          4|       1024|       5495|  0.02157296815|       9184|00:01:20|+0.01|0.12|0.6524|
|=|          8|       1024|       5495|  0.01941567233|      10204|00:06:02|+0.01|0.11|0.5885|
|=|          7|       1024|       5495|  0.01765061212|      11224|00:12:39|+0.01|0.10|0.6260|
|=|          2|       1024|       5495|  0.01617972861|      12244|00:00:24|+0.01|0.09|0.5746|
|-|         13|        580|       5495|  0.01493513487|      13264|00:09:11|-0.04|0.04|0.4676|
|=|         10|        580|       3580|  0.02525636874|      13840|01:19:45|-0.03|0.04|0.5047|
|=|         15|        580|       3580|  0.02357261149|      14416|00:07:27|-0.03|0.04|0.5384|
|=|         18|        580|       3580|  0.02209932390|      14992|00:01:23|-0.03|0.04|0.5044|
|=|         14|        580|       3580|  0.02079936426|      15568|00:00:41|-0.03|0.04|0.4744|
|=|         11|        580|       3580|    1.409957436|      16144|00:11:42|-0.02|0.04|0.5025|
|=|         12|        580|       3580|    1.335749151|      16720|00:07:51|-0.02|0.04|0.4758|
|=|         20|        580|       2766|    1.194147879|      17300|00:56:46|-0.02|0.04|0.5014|
+-+-----------+-----------+-----------+---------------+-----------+--------+-----+----+------+
Best-so-far configuration:        2766    mean value:     1.194147879
Description of the best-so-far configuration:
     .ID. alpha pMin reward probability beta .PARENT.
2766 2766  0.83 7.57     ER          AP  0.8     1721

# 2021-02-28 13:06:51 CET: Elite configurations (first number is the configuration ID; listed from best to worst according to the sum of ranks):
     alpha pMin reward probability beta
2766  0.83 7.57     ER          AP 0.80
3580  0.63 8.43     ER          AP 0.57
5187  0.79 7.68     ER          AP 0.45
5495  0.82 7.82     ER          AP 0.95
# 2021-02-28 13:06:52 CET: Iteration 7 of 7
# experimentsUsedSoFar: 74068
# remainingBudget: 25932
# currentBudget: 25932
# nbConfigurations: 1024
# Markers:
     x No test is performed.
     c Configurations are discarded only due to capping.
     - The test is performed and some configurations are discarded.
     = The test is performed but no configuration is discarded.
     ! The test is performed and configurations could be discarded but elite configurations are preserved.
     . All alive configurations are elite and nothing is discarded

+-+-----------+-----------+-----------+---------------+-----------+--------+-----+----+------+
| |   Instance|      Alive|       Best|      Mean best| Exp so far|  W time|  rho|KenW|  Qvar|
+-+-----------+-----------+-----------+---------------+-----------+--------+-----+----+------+
|x|         21|       1024|       6192|  0.06570679896|       1024|00:16:01|   NA|  NA|    NA|
|x|         15|       1024|       6945|  0.05683309781|       2044|00:12:14|+0.03|0.51|0.9432|
|x|          9|       1024|       7095|  0.05689307802|       3064|00:21:52|+0.03|0.36|0.9808|
|x|          8|       1024|       7095|  0.04266981102|       4084|00:06:23|+0.02|0.27|0.7402|
|=|          5|       1024|       7095|  0.03415095307|       5104|00:29:01|-0.04|0.17|0.7930|
|=|          3|       1024|       7095|  0.02845912923|       6124|00:09:37|-0.03|0.14|0.8263|
|=|          6|       1024|       7095|  0.02439354077|       7144|00:03:32|-0.02|0.12|0.7091|
|=|         11|       1024|       3580|    3.176485631|       8164|00:20:38|-0.01|0.11|0.7478|
|=|         12|       1024|       3580|    2.823542784|       9184|00:15:04|-0.01|0.10|0.7752|
|=|         10|       1024|       3580|    2.541391750|      10204|02:16:30|-0.00|0.10|0.7942|
|=|          4|       1024|       3580|    2.310356137|      11224|00:01:24|-0.00|0.09|0.7224|
|=|          7|       1024|       3580|    2.117826460|      12244|00:12:35|-0.00|0.08|0.7464|
|=|         17|       1024|       3580|    1.954916733|      13264|00:01:02|-0.00|0.07|0.6892|
|=|         16|       1024|       3580|    1.815279824|      14284|00:06:01|+0.00|0.08|0.7087|
|-|         20|        421|       3580|    1.696497955|      15304|01:34:28|-0.04|0.03|0.6099|
|=|          1|        421|       3580|    1.612438528|      15721|00:06:32|-0.03|0.03|0.6337|
|=|         18|        421|       3580|    1.517589204|      16138|00:01:02|-0.03|0.03|0.5958|
|=|         13|        421|       3580|    1.433278693|      16555|00:03:20|-0.03|0.03|0.6136|
|=|         14|        421|       3580|    1.357842973|      16972|00:00:30|-0.02|0.03|0.5811|
|=|         19|        421|       3580|    1.289950825|      17389|00:01:44|-0.02|0.03|0.5519|
|=|          2|        421|       3580|    1.228524595|      17806|00:00:10|-0.02|0.03|0.5255|
|=|         22|        421|       3580|    1.172682569|      18227|00:00:13|-0.02|0.03|0.5014|
+-+-----------+-----------+-----------+---------------+-----------+--------+-----+----+------+
Best-so-far configuration:        3580    mean value:     1.172682569
Description of the best-so-far configuration:
     .ID. alpha pMin reward probability beta .PARENT.
3580 3580  0.63 8.43     ER          AP 0.57     2766

# 2021-02-28 19:47:02 CET: Elite configurations (first number is the configuration ID; listed from best to worst according to the sum of ranks):
     alpha pMin reward probability beta
3580  0.63 8.43     ER          AP 0.57
6856  0.88 9.16     ER          AP 0.78
6290  0.81 8.62     ER          AP 0.65
5187  0.79 7.68     ER          AP 0.45
# 2021-02-28 19:47:02 CET: Iteration 8 of 8
# experimentsUsedSoFar: 92295
# remainingBudget: 7705
# currentBudget: 7705
# nbConfigurations: 338
# Markers:
     x No test is performed.
     c Configurations are discarded only due to capping.
     - The test is performed and some configurations are discarded.
     = The test is performed but no configuration is discarded.
     ! The test is performed and configurations could be discarded but elite configurations are preserved.
     . All alive configurations are elite and nothing is discarded

+-+-----------+-----------+-----------+---------------+-----------+--------+-----+----+------+
| |   Instance|      Alive|       Best|      Mean best| Exp so far|  W time|  rho|KenW|  Qvar|
+-+-----------+-----------+-----------+---------------+-----------+--------+-----+----+------+
|x|         23|        338|       3580|1.000000000e-08|        338|00:02:27|   NA|  NA|    NA|
|x|          7|        338|       3580|1.000000000e-08|        672|00:04:09|+1.00|1.00|0.0000|
|x|         15|        338|       3580|1.000000000e-08|       1006|00:04:18|+0.00|0.33|0.3323|
|x|          9|        338|       3580|1.000000000e-08|       1340|00:07:18|+0.04|0.28|0.4974|
|=|         10|        338|       6290|1.000000000e-08|       1674|00:46:01|+0.01|0.21|0.6059|
|=|         21|        338|       7297|  0.03003134357|       2008|00:05:19|-0.00|0.16|0.6677|
|=|         19|        338|       7297|  0.02574115306|       2342|00:01:27|-0.00|0.14|0.5719|
|=|          1|        338|       7297|  0.06394773085|       2676|00:05:12|+0.00|0.13|0.6340|
|=|         12|        338|       7297|  0.05684242853|       3010|00:04:52|-0.00|0.11|0.6729|
|=|         20|        338|       7297|  0.05247008190|       3344|00:31:32|-0.01|0.09|0.7084|
|=|         22|        338|       7297|  0.04770007537|       3678|00:00:10|-0.01|0.09|0.6431|
|=|         13|        338|       7297|  0.04372506992|       4012|00:03:04|-0.01|0.07|0.6718|
|=|          2|        338|       7297|  0.04036160377|       4346|00:00:08|-0.01|0.07|0.6196|
|=|          3|        338|       7297|  0.03747863279|       4680|00:03:10|-0.01|0.07|0.6408|
|=|         17|        338|       7297|  0.03498005793|       5014|00:00:20|-0.00|0.06|0.5981|
|=|         16|        338|       7297|  0.03279380494|       5348|00:01:59|+0.00|0.06|0.6206|
|=|          8|        338|       7297|  0.03086475818|       5682|00:02:13|+0.00|0.06|0.5843|
|=|         14|        338|       7297|  0.02915004995|       6016|00:00:25|+0.00|0.06|0.5519|
|=|          4|        338|       7297|  0.02761583732|       6350|00:00:28|+0.00|0.05|0.5230|
|=|         11|        338|       7297|   0.7728800358|       6684|00:06:52|+0.00|0.05|0.5462|
|-|          5|        114|       7297|   0.7360888462|       7018|00:09:39|-0.02|0.03|0.5256|
|=|          6|        114|       7297|   0.7026302627|       7128|00:00:26|-0.02|0.02|0.5014|
|=|         18|        114|       7297|   0.6720811213|       7238|00:00:17|-0.02|0.02|0.4794|
|=|         24|        114|       6290|    1.036734334|       7352|00:03:25|-0.02|0.03|0.4989|
+-+-----------+-----------+-----------+---------------+-----------+--------+-----+----+------+
Best-so-far configuration:        6290    mean value:     1.036734334
Description of the best-so-far configuration:
     .ID. alpha pMin reward probability beta .PARENT.
6290 6290  0.81 8.62     ER          AP 0.65     2766

# 2021-02-28 22:12:27 CET: Elite configurations (first number is the configuration ID; listed from best to worst according to the sum of ranks):
     alpha pMin reward probability beta
6290  0.81 8.62     ER          AP 0.65
7297  0.61 7.71     ER          AP 0.48
7193  0.78 7.53     ER          AP 0.45
6856  0.88 9.16     ER          AP 0.78
# 2021-02-28 22:12:27 CET: Iteration 9 of 9
# experimentsUsedSoFar: 99647
# remainingBudget: 353
# currentBudget: 353
# nbConfigurations: 17
# Markers:
     x No test is performed.
     c Configurations are discarded only due to capping.
     - The test is performed and some configurations are discarded.
     = The test is performed but no configuration is discarded.
     ! The test is performed and configurations could be discarded but elite configurations are preserved.
     . All alive configurations are elite and nothing is discarded

+-+-----------+-----------+-----------+---------------+-----------+--------+-----+----+------+
| |   Instance|      Alive|       Best|      Mean best| Exp so far|  W time|  rho|KenW|  Qvar|
+-+-----------+-----------+-----------+---------------+-----------+--------+-----+----+------+
|x|         25|         17|       7487|    31.36210611|         17|00:00:25|   NA|  NA|    NA|
|x|         20|         17|       7486|    16.36619882|         30|00:02:20|+0.04|0.52|0.8150|
|x|          3|         17|       7486|    10.91079922|         43|00:00:13|+0.09|0.40|0.6262|
|x|          5|         17|       7487|    7.841755337|         56|00:00:36|+0.17|0.38|0.7138|
|=|          4|         17|       7487|    6.273404272|         69|00:00:02|+0.13|0.30|0.6165|
|-|         13|         14|       7487|    5.227836895|         82|00:00:13|-0.09|0.10|0.6403|
|=|          1|         14|       7487|    4.537690597|         92|00:00:17|-0.05|0.10|0.6831|
|=|         18|         14|       7487|    3.970479273|        102|00:00:04|-0.04|0.09|0.5953|
|=|         11|         14|       6856|    7.482502547|        112|00:00:22|+0.01|0.12|0.6180|
|=|         12|         14|       6856|    6.734252294|        122|00:00:16|+0.01|0.11|0.5563|
|=|         23|         14|       6856|    6.122047540|        132|00:00:12|+0.01|0.10|0.5058|
|=|          7|         14|       6856|    5.611876913|        142|00:00:17|+0.00|0.09|0.4637|
|=|         24|         14|       7193|    3.870396132|        152|00:00:32|+0.03|0.10|0.4886|
|=|         10|         14|       7193|    3.594025566|        162|00:03:02|+0.05|0.12|0.5180|
|=|         16|         14|       7193|    3.354423862|        172|00:00:04|+0.05|0.11|0.4843|
|=|          2|         14|       7193|    3.144772371|        182|00:00:00|+0.04|0.10|0.4547|
|-|         21|         11|       7193|    2.997336942|        192|00:00:17|-0.02|0.04|0.4844|
|=|         14|         11|       7193|    2.830818224|        199|00:00:02|-0.02|0.03|0.4573|
|=|          9|         11|       7193|    2.681827791|        206|00:00:24|-0.01|0.05|0.4712|
|=|          6|         11|       7193|    2.547736402|        213|00:00:04|-0.01|0.04|0.4480|
|=|         19|         11|       7193|    2.426415622|        220|00:00:17|-0.01|0.04|0.4270|
|=|          8|         11|       7193|    2.316124003|        227|00:00:11|-0.01|0.04|0.4079|
|=|         15|         11|       7193|    2.215422960|        234|00:00:25|+0.00|0.05|0.4259|
|=|         22|         11|       7193|    2.123113670|        241|00:00:01|+0.00|0.04|0.4085|
|=|         17|         11|       7193|    2.038189124|        248|00:00:02|+0.00|0.04|0.3925|
|=|         26|         11|       7193|    1.962334218|        259|00:02:55|-0.01|0.03|0.4187|
+-+-----------+-----------+-----------+---------------+-----------+--------+-----+----+------+
Best-so-far configuration:        7193    mean value:     1.962334218
Description of the best-so-far configuration:
     .ID. alpha pMin reward probability beta .PARENT.
7193 7193  0.78 7.53     ER          AP 0.45     5187

# 2021-02-28 22:26:15 CET: Elite configurations (first number is the configuration ID; listed from best to worst according to the sum of ranks):
     alpha pMin reward probability beta
7193  0.78 7.53     ER          AP 0.45
6856  0.88 9.16     ER          AP 0.78
6290  0.81 8.62     ER          AP 0.65
7297  0.61 7.71     ER          AP 0.48
# 2021-02-28 22:26:16 CET: Iteration 10 of 10
# experimentsUsedSoFar: 99906
# remainingBudget: 94
# currentBudget: 94
# nbConfigurations: 7
# Markers:
     x No test is performed.
     c Configurations are discarded only due to capping.
     - The test is performed and some configurations are discarded.
     = The test is performed but no configuration is discarded.
     ! The test is performed and configurations could be discarded but elite configurations are preserved.
     . All alive configurations are elite and nothing is discarded

+-+-----------+-----------+-----------+---------------+-----------+--------+-----+----+------+
| |   Instance|      Alive|       Best|      Mean best| Exp so far|  W time|  rho|KenW|  Qvar|
+-+-----------+-----------+-----------+---------------+-----------+--------+-----+----+------+
|x|         27|          7|       7193|1.000000000e-08|          7|00:00:07|   NA|  NA|    NA|
|x|         15|          7|       7193|1.000000000e-08|         10|00:00:17|+1.00|1.00|0.0000|
|x|          4|          7|       7193|1.000000000e-08|         13|00:00:02|+1.00|1.00|0.0000|
|x|         10|          7|       6290|1.000000000e-08|         16|00:02:49|+0.00|0.25|0.2143|
|=|         13|          7|       6290|1.000000000e-08|         19|00:00:10|+0.00|0.20|0.1714|
|=|         11|          7|       7193|    1.867028102|         22|00:00:20|-0.06|0.12|0.2839|
|=|         24|          7|       7193|    1.600310409|         25|00:00:32|+0.08|0.21|0.3229|
|=|         19|          7|       7193|    1.400271609|         28|00:00:04|+0.07|0.18|0.2881|
|=|          8|          7|       7193|    1.244685876|         31|00:00:10|+0.06|0.16|0.2598|
|=|         17|          7|       7193|    1.120217289|         34|00:00:02|+0.05|0.15|0.2364|
|=|          1|          7|       7193|    1.054027354|         37|00:00:17|+0.10|0.18|0.2637|
|=|         18|          7|       7193|   0.9661917422|         40|00:00:03|+0.09|0.16|0.2457|
|=|         20|          7|       7193|   0.8924104701|         43|00:02:18|+0.08|0.15|0.2862|
|=|          3|          7|       7193|   0.8286668659|         46|00:00:08|+0.07|0.14|0.2689|
|=|         25|          7|       7193|    3.354394055|         49|00:00:21|+0.03|0.09|0.3263|
|=|         22|          7|       7193|    3.144744427|         52|00:00:00|+0.03|0.09|0.3070|
|=|         14|          7|       7193|    2.959759462|         55|00:00:01|+0.02|0.08|0.2898|
|=|          7|          7|       7193|    2.795328381|         58|00:00:13|+0.02|0.08|0.2744|
|=|         23|          7|       7193|    2.648205835|         61|00:00:12|+0.02|0.07|0.2605|
|=|         12|          7|       7193|    2.515795544|         64|00:00:17|+0.02|0.07|0.2480|
|=|         16|          7|       7193|    2.395995757|         67|00:00:04|+0.02|0.07|0.2366|
|=|          2|          7|       7193|    2.287086859|         70|00:00:00|+0.02|0.06|0.2263|
|=|         26|          7|       7193|    2.190516194|         73|00:03:02|+0.02|0.06|0.2540|
|=|          6|          7|       7193|    2.099244686|         76|00:00:05|+0.02|0.06|0.2437|
|=|         21|          7|       7193|    2.040809702|         79|00:00:17|+0.01|0.05|0.2691|
|=|          9|          7|       7193|    1.962317022|         82|00:00:23|+0.03|0.07|0.2837|
|=|          5|          7|       7193|    1.889655173|         85|00:00:30|+0.02|0.06|0.2999|
|=|         28|          7|       7193|    1.822167489|         92|00:00:03|+0.02|0.05|0.2898|
+-+-----------+-----------+-----------+---------------+-----------+--------+-----+----+------+
Best-so-far configuration:        7193    mean value:     1.822167489
Description of the best-so-far configuration:
     .ID. alpha pMin reward probability beta .PARENT.
7193 7193  0.78 7.53     ER          AP 0.45     5187

# 2021-02-28 22:39:18 CET: Elite configurations (first number is the configuration ID; listed from best to worst according to the sum of ranks):
     alpha pMin reward probability beta
7193  0.78 7.53     ER          AP 0.45
6856  0.88 9.16     ER          AP 0.78
6290  0.81 8.62     ER          AP 0.65
7297  0.61 7.71     ER          AP 0.48
# 2021-02-28 22:39:18 CET: Stopped because there is not enough budget left to race more than the minimum (4)
# You may either increase the budget or set 'minNbSurvival' to a lower value
# Iteration: 11
# nbIterations: 11
# experimentsUsedSoFar: 99998
# timeUsed: 0
# remainingBudget: 2
# currentBudget: 2
# number of elites: 4
# nbConfigurations: 3
# Best configurations (first number is the configuration ID; listed from best to worst according to the sum of ranks):
     alpha pMin reward probability beta
7193  0.78 7.53     ER          AP 0.45
6856  0.88 9.16     ER          AP 0.78
6290  0.81 8.62     ER          AP 0.65
7297  0.61 7.71     ER          AP 0.48
# Best configurations as commandlines (first number is the configuration ID; same order as above):
7193  -A 0.78 -B 0.45 -M 7.53 -r ER -p AP
6856  -A 0.88 -B 0.78 -M 9.16 -r ER -p AP
6290  -A 0.81 -B 0.65 -M 8.62 -r ER -p AP
7297  -A 0.61 -B 0.48 -M 7.71 -r ER -p AP
