#------------------------------------------------------------------------------
# irace: An implementation in R of (Elitist) Iterated Racing
# Version: 3.4.1.9fcaeaf
# Copyright (C) 2010-2020
# Manuel Lopez-Ibanez     <manuel.lopez-ibanez@manchester.ac.uk>
# Jeremie Dubois-Lacoste  
# Leslie Perez Caceres    <leslie.perez.caceres@ulb.ac.be>
#
# This is free software, and you are welcome to redistribute it under certain
# conditions.  See the GNU General Public License for details. There is NO
# WARRANTY; not even for MERCHANTABILITY or FITNESS FOR A PARTICULAR PURPOSE.
#
# irace builds upon previous code from the race package:
#     race: Racing methods for the selection of the best
#     Copyright (C) 2003 Mauro Birattari
#------------------------------------------------------------------------------
# installed at: /home/rmboks/.R/irace
# called with: --parameter-file /home/rmboks/auto-DE/irace/parameters.txt --train-instances-file /home/rmboks/auto-DE/irace/instances-list.txt --forbidden-file /home/rmboks/auto-DE/irace/forbidden.txt --target-runner /home/rmboks/auto-DE/irace/runners/FD.runner --seed 42 --max-experiments 100000 --parallel 32 --digits 2 -l results/FD.Rdata -s /home/rmboks/auto-DE/irace/scenario.txt --exec-dir /home/rmboks/auto-DE/irace
# 2 expression(s) specifying forbidden configurations read from '/home/rmboks/auto-DE/irace/forbidden.txt'
# 2021-02-27 14:53:58 CET: Initialization
# Elitist race
# Elitist new instances: 1
# Elitist limit: 2
# nbIterations: 4
# minNbSurvival: 4
# nbParameters: 5
# seed: 42
# confidence level: 0.95
# budget: 1e+05
# mu: 5
# deterministic: FALSE

# 2021-02-27 14:53:58 CET: Iteration 1 of 4
# experimentsUsedSoFar: 0
# remainingBudget: 1e+05
# currentBudget: 25000
# nbConfigurations: 1024
# Markers:
     x No test is performed.
     c Configurations are discarded only due to capping.
     - The test is performed and some configurations are discarded.
     = The test is performed but no configuration is discarded.
     ! The test is performed and configurations could be discarded but elite configurations are preserved.
     . All alive configurations are elite and nothing is discarded

+-+-----------+-----------+-----------+---------------+-----------+--------+-----+----+------+
| |   Instance|      Alive|       Best|      Mean best| Exp so far|  W time|  rho|KenW|  Qvar|
+-+-----------+-----------+-----------+---------------+-----------+--------+-----+----+------+
|x|          1|       1024|        975|  0.07989335356|       1024|00:14:22|   NA|  NA|    NA|
|x|          2|       1024|        975|  0.03994668178|       2048|00:00:07|+0.00|0.50|0.4995|
|x|          3|       1024|        894|  0.05788315235|       3072|00:13:55|+0.01|0.34|0.6243|
|x|          4|       1024|        894|  0.04341236676|       4096|00:01:02|+0.01|0.26|0.4787|
|=|          5|       1024|        894|  0.04746375037|       5120|00:27:43|+0.02|0.21|0.5875|
|=|          6|       1024|        894|  0.03955312698|       6144|00:00:52|+0.01|0.18|0.4915|
|=|          7|       1024|        894|  0.03390268170|       7168|00:06:52|+0.01|0.15|0.5667|
+-+-----------+-----------+-----------+---------------+-----------+--------+-----+----+------+
Best-so-far configuration:         894    mean value:   0.03390268170
Description of the best-so-far configuration:
    .ID. alpha pMin reward probability beta .PARENT.
894  894  0.12 4.92     ER          AP 0.21       NA

# 2021-02-27 15:58:55 CET: Elite configurations (first number is the configuration ID; listed from best to worst according to the sum of ranks):
    alpha pMin reward probability beta
894  0.12 4.92     ER          AP 0.21
597  0.07 7.70     EN          AP 0.21
767  0.11 7.00     ER          AP 0.98
431  0.19 8.80     EN          AP 0.38
# 2021-02-27 15:58:55 CET: Iteration 2 of 4
# experimentsUsedSoFar: 7168
# remainingBudget: 92832
# currentBudget: 30944
# nbConfigurations: 1024
# Markers:
     x No test is performed.
     c Configurations are discarded only due to capping.
     - The test is performed and some configurations are discarded.
     = The test is performed but no configuration is discarded.
     ! The test is performed and configurations could be discarded but elite configurations are preserved.
     . All alive configurations are elite and nothing is discarded

+-+-----------+-----------+-----------+---------------+-----------+--------+-----+----+------+
| |   Instance|      Alive|       Best|      Mean best| Exp so far|  W time|  rho|KenW|  Qvar|
+-+-----------+-----------+-----------+---------------+-----------+--------+-----+----+------+
|x|          8|       1024|        894|1.000000000e-08|       1024|00:04:07|   NA|  NA|    NA|
|x|          5|       1024|       1477| 0.002383038845|       2044|00:27:43|+0.01|0.51|0.9748|
|x|          7|       1024|       1477| 0.001588695896|       3064|00:07:02|+0.01|0.34|0.6579|
|x|          1|       1024|       1371|  0.04240076710|       4084|00:14:20|-0.02|0.24|0.7609|
|=|          2|       1024|       1371|  0.03392061568|       5104|00:00:07|-0.01|0.19|0.6064|
|-|          3|        455|       1477|  0.03282122659|       6124|00:13:52|-0.06|0.11|0.7063|
|=|          6|        455|       1477|  0.02813248136|       6575|00:00:23|-0.05|0.10|0.5996|
|=|          4|        455|       1477|  0.02461592244|       7026|00:00:39|-0.04|0.09|0.5209|
|=|          9|        455|       1477|  0.02188082106|       7481|00:05:50|-0.03|0.08|0.5727|
+-+-----------+-----------+-----------+---------------+-----------+--------+-----+----+------+
Best-so-far configuration:        1477    mean value:   0.02188082106
Description of the best-so-far configuration:
     .ID. alpha pMin reward probability beta .PARENT.
1477 1477  0.01 7.83     ER          AP 0.12      597

# 2021-02-27 17:13:06 CET: Elite configurations (first number is the configuration ID; listed from best to worst according to the sum of ranks):
     alpha pMin reward probability beta
1477  0.01 7.83     ER          AP 0.12
2027  0.18 7.56     ER          AP 0.21
1097  0.03 7.63     EN          AP 0.31
1345  0.14 7.63     EN          AP 0.19
# 2021-02-27 17:13:06 CET: Iteration 3 of 4
# experimentsUsedSoFar: 14649
# remainingBudget: 85351
# currentBudget: 42675
# nbConfigurations: 1024
# Markers:
     x No test is performed.
     c Configurations are discarded only due to capping.
     - The test is performed and some configurations are discarded.
     = The test is performed but no configuration is discarded.
     ! The test is performed and configurations could be discarded but elite configurations are preserved.
     . All alive configurations are elite and nothing is discarded

+-+-----------+-----------+-----------+---------------+-----------+--------+-----+----+------+
| |   Instance|      Alive|       Best|      Mean best| Exp so far|  W time|  rho|KenW|  Qvar|
+-+-----------+-----------+-----------+---------------+-----------+--------+-----+----+------+
|x|         10|       1024|       2210|  0.01082923340|       1024|02:16:29|   NA|  NA|    NA|
|x|          5|       1024|       2820|  0.01932485298|       2044|00:27:46|-0.05|0.48|1.0634|
|x|          6|       1024|       2820|  0.01288323865|       3064|00:00:54|-0.02|0.32|0.6875|
|x|          1|       1024|       2255|  0.07338840490|       4084|00:14:20|-0.02|0.23|0.7678|
|=|          4|       1024|       2255|  0.05871072592|       5104|00:01:27|-0.02|0.19|0.6105|
|=|          9|       1024|       2968|  0.04495312878|       6124|00:12:11|-0.01|0.15|0.6750|
|-|          3|        459|       2210|  0.03038295530|       7144|00:13:48|-0.07|0.08|0.7650|
|=|          2|        459|       2210|  0.02658508714|       7599|00:00:03|-0.06|0.07|0.6629|
|=|          7|        459|       2210|  0.02363118968|       8054|00:02:55|-0.05|0.07|0.5848|
|=|          8|        459|       2210|  0.02126807171|       8509|00:01:18|-0.05|0.06|0.6237|
|=|         11|        459|       2646|    1.452409399|       8968|00:08:55|-0.04|0.06|0.6554|
+-+-----------+-----------+-----------+---------------+-----------+--------+-----+----+------+
Best-so-far configuration:        2646    mean value:     1.452409399
Description of the best-so-far configuration:
     .ID. alpha pMin reward probability beta .PARENT.
2646 2646  0.03 7.56     EN          AP 0.19     1097

# 2021-02-27 20:53:21 CET: Elite configurations (first number is the configuration ID; listed from best to worst according to the sum of ranks):
     alpha pMin reward probability beta
2646  0.03 7.56     EN          AP 0.19
2245  0.24 8.24     ER          AP 0.23
2733  0.13 8.57     EN          AP 0.37
2180  0.03 7.38     ER          AP 0.22
# 2021-02-27 20:53:21 CET: Iteration 4 of 4
# experimentsUsedSoFar: 23617
# remainingBudget: 76383
# currentBudget: 76383
# nbConfigurations: 1024
# Markers:
     x No test is performed.
     c Configurations are discarded only due to capping.
     - The test is performed and some configurations are discarded.
     = The test is performed but no configuration is discarded.
     ! The test is performed and configurations could be discarded but elite configurations are preserved.
     . All alive configurations are elite and nothing is discarded

+-+-----------+-----------+-----------+---------------+-----------+--------+-----+----+------+
| |   Instance|      Alive|       Best|      Mean best| Exp so far|  W time|  rho|KenW|  Qvar|
+-+-----------+-----------+-----------+---------------+-----------+--------+-----+----+------+
|x|         12|       1024|       2646|1.000000000e-08|       1024|00:22:42|   NA|  NA|    NA|
|x|         11|       1024|       3826|    4.725172481|       2044|00:19:30|+0.02|0.51|1.0010|
|x|          3|       1024|       3534|    5.160723633|       3064|00:13:44|+0.05|0.36|1.0226|
|x|          6|       1024|       3534|    3.870542728|       4084|00:00:53|+0.03|0.27|0.7611|
|=|          9|       1024|       3534|    3.096434184|       5104|00:12:20|+0.01|0.21|0.8080|
|=|          4|       1024|       3534|    2.580361822|       6124|00:01:36|+0.01|0.18|0.6719|
|=|          8|       1024|       3534|    2.211738706|       7144|00:03:11|+0.01|0.15|0.7172|
|=|          1|       1024|       2646|    1.981366459|       8164|00:14:18|+0.01|0.13|0.7509|
|-|          7|        442|       2646|    1.761214631|       9184|00:06:46|-0.07|0.05|0.5783|
|=|         10|        442|       2646|    1.594096043|       9622|00:59:20|-0.05|0.06|0.6192|
|=|          2|        442|       2646|    1.449178222|      10060|00:00:03|-0.04|0.05|0.5610|
|=|          5|        442|       2646|    1.331375283|      10498|00:12:00|-0.02|0.06|0.5964|
|=|         13|        442|       2646|    1.228961801|      10940|00:05:57|-0.01|0.07|0.6271|
+-+-----------+-----------+-----------+---------------+-----------+--------+-----+----+------+
Best-so-far configuration:        2646    mean value:     1.228961801
Description of the best-so-far configuration:
     .ID. alpha pMin reward probability beta .PARENT.
2646 2646  0.03 7.56     EN          AP 0.19     1097

# 2021-02-27 23:45:51 CET: Elite configurations (first number is the configuration ID; listed from best to worst according to the sum of ranks):
     alpha pMin reward probability beta
2646  0.03 7.56     EN          AP 0.19
3438  0.05 8.84     EN          AP 0.48
3812  0.03 6.96     EN          AP 0.28
3166  0.16 8.08     ER          AP 0.19
# 2021-02-27 23:45:51 CET: Iteration 5 of 5
# experimentsUsedSoFar: 34557
# remainingBudget: 65443
# currentBudget: 65443
# nbConfigurations: 1024
# Markers:
     x No test is performed.
     c Configurations are discarded only due to capping.
     - The test is performed and some configurations are discarded.
     = The test is performed but no configuration is discarded.
     ! The test is performed and configurations could be discarded but elite configurations are preserved.
     . All alive configurations are elite and nothing is discarded

+-+-----------+-----------+-----------+---------------+-----------+--------+-----+----+------+
| |   Instance|      Alive|       Best|      Mean best| Exp so far|  W time|  rho|KenW|  Qvar|
+-+-----------+-----------+-----------+---------------+-----------+--------+-----+----+------+
|x|         14|       1024|       2646|1.000000000e-08|       1024|00:00:17|   NA|  NA|    NA|
|x|         10|       1024|       4631| 0.001602212208|       2044|02:17:13|+0.00|0.50|0.4995|
|x|         12|       1024|       4207| 0.005997497774|       3064|00:22:21|+0.04|0.36|0.6791|
|x|          3|       1024|       4553| 0.005027386908|       4084|00:13:38|+0.07|0.30|0.7510|
|-|          2|        477|       4553| 0.004021911527|       5104|00:00:06|-0.08|0.14|0.6126|
|=|          9|        477|       4553| 0.003351594606|       5577|00:06:01|-0.06|0.12|0.6749|
|=|          4|        477|       4553| 0.002872796805|       6050|00:00:52|-0.05|0.10|0.5771|
|=|         11|        477|       4553|    2.812732857|       6523|00:09:03|-0.03|0.10|0.6291|
|=|          1|        477|       2646|    1.771217825|       6996|00:06:38|-0.02|0.09|0.6664|
|=|          8|        477|       2646|    1.594096043|       7469|00:01:09|-0.02|0.08|0.5996|
|=|          7|        477|       2646|    1.449178222|       7942|00:02:48|-0.02|0.08|0.5451|
|=|         13|        477|       2646|    1.328413371|       8415|00:06:16|-0.00|0.08|0.5846|
|=|          5|        477|       2646|    1.228961801|       8888|00:12:53|+0.01|0.08|0.6173|
|=|          6|        477|       2646|    1.141178816|       9361|00:00:24|+0.01|0.08|0.5730|
|=|         15|        477|       5034|   0.9594815409|       9838|00:08:17|+0.01|0.07|0.6020|
+-+-----------+-----------+-----------+---------------+-----------+--------+-----+----+------+
Best-so-far configuration:        5034    mean value:    0.9594815409
Description of the best-so-far configuration:
     .ID. alpha pMin reward probability beta .PARENT.
5034 5034  0.05 9.27     ER          AP  0.4     3438

# 2021-02-28 03:34:00 CET: Elite configurations (first number is the configuration ID; listed from best to worst according to the sum of ranks):
     alpha pMin reward probability beta
5034  0.05 9.27     ER          AP 0.40
2646  0.03 7.56     EN          AP 0.19
3438  0.05 8.84     EN          AP 0.48
4807  0.04 8.13     ER          AP 0.36
# 2021-02-28 03:34:00 CET: Iteration 6 of 6
# experimentsUsedSoFar: 44395
# remainingBudget: 55605
# currentBudget: 55605
# nbConfigurations: 1024
# Markers:
     x No test is performed.
     c Configurations are discarded only due to capping.
     - The test is performed and some configurations are discarded.
     = The test is performed but no configuration is discarded.
     ! The test is performed and configurations could be discarded but elite configurations are preserved.
     . All alive configurations are elite and nothing is discarded

+-+-----------+-----------+-----------+---------------+-----------+--------+-----+----+------+
| |   Instance|      Alive|       Best|      Mean best| Exp so far|  W time|  rho|KenW|  Qvar|
+-+-----------+-----------+-----------+---------------+-----------+--------+-----+----+------+
|x|         16|       1024|       5113|1.000000000e-08|       1024|00:15:16|   NA|  NA|    NA|
|x|          1|       1024|       5945|  0.03974897646|       2044|00:14:19|+0.03|0.51|0.9977|
|x|          5|       1024|       5449|  0.05212450419|       3064|00:27:45|+0.09|0.39|0.9254|
|x|         11|       1024|       5449|    3.918136647|       4084|00:19:32|+0.02|0.26|0.9783|
|=|          2|       1024|       5449|    3.134509320|       5104|00:00:06|+0.01|0.21|0.7868|
|=|          4|       1024|       5449|    2.612091101|       6124|00:01:38|+0.01|0.18|0.6577|
|=|          7|       1024|       5449|    2.238935231|       7144|00:07:00|+0.01|0.15|0.5650|
|-|         13|        365|       5449|    1.959068330|       8164|00:13:32|-0.07|0.06|0.6652|
|=|          9|        365|       5449|    1.741394072|       8525|00:04:39|-0.05|0.06|0.6994|
|=|         10|        365|       5449|    1.575695769|       8886|00:50:21|-0.04|0.06|0.7264|
|=|         12|        365|       5449|    1.432450700|       9247|00:08:05|-0.03|0.07|0.7482|
|=|          6|        365|       5449|    1.313079810|       9608|00:00:21|-0.02|0.06|0.6839|
|=|          8|        365|       5449|    1.212073671|       9969|00:00:42|-0.02|0.06|0.6299|
|=|         14|        365|       5449|    1.125496981|      10330|00:00:06|-0.02|0.05|0.5837|
|=|         15|        365|       5449|    1.050463850|      10691|00:06:12|-0.02|0.05|0.6111|
|=|          3|        365|       5449|   0.9848098597|      11052|00:04:52|-0.01|0.06|0.6340|
|=|         17|        365|       5449|   0.9268798685|      11417|00:00:09|-0.01|0.05|0.5960|
+-+-----------+-----------+-----------+---------------+-----------+--------+-----+----+------+
Best-so-far configuration:        5449    mean value:    0.9268798685
Description of the best-so-far configuration:
     .ID. alpha pMin reward probability beta .PARENT.
5449 5449  0.12 9.38     ER          AP 0.48     5034

# 2021-02-28 06:28:50 CET: Elite configurations (first number is the configuration ID; listed from best to worst according to the sum of ranks):
     alpha pMin reward probability beta
5449  0.12 9.38     ER          AP 0.48
5789  0.04 9.89     ER          AP 0.44
5319  0.09 9.13     ER          AP 0.61
5830  0.02 8.12     EN          AP 0.37
# 2021-02-28 06:28:50 CET: Iteration 7 of 7
# experimentsUsedSoFar: 55812
# remainingBudget: 44188
# currentBudget: 44188
# nbConfigurations: 1024
# Markers:
     x No test is performed.
     c Configurations are discarded only due to capping.
     - The test is performed and some configurations are discarded.
     = The test is performed but no configuration is discarded.
     ! The test is performed and configurations could be discarded but elite configurations are preserved.
     . All alive configurations are elite and nothing is discarded

+-+-----------+-----------+-----------+---------------+-----------+--------+-----+----+------+
| |   Instance|      Alive|       Best|      Mean best| Exp so far|  W time|  rho|KenW|  Qvar|
+-+-----------+-----------+-----------+---------------+-----------+--------+-----+----+------+
|x|         18|       1024|       5449|1.000000000e-08|       1024|00:01:02|   NA|  NA|    NA|
|x|          4|       1024|       5449|1.000000000e-08|       2044|00:01:43|+1.00|1.00|0.0000|
|x|         16|       1024|       5449|1.000000000e-08|       3064|00:15:20|+0.00|0.33|0.3330|
|x|         11|       1024|       6992|    2.215667659|       4084|00:19:37|-0.01|0.24|0.5061|
|=|         14|       1024|       6992|    1.772534129|       5104|00:00:17|-0.01|0.20|0.4036|
|=|          1|       1024|       6695|    1.824125423|       6124|00:14:25|-0.00|0.17|0.5004|
|=|          7|       1024|       6695|    1.563536079|       7144|00:07:24|-0.00|0.14|0.5710|
|-|          3|        398|       5449|    1.957454895|       8164|00:13:37|-0.07|0.06|0.5276|
|=|         13|        398|       6695|    1.216083621|       8558|00:05:00|-0.04|0.07|0.5763|
|=|          6|        398|       6695|    1.094475259|       8952|00:00:23|-0.04|0.07|0.5164|
|=|         15|        398|       6695|   0.9949775095|       9346|00:06:30|-0.02|0.07|0.5573|
|=|          9|        398|       5449|    1.304969934|       9740|00:05:25|-0.02|0.06|0.5954|
|=|          2|        398|       5449|    1.204587632|      10134|00:00:02|-0.02|0.06|0.5485|
|=|          8|        398|       5449|    1.118545659|      10528|00:00:47|-0.02|0.05|0.5085|
|=|          5|        398|       5449|    1.044836447|      10922|00:11:00|-0.01|0.06|0.5381|
|=|         12|        398|       5449|   0.9795341703|      11316|00:08:56|-0.00|0.06|0.5645|
|=|         17|        398|       5449|   0.9219145138|      11710|00:00:12|-0.00|0.06|0.5311|
|=|         10|        398|       5449|   0.8753865431|      12104|00:53:49|-0.00|0.05|0.5580|
|=|         19|        398|       5449|   0.8293135676|      12502|00:04:04|+0.00|0.06|0.5776|
+-+-----------+-----------+-----------+---------------+-----------+--------+-----+----+------+
Best-so-far configuration:        5449    mean value:    0.8293135676
Description of the best-so-far configuration:
     .ID. alpha pMin reward probability beta .PARENT.
5449 5449  0.12 9.38     ER          AP 0.48     5034

# 2021-02-28 09:18:37 CET: Elite configurations (first number is the configuration ID; listed from best to worst according to the sum of ranks):
     alpha pMin reward probability beta
5449  0.12 9.38     ER          AP 0.48
6956  0.14 8.68     ER          AP 0.28
6710  0.05 9.17     EN          AP 0.21
6648  0.13 9.56     ER          AP 0.44
# 2021-02-28 09:18:37 CET: Iteration 8 of 8
# experimentsUsedSoFar: 68314
# remainingBudget: 31686
# currentBudget: 31686
# nbConfigurations: 1024
# Markers:
     x No test is performed.
     c Configurations are discarded only due to capping.
     - The test is performed and some configurations are discarded.
     = The test is performed but no configuration is discarded.
     ! The test is performed and configurations could be discarded but elite configurations are preserved.
     . All alive configurations are elite and nothing is discarded

+-+-----------+-----------+-----------+---------------+-----------+--------+-----+----+------+
| |   Instance|      Alive|       Best|      Mean best| Exp so far|  W time|  rho|KenW|  Qvar|
+-+-----------+-----------+-----------+---------------+-----------+--------+-----+----+------+
|x|         20|       1024|       7780|  0.01183607339|       1024|01:20:42|   NA|  NA|    NA|
|x|         19|       1024|       7780| 0.005918041694|       2044|00:14:23|+0.02|0.51|0.9878|
|x|          5|       1024|       7687|  0.03600532239|       3064|00:27:51|+0.18|0.45|0.8571|
|x|          4|       1024|       7687|  0.02700399430|       4084|00:01:42|+0.12|0.34|0.6783|
|-|          6|        611|       7687|  0.02160319744|       5104|00:00:57|-0.08|0.13|0.6481|
|=|         14|        611|       7687|  0.01800266620|       5711|00:00:10|-0.07|0.11|0.5319|
|=|          1|        611|       7687|  0.02794838357|       6318|00:08:34|-0.03|0.12|0.5907|
|=|         12|        611|       7687|  0.02445485311|       6925|00:13:22|-0.01|0.11|0.6351|
|=|          2|        611|       7687|  0.02173764832|       7532|00:00:03|-0.01|0.10|0.5633|
|=|         10|        611|       7875|  0.09365034249|       8139|01:22:47|-0.00|0.10|0.6077|
|=|         16|        611|       7875|  0.08513667606|       8746|00:09:00|+0.01|0.10|0.6370|
|=|          8|        611|       7875|  0.07804195389|       9353|00:01:25|+0.01|0.09|0.6628|
|-|          3|        306|       7300|  0.05128103313|       9960|00:08:08|-0.04|0.04|0.6327|
|=|          9|        306|       5449|   0.2139572673|      10262|00:04:09|-0.03|0.04|0.6562|
|=|         17|        306|       5449|   0.1996934501|      10564|00:00:08|-0.03|0.04|0.6114|
|=|         11|        306|       5449|    1.156973427|      10866|00:05:53|-0.02|0.04|0.6341|
|=|         13|        306|       5449|    1.088916167|      11168|00:04:01|-0.02|0.04|0.6555|
|=|          7|        306|       5449|    1.028420825|      11470|00:02:00|-0.02|0.04|0.6185|
|=|         18|        306|       5449|   0.9742934140|      11772|00:00:16|-0.01|0.04|0.5855|
|=|         15|        306|       5449|   0.9255787438|      12074|00:05:10|-0.01|0.04|0.6059|
|=|         21|        306|       6648|   0.7878676393|      12380|00:04:23|-0.01|0.04|0.6232|
+-+-----------+-----------+-----------+---------------+-----------+--------+-----+----+------+
Best-so-far configuration:        6648    mean value:    0.7878676393
Description of the best-so-far configuration:
     .ID. alpha pMin reward probability beta .PARENT.
6648 6648  0.13 9.56     ER          AP 0.44     5449

# 2021-02-28 13:53:57 CET: Elite configurations (first number is the configuration ID; listed from best to worst according to the sum of ranks):
     alpha pMin reward probability beta
6648  0.13 9.56     ER          AP 0.44
6956  0.14 8.68     ER          AP 0.28
5449  0.12 9.38     ER          AP 0.48
7454  0.10 8.74     ER          AP 0.33
# 2021-02-28 13:53:57 CET: Iteration 9 of 9
# experimentsUsedSoFar: 80694
# remainingBudget: 19306
# currentBudget: 19306
# nbConfigurations: 881
# Markers:
     x No test is performed.
     c Configurations are discarded only due to capping.
     - The test is performed and some configurations are discarded.
     = The test is performed but no configuration is discarded.
     ! The test is performed and configurations could be discarded but elite configurations are preserved.
     . All alive configurations are elite and nothing is discarded

+-+-----------+-----------+-----------+---------------+-----------+--------+-----+----+------+
| |   Instance|      Alive|       Best|      Mean best| Exp so far|  W time|  rho|KenW|  Qvar|
+-+-----------+-----------+-----------+---------------+-----------+--------+-----+----+------+
|x|         22|        881|       6648|1.000000000e-08|        881|00:00:05|   NA|  NA|    NA|
|x|         16|        881|       5449|1.000000000e-08|       1758|00:13:05|+0.00|0.50|0.4994|
|x|          2|        881|       5449|1.000000000e-08|       2635|00:00:05|+0.00|0.33|0.3330|
|x|         17|        881|       5449|1.000000000e-08|       3512|00:00:21|+0.00|0.25|0.2497|
|=|          7|        881|       5449|1.000000000e-08|       4389|00:06:18|+0.00|0.20|0.1998|
|-|          5|        528|       8541|0.0006632853993|       5266|00:24:08|-0.03|0.14|0.3481|
|=|          6|        528|       8541|0.0005685317708|       5790|00:00:30|-0.03|0.12|0.2961|
|=|         18|        528|       8541|0.0004974665495|       6314|00:00:27|-0.02|0.10|0.2578|
|=|         13|        528|       8491| 0.001382795064|       6838|00:06:54|-0.00|0.11|0.3371|
|=|         20|        528|       8491|  0.02436882390|       7362|00:41:36|-0.01|0.09|0.4039|
|=|         10|        528|       8837|  0.02639748825|       7886|01:11:47|-0.00|0.09|0.4585|
|=|          9|        528|       8908|  0.01831773391|       8410|00:07:07|-0.00|0.08|0.5028|
|=|         15|        528|       8216|  0.04811521163|       8934|00:08:54|-0.00|0.08|0.5389|
|=|         11|        528|       8216|    1.225621292|       9458|00:10:13|+0.00|0.08|0.5692|
|=|         21|        528|       8320|    1.041789999|       9982|00:07:31|+0.00|0.07|0.5993|
|-|          3|        184|       8320|   0.9766781250|      10506|00:07:04|-0.04|0.03|0.6381|
|=|         14|        184|       8320|   0.9192264711|      10686|00:00:03|-0.03|0.03|0.5996|
|=|          4|        184|       8320|   0.8681583344|      10866|00:00:23|-0.03|0.03|0.5655|
|=|         19|        184|       8320|   0.8224657910|      11046|00:02:03|-0.03|0.03|0.5875|
|=|          8|        184|       8320|   0.7813425020|      11226|00:00:20|-0.03|0.03|0.5575|
|=|          1|        184|       6648|   0.7878676392|      11406|00:02:37|-0.02|0.03|0.5788|
|=|         12|        184|       6648|   0.7520554743|      11586|00:04:14|-0.02|0.03|0.5968|
|=|         23|        184|       6648|   0.7193574107|      11770|00:00:22|-0.02|0.03|0.5705|
+-+-----------+-----------+-----------+---------------+-----------+--------+-----+----+------+
Best-so-far configuration:        6648    mean value:    0.7193574107
Description of the best-so-far configuration:
     .ID. alpha pMin reward probability beta .PARENT.
6648 6648  0.13 9.56     ER          AP 0.44     5449

# 2021-02-28 17:30:21 CET: Elite configurations (first number is the configuration ID; listed from best to worst according to the sum of ranks):
     alpha pMin reward probability beta
6648  0.13 9.56     ER          AP 0.44
5449  0.12 9.38     ER          AP 0.48
8216  0.19 8.93     ER          AP 0.36
6956  0.14 8.68     ER          AP 0.28
# 2021-02-28 17:30:21 CET: Iteration 10 of 10
# experimentsUsedSoFar: 92464
# remainingBudget: 7536
# currentBudget: 7536
# nbConfigurations: 317
# Markers:
     x No test is performed.
     c Configurations are discarded only due to capping.
     - The test is performed and some configurations are discarded.
     = The test is performed but no configuration is discarded.
     ! The test is performed and configurations could be discarded but elite configurations are preserved.
     . All alive configurations are elite and nothing is discarded

+-+-----------+-----------+-----------+---------------+-----------+--------+-----+----+------+
| |   Instance|      Alive|       Best|      Mean best| Exp so far|  W time|  rho|KenW|  Qvar|
+-+-----------+-----------+-----------+---------------+-----------+--------+-----+----+------+
|x|         24|        317|       9161| 0.002726805628|        317|00:08:50|   NA|  NA|    NA|
|x|         10|        317|       6956|  0.01404917204|        630|00:42:25|+0.06|0.53|0.9241|
|x|         12|        317|       9106|  0.01979227763|        943|00:07:11|+0.09|0.39|0.9861|
|x|         21|        317|       6956|   0.1073462843|       1256|00:04:28|+0.05|0.29|0.9818|
|-|         19|        168|       6956|  0.08587702941|       1569|00:04:38|-0.11|0.12|1.0467|
|=|          5|        168|       6956|  0.07441930141|       1733|00:04:49|-0.05|0.12|1.0220|
|=|         22|        168|       6956|  0.06378797407|       1897|00:00:01|-0.04|0.10|0.8720|
|=|         13|        168|       6956|  0.05581447858|       2061|00:02:11|+0.01|0.13|0.8604|
|=|         15|        168|       6956|  0.04961287096|       2225|00:02:54|+0.00|0.11|0.8745|
|-|         16|        102|       6956|  0.04465161609|       2389|00:02:32|-0.06|0.05|0.9294|
|=|          3|        102|       6956|  0.04059237935|       2487|00:01:25|-0.04|0.05|0.9361|
|=|         14|        102|       6956|  0.03720968191|       2585|00:00:02|-0.04|0.05|0.8551|
|=|         20|        102|       6956|   0.2070475848|       2683|00:08:30|-0.03|0.05|0.8657|
|=|          4|        102|       6956|   0.1922584723|       2781|00:00:12|-0.03|0.05|0.8019|
|=|          1|        102|       6956|   0.1877020471|       2879|00:01:34|-0.02|0.05|0.8127|
|=|          9|        102|       6956|   0.1759706697|       2977|00:01:28|-0.01|0.05|0.8201|
|=|          7|        102|       6956|   0.1656194545|       3075|00:00:46|-0.01|0.05|0.7710|
|=|          2|        102|       6956|   0.1564183742|       3173|00:00:00|-0.01|0.05|0.7274|
|=|         11|        102|       6956|    1.055167601|       3271|00:02:08|-0.01|0.04|0.7393|
|=|         23|        102|       6956|    1.002409221|       3369|00:00:13|-0.01|0.04|0.7018|
|=|         18|        102|       6956|   0.9546754493|       3467|00:00:05|-0.01|0.04|0.6680|
|=|         17|        102|       6956|   0.9112811112|       3565|00:00:03|-0.01|0.04|0.6373|
|=|          8|        102|       6956|   0.8716601937|       3663|00:00:11|-0.01|0.04|0.6093|
|=|          6|        102|       6956|   0.8353410194|       3761|00:00:06|-0.01|0.03|0.5836|
|=|         25|        102|       8216|    1.548401535|       3863|00:02:09|-0.01|0.03|0.6003|
+-+-----------+-----------+-----------+---------------+-----------+--------+-----+----+------+
Best-so-far configuration:        8216    mean value:     1.548401535
Description of the best-so-far configuration:
     .ID. alpha pMin reward probability beta .PARENT.
8216 8216  0.19 8.93     ER          AP 0.36     5449

# 2021-02-28 19:09:28 CET: Elite configurations (first number is the configuration ID; listed from best to worst according to the sum of ranks):
     alpha pMin reward probability beta
8216  0.19 8.93     ER          AP 0.36
6956  0.14 8.68     ER          AP 0.28
9138  0.01 8.41     ER          AP 0.55
5449  0.12 9.38     ER          AP 0.48
# 2021-02-28 19:09:28 CET: Iteration 11 of 11
# experimentsUsedSoFar: 96327
# remainingBudget: 3673
# currentBudget: 3673
# nbConfigurations: 145
# Markers:
     x No test is performed.
     c Configurations are discarded only due to capping.
     - The test is performed and some configurations are discarded.
     = The test is performed but no configuration is discarded.
     ! The test is performed and configurations could be discarded but elite configurations are preserved.
     . All alive configurations are elite and nothing is discarded

+-+-----------+-----------+-----------+---------------+-----------+--------+-----+----+------+
| |   Instance|      Alive|       Best|      Mean best| Exp so far|  W time|  rho|KenW|  Qvar|
+-+-----------+-----------+-----------+---------------+-----------+--------+-----+----+------+
|x|         26|        145|       9491|  0.01367303727|        145|00:20:51|   NA|  NA|    NA|
|x|          1|        145|       5449|  0.09873594135|        286|00:02:04|+0.11|0.55|0.9310|
|x|          4|        145|       5449|  0.06582396423|        427|00:00:14|+0.05|0.37|0.6414|
|x|         13|        145|       6956|  0.05997686843|        568|00:02:02|+0.06|0.30|0.7038|
|=|         18|        145|       6956|  0.04798149674|        709|00:00:08|+0.05|0.24|0.5713|
|-|          3|         62|       5449|  0.03291198857|        850|00:01:59|-0.05|0.13|0.6731|
|=|         20|         62|       9380|   0.1475120025|        908|00:04:46|-0.03|0.12|0.7283|
|=|          8|         62|       9380|   0.1290730034|        966|00:00:19|-0.03|0.10|0.6341|
|=|         25|         62|       9138|    3.609422827|       1024|00:01:09|-0.02|0.09|0.6713|
|=|          5|         62|       9138|    3.249187096|       1082|00:01:40|+0.01|0.11|0.6931|
|=|         24|         62|       9380|    4.046766112|       1140|00:01:41|+0.03|0.12|0.7131|
|-|         15|         38|       9380|    3.709535604|       1198|00:01:10|-0.02|0.06|0.7447|
|=|         16|         38|       9380|    3.424186712|       1232|00:00:43|-0.01|0.07|0.7615|
|=|          9|         38|       9380|    3.179601948|       1266|00:00:28|-0.00|0.07|0.7728|
|=|         11|         38|       9380|    4.483108773|       1300|00:00:54|+0.01|0.07|0.7763|
|=|         17|         38|       9380|    4.202914475|       1334|00:00:01|+0.01|0.07|0.7279|
|=|         21|         38|       9380|    4.018121944|       1368|00:00:40|-0.01|0.05|0.7513|
|=|          7|         38|       9380|    3.794892947|       1402|00:00:15|-0.01|0.05|0.7092|
|=|         10|         38|       9380|    3.598940042|       1436|00:06:13|-0.00|0.05|0.7226|
|=|         12|         38|       6956|    2.931627871|       1470|00:00:56|+0.00|0.05|0.7323|
|=|          6|         38|       6956|    2.792026545|       1504|00:00:03|+0.00|0.05|0.6973|
|=|         19|         38|       6956|    2.665116248|       1538|00:00:33|+0.01|0.05|0.7043|
|=|         14|         38|       6956|    2.549241629|       1572|00:00:00|+0.01|0.05|0.6739|
|=|          2|         38|       6956|    2.443023228|       1606|00:00:00|+0.01|0.05|0.6459|
|=|         23|         38|       6956|    2.345302299|       1640|00:00:07|+0.01|0.05|0.6202|
|=|         22|         38|       6956|    2.255098365|       1674|00:00:00|+0.01|0.05|0.5965|
|=|         27|         38|       6956|    2.171576204|       1712|00:00:02|+0.01|0.04|0.5745|
+-+-----------+-----------+-----------+---------------+-----------+--------+-----+----+------+
Best-so-far configuration:        6956    mean value:     2.171576204
Description of the best-so-far configuration:
     .ID. alpha pMin reward probability beta .PARENT.
6956 6956  0.14 8.68     ER          AP 0.28     5789

# 2021-02-28 19:58:40 CET: Elite configurations (first number is the configuration ID; listed from best to worst according to the sum of ranks):
     alpha pMin reward probability beta
6956  0.14 8.68     ER          AP 0.28
5449  0.12 9.38     ER          AP 0.48
8216  0.19 8.93     ER          AP 0.36
9380  0.11 8.30     ER          AP 0.23
# 2021-02-28 19:58:40 CET: Iteration 12 of 12
# experimentsUsedSoFar: 98039
# remainingBudget: 1961
# currentBudget: 1961
# nbConfigurations: 73
# Markers:
     x No test is performed.
     c Configurations are discarded only due to capping.
     - The test is performed and some configurations are discarded.
     = The test is performed but no configuration is discarded.
     ! The test is performed and configurations could be discarded but elite configurations are preserved.
     . All alive configurations are elite and nothing is discarded

+-+-----------+-----------+-----------+---------------+-----------+--------+-----+----+------+
| |   Instance|      Alive|       Best|      Mean best| Exp so far|  W time|  rho|KenW|  Qvar|
+-+-----------+-----------+-----------+---------------+-----------+--------+-----+----+------+
|x|         28|         73|       6956|1.000000000e-08|         73|00:00:03|   NA|  NA|    NA|
|x|         19|         73|       6956|1.000000000e-08|        142|00:00:50|+0.00|0.50|0.4932|
|x|         15|         73|       6956|1.000000000e-08|        211|00:01:19|-0.07|0.29|0.7025|
|x|         18|         73|       6956|1.000000000e-08|        280|00:00:04|-0.05|0.21|0.5157|
|=|          6|         73|       6956|1.000000000e-08|        349|00:00:04|-0.04|0.17|0.4080|
|=|         11|         73|       9532|    1.607800028|        418|00:01:34|-0.01|0.16|0.5030|
|=|         12|         73|       8216|    2.361885771|        487|00:01:48|-0.00|0.14|0.5628|
|=|         16|         73|       8216|    2.066650051|        556|00:01:12|+0.01|0.13|0.6133|
|=|         14|         73|       8216|    1.837022269|        625|00:00:01|+0.01|0.12|0.5455|
|=|         17|         73|       8216|    1.653320043|        694|00:00:02|+0.01|0.11|0.4912|
|=|          1|         73|       5449|    1.423603564|        763|00:01:10|+0.02|0.11|0.5304|
|=|          3|         73|       5449|    1.304969934|        832|00:01:06|+0.02|0.10|0.5668|
|=|          9|         73|       5449|    1.204587632|        901|00:01:04|+0.02|0.10|0.5973|
|=|          2|         73|       5449|    1.118545659|        970|00:00:00|+0.02|0.09|0.5553|
|=|          8|         73|       5449|    1.043975949|       1039|00:00:10|+0.02|0.08|0.5188|
|-|         26|         14|       5449|   0.9821028185|       1108|00:11:25|-0.01|0.05|0.5272|
|=|         13|         14|       5449|   0.9243320656|       1118|00:00:17|+0.00|0.06|0.5399|
|=|         22|         14|       5449|   0.8729802847|       1128|00:00:00|+0.00|0.06|0.5103|
|=|         20|         14|       5449|   0.9720138009|       1138|00:01:43|+0.01|0.06|0.5326|
|=|          5|         14|       5449|   0.9240584846|       1148|00:00:32|+0.03|0.08|0.5483|
|=|          4|         14|       5449|   0.8800557001|       1158|00:00:02|+0.03|0.08|0.5226|
|=|         23|         14|       5449|   0.8400531687|       1168|00:00:01|+0.03|0.07|0.4992|
|=|          7|         14|       5449|   0.8035291183|       1178|00:00:10|+0.03|0.07|0.4778|
|=|         24|         14|       5449|   0.7736932112|       1188|00:00:31|+0.02|0.06|0.4931|
|=|         27|         14|       5449|   0.7427454832|       1198|00:00:02|+0.02|0.06|0.4738|
|=|         25|         14|       8216|    1.446933659|       1208|00:00:20|+0.01|0.05|0.4947|
|=|         10|         14|       5449|    1.862643193|       1218|00:02:56|+0.01|0.05|0.5119|
|=|         21|         14|       6956|    2.094019911|       1228|00:00:16|+0.00|0.04|0.5298|
|=|         29|         14|       6956|    2.021812328|       1242|00:00:27|-0.00|0.03|0.5461|
+-+-----------+-----------+-----------+---------------+-----------+--------+-----+----+------+
Best-so-far configuration:        6956    mean value:     2.021812328
Description of the best-so-far configuration:
     .ID. alpha pMin reward probability beta .PARENT.
6956 6956  0.14 8.68     ER          AP 0.28     5789

# 2021-02-28 20:28:04 CET: Elite configurations (first number is the configuration ID; listed from best to worst according to the sum of ranks):
     alpha pMin reward probability beta
6956  0.14 8.68     ER          AP 0.28
8216  0.19 8.93     ER          AP 0.36
5449  0.12 9.38     ER          AP 0.48
9380  0.11 8.30     ER          AP 0.23
# 2021-02-28 20:28:04 CET: Iteration 13 of 13
# experimentsUsedSoFar: 99281
# remainingBudget: 719
# currentBudget: 719
# nbConfigurations: 27
# Markers:
     x No test is performed.
     c Configurations are discarded only due to capping.
     - The test is performed and some configurations are discarded.
     = The test is performed but no configuration is discarded.
     ! The test is performed and configurations could be discarded but elite configurations are preserved.
     . All alive configurations are elite and nothing is discarded

+-+-----------+-----------+-----------+---------------+-----------+--------+-----+----+------+
| |   Instance|      Alive|       Best|      Mean best| Exp so far|  W time|  rho|KenW|  Qvar|
+-+-----------+-----------+-----------+---------------+-----------+--------+-----+----+------+
|x|         30|         27|       9577|   0.1785224642|         27|00:02:24|   NA|  NA|    NA|
|x|         16|         27|       9577|  0.08926123710|         50|00:00:24|+0.42|0.71|0.6422|
|x|         28|         27|       9577|  0.05950749474|         73|00:00:01|+0.21|0.47|0.5351|
|x|         11|         27|       8216|    4.178031533|         96|00:00:30|+0.28|0.46|0.5352|
|-|         14|         14|       8216|    3.342425228|        119|00:00:00|+0.04|0.23|0.5495|
|=|          9|         14|       8216|    2.785354359|        129|00:00:21|-0.00|0.17|0.6405|
|=|         26|         14|       9380|    3.326240472|        139|00:03:06|+0.03|0.17|0.6721|
|=|         13|         14|       9380|    2.910460414|        149|00:00:14|+0.07|0.19|0.6698|
|=|         25|         14|       8216|    4.133071782|        159|00:00:20|+0.04|0.14|0.7231|
|=|         21|         14|       8216|    3.840633567|        169|00:00:16|-0.01|0.09|0.7687|
|=|          1|         14|       8216|    3.517415347|        179|00:00:16|+0.00|0.09|0.7789|
|=|          2|         14|       8216|    3.224297403|        189|00:00:00|+0.00|0.08|0.7124|
|=|         18|         14|       8216|    2.976274526|        199|00:00:01|+0.00|0.08|0.6564|
|=|          6|         14|       8216|    2.763683489|        209|00:00:01|+0.00|0.07|0.6085|
|=|         27|         14|       8216|    2.579437924|        219|00:00:01|+0.00|0.07|0.5672|
|=|         20|         14|       8216|    2.434711992|        229|00:01:42|+0.00|0.07|0.5841|
|=|          5|         14|       8216|    2.292672671|        239|00:00:30|+0.02|0.08|0.5970|
|=|         23|         14|       8216|    2.165301968|        249|00:00:05|+0.02|0.08|0.5640|
|=|         29|         14|       8216|    2.054455504|        259|00:00:26|+0.00|0.05|0.5846|
|=|          4|         14|       8216|    1.951732730|        269|00:00:02|+0.00|0.05|0.5555|
|=|         10|         14|       8216|    1.875061223|        279|00:02:50|+0.01|0.06|0.5683|
|=|          7|         14|       8216|    1.789831168|        289|00:00:07|+0.01|0.06|0.5428|
|=|         19|         14|       8216|    1.712012422|        299|00:00:21|+0.01|0.05|0.5650|
|=|         22|         14|       8216|    1.640678572|        309|00:00:00|+0.01|0.05|0.5414|
|=|         24|         14|       6956|    2.471388454|        319|00:00:34|-0.00|0.04|0.5611|
|=|         15|         14|       6956|    2.376335052|        329|00:00:28|+0.00|0.04|0.5736|
|=|          3|         14|       6956|    2.288322643|        339|00:00:14|+0.01|0.05|0.5834|
|=|         12|         14|       8216|    1.407455028|        349|00:00:28|+0.01|0.04|0.5966|
|=|         17|         14|       8216|    1.358922096|        359|00:00:00|+0.01|0.04|0.5760|
|=|          8|         14|       8216|    1.313624694|        369|00:00:03|+0.01|0.04|0.5568|
|=|         31|         14|       8216|    1.271249704|        383|00:00:30|+0.01|0.04|0.5665|
+-+-----------+-----------+-----------+---------------+-----------+--------+-----+----+------+
Best-so-far configuration:        8216    mean value:     1.271249704
Description of the best-so-far configuration:
     .ID. alpha pMin reward probability beta .PARENT.
8216 8216  0.19 8.93     ER          AP 0.36     5449

# 2021-02-28 20:44:35 CET: Elite configurations (first number is the configuration ID; listed from best to worst according to the sum of ranks):
     alpha pMin reward probability beta
8216  0.19 8.93     ER          AP 0.36
6956  0.14 8.68     ER          AP 0.28
5449  0.12 9.38     ER          AP 0.48
9380  0.11 8.30     ER          AP 0.23
# 2021-02-28 20:44:35 CET: Iteration 14 of 14
# experimentsUsedSoFar: 99664
# remainingBudget: 336
# currentBudget: 336
# nbConfigurations: 14
# Markers:
     x No test is performed.
     c Configurations are discarded only due to capping.
     - The test is performed and some configurations are discarded.
     = The test is performed but no configuration is discarded.
     ! The test is performed and configurations could be discarded but elite configurations are preserved.
     . All alive configurations are elite and nothing is discarded

+-+-----------+-----------+-----------+---------------+-----------+--------+-----+----+------+
| |   Instance|      Alive|       Best|      Mean best| Exp so far|  W time|  rho|KenW|  Qvar|
+-+-----------+-----------+-----------+---------------+-----------+--------+-----+----+------+
|x|         32|         14|       9595|    8.954631504|         14|00:00:38|   NA|  NA|    NA|
|x|         22|         14|       9595|    4.477315757|         24|00:00:00|+0.00|0.50|0.4643|
|x|          3|         14|       9595|    2.984877175|         34|00:00:14|-0.16|0.22|0.6515|
|x|          9|         14|       9595|    2.238657884|         44|00:00:21|+0.02|0.27|0.6419|
|=|         21|         14|       9594|    2.283433551|         54|00:00:16|-0.04|0.17|0.7343|
|=|         30|         14|       9592|    2.245635947|         64|00:01:27|-0.10|0.09|0.8114|
|=|         19|         14|       9592|    1.924830813|         74|00:00:21|-0.10|0.06|0.8413|
|=|         24|         14|       8216|    2.043056412|         84|00:00:34|-0.07|0.06|0.8563|
|=|         20|         14|       8216|    1.845363811|         94|00:01:37|-0.04|0.08|0.8511|
|=|         12|         14|       8216|    1.660827431|        104|00:00:29|-0.01|0.10|0.8285|
|=|         23|         14|       8216|    1.509843120|        114|00:00:04|-0.00|0.09|0.7539|
|=|         11|         14|       8216|    2.761789555|        124|00:00:21|+0.00|0.09|0.7711|
|=|         15|         14|       8216|    2.549344206|        134|00:00:25|+0.02|0.10|0.7618|
|=|          7|         14|       8216|    2.367248192|        144|00:00:18|+0.02|0.09|0.7091|
|=|         25|         14|       8216|    3.544429139|        154|00:00:21|+0.02|0.08|0.7195|
|=|          6|         14|       8216|    3.322902318|        164|00:00:01|+0.02|0.08|0.6760|
|=|          8|         14|       8216|    3.127437477|        174|00:00:03|+0.01|0.07|0.6374|
|=|         29|         14|       8216|    2.956980903|        184|00:00:26|+0.01|0.07|0.6560|
|=|          5|         14|       8216|    2.802405253|        194|00:00:31|+0.03|0.08|0.6634|
|=|         28|         14|       8216|    2.662284991|        204|00:00:01|+0.02|0.07|0.6312|
|=|         14|         14|       8216|    2.535509516|        214|00:00:00|+0.02|0.07|0.6021|
|=|         27|         14|       8216|    2.420259084|        224|00:00:00|+0.02|0.07|0.5755|
|=|          2|         14|       8216|    2.315030428|        234|00:00:00|+0.02|0.06|0.5511|
|=|         10|         14|       8216|    2.232805456|        244|00:03:02|+0.03|0.07|0.5670|
|=|         26|         14|       8216|    2.161915537|        254|00:03:01|+0.02|0.06|0.5856|
|=|         17|         14|       8216|    2.078764939|        264|00:00:00|+0.02|0.06|0.5634|
|=|          4|         14|       8216|    2.001773646|        274|00:00:02|+0.02|0.06|0.5429|
|-|         31|          7|       8216|    1.930281730|        284|00:00:28|-0.01|0.02|0.4667|
|=|          1|          7|       6956|    2.748239478|        287|00:00:16|-0.01|0.03|0.4772|
|=|         13|          7|       6956|    2.656631496|        290|00:00:13|+0.00|0.03|0.4851|
|=|         16|          7|       8216|    1.752681342|        293|00:00:15|+0.00|0.03|0.4963|
|=|         18|          7|       8216|    1.697910051|        296|00:00:01|+0.00|0.03|0.4808|
|=|         33|          7|       8216|    1.646458231|        303|00:00:01|+0.00|0.03|0.4663|
+-+-----------+-----------+-----------+---------------+-----------+--------+-----+----+------+
Best-so-far configuration:        8216    mean value:     1.646458231
Description of the best-so-far configuration:
     .ID. alpha pMin reward probability beta .PARENT.
8216 8216  0.19 8.93     ER          AP 0.36     5449

# 2021-02-28 21:00:35 CET: Elite configurations (first number is the configuration ID; listed from best to worst according to the sum of ranks):
     alpha pMin reward probability beta
8216  0.19 8.93     ER          AP 0.36
6956  0.14 8.68     ER          AP 0.28
9380  0.11 8.30     ER          AP 0.23
5449  0.12 9.38     ER          AP 0.48
# 2021-02-28 21:00:35 CET: Stopped because there is not enough budget left to race more than the minimum (4)
# You may either increase the budget or set 'minNbSurvival' to a lower value
# Iteration: 15
# nbIterations: 15
# experimentsUsedSoFar: 99967
# timeUsed: 0
# remainingBudget: 33
# currentBudget: 33
# number of elites: 4
# nbConfigurations: 4
# Best configurations (first number is the configuration ID; listed from best to worst according to the sum of ranks):
     alpha pMin reward probability beta
8216  0.19 8.93     ER          AP 0.36
6956  0.14 8.68     ER          AP 0.28
9380  0.11 8.30     ER          AP 0.23
5449  0.12 9.38     ER          AP 0.48
# Best configurations as commandlines (first number is the configuration ID; same order as above):
8216  -A 0.19 -B 0.36 -M 8.93 -r ER -p AP
6956  -A 0.14 -B 0.28 -M 8.68 -r ER -p AP
9380  -A 0.11 -B 0.23 -M 8.3 -r ER -p AP
5449  -A 0.12 -B 0.48 -M 9.38 -r ER -p AP
