#------------------------------------------------------------------------------
# irace: An implementation in R of (Elitist) Iterated Racing
# Version: 3.4.1.9fcaeaf
# Copyright (C) 2010-2020
# Manuel Lopez-Ibanez     <manuel.lopez-ibanez@manchester.ac.uk>
# Jeremie Dubois-Lacoste  
# Leslie Perez Caceres    <leslie.perez.caceres@ulb.ac.be>
#
# This is free software, and you are welcome to redistribute it under certain
# conditions.  See the GNU General Public License for details. There is NO
# WARRANTY; not even for MERCHANTABILITY or FITNESS FOR A PARTICULAR PURPOSE.
#
# irace builds upon previous code from the race package:
#     race: Racing methods for the selection of the best
#     Copyright (C) 2003 Mauro Birattari
#------------------------------------------------------------------------------
# installed at: /home/rmboks/.R/irace
# called with: --parameter-file /home/rmboks/auto-DE/irace/parameters.txt --train-instances-file /home/rmboks/auto-DE/irace/instances-list.txt --forbidden-file /home/rmboks/auto-DE/irace/forbidden.txt --target-runner /home/rmboks/auto-DE/irace/runners/FS.runner --seed 42 --max-experiments 100000 --parallel 32 --digits 2 -l results/FS.Rdata -s /home/rmboks/auto-DE/irace/scenario.txt --exec-dir /home/rmboks/auto-DE/irace
# 2 expression(s) specifying forbidden configurations read from '/home/rmboks/auto-DE/irace/forbidden.txt'
# 2021-02-27 14:53:58 CET: Initialization
# Elitist race
# Elitist new instances: 1
# Elitist limit: 2
# nbIterations: 4
# minNbSurvival: 4
# nbParameters: 5
# seed: 42
# confidence level: 0.95
# budget: 1e+05
# mu: 5
# deterministic: FALSE

# 2021-02-27 14:53:58 CET: Iteration 1 of 4
# experimentsUsedSoFar: 0
# remainingBudget: 1e+05
# currentBudget: 25000
# nbConfigurations: 1024
# Markers:
     x No test is performed.
     c Configurations are discarded only due to capping.
     - The test is performed and some configurations are discarded.
     = The test is performed but no configuration is discarded.
     ! The test is performed and configurations could be discarded but elite configurations are preserved.
     . All alive configurations are elite and nothing is discarded

+-+-----------+-----------+-----------+---------------+-----------+--------+-----+----+------+
| |   Instance|      Alive|       Best|      Mean best| Exp so far|  W time|  rho|KenW|  Qvar|
+-+-----------+-----------+-----------+---------------+-----------+--------+-----+----+------+
|x|          1|       1024|        648|  0.06946000463|       1024|00:14:22|   NA|  NA|    NA|
|x|          2|       1024|        648|  0.03473000731|       2048|00:00:08|+0.00|0.50|0.4995|
|x|          3|       1024|        623|  0.04359880170|       3072|00:13:52|+0.01|0.34|0.6596|
|x|          4|       1024|        623|  0.03269910378|       4096|00:01:05|+0.01|0.26|0.4963|
|=|          5|       1024|        623|  0.03092053525|       5120|00:27:48|+0.01|0.21|0.6000|
|=|          6|       1024|        623|  0.02576711438|       6144|00:00:51|+0.01|0.17|0.4999|
|=|          7|       1024|        623|  0.02208609947|       7168|00:09:48|+0.01|0.15|0.5662|
+-+-----------+-----------+-----------+---------------+-----------+--------+-----+----+------+
Best-so-far configuration:         623    mean value:   0.02208609947
Description of the best-so-far configuration:
    .ID. alpha pMin reward probability beta .PARENT.
623  623  0.27 5.58     EA          AP 0.39       NA

# 2021-02-27 16:01:56 CET: Elite configurations (first number is the configuration ID; listed from best to worst according to the sum of ranks):
     alpha pMin reward probability beta
623   0.27 5.58     EA          AP 0.39
977   0.23 9.20     ER          AP 0.98
1003  0.12 9.98     ER          AP 0.78
235   0.02 6.94     EA          AP 0.13
# 2021-02-27 16:01:56 CET: Iteration 2 of 4
# experimentsUsedSoFar: 7168
# remainingBudget: 92832
# currentBudget: 30944
# nbConfigurations: 1024
# Markers:
     x No test is performed.
     c Configurations are discarded only due to capping.
     - The test is performed and some configurations are discarded.
     = The test is performed but no configuration is discarded.
     ! The test is performed and configurations could be discarded but elite configurations are preserved.
     . All alive configurations are elite and nothing is discarded

+-+-----------+-----------+-----------+---------------+-----------+--------+-----+----+------+
| |   Instance|      Alive|       Best|      Mean best| Exp so far|  W time|  rho|KenW|  Qvar|
+-+-----------+-----------+-----------+---------------+-----------+--------+-----+----+------+
|x|          8|       1024|        623|1.000000000e-08|       1024|00:03:25|   NA|  NA|    NA|
|x|          1|       1024|       1494|  0.04062257528|       2044|00:14:21|+0.00|0.50|0.4995|
|x|          2|       1024|       1494|  0.02708172019|       3064|00:00:07|+0.00|0.33|0.3330|
|x|          5|       1024|       2038|  0.03055511394|       4084|00:27:51|-0.01|0.24|0.5047|
|=|          6|       1024|       2038|  0.02444409315|       5104|00:00:52|-0.01|0.20|0.4027|
|-|          3|        433|        623|  0.02576711438|       6124|00:13:48|-0.06|0.11|0.5332|
|=|          4|        433|        623|  0.02208609947|       6553|00:00:41|-0.05|0.10|0.4521|
|=|          7|        433|        623|  0.01932533828|       6982|00:04:14|-0.04|0.09|0.5192|
|=|          9|        433|       1081|  0.01505806181|       7415|00:05:38|-0.04|0.08|0.5731|
+-+-----------+-----------+-----------+---------------+-----------+--------+-----+----+------+
Best-so-far configuration:        1081    mean value:   0.01505806181
Description of the best-so-far configuration:
     .ID. alpha pMin reward probability beta .PARENT.
1081 1081  0.14 8.52     ER          AP 0.73     1003

# 2021-02-27 17:13:01 CET: Elite configurations (first number is the configuration ID; listed from best to worst according to the sum of ranks):
     alpha pMin reward probability beta
1081  0.14 8.52     ER          AP 0.73
1667  0.11 9.34     ER          AP 0.69
623   0.27 5.58     EA          AP 0.39
977   0.23 9.20     ER          AP 0.98
# 2021-02-27 17:13:01 CET: Iteration 3 of 4
# experimentsUsedSoFar: 14583
# remainingBudget: 85417
# currentBudget: 42708
# nbConfigurations: 1024
# Markers:
     x No test is performed.
     c Configurations are discarded only due to capping.
     - The test is performed and some configurations are discarded.
     = The test is performed but no configuration is discarded.
     ! The test is performed and configurations could be discarded but elite configurations are preserved.
     . All alive configurations are elite and nothing is discarded

+-+-----------+-----------+-----------+---------------+-----------+--------+-----+----+------+
| |   Instance|      Alive|       Best|      Mean best| Exp so far|  W time|  rho|KenW|  Qvar|
+-+-----------+-----------+-----------+---------------+-----------+--------+-----+----+------+
|x|         10|       1024|       2118|  0.01723705456|       1024|02:17:34|   NA|  NA|    NA|
|x|          1|       1024|       2979|  0.05680469024|       2044|00:14:24|+0.03|0.51|0.9508|
|x|          5|       1024|       2999|  0.08260542553|       3064|00:27:59|-0.01|0.32|0.9982|
|x|          8|       1024|       2999|  0.06195407165|       4084|00:03:22|-0.01|0.24|0.9933|
|=|          4|       1024|       2999|  0.04956325932|       5104|00:01:34|-0.01|0.19|0.7958|
|-|          3|        375|       2310|  0.04679820367|       6124|00:13:42|-0.09|0.09|0.7269|
|=|          7|        375|       2310|  0.04011274743|       6495|00:03:10|-0.07|0.08|0.6142|
|=|          9|        375|       2049|  0.04244137653|       6866|00:05:19|-0.05|0.08|0.6552|
|=|          6|        375|       2049|  0.03772566914|       7237|00:00:19|-0.04|0.07|0.5789|
|=|          2|        375|       2049|  0.03395310323|       7608|00:00:02|-0.04|0.06|0.5185|
|=|         11|        375|       2325|    1.520529621|       7983|00:07:17|-0.03|0.06|0.5594|
+-+-----------+-----------+-----------+---------------+-----------+--------+-----+----+------+
Best-so-far configuration:        2325    mean value:     1.520529621
Description of the best-so-far configuration:
     .ID. alpha pMin reward probability beta .PARENT.
2325 2325  0.09 9.37     ER          AP  0.7     1081

# 2021-02-27 20:47:55 CET: Elite configurations (first number is the configuration ID; listed from best to worst according to the sum of ranks):
     alpha pMin reward probability beta
2325  0.09 9.37     ER          AP 0.70
2144  0.26 8.95     ER          AP 0.71
2049  0.28 9.61     ER          AP 0.95
2952  0.14 6.97     EN          AP 0.68
# 2021-02-27 20:47:55 CET: Iteration 4 of 4
# experimentsUsedSoFar: 22566
# remainingBudget: 77434
# currentBudget: 77434
# nbConfigurations: 1024
# Markers:
     x No test is performed.
     c Configurations are discarded only due to capping.
     - The test is performed and some configurations are discarded.
     = The test is performed but no configuration is discarded.
     ! The test is performed and configurations could be discarded but elite configurations are preserved.
     . All alive configurations are elite and nothing is discarded

+-+-----------+-----------+-----------+---------------+-----------+--------+-----+----+------+
| |   Instance|      Alive|       Best|      Mean best| Exp so far|  W time|  rho|KenW|  Qvar|
+-+-----------+-----------+-----------+---------------+-----------+--------+-----+----+------+
|x|         12|       1024|       2952|1.000000000e-08|       1024|00:23:20|   NA|  NA|    NA|
|x|          8|       1024|       2952|1.000000000e-08|       2044|00:02:54|+0.00|0.50|0.9849|
|x|          4|       1024|       2952|1.000000000e-08|       3064|00:01:48|+0.00|0.33|0.6613|
|x|          7|       1024|       2952|1.000000000e-08|       4084|00:09:55|+0.00|0.25|0.7482|
|-|          3|        677|       2952|1.000000000e-08|       5104|00:13:44|-0.05|0.16|0.6040|
|=|          1|        677|       4017|  0.02849970876|       5777|00:09:41|-0.03|0.14|0.6697|
|=|          9|        677|       3405|  0.02535378400|       6450|00:09:34|-0.02|0.12|0.7156|
|=|         11|        677|       3363|    1.602645412|       7123|00:13:12|-0.01|0.11|0.7491|
|=|          2|        677|       3363|    1.424573701|       7796|00:00:04|-0.01|0.10|0.6659|
|=|          5|        677|       3363|    1.284883745|       8469|00:18:52|-0.00|0.10|0.6982|
|=|          6|        677|       3363|    1.168076133|       9142|00:00:36|-0.00|0.09|0.6348|
|=|         10|        677|       3363|    1.077357433|       9815|01:30:41|-0.00|0.08|0.6637|
|-|         13|        139|       3363|   0.9944837855|      10492|00:09:02|-0.05|0.03|0.6242|
|=|         14|        139|       3363|   0.9234492301|      10631|00:00:02|-0.05|0.02|0.5787|
|=|         15|        139|       3363|   0.8618859487|      10770|00:02:19|-0.04|0.03|0.5991|
+-+-----------+-----------+-----------+---------------+-----------+--------+-----+----+------+
Best-so-far configuration:        3363    mean value:    0.8618859487
Description of the best-so-far configuration:
     .ID. alpha pMin reward probability beta .PARENT.
3363 3363  0.18 9.95     ER          AP 0.66     2325

# 2021-02-28 00:13:51 CET: Elite configurations (first number is the configuration ID; listed from best to worst according to the sum of ranks):
     alpha pMin reward probability beta
3363  0.18 9.95     ER          AP 0.66
3688  0.23 9.59     ER          AP 0.63
3157  0.07 9.92     ER          AP 0.95
2144  0.26 8.95     ER          AP 0.71
# 2021-02-28 00:13:51 CET: Iteration 5 of 5
# experimentsUsedSoFar: 33336
# remainingBudget: 66664
# currentBudget: 66664
# nbConfigurations: 1024
# Markers:
     x No test is performed.
     c Configurations are discarded only due to capping.
     - The test is performed and some configurations are discarded.
     = The test is performed but no configuration is discarded.
     ! The test is performed and configurations could be discarded but elite configurations are preserved.
     . All alive configurations are elite and nothing is discarded

+-+-----------+-----------+-----------+---------------+-----------+--------+-----+----+------+
| |   Instance|      Alive|       Best|      Mean best| Exp so far|  W time|  rho|KenW|  Qvar|
+-+-----------+-----------+-----------+---------------+-----------+--------+-----+----+------+
|x|         16|       1024|       3157|1.000000000e-08|       1024|00:14:49|   NA|  NA|    NA|
|x|         11|       1024|       5091|    4.339762576|       2044|00:19:39|+0.01|0.51|1.0003|
|x|          5|       1024|       3157|    4.057184933|       3064|00:28:05|+0.12|0.41|0.9280|
|x|          3|       1024|       3157|    3.042888702|       4084|00:13:43|+0.21|0.41|0.9047|
|-|          8|        346|       3157|    2.434310964|       5104|00:02:44|-0.10|0.12|0.8414|
|=|          9|        346|       3157|    2.028592471|       5446|00:05:11|-0.06|0.12|0.8550|
|=|          6|        346|       3157|    1.738793548|       5788|00:00:20|-0.05|0.10|0.7294|
|=|          1|        346|       3363|    1.606104679|       6130|00:04:55|-0.04|0.09|0.7606|
|=|         14|        346|       3363|    1.427648605|       6472|00:00:05|-0.03|0.08|0.6747|
|=|         13|        346|       3363|    1.284883745|       6814|00:04:36|-0.03|0.08|0.6930|
|=|          7|        346|       3363|    1.168076133|       7156|00:03:03|-0.02|0.07|0.6304|
|=|          2|        346|       3363|    1.070736456|       7498|00:00:02|-0.02|0.06|0.5782|
|=|         10|        346|       3363|   0.9944837856|       7840|00:47:00|-0.01|0.06|0.6103|
|=|         15|        346|       3363|   0.9234492302|       8182|00:05:20|-0.01|0.06|0.6382|
|=|          4|        346|       3363|   0.8618859489|       8524|00:00:46|-0.01|0.06|0.5958|
|=|         12|        346|       3363|   0.8080180777|       8866|00:07:40|-0.01|0.05|0.6194|
|=|         17|        346|       3363|   0.7604876031|       9212|00:00:05|-0.01|0.05|0.5832|
+-+-----------+-----------+-----------+---------------+-----------+--------+-----+----+------+
Best-so-far configuration:        3363    mean value:    0.7604876031
Description of the best-so-far configuration:
     .ID. alpha pMin reward probability beta .PARENT.
3363 3363  0.18 9.95     ER          AP 0.66     2325

# 2021-02-28 02:52:07 CET: Elite configurations (first number is the configuration ID; listed from best to worst according to the sum of ranks):
     alpha pMin reward probability beta
3363  0.18 9.95     ER          AP 0.66
3157  0.07 9.92     ER          AP 0.95
4613  0.01 8.57     ER          AP 0.89
3688  0.23 9.59     ER          AP 0.63
# 2021-02-28 02:52:08 CET: Iteration 6 of 6
# experimentsUsedSoFar: 42548
# remainingBudget: 57452
# currentBudget: 57452
# nbConfigurations: 1024
# Markers:
     x No test is performed.
     c Configurations are discarded only due to capping.
     - The test is performed and some configurations are discarded.
     = The test is performed but no configuration is discarded.
     ! The test is performed and configurations could be discarded but elite configurations are preserved.
     . All alive configurations are elite and nothing is discarded

+-+-----------+-----------+-----------+---------------+-----------+--------+-----+----+------+
| |   Instance|      Alive|       Best|      Mean best| Exp so far|  W time|  rho|KenW|  Qvar|
+-+-----------+-----------+-----------+---------------+-----------+--------+-----+----+------+
|x|         18|       1024|       3363|1.000000000e-08|       1024|00:01:00|   NA|  NA|    NA|
|x|         17|       1024|       3363|1.000000000e-08|       2044|00:00:16|+1.00|1.00|0.0000|
|x|          1|       1024|       5723|  0.02486509904|       3064|00:14:26|+0.00|0.33|0.3330|
|x|         13|       1024|       5236|  0.02024917420|       4084|00:13:27|+0.02|0.26|0.4961|
|=|          6|       1024|       5236|  0.01619934136|       5104|00:00:56|+0.01|0.21|0.3975|
|=|          2|       1024|       5236|  0.01349945280|       6124|00:00:06|+0.01|0.18|0.3316|
|=|          4|       1024|       5236|  0.01157096097|       7144|00:01:52|+0.01|0.15|0.2845|
|=|          7|       1024|       5236|  0.01012459210|       8164|00:09:35|+0.01|0.13|0.3721|
|-|         16|        554|       5236| 0.008999638535|       9184|00:14:57|-0.04|0.07|0.3429|
|=|          8|        554|       5236| 0.008099675682|       9734|00:01:07|-0.04|0.07|0.3076|
|=|          9|        554|       5236| 0.007363342438|      10284|00:08:04|-0.02|0.07|0.3690|
|=|         10|        554|       5918|  0.02169755633|      10834|01:15:28|-0.02|0.07|0.4217|
|=|         11|        554|       5594|    1.021113234|      11384|00:10:48|-0.01|0.07|0.4640|
|=|          3|        554|       3363|   0.9214725067|      11934|00:07:20|-0.00|0.07|0.5023|
|=|         12|        554|       3363|   0.8600410069|      12484|00:12:22|+0.00|0.07|0.5359|
|=|         14|        554|       3363|   0.8062884446|      13034|00:00:09|+0.00|0.07|0.5022|
|-|          5|        157|       3363|   0.7604876031|      13584|00:15:27|-0.04|0.02|0.5399|
|=|         15|        157|       3363|   0.7182382924|      13737|00:02:30|-0.03|0.02|0.5627|
|=|         19|        157|       3363|   0.6804362775|      13894|00:01:21|-0.03|0.02|0.5833|
+-+-----------+-----------+-----------+---------------+-----------+--------+-----+----+------+
Best-so-far configuration:        3363    mean value:    0.6804362775
Description of the best-so-far configuration:
     .ID. alpha pMin reward probability beta .PARENT.
3363 3363  0.18 9.95     ER          AP 0.66     2325

# 2021-02-28 06:03:36 CET: Elite configurations (first number is the configuration ID; listed from best to worst according to the sum of ranks):
     alpha pMin reward probability beta
3363  0.18 9.95     ER          AP 0.66
5230  0.06 9.55     ER          AP 0.98
3157  0.07 9.92     ER          AP 0.95
5297  0.05 9.58     ER          AP 0.96
# 2021-02-28 06:03:36 CET: Iteration 7 of 7
# experimentsUsedSoFar: 56442
# remainingBudget: 43558
# currentBudget: 43558
# nbConfigurations: 1024
# Markers:
     x No test is performed.
     c Configurations are discarded only due to capping.
     - The test is performed and some configurations are discarded.
     = The test is performed but no configuration is discarded.
     ! The test is performed and configurations could be discarded but elite configurations are preserved.
     . All alive configurations are elite and nothing is discarded

+-+-----------+-----------+-----------+---------------+-----------+--------+-----+----+------+
| |   Instance|      Alive|       Best|      Mean best| Exp so far|  W time|  rho|KenW|  Qvar|
+-+-----------+-----------+-----------+---------------+-----------+--------+-----+----+------+
|x|         20|       1024|       6368|  0.01824823007|       1024|01:21:05|   NA|  NA|    NA|
|x|          1|       1024|       6843|   0.1292014701|       2044|00:14:28|-0.01|0.49|1.0189|
|x|         17|       1024|       6843|  0.08613431676|       3064|00:00:17|-0.01|0.33|0.6727|
|x|          6|       1024|       6843|  0.06460074007|       4084|00:00:57|-0.00|0.25|0.5028|
|=|          4|       1024|       6843|  0.05168059406|       5104|00:01:53|-0.00|0.20|0.4016|
|=|         15|       1024|       6843|  0.04306716338|       6124|00:15:06|+0.01|0.18|0.4930|
|=|         11|       1024|       6843|    1.746128248|       7144|00:19:40|+0.01|0.15|0.5660|
|=|         14|       1024|       6843|    1.527862218|       8164|00:00:17|+0.01|0.13|0.4958|
|=|         16|       1024|       6350|    2.335710079|       9184|00:14:50|+0.01|0.12|0.5511|
|-|          5|        397|       6600|    1.848003826|      10204|00:28:06|-0.06|0.05|0.6320|
|=|         19|        397|       6600|    1.680003479|      10597|00:04:07|-0.05|0.05|0.6576|
|=|          2|        397|       6600|    1.540003190|      10990|00:00:02|-0.04|0.05|0.6009|
|=|          9|        397|       6236|    1.384512912|      11383|00:05:56|-0.04|0.04|0.6313|
|=|         12|        397|       6236|    1.285619134|      11776|00:08:53|-0.02|0.05|0.6544|
|=|         10|        397|       7136|   0.7744214225|      12169|00:54:11|-0.02|0.05|0.6752|
|=|         18|        397|       7136|   0.7260200842|      12562|00:00:21|-0.02|0.05|0.6324|
|=|          7|        397|       7136|   0.6833130210|      12955|00:03:32|-0.02|0.04|0.6523|
|=|          3|        397|       6236|    1.020806653|      13348|00:05:15|-0.01|0.05|0.6681|
|=|         13|        397|       3363|   0.8356000878|      13741|00:05:10|-0.00|0.05|0.6836|
|=|          8|        397|       3363|   0.7938200839|      14134|00:00:49|-0.00|0.05|0.6493|
|=|         21|        397|       3363|   0.7725931811|      14531|00:05:42|-0.00|0.05|0.6652|
+-+-----------+-----------+-----------+---------------+-----------+--------+-----+----+------+
Best-so-far configuration:        3363    mean value:    0.7725931811
Description of the best-so-far configuration:
     .ID. alpha pMin reward probability beta .PARENT.
3363 3363  0.18 9.95     ER          AP 0.66     2325

# 2021-02-28 10:34:31 CET: Elite configurations (first number is the configuration ID; listed from best to worst according to the sum of ranks):
     alpha pMin reward probability beta
3363  0.18 9.95     ER          AP 0.66
7136  0.08 8.79     EN          AP 0.99
7115  0.03 8.78     ER          AP 0.73
6633  0.05 9.70     ER          AP 0.95
# 2021-02-28 10:34:31 CET: Iteration 8 of 8
# experimentsUsedSoFar: 70973
# remainingBudget: 29027
# currentBudget: 29027
# nbConfigurations: 1024
# Markers:
     x No test is performed.
     c Configurations are discarded only due to capping.
     - The test is performed and some configurations are discarded.
     = The test is performed but no configuration is discarded.
     ! The test is performed and configurations could be discarded but elite configurations are preserved.
     . All alive configurations are elite and nothing is discarded

+-+-----------+-----------+-----------+---------------+-----------+--------+-----+----+------+
| |   Instance|      Alive|       Best|      Mean best| Exp so far|  W time|  rho|KenW|  Qvar|
+-+-----------+-----------+-----------+---------------+-----------+--------+-----+----+------+
|x|         22|       1024|       3363|1.000000000e-08|       1024|00:00:06|   NA|  NA|    NA|
|x|          3|       1024|       3363|1.000000000e-08|       2044|00:13:37|+0.00|0.50|0.4995|
|x|         19|       1024|       3363|1.000000000e-08|       3064|00:12:07|+0.26|0.51|0.6129|
|x|          4|       1024|       3363|1.000000000e-08|       4084|00:01:52|+0.18|0.38|0.4730|
|-|         13|        623|       3363|1.000000000e-08|       5104|00:13:33|-0.01|0.19|0.6018|
|=|         20|        623|       7794|  0.03570162045|       5723|00:49:45|-0.02|0.15|0.6822|
|=|         10|        623|       7652|  0.09662184392|       6342|01:25:02|-0.01|0.14|0.7287|
|=|         15|        623|       7652|  0.08454411468|       6961|00:09:32|-0.00|0.12|0.7625|
|=|         12|        623|       7614|  0.09867193798|       7580|00:13:47|+0.01|0.12|0.7853|
|-|         16|        343|       7614|  0.08880474654|       8199|00:08:57|-0.06|0.05|0.8215|
|=|          9|        343|       7944|  0.03504905730|       8538|00:05:05|-0.05|0.05|0.8334|
|=|         11|        343|       3363|    1.300703228|       8877|00:06:35|-0.04|0.05|0.8460|
|=|          2|        343|       3363|    1.200649134|       9216|00:00:02|-0.04|0.04|0.7797|
|=|          5|        343|       7136|   0.7963628814|       9555|00:09:26|-0.03|0.04|0.7942|
|=|         21|        343|       3363|    1.065611200|       9894|00:04:51|-0.03|0.04|0.8061|
|=|          8|        343|       3363|   0.9990105009|      10233|00:00:38|-0.02|0.04|0.7552|
|=|         18|        343|       3363|   0.9402451780|      10572|00:00:17|-0.02|0.04|0.7104|
|=|          6|        343|       3363|   0.8880093353|      10911|00:00:21|-0.02|0.04|0.6705|
|=|          1|        343|       3363|   0.8539187781|      11250|00:04:51|-0.02|0.04|0.6872|
|=|          7|        343|       3363|   0.8112228397|      11589|00:02:50|-0.02|0.03|0.6526|
|=|         17|        343|       3363|   0.7725931811|      11928|00:00:05|-0.02|0.03|0.6213|
|=|         14|        343|       3363|   0.7374753097|      12267|00:00:05|-0.01|0.03|0.5929|
|=|         23|        343|       3363|   0.7054111662|      12610|00:00:34|-0.01|0.03|0.5669|
+-+-----------+-----------+-----------+---------------+-----------+--------+-----+----+------+
Best-so-far configuration:        3363    mean value:    0.7054111662
Description of the best-so-far configuration:
     .ID. alpha pMin reward probability beta .PARENT.
3363 3363  0.18 9.95     ER          AP 0.66     2325

# 2021-02-28 14:38:47 CET: Elite configurations (first number is the configuration ID; listed from best to worst according to the sum of ranks):
     alpha pMin reward probability beta
3363  0.18 9.95     ER          AP 0.66
7944  0.06 8.39     ER          AP 0.91
7872  0.09 9.07     ER          AP 0.74
7555  0.04 8.89     EN          AP 0.96
# 2021-02-28 14:38:47 CET: Iteration 9 of 9
# experimentsUsedSoFar: 83583
# remainingBudget: 16417
# currentBudget: 16417
# nbConfigurations: 687
# Markers:
     x No test is performed.
     c Configurations are discarded only due to capping.
     - The test is performed and some configurations are discarded.
     = The test is performed but no configuration is discarded.
     ! The test is performed and configurations could be discarded but elite configurations are preserved.
     . All alive configurations are elite and nothing is discarded

+-+-----------+-----------+-----------+---------------+-----------+--------+-----+----+------+
| |   Instance|      Alive|       Best|      Mean best| Exp so far|  W time|  rho|KenW|  Qvar|
+-+-----------+-----------+-----------+---------------+-----------+--------+-----+----+------+
|x|         24|        687|       8320|0.0003962162862|        687|00:19:16|   NA|  NA|    NA|
|x|          9|        687|       8320|0.0001981131431|       1370|00:09:48|-0.01|0.49|1.0332|
|x|         20|        687|       8325| 0.005690336094|       2053|00:54:37|-0.01|0.33|1.0137|
|x|          2|        687|       8325| 0.004267754570|       2736|00:00:04|-0.01|0.25|0.7565|
|=|          8|        687|       8325| 0.003414205656|       3419|00:01:50|-0.00|0.20|0.8021|
|=|         22|        687|       8325| 0.002845173047|       4102|00:00:04|-0.00|0.16|0.6679|
|=|          1|        687|       8503|  0.06339564112|       4785|00:09:45|+0.00|0.14|0.7151|
|=|         17|        687|       8503|  0.05547118723|       5468|00:00:11|+0.00|0.13|0.6255|
|=|         18|        687|       8503|  0.04930772310|       6151|00:00:40|+0.00|0.11|0.5558|
|=|         23|        687|       8503|  0.04437695179|       6834|00:01:50|+0.00|0.10|0.5972|
|-|         19|        371|       8503|  0.04034268435|       7517|00:08:24|-0.05|0.05|0.4719|
|=|         16|        371|       8665|   0.1391119337|       7884|00:05:18|-0.03|0.05|0.5106|
|=|          4|        371|       8665|   0.1284110165|       8251|00:00:46|-0.03|0.05|0.4704|
|=|          5|        371|       7555|  0.04627046502|       8618|00:10:15|-0.01|0.06|0.5020|
|=|          3|        371|       7555|  0.04318576860|       8985|00:04:58|+0.01|0.07|0.5315|
|=|          6|        371|       7555|  0.04048665869|       9352|00:00:20|+0.01|0.07|0.4983|
|=|         14|        371|       7555|  0.03810509112|       9719|00:00:06|+0.01|0.06|0.4690|
|-|         12|        165|       7555|  0.03598814217|      10086|00:08:12|-0.03|0.03|0.5091|
|=|          7|        165|       7555|  0.03409402995|      10247|00:01:27|-0.03|0.02|0.4816|
|=|         11|        165|       7555|   0.9432167201|      10408|00:03:21|-0.03|0.02|0.5073|
|=|         13|        165|       8320|   0.8283668350|      10569|00:02:05|-0.02|0.03|0.5308|
|=|         21|        165|       8320|   0.8053371915|      10730|00:02:27|-0.02|0.03|0.5496|
|=|         10|        165|       8320|   0.7826907569|      10891|00:23:24|-0.01|0.03|0.5675|
|=|         15|        165|       8320|   0.7500786425|      11052|00:02:39|-0.01|0.03|0.5827|
|=|         25|        165|       3363|    1.925653873|      11217|00:03:24|-0.01|0.03|0.6000|
+-+-----------+-----------+-----------+---------------+-----------+--------+-----+----+------+
Best-so-far configuration:        3363    mean value:     1.925653873
Description of the best-so-far configuration:
     .ID. alpha pMin reward probability beta .PARENT.
3363 3363  0.18 9.95     ER          AP 0.66     2325

# 2021-02-28 17:34:14 CET: Elite configurations (first number is the configuration ID; listed from best to worst according to the sum of ranks):
     alpha pMin reward probability beta
3363  0.18 9.95     ER          AP 0.66
8320  0.22 9.84     ER          AP 0.88
7555  0.04 8.89     EN          AP 0.96
7944  0.06 8.39     ER          AP 0.91
# 2021-02-28 17:34:14 CET: Iteration 10 of 10
# experimentsUsedSoFar: 94800
# remainingBudget: 5200
# currentBudget: 5200
# nbConfigurations: 203
# Markers:
     x No test is performed.
     c Configurations are discarded only due to capping.
     - The test is performed and some configurations are discarded.
     = The test is performed but no configuration is discarded.
     ! The test is performed and configurations could be discarded but elite configurations are preserved.
     . All alive configurations are elite and nothing is discarded

+-+-----------+-----------+-----------+---------------+-----------+--------+-----+----+------+
| |   Instance|      Alive|       Best|      Mean best| Exp so far|  W time|  rho|KenW|  Qvar|
+-+-----------+-----------+-----------+---------------+-----------+--------+-----+----+------+
|x|         26|        203|       8874|  0.04540338028|        203|00:29:36|   NA|  NA|    NA|
|x|         20|        203|       8928|   0.1501730169|        402|00:16:32|+0.04|0.52|0.9180|
|x|         15|        203|       8876|   0.1501053479|        601|00:03:11|+0.02|0.35|0.9644|
|x|          7|        203|       8876|   0.1125790134|        800|00:02:01|+0.02|0.26|0.9730|
|=|         12|        203|       8922|  0.05035458698|        999|00:04:25|+0.02|0.21|0.9825|
|=|         11|        203|       8928|    2.450319343|       1198|00:04:01|+0.01|0.18|0.9852|
|=|          4|        203|       8928|    2.100273724|       1397|00:00:24|+0.01|0.15|0.8458|
|=|         13|        203|       8919|    3.982350209|       1596|00:02:37|+0.01|0.13|0.8660|
|=|          6|        203|       8919|    3.539866853|       1795|00:00:11|+0.01|0.12|0.7703|
|-|          3|        107|       8320|    1.737829545|       1994|00:02:39|-0.06|0.05|0.7122|
|=|         25|        107|       8320|    5.034185864|       2097|00:02:11|-0.04|0.05|0.7316|
|=|         17|        107|       8320|    4.614670376|       2200|00:00:01|-0.04|0.05|0.6697|
|=|         19|        107|       8320|    4.259695733|       2303|00:01:09|-0.03|0.05|0.6932|
|=|          9|        107|       8320|    3.955431752|       2406|00:01:36|-0.03|0.05|0.7152|
|=|         18|        107|       8320|    3.691736303|       2509|00:00:07|-0.02|0.04|0.6670|
|=|          2|        107|       8320|    3.461002785|       2612|00:00:00|-0.02|0.04|0.6249|
|=|         22|        107|       8320|    3.257414386|       2715|00:00:00|-0.02|0.04|0.5878|
|=|          5|        107|       3363|    2.658384843|       2818|00:03:09|-0.01|0.04|0.6096|
|=|          8|        107|       3363|    2.518469852|       2921|00:00:18|-0.01|0.04|0.5773|
|=|         24|        107|       3363|    2.392568196|       3024|00:03:12|-0.01|0.04|0.5975|
|=|         23|        107|       3363|    2.278636377|       3127|00:00:13|-0.01|0.04|0.5689|
|=|         14|        107|       3363|    2.175061997|       3230|00:00:02|-0.01|0.04|0.5429|
|=|          1|        107|       3363|    2.090941421|       3333|00:01:36|-0.00|0.04|0.5619|
|=|         16|        107|       3363|    2.003818862|       3436|00:01:38|+0.00|0.04|0.5773|
|=|         10|        107|       3363|    1.926844177|       3539|00:15:25|+0.01|0.05|0.5910|
|=|         21|        107|       3363|    1.866121522|       3642|00:01:37|+0.00|0.04|0.6078|
|=|         27|        107|       3363|    1.797005910|       3749|00:00:05|+0.00|0.04|0.5853|
+-+-----------+-----------+-----------+---------------+-----------+--------+-----+----+------+
Best-so-far configuration:        3363    mean value:     1.797005910
Description of the best-so-far configuration:
     .ID. alpha pMin reward probability beta .PARENT.
3363 3363  0.18 9.95     ER          AP 0.66     2325

# 2021-02-28 19:12:26 CET: Elite configurations (first number is the configuration ID; listed from best to worst according to the sum of ranks):
     alpha pMin reward probability beta
3363  0.18 9.95     ER          AP 0.66
7555  0.04 8.89     EN          AP 0.96
8320  0.22 9.84     ER          AP 0.88
8919  0.14 8.75     ER          AP 0.56
# 2021-02-28 19:12:26 CET: Iteration 11 of 11
# experimentsUsedSoFar: 98549
# remainingBudget: 1451
# currentBudget: 1451
# nbConfigurations: 55
# Markers:
     x No test is performed.
     c Configurations are discarded only due to capping.
     - The test is performed and some configurations are discarded.
     = The test is performed but no configuration is discarded.
     ! The test is performed and configurations could be discarded but elite configurations are preserved.
     . All alive configurations are elite and nothing is discarded

+-+-----------+-----------+-----------+---------------+-----------+--------+-----+----+------+
| |   Instance|      Alive|       Best|      Mean best| Exp so far|  W time|  rho|KenW|  Qvar|
+-+-----------+-----------+-----------+---------------+-----------+--------+-----+----+------+
|x|         28|         55|       3363|1.000000000e-08|         55|00:00:02|   NA|  NA|    NA|
|x|         16|         55|       8320|1.000000000e-08|        106|00:00:47|+0.00|0.50|0.4909|
|x|         20|         55|       8919|  0.09871053693|        157|00:04:28|-0.09|0.27|0.7138|
|x|          2|         55|       8919|  0.07403290520|        208|00:00:00|-0.06|0.21|0.5205|
|=|          6|         55|       8919|  0.05922632616|        259|00:00:03|-0.04|0.16|0.4105|
|=|          3|         55|       9061|  0.04074565391|        310|00:00:43|+0.05|0.20|0.4881|
|=|         27|         55|       9061|  0.03492484764|        361|00:00:03|+0.04|0.18|0.4188|
|=|         11|         55|       8320|    2.124970500|        412|00:01:03|+0.00|0.13|0.5048|
|=|         10|         55|       8320|    1.920470355|        463|00:08:00|+0.04|0.14|0.5366|
|=|          8|         55|       8320|    1.728423321|        514|00:00:07|+0.03|0.13|0.4838|
|=|         14|         55|       8320|    1.571293929|        565|00:00:01|+0.03|0.12|0.4405|
|-|         24|         30|       8320|    1.440385786|        616|00:01:34|-0.02|0.07|0.4894|
|=|         15|         30|       8320|    1.329586880|        642|00:00:33|-0.00|0.07|0.5169|
|=|          5|         30|       8320|    1.237322109|        668|00:00:48|+0.01|0.08|0.5424|
|=|         18|         30|       8320|    1.154833969|        694|00:00:02|+0.01|0.08|0.5069|
|=|         23|         30|       8320|    1.082656847|        720|00:00:11|+0.01|0.07|0.4757|
|=|         13|         30|       8320|    1.018971151|        746|00:00:22|+0.02|0.07|0.5032|
|=|         21|         30|       8320|   0.9802346797|        772|00:00:24|+0.01|0.07|0.5278|
|=|         25|         30|       3363|    2.521108317|        798|00:00:32|+0.01|0.06|0.5539|
|=|         22|         30|       3363|    2.395052902|        824|00:00:00|+0.01|0.06|0.5265|
|=|          7|         30|       3363|    2.281002764|        850|00:00:15|+0.01|0.05|0.5016|
|=|         26|         30|       3363|    2.194494126|        876|00:04:15|+0.00|0.05|0.5241|
|=|          1|         30|       3363|    2.109528675|        902|00:00:25|+0.01|0.06|0.5390|
|-|         12|         15|       3363|    2.021631648|        928|00:00:40|-0.00|0.04|0.5485|
|=|         19|         15|       3363|    1.940766382|        939|00:00:15|-0.00|0.04|0.5264|
|=|          9|         15|       3363|    1.866121522|        950|00:00:21|+0.01|0.04|0.5368|
|=|         17|         15|       3363|    1.797005910|        961|00:00:00|+0.01|0.04|0.5169|
|=|          4|         15|       3363|    1.732827128|        972|00:00:02|+0.01|0.04|0.4985|
|=|         29|         15|       8320|    1.944074757|        987|00:00:27|+0.00|0.04|0.5116|
+-+-----------+-----------+-----------+---------------+-----------+--------+-----+----+------+
Best-so-far configuration:        8320    mean value:     1.944074757
Description of the best-so-far configuration:
     .ID. alpha pMin reward probability beta .PARENT.
8320 8320  0.22 9.84     ER          AP 0.88     3363

# 2021-02-28 19:39:04 CET: Elite configurations (first number is the configuration ID; listed from best to worst according to the sum of ranks):
     alpha pMin reward probability beta
8320  0.22 9.84     ER          AP 0.88
3363  0.18 9.95     ER          AP 0.66
7555  0.04 8.89     EN          AP 0.96
8919  0.14 8.75     ER          AP 0.56
# 2021-02-28 19:39:04 CET: Iteration 12 of 12
# experimentsUsedSoFar: 99536
# remainingBudget: 464
# currentBudget: 464
# nbConfigurations: 19
# Markers:
     x No test is performed.
     c Configurations are discarded only due to capping.
     - The test is performed and some configurations are discarded.
     = The test is performed but no configuration is discarded.
     ! The test is performed and configurations could be discarded but elite configurations are preserved.
     . All alive configurations are elite and nothing is discarded

+-+-----------+-----------+-----------+---------------+-----------+--------+-----+----+------+
| |   Instance|      Alive|       Best|      Mean best| Exp so far|  W time|  rho|KenW|  Qvar|
+-+-----------+-----------+-----------+---------------+-----------+--------+-----+----+------+
|x|         30|         19|       9109|  0.08079471009|         19|00:02:03|   NA|  NA|    NA|
|x|         20|         19|       8919|   0.2090553083|         34|00:01:39|+0.31|0.66|0.7235|
|x|         13|         19|       8919|   0.1393702088|         49|00:00:15|+0.13|0.42|0.7724|
|x|         10|         19|       8919|   0.1251245173|         64|00:03:06|+0.17|0.38|0.7308|
|=|          8|         19|       8919|   0.1000996158|         79|00:00:03|+0.13|0.30|0.6280|
|=|         12|         19|       8919|  0.08341635346|         94|00:00:30|+0.12|0.27|0.7100|
|-|         16|         10|       8919|  0.07149973296|        109|00:00:18|-0.04|0.11|0.8153|
|=|         21|         10|       8919|   0.1526338840|        115|00:00:14|-0.02|0.10|0.7953|
|=|         27|         10|       8919|   0.1356745647|        121|00:00:01|-0.02|0.09|0.7061|
|=|          9|         10|       8919|   0.1221071092|        127|00:00:19|-0.01|0.09|0.7260|
|=|          1|         10|       8919|   0.1381654055|        133|00:00:14|+0.02|0.11|0.7196|
|=|          7|         10|       8919|   0.1266516225|        139|00:00:10|+0.02|0.10|0.6610|
|=|         11|         10|       8919|    2.537497965|        145|00:00:19|+0.00|0.08|0.6790|
|=|         29|         10|       8919|    2.356248111|        151|00:00:23|-0.00|0.07|0.6999|
|=|         25|         10|       8919|    4.403865950|        157|00:00:19|+0.01|0.08|0.7111|
|=|         19|         10|       8919|    4.128624329|        163|00:00:15|+0.01|0.07|0.6672|
|=|          6|         10|       8919|    3.885764075|        169|00:00:01|+0.01|0.07|0.6284|
|=|         17|         10|       8919|    3.669888294|        175|00:00:00|+0.01|0.06|0.5939|
|=|         23|         10|       8919|    3.476736279|        181|00:00:01|+0.01|0.06|0.5630|
|=|          5|         10|       8919|    3.304827153|        187|00:00:28|+0.03|0.08|0.5672|
|-|         24|          8|       3363|    2.350588278|        193|00:00:29|+0.02|0.07|0.5671|
|=|         18|          8|       7555|    2.490179661|        197|00:00:01|+0.02|0.06|0.5421|
|=|         22|          8|       7555|    2.381910980|        201|00:00:00|+0.02|0.06|0.5191|
|=|          3|          8|       3363|    2.056764745|        205|00:00:13|+0.03|0.08|0.5237|
|=|         28|          8|       3363|    1.974494155|        209|00:00:01|+0.03|0.07|0.5037|
|-|         26|          6|       3363|    1.913083332|        213|00:02:31|-0.01|0.03|0.4798|
|=|         15|          6|       3363|    1.842228394|        215|00:00:12|-0.01|0.03|0.4620|
|=|          2|          6|       3363|    1.776434523|        217|00:00:00|-0.01|0.03|0.4456|
|=|          4|          6|       3363|    1.715178160|        219|00:00:02|-0.01|0.03|0.4302|
|=|         14|          6|       3363|    1.658005555|        221|00:00:00|-0.01|0.02|0.4159|
|=|         31|          6|       3363|    1.604521505|        227|00:00:26|-0.00|0.03|0.4271|
+-+-----------+-----------+-----------+---------------+-----------+--------+-----+----+------+
Best-so-far configuration:        3363    mean value:     1.604521505
Description of the best-so-far configuration:
     .ID. alpha pMin reward probability beta .PARENT.
3363 3363  0.18 9.95     ER          AP 0.66     2325

# 2021-02-28 19:53:52 CET: Elite configurations (first number is the configuration ID; listed from best to worst according to the sum of ranks):
     alpha pMin reward probability beta
3363  0.18 9.95     ER          AP 0.66
7555  0.04 8.89     EN          AP 0.96
8919  0.14 8.75     ER          AP 0.56
8320  0.22 9.84     ER          AP 0.88
# 2021-02-28 19:53:52 CET: Iteration 13 of 13
# experimentsUsedSoFar: 99763
# remainingBudget: 237
# currentBudget: 237
# nbConfigurations: 11
# Markers:
     x No test is performed.
     c Configurations are discarded only due to capping.
     - The test is performed and some configurations are discarded.
     = The test is performed but no configuration is discarded.
     ! The test is performed and configurations could be discarded but elite configurations are preserved.
     . All alive configurations are elite and nothing is discarded

+-+-----------+-----------+-----------+---------------+-----------+--------+-----+----+------+
| |   Instance|      Alive|       Best|      Mean best| Exp so far|  W time|  rho|KenW|  Qvar|
+-+-----------+-----------+-----------+---------------+-----------+--------+-----+----+------+
|x|         32|         11|       9116|    11.93950364|         11|00:00:39|   NA|  NA|    NA|
|x|         15|         11|       9116|    5.969751824|         18|00:00:24|+0.32|0.66|0.5397|
|x|          6|         11|       9116|    3.979834553|         25|00:00:01|+0.16|0.44|0.4829|
|x|         13|         11|       9116|    2.984875917|         32|00:00:14|-0.18|0.12|0.7410|
|=|         26|         11|       9116|    2.450193192|         39|00:03:08|-0.00|0.20|0.7399|
|=|          8|         11|       9116|    2.041827661|         46|00:00:01|-0.00|0.16|0.6145|
|=|         25|         11|       9116|    6.406801592|         53|00:00:21|-0.02|0.13|0.6745|
|=|         11|         11|       9116|    8.701626653|         60|00:00:21|-0.04|0.09|0.7285|
|=|         16|         11|       9116|    7.734779249|         67|00:00:17|+0.01|0.12|0.7133|
|=|         14|         11|       9116|    6.961301325|         74|00:00:00|+0.01|0.11|0.6413|
|=|          3|         11|       3363|    5.707672138|         81|00:00:14|-0.00|0.09|0.6788|
|=|         27|         11|       3363|    5.232032794|         88|00:00:01|-0.00|0.08|0.6207|
|=|          1|         11|       3363|    4.848052483|         95|00:00:15|+0.04|0.11|0.6217|
|=|         18|         11|       3363|    4.501763021|        102|00:00:02|+0.03|0.10|0.5778|
|=|         29|         11|       3363|    4.205593430|        109|00:00:23|+0.05|0.11|0.5946|
|=|         19|         11|       3363|    3.942743841|        116|00:00:21|+0.05|0.10|0.6130|
|=|         12|         11|       3363|    3.710817733|        123|00:00:27|+0.04|0.10|0.6229|
|=|          7|         11|       3363|    3.504661193|        130|00:00:12|+0.04|0.09|0.5893|
|=|          5|         11|       3363|    3.321661875|        137|00:00:32|+0.03|0.08|0.6064|
|=|          2|         11|       3363|    3.155578781|        144|00:00:00|+0.03|0.08|0.5768|
|=|         28|         11|       3363|    3.005313126|        151|00:00:01|+0.03|0.08|0.5500|
|=|          9|         11|       3363|    2.868707984|        158|00:00:19|+0.03|0.08|0.5655|
|=|         17|         11|       3363|    2.743981550|        165|00:00:00|+0.03|0.07|0.5415|
|=|         30|         11|       3363|    2.678056816|        172|00:01:28|+0.03|0.07|0.5535|
|=|         21|         11|       3363|    2.584856748|        179|00:00:16|+0.03|0.07|0.5653|
|=|         23|         11|       3363|    2.485439181|        186|00:00:02|+0.03|0.06|0.5442|
|=|          4|         11|       3363|    2.393385879|        193|00:00:02|+0.03|0.06|0.5246|
|=|         10|         11|       3363|    2.310745374|        200|00:02:44|+0.03|0.06|0.5357|
|=|         20|         11|       7555|    2.346862194|        207|00:01:34|+0.02|0.06|0.5486|
|=|         22|         11|       7555|    2.268633455|        214|00:00:00|+0.02|0.05|0.5309|
|-|         24|          6|       3363|    2.182239342|        221|00:00:31|+0.01|0.04|0.4517|
|=|         31|          6|       3363|    2.114044363|        223|00:00:24|+0.02|0.05|0.4589|
|=|         33|          6|       3363|    2.049982413|        229|00:00:01|+0.02|0.05|0.4453|
+-+-----------+-----------+-----------+---------------+-----------+--------+-----+----+------+
Best-so-far configuration:        3363    mean value:     2.049982413
Description of the best-so-far configuration:
     .ID. alpha pMin reward probability beta .PARENT.
3363 3363  0.18 9.95     ER          AP 0.66     2325

# 2021-02-28 20:09:23 CET: Elite configurations (first number is the configuration ID; listed from best to worst according to the sum of ranks):
     alpha pMin reward probability beta
3363  0.18 9.95     ER          AP 0.66
7555  0.04 8.89     EN          AP 0.96
8320  0.22 9.84     ER          AP 0.88
8919  0.14 8.75     ER          AP 0.56
# 2021-02-28 20:09:23 CET: Stopped because there is not enough budget left to race more than the minimum (4)
# You may either increase the budget or set 'minNbSurvival' to a lower value
# Iteration: 14
# nbIterations: 14
# experimentsUsedSoFar: 99992
# timeUsed: 0
# remainingBudget: 8
# currentBudget: 8
# number of elites: 4
# nbConfigurations: 4
# Best configurations (first number is the configuration ID; listed from best to worst according to the sum of ranks):
     alpha pMin reward probability beta
3363  0.18 9.95     ER          AP 0.66
7555  0.04 8.89     EN          AP 0.96
8320  0.22 9.84     ER          AP 0.88
8919  0.14 8.75     ER          AP 0.56
# Best configurations as commandlines (first number is the configuration ID; same order as above):
3363  -A 0.18 -B 0.66 -M 9.95 -r ER -p AP
7555  -A 0.04 -B 0.96 -M 8.89 -r EN -p AP
8320  -A 0.22 -B 0.88 -M 9.84 -r ER -p AP
8919  -A 0.14 -B 0.56 -M 8.75 -r ER -p AP
