#------------------------------------------------------------------------------
# irace: An implementation in R of (Elitist) Iterated Racing
# Version: 3.4.1.9fcaeaf
# Copyright (C) 2010-2020
# Manuel Lopez-Ibanez     <manuel.lopez-ibanez@manchester.ac.uk>
# Jeremie Dubois-Lacoste  
# Leslie Perez Caceres    <leslie.perez.caceres@ulb.ac.be>
#
# This is free software, and you are welcome to redistribute it under certain
# conditions.  See the GNU General Public License for details. There is NO
# WARRANTY; not even for MERCHANTABILITY or FITNESS FOR A PARTICULAR PURPOSE.
#
# irace builds upon previous code from the race package:
#     race: Racing methods for the selection of the best
#     Copyright (C) 2003 Mauro Birattari
#------------------------------------------------------------------------------
# installed at: /home/rmboks/.R/irace
# called with: --parameter-file /home/rmboks/auto-DE/irace/parameters.txt --train-instances-file /home/rmboks/auto-DE/irace/instances-list.txt --forbidden-file /home/rmboks/auto-DE/irace/forbidden.txt --target-runner /home/rmboks/auto-DE/irace/runners/SD.runner --seed 42 --max-experiments 100000 --parallel 32 --digits 2 -l results/SD.Rdata -s /home/rmboks/auto-DE/irace/scenario.txt --exec-dir /home/rmboks/auto-DE/irace
# 2 expression(s) specifying forbidden configurations read from '/home/rmboks/auto-DE/irace/forbidden.txt'
# 2021-02-27 14:53:58 CET: Initialization
# Elitist race
# Elitist new instances: 1
# Elitist limit: 2
# nbIterations: 4
# minNbSurvival: 4
# nbParameters: 5
# seed: 42
# confidence level: 0.95
# budget: 1e+05
# mu: 5
# deterministic: FALSE

# 2021-02-27 14:53:58 CET: Iteration 1 of 4
# experimentsUsedSoFar: 0
# remainingBudget: 1e+05
# currentBudget: 25000
# nbConfigurations: 1024
# Markers:
     x No test is performed.
     c Configurations are discarded only due to capping.
     - The test is performed and some configurations are discarded.
     = The test is performed but no configuration is discarded.
     ! The test is performed and configurations could be discarded but elite configurations are preserved.
     . All alive configurations are elite and nothing is discarded

+-+-----------+-----------+-----------+---------------+-----------+--------+-----+----+------+
| |   Instance|      Alive|       Best|      Mean best| Exp so far|  W time|  rho|KenW|  Qvar|
+-+-----------+-----------+-----------+---------------+-----------+--------+-----+----+------+
|x|          1|       1024|        710|  0.09288147078|       1024|00:14:24|   NA|  NA|    NA|
|x|          2|       1024|        710|  0.04644074039|       2048|00:00:13|+0.00|0.50|0.4995|
|x|          3|       1024|        620|  0.03665181596|       3072|00:13:06|+0.00|0.33|0.6779|
|x|          4|       1024|        620|  0.02748886447|       4096|00:00:59|+0.00|0.25|0.5054|
|-|          5|        561|        835|  0.04514774318|       5120|00:28:12|-0.12|0.10|0.6436|
|=|          6|        561|        835|  0.03762312098|       5681|00:00:29|-0.10|0.09|0.5289|
|=|          7|        561|        835|  0.03224839084|       6242|00:02:27|-0.08|0.07|0.4491|
+-+-----------+-----------+-----------+---------------+-----------+--------+-----+----+------+
Best-so-far configuration:         835    mean value:   0.03224839084
Description of the best-so-far configuration:
    .ID. alpha pMin reward probability beta .PARENT.
835  835  0.14  8.2     ER          AP  0.7       NA

# 2021-02-27 15:53:52 CET: Elite configurations (first number is the configuration ID; listed from best to worst according to the sum of ranks):
     alpha pMin reward probability beta
835   0.14 8.20     ER          AP 0.70
235   0.02 6.94     EA          AP 0.13
514   0.17 9.94     EA          AP 0.14
1013  0.08 9.34     ER          AP 0.87
# 2021-02-27 15:53:52 CET: Iteration 2 of 4
# experimentsUsedSoFar: 6242
# remainingBudget: 93758
# currentBudget: 31252
# nbConfigurations: 1024
# Markers:
     x No test is performed.
     c Configurations are discarded only due to capping.
     - The test is performed and some configurations are discarded.
     = The test is performed but no configuration is discarded.
     ! The test is performed and configurations could be discarded but elite configurations are preserved.
     . All alive configurations are elite and nothing is discarded

+-+-----------+-----------+-----------+---------------+-----------+--------+-----+----+------+
| |   Instance|      Alive|       Best|      Mean best| Exp so far|  W time|  rho|KenW|  Qvar|
+-+-----------+-----------+-----------+---------------+-----------+--------+-----+----+------+
|x|          8|       1024|        835|1.000000000e-08|       1024|00:01:21|   NA|  NA|    NA|
|x|          1|       1024|       1182|  0.04963795847|       2044|00:14:24|+0.00|0.50|0.4995|
|x|          7|       1024|       1182|  0.03309197565|       3064|00:05:23|-0.00|0.33|0.6700|
|x|          4|       1024|       1182|  0.02481898423|       4084|00:01:08|-0.00|0.25|0.5015|
|=|          3|       1024|       1496|  0.02374625548|       5104|00:13:11|+0.00|0.20|0.6041|
|-|          5|        532|       1965|  0.03372535084|       6124|00:28:33|-0.08|0.10|0.5248|
|=|          6|        532|       1965|  0.02890744500|       6652|00:00:28|-0.07|0.09|0.4462|
|=|          2|        532|       1965|  0.02529401563|       7180|00:00:06|-0.06|0.08|0.3881|
|=|          9|        532|        835|  0.02508208399|       7712|00:08:57|-0.04|0.08|0.4536|
+-+-----------+-----------+-----------+---------------+-----------+--------+-----+----+------+
Best-so-far configuration:         835    mean value:   0.02508208399
Description of the best-so-far configuration:
    .ID. alpha pMin reward probability beta .PARENT.
835  835  0.14  8.2     ER          AP  0.7       NA

# 2021-02-27 17:07:32 CET: Elite configurations (first number is the configuration ID; listed from best to worst according to the sum of ranks):
     alpha pMin reward probability beta
835   0.14 8.20     ER          AP 0.70
1849  0.05 7.46     EA          AP 0.34
1671  0.24 8.22     EA          AP 0.03
1104  0.06 7.05     EA          PM   NA
# 2021-02-27 17:07:32 CET: Iteration 3 of 4
# experimentsUsedSoFar: 13954
# remainingBudget: 86046
# currentBudget: 43023
# nbConfigurations: 1024
# Markers:
     x No test is performed.
     c Configurations are discarded only due to capping.
     - The test is performed and some configurations are discarded.
     = The test is performed but no configuration is discarded.
     ! The test is performed and configurations could be discarded but elite configurations are preserved.
     . All alive configurations are elite and nothing is discarded

+-+-----------+-----------+-----------+---------------+-----------+--------+-----+----+------+
| |   Instance|      Alive|       Best|      Mean best| Exp so far|  W time|  rho|KenW|  Qvar|
+-+-----------+-----------+-----------+---------------+-----------+--------+-----+----+------+
|x|         10|       1024|       2562| 0.009561350102|       1024|02:23:50|   NA|  NA|    NA|
|x|          4|       1024|       2562| 0.004780680051|       2044|00:01:13|+0.00|0.50|0.4995|
|x|          8|       1024|       2562| 0.003187123367|       3064|00:01:17|+0.00|0.33|0.3330|
|x|          3|       1024|       2562| 0.002390345026|       4084|00:13:10|-0.01|0.24|0.4975|
|=|          6|       1024|       2562| 0.001912278020|       5104|00:00:55|-0.01|0.20|0.3984|
|-|          9|        645|       2261| 0.002448303449|       6124|00:17:46|-0.09|0.09|0.5209|
|=|          7|        645|       2261| 0.002098547242|       6765|00:03:08|-0.07|0.08|0.4434|
|=|          2|        645|       2261| 0.001836230087|       7406|00:00:08|-0.06|0.07|0.3860|
|=|          5|        645|       2515| 0.006749035163|       8047|00:17:55|-0.03|0.08|0.4475|
|=|          1|        645|       2515|  0.01821854773|       8688|00:09:10|-0.02|0.08|0.4978|
|=|         11|        645|       1849|    1.958790716|       9333|00:12:40|-0.02|0.08|0.5413|
+-+-----------+-----------+-----------+---------------+-----------+--------+-----+----+------+
Best-so-far configuration:        1849    mean value:     1.958790716
Description of the best-so-far configuration:
     .ID. alpha pMin reward probability beta .PARENT.
1849 1849  0.05 7.46     EA          AP 0.34      235

# 2021-02-27 20:48:53 CET: Elite configurations (first number is the configuration ID; listed from best to worst according to the sum of ranks):
     alpha pMin reward probability beta
1849  0.05 7.46     EA          AP 0.34
2526  0.03 7.88     ER          PM   NA
2515  0.28 8.88     EN          AP 0.02
835   0.14 8.20     ER          AP 0.70
# 2021-02-27 20:48:54 CET: Iteration 4 of 4
# experimentsUsedSoFar: 23287
# remainingBudget: 76713
# currentBudget: 76713
# nbConfigurations: 1024
# Markers:
     x No test is performed.
     c Configurations are discarded only due to capping.
     - The test is performed and some configurations are discarded.
     = The test is performed but no configuration is discarded.
     ! The test is performed and configurations could be discarded but elite configurations are preserved.
     . All alive configurations are elite and nothing is discarded

+-+-----------+-----------+-----------+---------------+-----------+--------+-----+----+------+
| |   Instance|      Alive|       Best|      Mean best| Exp so far|  W time|  rho|KenW|  Qvar|
+-+-----------+-----------+-----------+---------------+-----------+--------+-----+----+------+
|x|         12|       1024|       2515|1.000000000e-08|       1024|00:18:36|   NA|  NA|    NA|
|x|          2|       1024|       2515|1.000000000e-08|       2044|00:00:12|+0.00|0.50|0.4995|
|x|          5|       1024|       3369|0.0005247102004|       3064|00:28:17|+0.17|0.45|0.6367|
|x|          9|       1024|       3369|0.0003935351503|       4084|00:17:18|+0.09|0.32|0.7186|
|-|         10|        482|       3369| 0.008821612892|       5104|02:20:06|-0.10|0.12|0.8766|
|=|          6|        482|       3369| 0.007351345744|       5582|00:00:26|-0.08|0.10|0.7175|
|=|          1|        482|       2515|  0.02602649247|       6060|00:06:45|-0.05|0.10|0.7506|
|=|          7|        482|       2515|  0.02277318216|       6538|00:02:12|-0.05|0.08|0.6521|
|=|         11|        482|       3235|    2.900900784|       7016|00:09:14|-0.04|0.08|0.6891|
|=|          4|        482|       3235|    2.610810707|       7494|00:00:39|-0.03|0.07|0.6178|
|=|          3|        482|       2515|    2.969409179|       7972|00:06:05|-0.02|0.07|0.6525|
|=|          8|        482|       2515|    2.721958415|       8450|00:00:39|-0.02|0.06|0.5967|
|=|         13|        482|        835|    2.083663342|       8932|00:05:56|-0.02|0.06|0.6205|
+-+-----------+-----------+-----------+---------------+-----------+--------+-----+----+------+
Best-so-far configuration:         835    mean value:     2.083663342
Description of the best-so-far configuration:
    .ID. alpha pMin reward probability beta .PARENT.
835  835  0.14  8.2     ER          AP  0.7       NA

# 2021-02-28 00:45:30 CET: Elite configurations (first number is the configuration ID; listed from best to worst according to the sum of ranks):
     alpha pMin reward probability beta
835   0.14 8.20     ER          AP 0.70
3240  0.08 9.10     EN          AP 0.25
2515  0.28 8.88     EN          AP 0.02
3723  0.03 9.87     ER          AP 0.87
# 2021-02-28 00:45:30 CET: Iteration 5 of 5
# experimentsUsedSoFar: 32219
# remainingBudget: 67781
# currentBudget: 67781
# nbConfigurations: 1024
# Markers:
     x No test is performed.
     c Configurations are discarded only due to capping.
     - The test is performed and some configurations are discarded.
     = The test is performed but no configuration is discarded.
     ! The test is performed and configurations could be discarded but elite configurations are preserved.
     . All alive configurations are elite and nothing is discarded

+-+-----------+-----------+-----------+---------------+-----------+--------+-----+----+------+
| |   Instance|      Alive|       Best|      Mean best| Exp so far|  W time|  rho|KenW|  Qvar|
+-+-----------+-----------+-----------+---------------+-----------+--------+-----+----+------+
|x|         14|       1024|        835|1.000000000e-08|       1024|00:00:41|   NA|  NA|    NA|
|x|          1|       1024|       4940|  0.04515046415|       2044|00:14:24|+0.00|0.50|0.4995|
|x|          5|       1024|       2515|  0.04664420626|       3064|00:28:34|-0.03|0.31|0.6832|
|x|          9|       1024|       2515|  0.03498315720|       4084|00:18:09|-0.00|0.25|0.7552|
|=|          7|       1024|       2515|  0.02798652776|       5104|00:05:16|-0.00|0.20|0.7964|
|=|          4|       1024|       2515|  0.02332210813|       6124|00:01:22|-0.00|0.16|0.6641|
|=|         11|       1024|       4592|    2.153854269|       7144|00:19:51|-0.00|0.14|0.7100|
|=|          2|       1024|       4592|    1.884622486|       8164|00:00:13|-0.00|0.12|0.6217|
|=|         10|       1024|       5011|    2.537520580|       9184|02:28:01|+0.00|0.11|0.6594|
|=|          8|       1024|       5011|    2.283768523|      10204|00:01:16|+0.00|0.10|0.5941|
|-|         12|        502|       5070|    1.104734294|      11224|00:13:18|-0.05|0.04|0.5678|
|=|          6|        502|       2515|    2.721958415|      11722|00:00:27|-0.05|0.04|0.5186|
|=|          3|        502|       2515|    2.512576999|      12220|00:06:24|-0.04|0.04|0.5536|
|=|         13|        502|        835|    1.934830246|      12718|00:05:51|-0.02|0.05|0.5836|
|=|         15|        502|       3240|   0.8132853255|      13220|00:05:43|-0.02|0.05|0.6108|
+-+-----------+-----------+-----------+---------------+-----------+--------+-----+----+------+
Best-so-far configuration:        3240    mean value:    0.8132853255
Description of the best-so-far configuration:
     .ID. alpha pMin reward probability beta .PARENT.
3240 3240  0.08  9.1     EN          AP 0.25     1849

# 2021-02-28 05:15:12 CET: Elite configurations (first number is the configuration ID; listed from best to worst according to the sum of ranks):
     alpha pMin reward probability beta
3240  0.08 9.10     EN          AP 0.25
4592  0.17 8.12     ER          AP 0.75
4231  0.04 8.63     ER          AP 0.95
2515  0.28 8.88     EN          AP 0.02
# 2021-02-28 05:15:12 CET: Iteration 6 of 6
# experimentsUsedSoFar: 45439
# remainingBudget: 54561
# currentBudget: 54561
# nbConfigurations: 1024
# Markers:
     x No test is performed.
     c Configurations are discarded only due to capping.
     - The test is performed and some configurations are discarded.
     = The test is performed but no configuration is discarded.
     ! The test is performed and configurations could be discarded but elite configurations are preserved.
     . All alive configurations are elite and nothing is discarded

+-+-----------+-----------+-----------+---------------+-----------+--------+-----+----+------+
| |   Instance|      Alive|       Best|      Mean best| Exp so far|  W time|  rho|KenW|  Qvar|
+-+-----------+-----------+-----------+---------------+-----------+--------+-----+----+------+
|x|         16|       1024|       5105|1.000000000e-08|       1024|00:12:53|   NA|  NA|    NA|
|x|          3|       1024|       5112|1.000000000e-08|       2044|00:13:08|+0.32|0.66|0.7287|
|x|          1|       1024|       5535|  0.03749573989|       3064|00:14:24|+0.11|0.40|0.9151|
|x|         15|       1024|       5535|  0.02812180742|       4084|00:10:35|+0.04|0.28|0.9748|
|-|          8|        658|       5535|  0.02249744794|       5104|00:01:17|-0.10|0.12|0.8443|
|=|          7|        658|       5535|  0.01874787495|       5758|00:02:59|-0.08|0.10|0.6960|
|=|         12|        658|       5535|  0.01606960853|       6412|00:06:54|-0.05|0.10|0.7356|
|=|          2|        658|       5535|  0.01406090871|       7066|00:00:08|-0.05|0.09|0.6408|
|=|         13|        658|       5535|  0.01249858663|       7720|00:07:53|-0.02|0.10|0.6741|
|=|         10|        658|       6123|  0.02658533157|       8374|01:35:50|-0.02|0.09|0.7032|
|=|         14|        658|       6123|  0.02416848415|       9028|00:00:27|-0.01|0.08|0.6389|
|=|          9|        658|       6014|  0.02682069248|       9682|00:11:22|-0.01|0.08|0.6667|
|-|          5|        364|       6123|  0.07681274533|      10336|00:18:13|-0.04|0.04|0.7070|
|=|          4|        364|       5365|  0.04374935370|      10696|00:00:31|-0.04|0.04|0.6553|
|=|         11|        364|       5777|    1.851866750|      11056|00:07:06|-0.03|0.04|0.6770|
|=|          6|        364|       5777|    1.736125079|      11416|00:00:20|-0.03|0.04|0.6339|
|=|         17|        364|       5777|    1.634000075|      11780|00:00:16|-0.03|0.03|0.5960|
+-+-----------+-----------+-----------+---------------+-----------+--------+-----+----+------+
Best-so-far configuration:        5777    mean value:     1.634000075
Description of the best-so-far configuration:
     .ID. alpha pMin reward probability beta .PARENT.
5777 5777  0.27 7.76     ER          AP 0.69     4592

# 2021-02-28 08:39:43 CET: Elite configurations (first number is the configuration ID; listed from best to worst according to the sum of ranks):
     alpha pMin reward probability beta
5777  0.27 7.76     ER          AP 0.69
5437  0.01 8.94     EN          AP 0.85
5224  0.02 9.81     EN          AP 0.34
5272  0.28 7.81     ER          AP 0.60
# 2021-02-28 08:39:43 CET: Iteration 7 of 7
# experimentsUsedSoFar: 57219
# remainingBudget: 42781
# currentBudget: 42781
# nbConfigurations: 1024
# Markers:
     x No test is performed.
     c Configurations are discarded only due to capping.
     - The test is performed and some configurations are discarded.
     = The test is performed but no configuration is discarded.
     ! The test is performed and configurations could be discarded but elite configurations are preserved.
     . All alive configurations are elite and nothing is discarded

+-+-----------+-----------+-----------+---------------+-----------+--------+-----+----+------+
| |   Instance|      Alive|       Best|      Mean best| Exp so far|  W time|  rho|KenW|  Qvar|
+-+-----------+-----------+-----------+---------------+-----------+--------+-----+----+------+
|x|         18|       1024|       5777|1.000000000e-08|       1024|00:01:03|   NA|  NA|    NA|
|x|          3|       1024|       5777|1.000000000e-08|       2044|00:13:02|+0.00|0.50|0.4995|
|x|          8|       1024|       5777|1.000000000e-08|       3064|00:01:16|+0.00|0.33|0.3330|
|x|         11|       1024|       6551|    2.075698082|       4084|00:19:52|+0.00|0.25|0.5019|
|=|          4|       1024|       6551|    1.660558467|       5104|00:01:14|+0.00|0.20|0.4011|
|=|         10|       1024|       7112|    2.482744295|       6124|02:29:03|-0.00|0.16|0.5016|
|=|          9|       1024|       7112|    2.128066540|       7144|00:18:20|+0.01|0.15|0.5686|
|=|         15|       1024|       7112|    1.862058224|       8164|00:10:50|+0.00|0.13|0.6252|
|=|          7|       1024|       7112|    1.655162867|       9184|00:05:08|+0.00|0.11|0.5557|
|-|         13|        473|       6810|    1.191747263|      10204|00:12:47|-0.06|0.05|0.6182|
|=|          5|        473|       6810|    1.087559689|      10673|00:13:08|-0.04|0.05|0.6519|
|=|         16|        473|       6810|   0.9969297154|      11142|00:05:56|-0.03|0.06|0.6720|
|=|          2|        473|       6810|   0.9202428150|      11611|00:00:06|-0.02|0.05|0.6198|
|=|         17|        473|       6810|   0.8545111861|      12080|00:00:20|-0.02|0.05|0.5751|
|=|          1|        473|       6941|    1.124453991|      12549|00:06:40|-0.02|0.05|0.6048|
|=|         14|        473|       6941|    1.054175617|      13018|00:00:20|-0.02|0.04|0.5666|
|=|          6|        473|       6941|   0.9921652872|      13487|00:00:25|-0.02|0.04|0.5330|
|=|         12|        473|       6941|   0.9370449940|      13956|00:04:26|-0.01|0.05|0.5563|
|=|         19|        473|       6941|   0.8877268370|      14429|00:06:49|-0.00|0.05|0.5775|
+-+-----------+-----------+-----------+---------------+-----------+--------+-----+----+------+
Best-so-far configuration:        6941    mean value:    0.8877268370
Description of the best-so-far configuration:
     .ID. alpha pMin reward probability beta .PARENT.
6941 6941  0.18 9.57     ER          AP 0.69     5777

# 2021-02-28 13:10:42 CET: Elite configurations (first number is the configuration ID; listed from best to worst according to the sum of ranks):
     alpha pMin reward probability beta
6941  0.18 9.57     ER          AP 0.69
7112  0.07 8.75     EN          AP 0.80
6374  0.05 8.74     EN          AP 0.48
5224  0.02 9.81     EN          AP 0.34
# 2021-02-28 13:10:42 CET: Iteration 8 of 8
# experimentsUsedSoFar: 71648
# remainingBudget: 28352
# currentBudget: 28352
# nbConfigurations: 1024
# Markers:
     x No test is performed.
     c Configurations are discarded only due to capping.
     - The test is performed and some configurations are discarded.
     = The test is performed but no configuration is discarded.
     ! The test is performed and configurations could be discarded but elite configurations are preserved.
     . All alive configurations are elite and nothing is discarded

+-+-----------+-----------+-----------+---------------+-----------+--------+-----+----+------+
| |   Instance|      Alive|       Best|      Mean best| Exp so far|  W time|  rho|KenW|  Qvar|
+-+-----------+-----------+-----------+---------------+-----------+--------+-----+----+------+
|x|         20|       1024|       8087|  0.01191347900|       1024|01:20:32|   NA|  NA|    NA|
|x|          6|       1024|       8087| 0.005956744502|       2044|00:00:56|+0.00|0.50|0.4995|
|x|          4|       1024|       8087| 0.003971166335|       3064|00:01:12|+0.00|0.33|0.3330|
|x|          1|       1024|       7948|  0.04545608958|       4084|00:14:25|-0.00|0.25|0.5005|
|=|         17|       1024|       7948|  0.03636487367|       5104|00:00:43|-0.00|0.20|0.4002|
|=|         10|       1024|       7948|  0.04000832748|       6124|02:28:40|+0.00|0.17|0.4974|
|=|          2|       1024|       7948|  0.03429285355|       7144|00:00:13|+0.00|0.15|0.4266|
|=|          8|       1024|       7948|  0.03000624811|       8164|00:01:16|+0.00|0.13|0.3735|
|=|         12|       1024|       7948|  0.02667222165|       9184|00:11:37|+0.00|0.12|0.4435|
|-|          5|        361|       7593|  0.03763864621|      10204|00:28:36|-0.06|0.05|0.5232|
|=|          7|        361|       7593|  0.03421695201|      10561|00:01:31|-0.05|0.04|0.4734|
|=|          3|        361|       7593|  0.03136554018|      10918|00:04:36|-0.03|0.05|0.5173|
|=|         13|        361|       7593|  0.02895280709|      11275|00:04:15|-0.02|0.06|0.5513|
|=|         16|        361|       7593|  0.02688475015|      11632|00:04:25|-0.01|0.06|0.5792|
|=|         11|        361|       7593|    1.695077817|      11989|00:07:05|-0.01|0.06|0.6056|
|=|          9|        361|       7593|    1.589135454|      12346|00:06:03|-0.01|0.05|0.6300|
|=|         18|        361|       7593|    1.495656899|      12703|00:00:22|-0.01|0.05|0.5925|
|=|         14|        361|       7593|    1.412564850|      13060|00:00:16|-0.01|0.05|0.5593|
|=|         15|        361|       7593|    1.338219332|      13417|00:04:13|-0.01|0.04|0.5834|
|=|         19|        361|       7593|    1.271308366|      13774|00:04:40|-0.01|0.04|0.5991|
|=|         21|        361|       7593|    1.258359891|      14135|00:05:15|-0.01|0.04|0.6195|
+-+-----------+-----------+-----------+---------------+-----------+--------+-----+----+------+
Best-so-far configuration:        7593    mean value:     1.258359891
Description of the best-so-far configuration:
     .ID. alpha pMin reward probability beta .PARENT.
7593 7593  0.08 9.59     EN          AP 0.38     5224

# 2021-02-28 18:41:50 CET: Elite configurations (first number is the configuration ID; listed from best to worst according to the sum of ranks):
     alpha pMin reward probability beta
7593  0.08 9.59     EN          AP 0.38
6374  0.05 8.74     EN          AP 0.48
7948  0.10 7.00     ER          AP 0.83
6941  0.18 9.57     ER          AP 0.69
# 2021-02-28 18:41:50 CET: Iteration 9 of 9
# experimentsUsedSoFar: 85783
# remainingBudget: 14217
# currentBudget: 14217
# nbConfigurations: 650
# Markers:
     x No test is performed.
     c Configurations are discarded only due to capping.
     - The test is performed and some configurations are discarded.
     = The test is performed but no configuration is discarded.
     ! The test is performed and configurations could be discarded but elite configurations are preserved.
     . All alive configurations are elite and nothing is discarded

+-+-----------+-----------+-----------+---------------+-----------+--------+-----+----+------+
| |   Instance|      Alive|       Best|      Mean best| Exp so far|  W time|  rho|KenW|  Qvar|
+-+-----------+-----------+-----------+---------------+-----------+--------+-----+----+------+
|x|         22|        650|       7593|1.000000000e-08|        650|00:00:09|   NA|  NA|    NA|
|x|          6|        650|       7593|1.000000000e-08|       1296|00:00:35|+1.00|1.00|0.0000|
|x|         15|        650|       7593|1.000000000e-08|       1942|00:07:08|+0.00|0.33|0.3328|
|x|         10|        650|       8293| 0.002401677098|       2588|01:35:51|-0.02|0.24|0.5056|
|=|         21|        650|       8683|  0.02486377455|       3234|00:09:16|-0.01|0.19|0.6059|
|=|          9|        650|       8523|  0.03349997117|       3880|00:11:41|-0.01|0.16|0.6721|
|=|          4|        650|       8523|  0.02871426243|       4526|00:00:53|-0.00|0.14|0.5752|
|=|          7|        650|       8523|  0.02512498088|       5172|00:03:28|-0.00|0.12|0.5027|
|=|         14|        650|       8523|  0.02233331745|       5818|00:00:26|-0.00|0.11|0.4465|
|=|          1|        650|       8185|  0.05857582617|       6464|00:09:13|+0.00|0.10|0.5003|
|=|         12|        650|       8185|  0.05325075198|       7110|00:07:42|-0.00|0.09|0.5434|
|=|          8|        650|       8185|  0.04881319014|       7756|00:00:48|-0.00|0.08|0.4982|
|-|         13|        319|       8185|  0.04505833013|       8402|00:08:04|-0.05|0.03|0.5506|
|=|         20|        319|       8305|   0.1259416323|       8717|00:24:59|-0.04|0.03|0.5844|
|=|          3|        319|       7948|  0.05072048256|       9032|00:04:03|-0.03|0.04|0.6072|
|=|         11|        319|       7948|    1.406985338|       9347|00:06:06|-0.02|0.04|0.6307|
|=|          5|        319|       7593|    1.554444569|       9662|00:08:45|-0.01|0.05|0.6517|
|=|         18|        319|       7593|    1.468086538|       9977|00:00:21|-0.01|0.05|0.6151|
|=|         16|        319|       7593|    1.390818826|      10292|00:03:55|-0.00|0.05|0.6326|
|=|         19|        319|       7593|    1.321277885|      10607|00:04:25|+0.00|0.05|0.6458|
|=|         17|        319|       7593|    1.258359891|      10922|00:00:14|+0.00|0.05|0.6152|
|=|          2|        319|       7593|    1.201161715|      11237|00:00:04|+0.00|0.05|0.5873|
|=|         23|        319|       7593|    1.148937293|      11556|00:00:30|+0.00|0.05|0.5619|
+-+-----------+-----------+-----------+---------------+-----------+--------+-----+----+------+
Best-so-far configuration:        7593    mean value:     1.148937293
Description of the best-so-far configuration:
     .ID. alpha pMin reward probability beta .PARENT.
7593 7593  0.08 9.59     EN          AP 0.38     5224

# 2021-02-28 22:10:40 CET: Elite configurations (first number is the configuration ID; listed from best to worst according to the sum of ranks):
     alpha pMin reward probability beta
7593  0.08 9.59     EN          AP 0.38
6374  0.05 8.74     EN          AP 0.48
6941  0.18 9.57     ER          AP 0.69
8387  0.08 9.62     ER          AP 0.49
# 2021-02-28 22:10:40 CET: Iteration 10 of 10
# experimentsUsedSoFar: 97339
# remainingBudget: 2661
# currentBudget: 2661
# nbConfigurations: 114
# Markers:
     x No test is performed.
     c Configurations are discarded only due to capping.
     - The test is performed and some configurations are discarded.
     = The test is performed but no configuration is discarded.
     ! The test is performed and configurations could be discarded but elite configurations are preserved.
     . All alive configurations are elite and nothing is discarded

+-+-----------+-----------+-----------+---------------+-----------+--------+-----+----+------+
| |   Instance|      Alive|       Best|      Mean best| Exp so far|  W time|  rho|KenW|  Qvar|
+-+-----------+-----------+-----------+---------------+-----------+--------+-----+----+------+
|x|         24|        114|       8871| 0.004841517201|        114|00:03:19|   NA|  NA|    NA|
|x|         12|        114|       8871| 0.002420763600|        224|00:01:12|+0.43|0.72|0.8540|
|x|          4|        114|       8871| 0.001613845734|        334|00:00:10|+0.22|0.48|0.6151|
|x|          2|        114|       8871| 0.001210386800|        444|00:00:01|+0.14|0.36|0.4727|
|-|         13|         84|       8871|0.0009683114402|        554|00:01:18|-0.04|0.17|0.6121|
|=|          3|         84|       8871|0.0008069278668|        634|00:01:06|-0.01|0.16|0.6594|
|=|          5|         84|       8852| 0.003826161151|        714|00:02:18|+0.02|0.16|0.7115|
|=|          8|         84|       8852| 0.003347892257|        794|00:00:06|+0.02|0.14|0.6218|
|=|          9|         84|       8852| 0.002975905340|        874|00:01:30|+0.01|0.12|0.6658|
|-|          1|         30|       8852|  0.02374297852|        954|00:01:10|-0.02|0.08|0.5898|
|=|         20|         30|       8852|   0.1341288064|        980|00:02:18|+0.00|0.09|0.6138|
|=|         15|         30|       8852|   0.1229514067|       1006|00:00:29|+0.01|0.10|0.6412|
|=|         22|         30|       8852|   0.1134936070|       1032|00:00:00|+0.01|0.09|0.5921|
|=|         21|         30|       8852|   0.1281267341|       1058|00:00:24|+0.01|0.08|0.6140|
|=|          6|         30|       8852|   0.1195849525|       1084|00:00:02|+0.01|0.08|0.5736|
|=|          7|         30|       8852|   0.1121108936|       1110|00:00:18|+0.01|0.07|0.5381|
|=|         14|         30|       8852|   0.1055161357|       1136|00:00:01|+0.01|0.07|0.5068|
|=|         16|         30|       8852|  0.09965412873|       1162|00:00:20|+0.01|0.06|0.5328|
|=|         23|         30|       8852|  0.09440917511|       1188|00:00:02|+0.01|0.06|0.5050|
|=|         10|         30|       8852|  0.09196870717|       1214|00:04:31|+0.01|0.06|0.5282|
|=|         11|         30|       8852|    1.589209054|       1240|00:00:32|+0.01|0.06|0.5481|
|=|         19|         30|       8852|    1.516972279|       1266|00:00:26|+0.01|0.05|0.5671|
|=|         18|         30|       8852|    1.451016963|       1292|00:00:02|+0.01|0.05|0.5426|
|=|         17|         30|       8852|    1.390557923|       1318|00:00:01|+0.01|0.05|0.5201|
|=|         25|         30|       8852|    2.567517195|       1348|00:00:36|+0.01|0.05|0.5358|
+-+-----------+-----------+-----------+---------------+-----------+--------+-----+----+------+
Best-so-far configuration:        8852    mean value:     2.567517195
Description of the best-so-far configuration:
     .ID. alpha pMin reward probability beta .PARENT.
8852 8852  0.03 9.16     EN          AP 0.37     7593

# 2021-02-28 22:33:07 CET: Elite configurations (first number is the configuration ID; listed from best to worst according to the sum of ranks):
     alpha pMin reward probability beta
8852  0.03 9.16     EN          AP 0.37
7593  0.08 9.59     EN          AP 0.38
8387  0.08 9.62     ER          AP 0.49
6941  0.18 9.57     ER          AP 0.69
# 2021-02-28 22:33:07 CET: Iteration 11 of 11
# experimentsUsedSoFar: 98687
# remainingBudget: 1313
# currentBudget: 1313
# nbConfigurations: 54
# Markers:
     x No test is performed.
     c Configurations are discarded only due to capping.
     - The test is performed and some configurations are discarded.
     = The test is performed but no configuration is discarded.
     ! The test is performed and configurations could be discarded but elite configurations are preserved.
     . All alive configurations are elite and nothing is discarded

+-+-----------+-----------+-----------+---------------+-----------+--------+-----+----+------+
| |   Instance|      Alive|       Best|      Mean best| Exp so far|  W time|  rho|KenW|  Qvar|
+-+-----------+-----------+-----------+---------------+-----------+--------+-----+----+------+
|x|         26|         54|       8958| 0.008705141237|         54|00:08:48|   NA|  NA|    NA|
|x|         12|         54|       8958| 0.004352575618|        104|00:00:34|+0.13|0.57|1.0322|
|x|         13|         54|       8852| 0.003807427225|        154|00:00:41|+0.10|0.40|0.6940|
|x|         15|         54|       8852| 0.002855572919|        204|00:00:49|+0.06|0.30|0.8357|
|=|          7|         54|       8852| 0.002284460335|        254|00:00:23|+0.05|0.24|0.6977|
|=|         11|         54|       8932|    2.622924287|        304|00:01:02|+0.06|0.22|0.7333|
|=|         10|         54|       8959|    2.341316556|        354|00:08:36|+0.05|0.18|0.7697|
|=|         14|         54|       8959|    2.048651988|        404|00:00:02|+0.04|0.16|0.6824|
|=|          2|         54|       8959|    1.821023990|        454|00:00:00|+0.04|0.14|0.6125|
|=|          6|         54|       8959|    1.638921592|        504|00:00:03|+0.03|0.13|0.5555|
|-|         16|         30|       8959|    1.489928721|        554|00:00:45|-0.04|0.05|0.6325|
|=|          9|         30|       8852|    2.632586513|        580|00:00:29|-0.02|0.06|0.6573|
|=|         17|         30|       8852|    2.430079859|        606|00:00:01|-0.02|0.06|0.6057|
|=|         20|         30|       8959|    1.290297138|        632|00:02:23|-0.01|0.07|0.6254|
|=|         22|         30|       8959|    1.204277329|        658|00:00:00|-0.01|0.06|0.5834|
|=|         23|         30|       8959|    1.129009997|        684|00:00:03|-0.01|0.06|0.5467|
|=|         21|         30|       8852|    1.949846039|        710|00:00:24|+0.01|0.06|0.5662|
|=|         24|         30|       8852|    1.842009725|        736|00:00:48|-0.00|0.05|0.5906|
|=|          3|         30|       8852|    1.745061846|        762|00:00:22|+0.01|0.07|0.6037|
|=|         19|         30|       8852|    1.657808754|        788|00:00:25|+0.02|0.07|0.6175|
|=|          4|         30|       8852|    1.578865480|        814|00:00:03|+0.02|0.07|0.5886|
|-|          5|         12|       8852|    1.507916626|        840|00:00:47|-0.01|0.03|0.5066|
|=|         25|         12|       8852|    2.782117630|        848|00:00:20|-0.01|0.03|0.5263|
|=|          1|         12|       8852|    2.674973005|        856|00:00:15|+0.00|0.04|0.5415|
|=|         18|         12|       8852|    2.567974085|        864|00:00:01|+0.00|0.04|0.5196|
|=|          8|         12|       8852|    2.469205852|        872|00:00:01|+0.00|0.04|0.4993|
|=|         27|         12|       8852|    2.377753784|        884|00:00:07|+0.00|0.04|0.4806|
+-+-----------+-----------+-----------+---------------+-----------+--------+-----+----+------+
Best-so-far configuration:        8852    mean value:     2.377753784
Description of the best-so-far configuration:
     .ID. alpha pMin reward probability beta .PARENT.
8852 8852  0.03 9.16     EN          AP 0.37     7593

# 2021-02-28 23:01:33 CET: Elite configurations (first number is the configuration ID; listed from best to worst according to the sum of ranks):
     alpha pMin reward probability beta
8852  0.03 9.16     EN          AP 0.37
7593  0.08 9.59     EN          AP 0.38
8959  0.09 9.23     ER          AP 0.46
8387  0.08 9.62     ER          AP 0.49
# 2021-02-28 23:01:33 CET: Iteration 12 of 12
# experimentsUsedSoFar: 99571
# remainingBudget: 429
# currentBudget: 429
# nbConfigurations: 19
# Markers:
     x No test is performed.
     c Configurations are discarded only due to capping.
     - The test is performed and some configurations are discarded.
     = The test is performed but no configuration is discarded.
     ! The test is performed and configurations could be discarded but elite configurations are preserved.
     . All alive configurations are elite and nothing is discarded

+-+-----------+-----------+-----------+---------------+-----------+--------+-----+----+------+
| |   Instance|      Alive|       Best|      Mean best| Exp so far|  W time|  rho|KenW|  Qvar|
+-+-----------+-----------+-----------+---------------+-----------+--------+-----+----+------+
|x|         28|         19|       8852|1.000000000e-08|         19|00:00:02|   NA|  NA|    NA|
|x|         20|         19|       8982|  0.04580874494|         34|00:01:42|+0.00|0.50|0.4737|
|x|          8|         19|       8982|  0.03053916663|         49|00:00:03|+0.00|0.33|0.3158|
|x|          5|         19|       7593|  0.03146579626|         64|00:00:34|+0.10|0.32|0.3888|
|=|         24|         19|       8985|  0.03358146241|         79|00:00:35|+0.03|0.23|0.5476|
|=|         15|         19|       8985|  0.02798455367|         94|00:00:26|+0.06|0.22|0.6207|
|=|          4|         19|       8985|  0.02398676172|        109|00:00:02|+0.05|0.19|0.5336|
|=|          6|         19|       8985|  0.02098841776|        124|00:00:02|+0.05|0.17|0.4679|
|=|         14|         19|       8985|  0.01865637245|        139|00:00:01|+0.04|0.15|0.4165|
|=|          2|         19|       8985|  0.01679073620|        154|00:00:00|+0.04|0.13|0.3753|
|=|         26|         19|       8852|   0.1160174995|        169|00:03:24|+0.05|0.14|0.4190|
|=|          3|         19|       8852|   0.1063493754|        184|00:00:15|+0.04|0.12|0.4693|
|=|         13|         19|       8852|  0.09816865500|        199|00:00:15|+0.04|0.11|0.5086|
|=|          9|         19|       8852|  0.09115660893|        214|00:00:22|+0.04|0.10|0.5369|
|=|         22|         19|       8852|  0.08507950233|        229|00:00:00|+0.03|0.10|0.5014|
|-|         16|         10|       8852|  0.07976203406|        244|00:00:17|-0.00|0.06|0.5098|
|=|          7|         10|       8852|  0.07507015029|        250|00:00:02|-0.00|0.06|0.4796|
|=|         10|         10|       8852|  0.07343290951|        256|00:02:56|+0.01|0.07|0.4947|
|=|         27|         10|       8852|  0.06956802006|        262|00:00:03|+0.01|0.06|0.4689|
|=|         11|         10|       8852|    1.642790419|        268|00:00:19|+0.02|0.07|0.4830|
|=|         17|         10|       8852|    1.564562304|        274|00:00:01|+0.02|0.07|0.4606|
|=|         25|         10|       8852|    2.894106732|        280|00:00:19|+0.02|0.07|0.4761|
|=|         18|         10|       8852|    2.768276005|        286|00:00:01|+0.02|0.07|0.4560|
|=|         23|         10|       8852|    2.652931172|        292|00:00:02|+0.02|0.06|0.4376|
|=|         21|         10|       8852|    2.559548220|        298|00:00:15|+0.02|0.06|0.4546|
|=|         12|         10|       8852|    2.461104058|        304|00:00:24|+0.02|0.05|0.4376|
|=|          1|         10|       8852|    2.377753784|        310|00:00:14|+0.03|0.07|0.4481|
|-|         19|          5|       8852|    2.292834006|        316|00:00:21|+0.00|0.04|0.3988|
|=|         29|          5|       8852|    2.213770765|        321|00:00:23|-0.00|0.03|0.4160|
|=|         30|          5|       8852|    2.156738167|        326|00:01:30|+0.01|0.04|0.4231|
+-+-----------+-----------+-----------+---------------+-----------+--------+-----+----+------+
Best-so-far configuration:        8852    mean value:     2.156738167
Description of the best-so-far configuration:
     .ID. alpha pMin reward probability beta .PARENT.
8852 8852  0.03 9.16     EN          AP 0.37     7593

# 2021-02-28 23:16:39 CET: Elite configurations (first number is the configuration ID; listed from best to worst according to the sum of ranks):
     alpha pMin reward probability beta
8852  0.03 9.16     EN          AP 0.37
7593  0.08 9.59     EN          AP 0.38
8959  0.09 9.23     ER          AP 0.46
8387  0.08 9.62     ER          AP 0.49
# 2021-02-28 23:16:39 CET: Iteration 13 of 13
# experimentsUsedSoFar: 99897
# remainingBudget: 103
# currentBudget: 103
# nbConfigurations: 7
# Markers:
     x No test is performed.
     c Configurations are discarded only due to capping.
     - The test is performed and some configurations are discarded.
     = The test is performed but no configuration is discarded.
     ! The test is performed and configurations could be discarded but elite configurations are preserved.
     . All alive configurations are elite and nothing is discarded

+-+-----------+-----------+-----------+---------------+-----------+--------+-----+----+------+
| |   Instance|      Alive|       Best|      Mean best| Exp so far|  W time|  rho|KenW|  Qvar|
+-+-----------+-----------+-----------+---------------+-----------+--------+-----+----+------+
|x|         31|          7|       8959|1.000000000e-08|          7|00:00:27|   NA|  NA|    NA|
|x|         21|          7|       8387|   0.1339555278|         10|00:00:16|-0.04|0.48|0.6354|
|x|         25|          7|       8387|    6.220898170|         13|00:00:21|-0.17|0.22|0.8645|
|x|          2|          7|       8387|    4.665673630|         16|00:00:00|-0.11|0.16|0.6465|
|=|         27|          7|       8387|    3.732538906|         19|00:00:01|-0.09|0.13|0.5165|
|=|         10|          7|       8387|    3.114009156|         22|00:02:40|+0.06|0.22|0.5344|
|=|         30|          7|       8387|    3.016706963|         25|00:01:27|-0.04|0.11|0.6238|
|=|         12|          7|       8387|    2.639618594|         28|00:00:04|-0.03|0.10|0.5444|
|=|         26|          7|       8852|    3.521412452|         31|00:02:53|+0.02|0.12|0.5714|
|=|         23|          7|       8852|    3.169271208|         34|00:00:02|+0.01|0.11|0.5142|
|=|          9|          7|       8852|    2.881155644|         37|00:00:18|+0.04|0.13|0.5337|
|=|         17|          7|       8852|    2.641059341|         40|00:00:01|+0.04|0.12|0.4902|
|=|          1|          7|       8852|    2.454104518|         43|00:00:14|+0.05|0.12|0.5047|
|=|         14|          7|       8852|    2.278811339|         46|00:00:01|+0.05|0.12|0.4703|
|=|         16|          7|       8852|    2.126890584|         49|00:00:11|+0.04|0.11|0.4402|
|=|         20|          7|       8852|    2.071334115|         52|00:01:22|+0.06|0.12|0.4572|
|-|         24|          5|       8852|    1.950008131|         55|00:00:31|+0.02|0.07|0.4512|
|=|          4|          5|       8852|    1.841674347|         56|00:00:01|+0.01|0.07|0.4273|
|=|         22|          5|       8852|    1.744744119|         57|00:00:00|+0.01|0.07|0.4057|
|=|         11|          5|       8387|    1.797186999|         58|00:00:17|+0.01|0.06|0.4325|
|=|         29|          5|       8387|    1.714426625|         59|00:00:19|-0.01|0.04|0.4553|
|=|          5|          5|       8852|    2.941006588|         60|00:00:26|-0.01|0.03|0.4680|
|=|          6|          5|       8852|    2.813136737|         61|00:00:00|-0.01|0.03|0.4478|
|=|          8|          5|       8852|    2.695922706|         62|00:00:01|-0.01|0.03|0.4294|
|=|         13|          5|       8852|    2.588085799|         63|00:00:13|-0.00|0.04|0.4376|
|=|         18|          5|       8852|    2.488544038|         64|00:00:01|-0.00|0.03|0.4211|
|=|         28|          5|       8852|    2.396375740|         65|00:00:00|-0.00|0.03|0.4059|
|=|         15|          5|       8852|    2.310790893|         66|00:00:10|-0.01|0.03|0.4238|
|=|         19|          5|       8852|    2.231108448|         67|00:00:00|-0.01|0.03|0.4093|
|=|          7|          5|       8852|    2.156738167|         68|00:00:03|-0.01|0.03|0.3958|
|=|          3|          5|       8852|    2.087165969|         69|00:00:11|-0.01|0.02|0.4101|
|=|         32|          5|       8852|    2.643791128|         74|00:00:35|-0.02|0.02|0.4267|
+-+-----------+-----------+-----------+---------------+-----------+--------+-----+----+------+
Best-so-far configuration:        8852    mean value:     2.643791128
Description of the best-so-far configuration:
     .ID. alpha pMin reward probability beta .PARENT.
8852 8852  0.03 9.16     EN          AP 0.37     7593

# 2021-02-28 23:30:02 CET: Elite configurations (first number is the configuration ID; listed from best to worst according to the sum of ranks):
     alpha pMin reward probability beta
8852  0.03 9.16     EN          AP 0.37
7593  0.08 9.59     EN          AP 0.38
8959  0.09 9.23     ER          AP 0.46
8387  0.08 9.62     ER          AP 0.49
# 2021-02-28 23:30:02 CET: Stopped because there is not enough budget left to race more than the minimum (4)
# You may either increase the budget or set 'minNbSurvival' to a lower value
# Iteration: 14
# nbIterations: 14
# experimentsUsedSoFar: 99971
# timeUsed: 0
# remainingBudget: 29
# currentBudget: 29
# number of elites: 4
# nbConfigurations: 4
# Best configurations (first number is the configuration ID; listed from best to worst according to the sum of ranks):
     alpha pMin reward probability beta
8852  0.03 9.16     EN          AP 0.37
7593  0.08 9.59     EN          AP 0.38
8959  0.09 9.23     ER          AP 0.46
8387  0.08 9.62     ER          AP 0.49
# Best configurations as commandlines (first number is the configuration ID; same order as above):
8852  -A 0.03 -B 0.37 -M 9.16 -r EN -p AP
7593  -A 0.08 -B 0.38 -M 9.59 -r EN -p AP
8959  -A 0.09 -B 0.46 -M 9.23 -r ER -p AP
8387  -A 0.08 -B 0.49 -M 9.62 -r ER -p AP
